Running with:
rcm_var = tmean
gcm_name = CanESM2
rcm_name = CanRCM4
grid = NAM-44i
factor = 4
input_source = gcm
input_channels = 3
hr_aux_channels = 2
hr_elevation_file = high_res_elevation.pth
alpha_coarse = 0.5
n_trials = 3000
epochs = 300
early_stopping_patience = 30
batch_size = 256
model_name = SRResNet
Using device: cuda
Input source: gcm
Input file: low_res.pth
Input mask file: low_res_mask.pth
Input elevation file: low_res_elevation.pth
HR elevation file: high_res_elevation.pth
Coarse consistency target file: coarse_4x.pth
Coarse consistency mask file: coarse_4x_mask.pth
Input channels: 3
All trial checkpoints will be saved to: /projects/sds-lab/Shuochen/downscaling/CORDEX/tmean.CanESM2.CanRCM4.day.NAM-44i.GCM_to_HR_RCM/trained_models/SRResNet/GCM_low_res_with_mask_elevation
Loaded shapes:
X          : torch.Size([55115, 1, 13, 29])
X_mask     : torch.Size([55115, 1, 13, 29])
X_elev     : torch.Size([55115, 1, 13, 29])
y          : torch.Size([55115, 1, 52, 116])
mask_hr    : torch.Size([55115, 1, 52, 116])
y_coarse   : torch.Size([55115, 1, 13, 29])
mask_coarse: torch.Size([55115, 1, 13, 29])
After checks:
X          : torch.Size([55115, 1, 13, 29])
X_mask     : torch.Size([55115, 1, 13, 29])
X_elev     : torch.Size([55115, 1, 13, 29])
y          : torch.Size([55115, 1, 52, 116])
mask_hr    : torch.Size([55115, 1, 52, 116])
y_coarse   : torch.Size([55115, 1, 13, 29])
mask_coarse: torch.Size([55115, 1, 13, 29])
train_end_idx = 20440
val_start_idx = 47815
Total samples  = 55115
Train/Val shapes before model input construction:
X_train          : torch.Size([20440, 1, 13, 29])
X_mask_train     : torch.Size([20440, 1, 13, 29])
X_elev_train     : torch.Size([20440, 1, 13, 29])
y_train          : torch.Size([20440, 1, 52, 116])
mask_train       : torch.Size([20440, 1, 52, 116])
y_coarse_train   : torch.Size([20440, 1, 13, 29])
mask_coarse_train: torch.Size([20440, 1, 13, 29])
X_val            : torch.Size([7300, 1, 13, 29])
X_mask_val       : torch.Size([7300, 1, 13, 29])
X_elev_val       : torch.Size([7300, 1, 13, 29])
y_val            : torch.Size([7300, 1, 52, 116])
mask_val         : torch.Size([7300, 1, 52, 116])
y_coarse_val     : torch.Size([7300, 1, 13, 29])
mask_coarse_val  : torch.Size([7300, 1, 13, 29])
Normalization stats:
X_mean: 15.384552955627441
X_std : 11.16005802154541
X_max : 42.550724029541016
y_mean: 10.907337188720703
y_std : 10.831708908081055
y_max : 40.61493682861328
Train/Val shapes after model input construction:
X_train_in: torch.Size([20440, 3, 13, 29])
X_val_in  : torch.Size([7300, 3, 13, 29])
[I 2026-05-04 12:30:16,479] A new study created in memory with name: no-name-484e9293-3476-4b81-9e81-53e0cc86360d
Early stopping triggered for trial 000 at epoch 047 | best epoch: 017
[I 2026-05-04 12:34:10,704] Trial 0 finished with value: 4.368044253053336 and parameters: {'batch_size': 256, 'learning_rate': 0.00012667677417861612, 'num_resblk': 12, 'num_features': 128, 'weight_decay': 7.601416186539503e-06}. Best is trial 0 with value: 4.368044253053336.
Early stopping triggered for trial 001 at epoch 033 | best epoch: 003
[I 2026-05-04 12:35:33,099] Trial 1 finished with value: 3.970972916175579 and parameters: {'batch_size': 256, 'learning_rate': 0.00021706725220434306, 'num_resblk': 8, 'num_features': 64, 'weight_decay': 0.0009659164114859217}. Best is trial 1 with value: 3.970972916175579.
Early stopping triggered for trial 002 at epoch 038 | best epoch: 008
[I 2026-05-04 12:38:37,151] Trial 2 finished with value: 4.622944174141719 and parameters: {'batch_size': 256, 'learning_rate': 0.0001260408015257195, 'num_resblk': 12, 'num_features': 128, 'weight_decay': 4.406936415412846e-06}. Best is trial 1 with value: 3.970972916175579.
Early stopping triggered for trial 003 at epoch 036 | best epoch: 006
[I 2026-05-04 12:41:19,257] Trial 3 finished with value: 4.571046393493126 and parameters: {'batch_size': 256, 'learning_rate': 0.00013647838288938618, 'num_resblk': 10, 'num_features': 128, 'weight_decay': 0.0009441084634656888}. Best is trial 1 with value: 3.970972916175579.
Early stopping triggered for trial 004 at epoch 034 | best epoch: 004
[I 2026-05-04 12:42:36,484] Trial 4 finished with value: 4.538030805258916 and parameters: {'batch_size': 256, 'learning_rate': 0.00026553906188971484, 'num_resblk': 6, 'num_features': 64, 'weight_decay': 3.0986353706299804e-06}. Best is trial 1 with value: 3.970972916175579.
Early stopping triggered for trial 005 at epoch 039 | best epoch: 009
[I 2026-05-04 12:43:57,979] Trial 5 finished with value: 4.421366354514813 and parameters: {'batch_size': 256, 'learning_rate': 0.00023563563662986793, 'num_resblk': 12, 'num_features': 32, 'weight_decay': 5.3561844818022075e-06}. Best is trial 1 with value: 3.970972916175579.
Early stopping triggered for trial 006 at epoch 041 | best epoch: 011
[I 2026-05-04 12:46:47,427] Trial 6 finished with value: 4.371254690762224 and parameters: {'batch_size': 256, 'learning_rate': 0.00014692579329340683, 'num_resblk': 8, 'num_features': 128, 'weight_decay': 3.1620434488997654e-06}. Best is trial 1 with value: 3.970972916175579.
[I 2026-05-04 12:47:10,548] Trial 7 pruned. 
[I 2026-05-04 12:47:22,817] Trial 8 pruned. 
Early stopping triggered for trial 009 at epoch 047 | best epoch: 017
[I 2026-05-04 12:49:59,278] Trial 9 finished with value: 4.469125747680664 and parameters: {'batch_size': 256, 'learning_rate': 0.00011220586984764083, 'num_resblk': 8, 'num_features': 96, 'weight_decay': 4.165836534057528e-06}. Best is trial 1 with value: 3.970972916175579.
Early stopping triggered for trial 010 at epoch 041 | best epoch: 011
[I 2026-05-04 12:52:19,970] Trial 10 finished with value: 4.128409747419687 and parameters: {'batch_size': 256, 'learning_rate': 0.00021010179471322586, 'num_resblk': 16, 'num_features': 64, 'weight_decay': 0.000835411476863287}. Best is trial 1 with value: 3.970972916175579.
[I 2026-05-04 12:52:40,336] Trial 11 pruned. 
[I 2026-05-04 12:53:00,647] Trial 12 pruned. 
Early stopping triggered for trial 013 at epoch 043 | best epoch: 013
[I 2026-05-04 12:54:28,924] Trial 13 finished with value: 4.024629855978078 and parameters: {'batch_size': 256, 'learning_rate': 0.00019972907253753023, 'num_resblk': 4, 'num_features': 64, 'weight_decay': 0.00023684575202223584}. Best is trial 1 with value: 3.970972916175579.
Early stopping triggered for trial 014 at epoch 035 | best epoch: 005
[I 2026-05-04 12:55:41,176] Trial 14 finished with value: 4.388292074203491 and parameters: {'batch_size': 256, 'learning_rate': 0.00017424117453142634, 'num_resblk': 4, 'num_features': 64, 'weight_decay': 0.00020089702471658084}. Best is trial 1 with value: 3.970972916175579.
[I 2026-05-04 12:55:53,423] Trial 15 pruned. 
Early stopping triggered for trial 016 at epoch 033 | best epoch: 003
[I 2026-05-04 12:57:09,478] Trial 16 finished with value: 4.578136057689272 and parameters: {'batch_size': 256, 'learning_rate': 0.00029035335210832733, 'num_resblk': 6, 'num_features': 64, 'weight_decay': 1.5864466780175546e-05}. Best is trial 1 with value: 3.970972916175579.
Early stopping triggered for trial 017 at epoch 032 | best epoch: 002
[I 2026-05-04 12:58:22,715] Trial 17 finished with value: 4.42464280128479 and parameters: {'batch_size': 256, 'learning_rate': 0.0002246935424232599, 'num_resblk': 6, 'num_features': 64, 'weight_decay': 0.0002984292738840548}. Best is trial 1 with value: 3.970972916175579.
Early stopping triggered for trial 018 at epoch 034 | best epoch: 004
[I 2026-05-04 12:59:56,569] Trial 18 finished with value: 4.300089301734135 and parameters: {'batch_size': 256, 'learning_rate': 0.00017986643502115225, 'num_resblk': 4, 'num_features': 96, 'weight_decay': 1.3481006251263524e-06}. Best is trial 1 with value: 3.970972916175579.
[I 2026-05-04 13:00:07,976] Trial 19 pruned. 
[I 2026-05-04 13:00:21,334] Trial 20 pruned. 
Early stopping triggered for trial 021 at epoch 038 | best epoch: 008
[I 2026-05-04 13:02:20,758] Trial 21 finished with value: 4.578297154656772 and parameters: {'batch_size': 256, 'learning_rate': 0.0002008543498162897, 'num_resblk': 14, 'num_features': 64, 'weight_decay': 0.0005303121105277543}. Best is trial 1 with value: 3.970972916175579.
[I 2026-05-04 13:02:39,385] Trial 22 pruned. 
Early stopping triggered for trial 023 at epoch 033 | best epoch: 003
[I 2026-05-04 13:04:00,997] Trial 23 finished with value: 4.088287920787416 and parameters: {'batch_size': 256, 'learning_rate': 0.00018189216285624996, 'num_resblk': 8, 'num_features': 64, 'weight_decay': 0.0004721710296656786}. Best is trial 1 with value: 3.970972916175579.
[I 2026-05-04 13:04:15,489] Trial 24 pruned. 
Early stopping triggered for trial 025 at epoch 040 | best epoch: 010
[I 2026-05-04 13:06:02,617] Trial 25 finished with value: 4.239558696746826 and parameters: {'batch_size': 256, 'learning_rate': 0.00015408985219521226, 'num_resblk': 10, 'num_features': 64, 'weight_decay': 0.00045051297625049784}. Best is trial 1 with value: 3.970972916175579.
Early stopping triggered for trial 026 at epoch 043 | best epoch: 013
[I 2026-05-04 13:07:38,288] Trial 26 finished with value: 4.224897425750206 and parameters: {'batch_size': 256, 'learning_rate': 0.0001840686145236416, 'num_resblk': 6, 'num_features': 64, 'weight_decay': 0.00018235582974506816}. Best is trial 1 with value: 3.970972916175579.
Early stopping triggered for trial 027 at epoch 032 | best epoch: 002
[I 2026-05-04 13:09:34,811] Trial 27 finished with value: 4.167628699335559 and parameters: {'batch_size': 256, 'learning_rate': 0.0002559593508820965, 'num_resblk': 10, 'num_features': 96, 'weight_decay': 0.00031311345974009626}. Best is trial 1 with value: 3.970972916175579.
Early stopping triggered for trial 028 at epoch 049 | best epoch: 019
[I 2026-05-04 13:10:46,418] Trial 28 finished with value: 4.271824146139211 and parameters: {'batch_size': 256, 'learning_rate': 0.00022915371681164187, 'num_resblk': 4, 'num_features': 32, 'weight_decay': 4.0738937059382395e-05}. Best is trial 1 with value: 3.970972916175579.
[I 2026-05-04 13:11:10,717] Trial 29 pruned. 
[I 2026-05-04 13:11:23,845] Trial 30 pruned. 
Early stopping triggered for trial 031 at epoch 035 | best epoch: 005
[I 2026-05-04 13:13:14,119] Trial 31 finished with value: 3.971465225877433 and parameters: {'batch_size': 256, 'learning_rate': 0.0002155115180257805, 'num_resblk': 14, 'num_features': 64, 'weight_decay': 0.000956441011097546}. Best is trial 1 with value: 3.970972916175579.
Early stopping triggered for trial 032 at epoch 034 | best epoch: 004
[I 2026-05-04 13:14:45,842] Trial 32 finished with value: 4.831382545931586 and parameters: {'batch_size': 256, 'learning_rate': 0.00021651321532225205, 'num_resblk': 10, 'num_features': 64, 'weight_decay': 0.000589517414336645}. Best is trial 1 with value: 3.970972916175579.
Early stopping triggered for trial 033 at epoch 037 | best epoch: 007
[I 2026-05-04 13:16:42,392] Trial 33 finished with value: 4.0195274681880555 and parameters: {'batch_size': 256, 'learning_rate': 0.00024818550984849865, 'num_resblk': 14, 'num_features': 64, 'weight_decay': 0.00032630628368602514}. Best is trial 1 with value: 3.970972916175579.
[I 2026-05-04 13:20:49,193] Trial 34 pruned. 
[I 2026-05-04 13:21:06,271] Trial 35 pruned. 
Early stopping triggered for trial 036 at epoch 045 | best epoch: 015
[I 2026-05-04 13:23:26,732] Trial 36 finished with value: 4.477224793927423 and parameters: {'batch_size': 256, 'learning_rate': 0.0002755437595532692, 'num_resblk': 14, 'num_features': 64, 'weight_decay': 0.00033549335994395617}. Best is trial 1 with value: 3.970972916175579.
Early stopping triggered for trial 037 at epoch 036 | best epoch: 006
[I 2026-05-04 13:26:33,144] Trial 37 finished with value: 4.7205687391346896 and parameters: {'batch_size': 256, 'learning_rate': 0.00024261409145996058, 'num_resblk': 14, 'num_features': 128, 'weight_decay': 0.00012113401961720475}. Best is trial 1 with value: 3.970972916175579.
Early stopping triggered for trial 038 at epoch 043 | best epoch: 013
[I 2026-05-04 13:28:00,775] Trial 38 finished with value: 4.635289381290304 and parameters: {'batch_size': 256, 'learning_rate': 0.0002196951711662912, 'num_resblk': 12, 'num_features': 32, 'weight_decay': 0.0009987738901303443}. Best is trial 1 with value: 3.970972916175579.
Early stopping triggered for trial 039 at epoch 035 | best epoch: 005
[I 2026-05-04 13:29:58,752] Trial 39 finished with value: 4.445706375714006 and parameters: {'batch_size': 256, 'learning_rate': 0.00012885482186662938, 'num_resblk': 16, 'num_features': 64, 'weight_decay': 0.00016670271133843904}. Best is trial 1 with value: 3.970972916175579.
Early stopping triggered for trial 040 at epoch 039 | best epoch: 009
[I 2026-05-04 13:32:32,119] Trial 40 finished with value: 4.092082960852261 and parameters: {'batch_size': 256, 'learning_rate': 0.0002748357558976965, 'num_resblk': 12, 'num_features': 96, 'weight_decay': 0.0006456625721207266}. Best is trial 1 with value: 3.970972916175579.
Early stopping triggered for trial 041 at epoch 038 | best epoch: 008
[I 2026-05-04 13:34:06,057] Trial 41 finished with value: 4.922040380280594 and parameters: {'batch_size': 256, 'learning_rate': 0.00019448151479412653, 'num_resblk': 8, 'num_features': 64, 'weight_decay': 0.00040450555825466617}. Best is trial 1 with value: 3.970972916175579.
Early stopping triggered for trial 042 at epoch 037 | best epoch: 007
[I 2026-05-04 13:35:37,893] Trial 42 finished with value: 4.2492721820699755 and parameters: {'batch_size': 256, 'learning_rate': 0.0001027489676923528, 'num_resblk': 8, 'num_features': 64, 'weight_decay': 0.0006824191681501789}. Best is trial 1 with value: 3.970972916175579.
Early stopping triggered for trial 043 at epoch 035 | best epoch: 005
[I 2026-05-04 13:37:12,587] Trial 43 finished with value: 4.477631716892637 and parameters: {'batch_size': 256, 'learning_rate': 0.00024348128383789748, 'num_resblk': 10, 'num_features': 64, 'weight_decay': 8.487846932536364e-05}. Best is trial 1 with value: 3.970972916175579.
Early stopping triggered for trial 044 at epoch 033 | best epoch: 003
[I 2026-05-04 13:38:49,163] Trial 44 finished with value: 4.60405001969173 and parameters: {'batch_size': 256, 'learning_rate': 0.00021051281149406638, 'num_resblk': 12, 'num_features': 64, 'weight_decay': 0.0004210586819139343}. Best is trial 1 with value: 3.970972916175579.
[I 2026-05-04 13:39:03,843] Trial 45 pruned. 
Early stopping triggered for trial 046 at epoch 032 | best epoch: 002
[I 2026-05-04 13:40:45,239] Trial 46 finished with value: 4.274992211111661 and parameters: {'batch_size': 256, 'learning_rate': 0.0001639640004695578, 'num_resblk': 14, 'num_features': 64, 'weight_decay': 0.0007117369375134652}. Best is trial 1 with value: 3.970972916175579.
Early stopping triggered for trial 047 at epoch 035 | best epoch: 005
[I 2026-05-04 13:43:58,084] Trial 47 finished with value: 4.211170714477013 and parameters: {'batch_size': 256, 'learning_rate': 0.00014253551739294723, 'num_resblk': 16, 'num_features': 128, 'weight_decay': 0.0003588993094717267}. Best is trial 1 with value: 3.970972916175579.
Early stopping triggered for trial 048 at epoch 033 | best epoch: 003
[I 2026-05-04 13:45:34,329] Trial 48 finished with value: 4.322850202691966 and parameters: {'batch_size': 256, 'learning_rate': 0.00020147388784527148, 'num_resblk': 12, 'num_features': 64, 'weight_decay': 0.00024187042110051618}. Best is trial 1 with value: 3.970972916175579.
Early stopping triggered for trial 049 at epoch 047 | best epoch: 017
[I 2026-05-04 13:46:50,174] Trial 49 finished with value: 4.598749752702384 and parameters: {'batch_size': 256, 'learning_rate': 0.00022660051757160247, 'num_resblk': 6, 'num_features': 32, 'weight_decay': 1.0992817788939966e-05}. Best is trial 1 with value: 3.970972916175579.
Early stopping triggered for trial 050 at epoch 039 | best epoch: 009
[I 2026-05-04 13:48:36,297] Trial 50 finished with value: 4.089142593844183 and parameters: {'batch_size': 256, 'learning_rate': 0.00018568808205634416, 'num_resblk': 4, 'num_features': 96, 'weight_decay': 0.0005543575890443912}. Best is trial 1 with value: 3.970972916175579.
Early stopping triggered for trial 051 at epoch 041 | best epoch: 011
[I 2026-05-04 13:50:27,521] Trial 51 finished with value: 3.762851098488117 and parameters: {'batch_size': 256, 'learning_rate': 0.00018503233467511855, 'num_resblk': 4, 'num_features': 96, 'weight_decay': 0.0005302051319737574}. Best is trial 51 with value: 3.762851098488117.
Early stopping triggered for trial 052 at epoch 035 | best epoch: 005
[I 2026-05-04 13:52:02,496] Trial 52 finished with value: 3.782118402678391 and parameters: {'batch_size': 256, 'learning_rate': 0.00017742078636356247, 'num_resblk': 4, 'num_features': 96, 'weight_decay': 0.0008263152439128155}. Best is trial 51 with value: 3.762851098488117.
Early stopping triggered for trial 053 at epoch 040 | best epoch: 010
[I 2026-05-04 13:53:51,582] Trial 53 finished with value: 4.296495503392713 and parameters: {'batch_size': 256, 'learning_rate': 0.00016814445062200437, 'num_resblk': 4, 'num_features': 96, 'weight_decay': 0.0008618507855845904}. Best is trial 51 with value: 3.762851098488117.
Early stopping triggered for trial 054 at epoch 034 | best epoch: 004
[I 2026-05-04 13:55:24,037] Trial 54 finished with value: 4.088629278643378 and parameters: {'batch_size': 256, 'learning_rate': 0.00019711824100008464, 'num_resblk': 4, 'num_features': 96, 'weight_decay': 0.0007251735060627487}. Best is trial 51 with value: 3.762851098488117.
Early stopping triggered for trial 055 at epoch 036 | best epoch: 006
[I 2026-05-04 13:57:02,303] Trial 55 finished with value: 4.004735140964903 and parameters: {'batch_size': 256, 'learning_rate': 0.0002097616034309831, 'num_resblk': 4, 'num_features': 96, 'weight_decay': 0.0006058142605098604}. Best is trial 51 with value: 3.762851098488117.
Early stopping triggered for trial 056 at epoch 034 | best epoch: 004
[I 2026-05-04 13:58:35,185] Trial 56 finished with value: 3.737924362051076 and parameters: {'batch_size': 256, 'learning_rate': 0.0002101301131773151, 'num_resblk': 4, 'num_features': 96, 'weight_decay': 0.000979607721395326}. Best is trial 56 with value: 3.737924362051076.
Early stopping triggered for trial 057 at epoch 037 | best epoch: 007
[I 2026-05-04 14:00:15,539] Trial 57 finished with value: 4.112517217109943 and parameters: {'batch_size': 256, 'learning_rate': 0.00021631261324973173, 'num_resblk': 4, 'num_features': 96, 'weight_decay': 0.0009618010572724231}. Best is trial 56 with value: 3.737924362051076.
Early stopping triggered for trial 058 at epoch 034 | best epoch: 004
[I 2026-05-04 14:01:48,132] Trial 58 finished with value: 4.043814881094571 and parameters: {'batch_size': 256, 'learning_rate': 0.00017549137446943412, 'num_resblk': 4, 'num_features': 96, 'weight_decay': 0.000755391285988325}. Best is trial 56 with value: 3.737924362051076.
Early stopping triggered for trial 059 at epoch 035 | best epoch: 005
[I 2026-05-04 14:03:34,608] Trial 59 finished with value: 4.120406290580487 and parameters: {'batch_size': 256, 'learning_rate': 0.00021459081333547375, 'num_resblk': 6, 'num_features': 96, 'weight_decay': 1.0235700208713893e-06}. Best is trial 56 with value: 3.737924362051076.
Early stopping triggered for trial 060 at epoch 034 | best epoch: 004
[I 2026-05-04 14:05:18,117] Trial 60 finished with value: 4.550231062132736 and parameters: {'batch_size': 256, 'learning_rate': 0.00020424945899818976, 'num_resblk': 6, 'num_features': 96, 'weight_decay': 0.0005399111252027253}. Best is trial 56 with value: 3.737924362051076.
Early stopping triggered for trial 061 at epoch 041 | best epoch: 011
[I 2026-05-04 14:07:09,761] Trial 61 finished with value: 4.270368888460356 and parameters: {'batch_size': 256, 'learning_rate': 0.00025259959091194925, 'num_resblk': 4, 'num_features': 96, 'weight_decay': 0.0006623988857760179}. Best is trial 56 with value: 3.737924362051076.
Early stopping triggered for trial 062 at epoch 041 | best epoch: 011
[I 2026-05-04 14:09:01,730] Trial 62 finished with value: 4.321706804735907 and parameters: {'batch_size': 256, 'learning_rate': 0.00020725089982467584, 'num_resblk': 4, 'num_features': 96, 'weight_decay': 0.00039732920575388255}. Best is trial 56 with value: 3.737924362051076.
Early stopping triggered for trial 063 at epoch 055 | best epoch: 025
[I 2026-05-04 14:11:30,659] Trial 63 finished with value: 4.499647600897427 and parameters: {'batch_size': 256, 'learning_rate': 0.00023584491728236806, 'num_resblk': 4, 'num_features': 96, 'weight_decay': 0.0008251484161116863}. Best is trial 56 with value: 3.737924362051076.
Early stopping triggered for trial 064 at epoch 050 | best epoch: 020
[I 2026-05-04 14:14:01,323] Trial 64 finished with value: 4.574422162154625 and parameters: {'batch_size': 256, 'learning_rate': 0.0002230381477953419, 'num_resblk': 6, 'num_features': 96, 'weight_decay': 0.00048098731282451563}. Best is trial 56 with value: 3.737924362051076.
Early stopping triggered for trial 065 at epoch 051 | best epoch: 021
[I 2026-05-04 14:16:19,289] Trial 65 finished with value: 4.445694832966246 and parameters: {'batch_size': 256, 'learning_rate': 0.00019038012208889146, 'num_resblk': 4, 'num_features': 96, 'weight_decay': 0.00030237935693051626}. Best is trial 56 with value: 3.737924362051076.
Early stopping triggered for trial 066 at epoch 048 | best epoch: 018
[I 2026-05-04 14:18:29,197] Trial 66 finished with value: 4.291480130162732 and parameters: {'batch_size': 256, 'learning_rate': 0.00017849185849188245, 'num_resblk': 4, 'num_features': 96, 'weight_decay': 0.0009998451352396698}. Best is trial 56 with value: 3.737924362051076.
Early stopping triggered for trial 067 at epoch 039 | best epoch: 009
[I 2026-05-04 14:20:28,151] Trial 67 finished with value: 4.157983007102177 and parameters: {'batch_size': 256, 'learning_rate': 0.00018601338909295573, 'num_resblk': 6, 'num_features': 96, 'weight_decay': 0.0005450755395191696}. Best is trial 56 with value: 3.737924362051076.
[I 2026-05-04 14:20:53,903] Trial 68 pruned. 
Early stopping triggered for trial 069 at epoch 035 | best epoch: 005
[I 2026-05-04 14:22:33,410] Trial 69 finished with value: 3.6709319311996986 and parameters: {'batch_size': 256, 'learning_rate': 0.000264524761727062, 'num_resblk': 4, 'num_features': 96, 'weight_decay': 2.745499213386579e-06}. Best is trial 69 with value: 3.6709319311996986.
Early stopping triggered for trial 070 at epoch 036 | best epoch: 006
[I 2026-05-04 14:24:15,168] Trial 70 finished with value: 4.034673657910577 and parameters: {'batch_size': 256, 'learning_rate': 0.00026295224941836546, 'num_resblk': 4, 'num_features': 96, 'weight_decay': 1.8079876027848463e-06}. Best is trial 69 with value: 3.6709319311996986.
Early stopping triggered for trial 071 at epoch 036 | best epoch: 006
[I 2026-05-04 14:25:56,359] Trial 71 finished with value: 3.8584316681171287 and parameters: {'batch_size': 256, 'learning_rate': 0.00026804840541002094, 'num_resblk': 4, 'num_features': 96, 'weight_decay': 5.231431311929369e-06}. Best is trial 69 with value: 3.6709319311996986.
Early stopping triggered for trial 072 at epoch 043 | best epoch: 013
[I 2026-05-04 14:27:54,685] Trial 72 finished with value: 4.10756751586651 and parameters: {'batch_size': 256, 'learning_rate': 0.0002779804756839892, 'num_resblk': 4, 'num_features': 96, 'weight_decay': 5.618420498992959e-06}. Best is trial 69 with value: 3.6709319311996986.
Early stopping triggered for trial 073 at epoch 040 | best epoch: 010
[I 2026-05-04 14:29:45,280] Trial 73 finished with value: 3.8558254735223176 and parameters: {'batch_size': 256, 'learning_rate': 0.00029663485748979113, 'num_resblk': 4, 'num_features': 96, 'weight_decay': 2.192551690562117e-06}. Best is trial 69 with value: 3.6709319311996986.
Early stopping triggered for trial 074 at epoch 034 | best epoch: 004
[I 2026-05-04 14:31:30,157] Trial 74 finished with value: 4.210896072716548 and parameters: {'batch_size': 256, 'learning_rate': 0.0002986946786955095, 'num_resblk': 6, 'num_features': 96, 'weight_decay': 3.243890553597866e-06}. Best is trial 69 with value: 3.6709319311996986.
Early stopping triggered for trial 075 at epoch 034 | best epoch: 004
[I 2026-05-04 14:33:04,978] Trial 75 finished with value: 3.851501777254302 and parameters: {'batch_size': 256, 'learning_rate': 0.00026240829114237616, 'num_resblk': 4, 'num_features': 96, 'weight_decay': 1.9139785042229075e-06}. Best is trial 69 with value: 3.6709319311996986.
Early stopping triggered for trial 076 at epoch 039 | best epoch: 009
[I 2026-05-04 14:34:52,998] Trial 76 finished with value: 4.071704724739337 and parameters: {'batch_size': 256, 'learning_rate': 0.0002730402113708032, 'num_resblk': 4, 'num_features': 96, 'weight_decay': 2.0898678102060946e-06}. Best is trial 69 with value: 3.6709319311996986.
[I 2026-05-04 14:35:11,065] Trial 77 pruned. 
Early stopping triggered for trial 078 at epoch 033 | best epoch: 003
[I 2026-05-04 14:36:42,773] Trial 78 finished with value: 4.242182624751124 and parameters: {'batch_size': 256, 'learning_rate': 0.0002606595767543513, 'num_resblk': 4, 'num_features': 96, 'weight_decay': 4.604130554928144e-06}. Best is trial 69 with value: 3.6709319311996986.
Early stopping triggered for trial 079 at epoch 033 | best epoch: 003
[I 2026-05-04 14:38:14,408] Trial 79 finished with value: 3.8327679305241027 and parameters: {'batch_size': 256, 'learning_rate': 0.000283721403671503, 'num_resblk': 4, 'num_features': 96, 'weight_decay': 2.8345946625853902e-06}. Best is trial 69 with value: 3.6709319311996986.
Early stopping triggered for trial 080 at epoch 034 | best epoch: 004
[I 2026-05-04 14:39:48,502] Trial 80 finished with value: 4.04552880648909 and parameters: {'batch_size': 256, 'learning_rate': 0.00028683281127528913, 'num_resblk': 4, 'num_features': 96, 'weight_decay': 2.8914945328937826e-06}. Best is trial 69 with value: 3.6709319311996986.
Early stopping triggered for trial 081 at epoch 035 | best epoch: 005
[I 2026-05-04 14:41:25,878] Trial 81 finished with value: 3.8034775174897293 and parameters: {'batch_size': 256, 'learning_rate': 0.00026998429544228513, 'num_resblk': 4, 'num_features': 96, 'weight_decay': 1.5945471746911805e-06}. Best is trial 69 with value: 3.6709319311996986.
Early stopping triggered for trial 082 at epoch 040 | best epoch: 010
[I 2026-05-04 14:43:15,720] Trial 82 finished with value: 3.783409727030787 and parameters: {'batch_size': 256, 'learning_rate': 0.0002665321847229744, 'num_resblk': 4, 'num_features': 96, 'weight_decay': 1.499757931840011e-06}. Best is trial 69 with value: 3.6709319311996986.
Early stopping triggered for trial 083 at epoch 044 | best epoch: 014
[I 2026-05-04 14:45:17,316] Trial 83 finished with value: 4.530597530562302 and parameters: {'batch_size': 256, 'learning_rate': 0.00029764061026401126, 'num_resblk': 4, 'num_features': 96, 'weight_decay': 1.683539443909211e-06}. Best is trial 69 with value: 3.6709319311996986.
Early stopping triggered for trial 084 at epoch 044 | best epoch: 014
[I 2026-05-04 14:47:18,524] Trial 84 finished with value: 4.324167161152281 and parameters: {'batch_size': 256, 'learning_rate': 0.0002814760903994328, 'num_resblk': 4, 'num_features': 96, 'weight_decay': 1.3195811843570928e-06}. Best is trial 69 with value: 3.6709319311996986.
Early stopping triggered for trial 085 at epoch 034 | best epoch: 004
[I 2026-05-04 14:48:52,373] Trial 85 finished with value: 3.9625812727829506 and parameters: {'batch_size': 256, 'learning_rate': 0.0002688626985195042, 'num_resblk': 4, 'num_features': 96, 'weight_decay': 2.579646922579832e-06}. Best is trial 69 with value: 3.6709319311996986.
Early stopping triggered for trial 086 at epoch 041 | best epoch: 011
[I 2026-05-04 14:50:57,771] Trial 86 finished with value: 4.330465514084389 and parameters: {'batch_size': 256, 'learning_rate': 0.0002588401104840055, 'num_resblk': 6, 'num_features': 96, 'weight_decay': 3.3894591238631037e-06}. Best is trial 69 with value: 3.6709319311996986.
Early stopping triggered for trial 087 at epoch 036 | best epoch: 006
[I 2026-05-04 14:52:37,293] Trial 87 finished with value: 3.7205635925819136 and parameters: {'batch_size': 256, 'learning_rate': 0.0002833091262750481, 'num_resblk': 4, 'num_features': 96, 'weight_decay': 1.0102666044619835e-06}. Best is trial 69 with value: 3.6709319311996986.
Early stopping triggered for trial 088 at epoch 041 | best epoch: 011
[I 2026-05-04 14:53:37,972] Trial 88 finished with value: 4.375617791866434 and parameters: {'batch_size': 256, 'learning_rate': 0.00024899130135052684, 'num_resblk': 4, 'num_features': 32, 'weight_decay': 1.025671183958667e-06}. Best is trial 69 with value: 3.6709319311996986.
Early stopping triggered for trial 089 at epoch 041 | best epoch: 011
[I 2026-05-04 14:55:43,475] Trial 89 finished with value: 4.317868035415123 and parameters: {'batch_size': 256, 'learning_rate': 0.00028404605734770464, 'num_resblk': 6, 'num_features': 96, 'weight_decay': 1.324278745612876e-06}. Best is trial 69 with value: 3.6709319311996986.
Early stopping triggered for trial 090 at epoch 038 | best epoch: 008
[I 2026-05-04 14:57:28,289] Trial 90 finished with value: 3.8379209206022065 and parameters: {'batch_size': 256, 'learning_rate': 0.00026871591376678386, 'num_resblk': 4, 'num_features': 96, 'weight_decay': 1.656414052918721e-06}. Best is trial 69 with value: 3.6709319311996986.
Early stopping triggered for trial 091 at epoch 037 | best epoch: 007
[I 2026-05-04 14:59:10,768] Trial 91 finished with value: 3.9827586289109855 and parameters: {'batch_size': 256, 'learning_rate': 0.00027010908325500194, 'num_resblk': 4, 'num_features': 96, 'weight_decay': 1.5359847221224037e-06}. Best is trial 69 with value: 3.6709319311996986.
Early stopping triggered for trial 092 at epoch 037 | best epoch: 007
[I 2026-05-04 15:00:52,520] Trial 92 finished with value: 4.162775047894182 and parameters: {'batch_size': 256, 'learning_rate': 0.00024483141193446184, 'num_resblk': 4, 'num_features': 96, 'weight_decay': 1.8892200379921767e-06}. Best is trial 69 with value: 3.6709319311996986.
Early stopping triggered for trial 093 at epoch 037 | best epoch: 007
[I 2026-05-04 15:03:00,483] Trial 93 finished with value: 4.080143895642511 and parameters: {'batch_size': 256, 'learning_rate': 0.00025502452074291094, 'num_resblk': 4, 'num_features': 128, 'weight_decay': 1.1756896457229177e-06}. Best is trial 69 with value: 3.6709319311996986.
Early stopping triggered for trial 094 at epoch 045 | best epoch: 015
[I 2026-05-04 15:05:04,951] Trial 94 finished with value: 4.130389451980591 and parameters: {'batch_size': 256, 'learning_rate': 0.0002621806825392606, 'num_resblk': 4, 'num_features': 96, 'weight_decay': 1.5014870578538495e-06}. Best is trial 69 with value: 3.6709319311996986.
Early stopping triggered for trial 095 at epoch 038 | best epoch: 008
[I 2026-05-04 15:06:50,627] Trial 95 finished with value: 4.3312442220490555 and parameters: {'batch_size': 256, 'learning_rate': 0.00015228733688302777, 'num_resblk': 4, 'num_features': 96, 'weight_decay': 3.7471754530509843e-06}. Best is trial 69 with value: 3.6709319311996986.
Early stopping triggered for trial 096 at epoch 037 | best epoch: 007
[I 2026-05-04 15:08:32,744] Trial 96 finished with value: 4.103722153038814 and parameters: {'batch_size': 256, 'learning_rate': 0.0002783292750051568, 'num_resblk': 4, 'num_features': 96, 'weight_decay': 1.2170965942438372e-06}. Best is trial 69 with value: 3.6709319311996986.
Early stopping triggered for trial 097 at epoch 033 | best epoch: 003
[I 2026-05-04 15:10:03,826] Trial 97 finished with value: 4.205354920749007 and parameters: {'batch_size': 256, 'learning_rate': 0.0002354134029110624, 'num_resblk': 4, 'num_features': 96, 'weight_decay': 2.6038363845315083e-06}. Best is trial 69 with value: 3.6709319311996986.
Early stopping triggered for trial 098 at epoch 033 | best epoch: 003
[I 2026-05-04 15:11:45,407] Trial 98 finished with value: 4.360562414958559 and parameters: {'batch_size': 256, 'learning_rate': 0.0002907950739861335, 'num_resblk': 6, 'num_features': 96, 'weight_decay': 2.1848226028826733e-05}. Best is trial 69 with value: 3.6709319311996986.
Early stopping triggered for trial 099 at epoch 033 | best epoch: 003
[I 2026-05-04 15:13:18,091] Trial 99 finished with value: 4.189570583146194 and parameters: {'batch_size': 256, 'learning_rate': 0.00026681401790504944, 'num_resblk': 4, 'num_features': 96, 'weight_decay': 7.2685749531147936e-06}. Best is trial 69 with value: 3.6709319311996986.
[I 2026-05-04 15:13:27,077] Trial 100 pruned. 
Early stopping triggered for trial 101 at epoch 050 | best epoch: 020
[I 2026-05-04 15:15:46,512] Trial 101 finished with value: 4.142000469668158 and parameters: {'batch_size': 256, 'learning_rate': 0.00029912770961744526, 'num_resblk': 4, 'num_features': 96, 'weight_decay': 2.674717707789451e-06}. Best is trial 69 with value: 3.6709319311996986.
[I 2026-05-04 15:16:02,986] Trial 102 pruned. 
Early stopping triggered for trial 103 at epoch 039 | best epoch: 009
[I 2026-05-04 15:17:51,800] Trial 103 finished with value: 3.9423539638519287 and parameters: {'batch_size': 256, 'learning_rate': 0.0002718328452826211, 'num_resblk': 4, 'num_features': 96, 'weight_decay': 1.9718230655494652e-06}. Best is trial 69 with value: 3.6709319311996986.
Early stopping triggered for trial 104 at epoch 040 | best epoch: 010
[I 2026-05-04 15:19:42,396] Trial 104 finished with value: 4.457756905720152 and parameters: {'batch_size': 256, 'learning_rate': 0.000256338491739561, 'num_resblk': 4, 'num_features': 96, 'weight_decay': 1.0737603718263032e-06}. Best is trial 69 with value: 3.6709319311996986.
Early stopping triggered for trial 105 at epoch 037 | best epoch: 007
[I 2026-05-04 15:21:24,931] Trial 105 finished with value: 3.9974662106612633 and parameters: {'batch_size': 256, 'learning_rate': 0.00027784936623811524, 'num_resblk': 4, 'num_features': 96, 'weight_decay': 2.305788264473939e-06}. Best is trial 69 with value: 3.6709319311996986.
Early stopping triggered for trial 106 at epoch 042 | best epoch: 012
[I 2026-05-04 15:23:49,045] Trial 106 finished with value: 4.280324113780055 and parameters: {'batch_size': 256, 'learning_rate': 0.00026384907204347175, 'num_resblk': 4, 'num_features': 128, 'weight_decay': 1.506519645319374e-06}. Best is trial 69 with value: 3.6709319311996986.
Early stopping triggered for trial 107 at epoch 039 | best epoch: 009
[I 2026-05-04 15:25:36,437] Trial 107 finished with value: 4.417060120352383 and parameters: {'batch_size': 256, 'learning_rate': 0.00024843835265268453, 'num_resblk': 4, 'num_features': 96, 'weight_decay': 3.880833115343031e-06}. Best is trial 69 with value: 3.6709319311996986.
Early stopping triggered for trial 108 at epoch 041 | best epoch: 011
[I 2026-05-04 15:27:29,524] Trial 108 finished with value: 4.187132087247125 and parameters: {'batch_size': 256, 'learning_rate': 0.00029184339858664494, 'num_resblk': 4, 'num_features': 96, 'weight_decay': 3.405169563009137e-05}. Best is trial 69 with value: 3.6709319311996986.
Early stopping triggered for trial 109 at epoch 034 | best epoch: 004
[I 2026-05-04 15:29:14,353] Trial 109 finished with value: 4.566668757076921 and parameters: {'batch_size': 256, 'learning_rate': 0.00016234888934306573, 'num_resblk': 6, 'num_features': 96, 'weight_decay': 1.4342109527104765e-06}. Best is trial 69 with value: 3.6709319311996986.
[I 2026-05-04 15:29:30,707] Trial 110 pruned. 
Early stopping triggered for trial 111 at epoch 035 | best epoch: 005
[I 2026-05-04 15:31:07,283] Trial 111 finished with value: 4.3917738240340665 and parameters: {'batch_size': 256, 'learning_rate': 0.00026625157721498936, 'num_resblk': 4, 'num_features': 96, 'weight_decay': 1.1954250729406105e-05}. Best is trial 69 with value: 3.6709319311996986.
Early stopping triggered for trial 112 at epoch 043 | best epoch: 013
[I 2026-05-04 15:33:05,334] Trial 112 finished with value: 4.281449531686717 and parameters: {'batch_size': 256, 'learning_rate': 0.00027460247844281714, 'num_resblk': 4, 'num_features': 96, 'weight_decay': 4.958137243755757e-06}. Best is trial 69 with value: 3.6709319311996986.
Early stopping triggered for trial 113 at epoch 046 | best epoch: 016
[I 2026-05-04 15:35:11,456] Trial 113 finished with value: 4.3263083819685315 and parameters: {'batch_size': 256, 'learning_rate': 0.00028644027611593757, 'num_resblk': 4, 'num_features': 96, 'weight_decay': 1.800193360817351e-06}. Best is trial 69 with value: 3.6709319311996986.
Early stopping triggered for trial 114 at epoch 041 | best epoch: 011
[I 2026-05-04 15:37:03,983] Trial 114 finished with value: 4.3255453520807725 and parameters: {'batch_size': 256, 'learning_rate': 0.000280563379113785, 'num_resblk': 4, 'num_features': 96, 'weight_decay': 6.356221741005326e-06}. Best is trial 69 with value: 3.6709319311996986.
Early stopping triggered for trial 115 at epoch 035 | best epoch: 005
[I 2026-05-04 15:38:41,062] Trial 115 finished with value: 4.10607909334117 and parameters: {'batch_size': 256, 'learning_rate': 0.0002695722547164478, 'num_resblk': 4, 'num_features': 96, 'weight_decay': 2.3464277384554968e-06}. Best is trial 69 with value: 3.6709319311996986.
Early stopping triggered for trial 116 at epoch 033 | best epoch: 003
[I 2026-05-04 15:40:12,891] Trial 116 finished with value: 3.90757679117137 and parameters: {'batch_size': 256, 'learning_rate': 0.0002930445739916084, 'num_resblk': 4, 'num_features': 96, 'weight_decay': 3.0578984396080806e-06}. Best is trial 69 with value: 3.6709319311996986.
Early stopping triggered for trial 117 at epoch 060 | best epoch: 030
[I 2026-05-04 15:42:56,276] Trial 117 finished with value: 4.27194699747809 and parameters: {'batch_size': 256, 'learning_rate': 0.0002580778414951969, 'num_resblk': 4, 'num_features': 96, 'weight_decay': 1.1535915352836645e-06}. Best is trial 69 with value: 3.6709319311996986.
Early stopping triggered for trial 118 at epoch 039 | best epoch: 009
[I 2026-05-04 15:44:56,040] Trial 118 finished with value: 4.362141938045107 and parameters: {'batch_size': 256, 'learning_rate': 0.00017952914911133642, 'num_resblk': 6, 'num_features': 96, 'weight_decay': 4.184946524006285e-06}. Best is trial 69 with value: 3.6709319311996986.
Early stopping triggered for trial 119 at epoch 051 | best epoch: 021
[I 2026-05-04 15:47:16,319] Trial 119 finished with value: 4.2783595857949095 and parameters: {'batch_size': 256, 'learning_rate': 0.00017175143303016917, 'num_resblk': 4, 'num_features': 96, 'weight_decay': 1.6726581855937215e-06}. Best is trial 69 with value: 3.6709319311996986.
[I 2026-05-04 15:47:25,358] Trial 120 pruned. 
Early stopping triggered for trial 121 at epoch 034 | best epoch: 004
[I 2026-05-04 15:48:59,901] Trial 121 finished with value: 4.746899867879933 and parameters: {'batch_size': 256, 'learning_rate': 0.00029826002163746207, 'num_resblk': 4, 'num_features': 96, 'weight_decay': 3.1803691771865967e-06}. Best is trial 69 with value: 3.6709319311996986.
Early stopping triggered for trial 122 at epoch 036 | best epoch: 006
[I 2026-05-04 15:50:40,076] Trial 122 finished with value: 3.902134212954291 and parameters: {'batch_size': 256, 'learning_rate': 0.00028547654254138145, 'num_resblk': 4, 'num_features': 96, 'weight_decay': 2.957400262171376e-06}. Best is trial 69 with value: 3.6709319311996986.
[I 2026-05-04 15:50:56,418] Trial 123 pruned. 
Early stopping triggered for trial 124 at epoch 036 | best epoch: 006
[I 2026-05-04 15:52:35,748] Trial 124 finished with value: 4.133159193499335 and parameters: {'batch_size': 256, 'learning_rate': 0.0002755087705293703, 'num_resblk': 4, 'num_features': 96, 'weight_decay': 2.7757265961044475e-06}. Best is trial 69 with value: 3.6709319311996986.
Early stopping triggered for trial 125 at epoch 036 | best epoch: 006
[I 2026-05-04 15:54:15,678] Trial 125 finished with value: 4.345298002506125 and parameters: {'batch_size': 256, 'learning_rate': 0.0002662990537286117, 'num_resblk': 4, 'num_features': 96, 'weight_decay': 1.3094253320714967e-06}. Best is trial 69 with value: 3.6709319311996986.
Early stopping triggered for trial 126 at epoch 042 | best epoch: 012
[I 2026-05-04 15:56:11,271] Trial 126 finished with value: 4.301315011649296 and parameters: {'batch_size': 256, 'learning_rate': 0.00011979168099590789, 'num_resblk': 4, 'num_features': 96, 'weight_decay': 2.3639584047529738e-06}. Best is trial 69 with value: 3.6709319311996986.
Early stopping triggered for trial 127 at epoch 036 | best epoch: 006
[I 2026-05-04 15:58:16,737] Trial 127 finished with value: 4.522605937102745 and parameters: {'batch_size': 256, 'learning_rate': 0.0002721805102995531, 'num_resblk': 4, 'num_features': 128, 'weight_decay': 1.8525426511844315e-06}. Best is trial 69 with value: 3.6709319311996986.
[I 2026-05-04 15:58:33,393] Trial 128 pruned. 
Early stopping triggered for trial 129 at epoch 034 | best epoch: 004
[I 2026-05-04 16:00:19,420] Trial 129 finished with value: 4.101509464198146 and parameters: {'batch_size': 256, 'learning_rate': 0.00028041253169897127, 'num_resblk': 6, 'num_features': 96, 'weight_decay': 1.568999141779641e-06}. Best is trial 69 with value: 3.6709319311996986.
Early stopping triggered for trial 130 at epoch 036 | best epoch: 006
[I 2026-05-04 16:02:00,708] Trial 130 finished with value: 4.314743765469255 and parameters: {'batch_size': 256, 'learning_rate': 0.00019404946200864156, 'num_resblk': 4, 'num_features': 96, 'weight_decay': 1.998777881075841e-06}. Best is trial 69 with value: 3.6709319311996986.
Early stopping triggered for trial 131 at epoch 038 | best epoch: 008
[I 2026-05-04 16:03:46,734] Trial 131 finished with value: 4.265137614875004 and parameters: {'batch_size': 256, 'learning_rate': 0.0002912583068834237, 'num_resblk': 4, 'num_features': 96, 'weight_decay': 2.6222112469253322e-06}. Best is trial 69 with value: 3.6709319311996986.
Early stopping triggered for trial 132 at epoch 041 | best epoch: 011
[I 2026-05-04 16:05:39,874] Trial 132 finished with value: 4.181525049538448 and parameters: {'batch_size': 256, 'learning_rate': 0.000286550984293255, 'num_resblk': 4, 'num_features': 96, 'weight_decay': 3.2548104516071884e-06}. Best is trial 69 with value: 3.6709319311996986.
Early stopping triggered for trial 133 at epoch 045 | best epoch: 015
[I 2026-05-04 16:07:43,372] Trial 133 finished with value: 4.229256605279857 and parameters: {'batch_size': 256, 'learning_rate': 0.00027694609204779883, 'num_resblk': 4, 'num_features': 96, 'weight_decay': 4.441363202961683e-06}. Best is trial 69 with value: 3.6709319311996986.
Early stopping triggered for trial 134 at epoch 037 | best epoch: 007
[I 2026-05-04 16:09:26,321] Trial 134 finished with value: 4.189256076155038 and parameters: {'batch_size': 256, 'learning_rate': 0.000294040379934726, 'num_resblk': 4, 'num_features': 96, 'weight_decay': 1.297348224688379e-06}. Best is trial 69 with value: 3.6709319311996986.
Early stopping triggered for trial 135 at epoch 038 | best epoch: 008
[I 2026-05-04 16:11:11,278] Trial 135 finished with value: 3.994296304110823 and parameters: {'batch_size': 256, 'learning_rate': 0.0002837887508578824, 'num_resblk': 4, 'num_features': 96, 'weight_decay': 2.9157264646303426e-06}. Best is trial 69 with value: 3.6709319311996986.
Early stopping triggered for trial 136 at epoch 051 | best epoch: 021
[I 2026-05-04 16:13:31,500] Trial 136 finished with value: 4.462421540556283 and parameters: {'batch_size': 256, 'learning_rate': 0.0002550173581739329, 'num_resblk': 4, 'num_features': 96, 'weight_decay': 5.636002724463505e-06}. Best is trial 69 with value: 3.6709319311996986.
Early stopping triggered for trial 137 at epoch 037 | best epoch: 007
[I 2026-05-04 16:15:14,080] Trial 137 finished with value: 4.008660669984488 and parameters: {'batch_size': 256, 'learning_rate': 0.00026738902032533846, 'num_resblk': 4, 'num_features': 96, 'weight_decay': 1.068017042292762e-05}. Best is trial 69 with value: 3.6709319311996986.
[I 2026-05-04 16:15:30,250] Trial 138 pruned. 
Early stopping triggered for trial 139 at epoch 036 | best epoch: 006
[I 2026-05-04 16:17:10,082] Trial 139 finished with value: 3.8710176944732666 and parameters: {'batch_size': 256, 'learning_rate': 0.0002990785350751798, 'num_resblk': 4, 'num_features': 96, 'weight_decay': 3.856715097630738e-06}. Best is trial 69 with value: 3.6709319311996986.
Early stopping triggered for trial 140 at epoch 042 | best epoch: 012
[I 2026-05-04 16:19:05,796] Trial 140 finished with value: 4.182126382301593 and parameters: {'batch_size': 256, 'learning_rate': 0.00015922593459339682, 'num_resblk': 4, 'num_features': 96, 'weight_decay': 1.7695041008860528e-06}. Best is trial 69 with value: 3.6709319311996986.
Early stopping triggered for trial 141 at epoch 036 | best epoch: 006
[I 2026-05-04 16:20:45,332] Trial 141 finished with value: 4.072457683497462 and parameters: {'batch_size': 256, 'learning_rate': 0.00029884665020289437, 'num_resblk': 4, 'num_features': 96, 'weight_decay': 3.1311222389236792e-06}. Best is trial 69 with value: 3.6709319311996986.
Early stopping triggered for trial 142 at epoch 041 | best epoch: 011
[I 2026-05-04 16:22:37,993] Trial 142 finished with value: 4.112911150373262 and parameters: {'batch_size': 256, 'learning_rate': 0.0002874310510587102, 'num_resblk': 4, 'num_features': 96, 'weight_decay': 3.6778704860371202e-06}. Best is trial 69 with value: 3.6709319311996986.
Early stopping triggered for trial 143 at epoch 036 | best epoch: 006
[I 2026-05-04 16:24:18,255] Trial 143 finished with value: 4.345532606387961 and parameters: {'batch_size': 256, 'learning_rate': 0.0002731283641080849, 'num_resblk': 4, 'num_features': 96, 'weight_decay': 2.2276505431544116e-05}. Best is trial 69 with value: 3.6709319311996986.
Early stopping triggered for trial 144 at epoch 037 | best epoch: 007
[I 2026-05-04 16:26:00,870] Trial 144 finished with value: 4.020918953007665 and parameters: {'batch_size': 256, 'learning_rate': 0.0002805715486379003, 'num_resblk': 4, 'num_features': 96, 'weight_decay': 0.0008828845199639339}. Best is trial 69 with value: 3.6709319311996986.
Early stopping triggered for trial 145 at epoch 034 | best epoch: 004
[I 2026-05-04 16:27:35,449] Trial 145 finished with value: 4.127940194360141 and parameters: {'batch_size': 256, 'learning_rate': 0.0002933587206821935, 'num_resblk': 4, 'num_features': 96, 'weight_decay': 2.533248331632541e-06}. Best is trial 69 with value: 3.6709319311996986.
Early stopping triggered for trial 146 at epoch 043 | best epoch: 013
[I 2026-05-04 16:29:33,866] Trial 146 finished with value: 4.209974872654882 and parameters: {'batch_size': 256, 'learning_rate': 0.00018741184704690398, 'num_resblk': 4, 'num_features': 96, 'weight_decay': 4.3049407382760745e-06}. Best is trial 69 with value: 3.6709319311996986.
[I 2026-05-04 16:29:42,789] Trial 147 pruned. 
Early stopping triggered for trial 148 at epoch 043 | best epoch: 013
[I 2026-05-04 16:31:42,157] Trial 148 finished with value: 3.9798996201876937 and parameters: {'batch_size': 256, 'learning_rate': 0.0001769453094003384, 'num_resblk': 4, 'num_features': 96, 'weight_decay': 9.216953608861254e-05}. Best is trial 69 with value: 3.6709319311996986.
Early stopping triggered for trial 149 at epoch 041 | best epoch: 011
[I 2026-05-04 16:33:34,987] Trial 149 finished with value: 4.4097253289716 and parameters: {'batch_size': 256, 'learning_rate': 0.0001820279107791385, 'num_resblk': 4, 'num_features': 96, 'weight_decay': 1.4392348777461993e-06}. Best is trial 69 with value: 3.6709319311996986.
Early stopping triggered for trial 150 at epoch 038 | best epoch: 008
[I 2026-05-04 16:35:32,098] Trial 150 finished with value: 4.616115282321799 and parameters: {'batch_size': 256, 'learning_rate': 0.00026301624731892763, 'num_resblk': 6, 'num_features': 96, 'weight_decay': 2.9155332649060002e-06}. Best is trial 69 with value: 3.6709319311996986.
Early stopping triggered for trial 151 at epoch 035 | best epoch: 005
[I 2026-05-04 16:37:08,569] Trial 151 finished with value: 4.120886062753612 and parameters: {'batch_size': 256, 'learning_rate': 0.0002710335525809706, 'num_resblk': 4, 'num_features': 96, 'weight_decay': 2.0006348634736556e-06}. Best is trial 69 with value: 3.6709319311996986.
Early stopping triggered for trial 152 at epoch 035 | best epoch: 005
[I 2026-05-04 16:38:45,083] Trial 152 finished with value: 3.952608190733811 and parameters: {'batch_size': 256, 'learning_rate': 0.0002770318676719411, 'num_resblk': 4, 'num_features': 96, 'weight_decay': 1.1404088100610271e-06}. Best is trial 69 with value: 3.6709319311996986.
Early stopping triggered for trial 153 at epoch 040 | best epoch: 010
[I 2026-05-04 16:40:37,265] Trial 153 finished with value: 4.1355315816813505 and parameters: {'batch_size': 256, 'learning_rate': 0.0002998809646984623, 'num_resblk': 4, 'num_features': 96, 'weight_decay': 1.7057698364013482e-06}. Best is trial 69 with value: 3.6709319311996986.
Early stopping triggered for trial 154 at epoch 046 | best epoch: 016
[I 2026-05-04 16:42:46,752] Trial 154 finished with value: 3.8182395408893455 and parameters: {'batch_size': 256, 'learning_rate': 0.00027061432431709355, 'num_resblk': 4, 'num_features': 96, 'weight_decay': 2.2548941412800677e-06}. Best is trial 69 with value: 3.6709319311996986.
Early stopping triggered for trial 155 at epoch 037 | best epoch: 007
[I 2026-05-04 16:44:30,661] Trial 155 finished with value: 4.123622203695363 and parameters: {'batch_size': 256, 'learning_rate': 0.0002858920874190462, 'num_resblk': 4, 'num_features': 96, 'weight_decay': 3.5862234388884763e-06}. Best is trial 69 with value: 3.6709319311996986.
Early stopping triggered for trial 156 at epoch 035 | best epoch: 005
[I 2026-05-04 16:46:32,827] Trial 156 finished with value: 4.276526533324143 and parameters: {'batch_size': 256, 'learning_rate': 0.00025644980522418216, 'num_resblk': 4, 'num_features': 128, 'weight_decay': 2.3909475937372757e-06}. Best is trial 69 with value: 3.6709319311996986.
Early stopping triggered for trial 157 at epoch 035 | best epoch: 005
[I 2026-05-04 16:48:11,542] Trial 157 finished with value: 4.258794488578007 and parameters: {'batch_size': 256, 'learning_rate': 0.00014229949852401447, 'num_resblk': 4, 'num_features': 96, 'weight_decay': 4.805265634182449e-06}. Best is trial 69 with value: 3.6709319311996986.
Early stopping triggered for trial 158 at epoch 036 | best epoch: 006
[I 2026-05-04 16:49:51,920] Trial 158 finished with value: 4.486992942875829 and parameters: {'batch_size': 256, 'learning_rate': 0.00026731972174824203, 'num_resblk': 4, 'num_features': 96, 'weight_decay': 1.0110552566552027e-06}. Best is trial 69 with value: 3.6709319311996986.
Early stopping triggered for trial 159 at epoch 041 | best epoch: 011
[I 2026-05-04 16:52:22,281] Trial 159 finished with value: 4.456636297291722 and parameters: {'batch_size': 256, 'learning_rate': 0.0002444354516220127, 'num_resblk': 10, 'num_features': 96, 'weight_decay': 1.4432685372901248e-06}. Best is trial 69 with value: 3.6709319311996986.
Early stopping triggered for trial 160 at epoch 034 | best epoch: 004
[I 2026-05-04 16:53:56,691] Trial 160 finished with value: 4.070306810839423 and parameters: {'batch_size': 256, 'learning_rate': 0.00028163909702787486, 'num_resblk': 4, 'num_features': 96, 'weight_decay': 2.7714488925408777e-06}. Best is trial 69 with value: 3.6709319311996986.
Early stopping triggered for trial 161 at epoch 036 | best epoch: 006
[I 2026-05-04 16:55:36,623] Trial 161 finished with value: 4.314174734312912 and parameters: {'batch_size': 256, 'learning_rate': 0.00027459034442219076, 'num_resblk': 4, 'num_features': 96, 'weight_decay': 2.200426671969415e-06}. Best is trial 69 with value: 3.6709319311996986.
Early stopping triggered for trial 162 at epoch 038 | best epoch: 008
[I 2026-05-04 16:57:21,996] Trial 162 finished with value: 3.6653419691940834 and parameters: {'batch_size': 256, 'learning_rate': 0.0002622084380326862, 'num_resblk': 4, 'num_features': 96, 'weight_decay': 1.8543452967494344e-06}. Best is trial 162 with value: 3.6653419691940834.
Early stopping triggered for trial 163 at epoch 039 | best epoch: 009
[I 2026-05-04 16:59:10,432] Trial 163 finished with value: 3.7255845316525162 and parameters: {'batch_size': 256, 'learning_rate': 0.0002588400549787874, 'num_resblk': 4, 'num_features': 96, 'weight_decay': 1.6167181610396465e-06}. Best is trial 162 with value: 3.6653419691940834.
Early stopping triggered for trial 164 at epoch 034 | best epoch: 004
[I 2026-05-04 17:00:44,987] Trial 164 finished with value: 4.191685734124019 and parameters: {'batch_size': 256, 'learning_rate': 0.00026132468435871673, 'num_resblk': 4, 'num_features': 96, 'weight_decay': 1.5635409911542543e-06}. Best is trial 162 with value: 3.6653419691940834.
Early stopping triggered for trial 165 at epoch 042 | best epoch: 012
[I 2026-05-04 17:02:41,167] Trial 165 finished with value: 4.359806924030699 and parameters: {'batch_size': 256, 'learning_rate': 0.00025159473735387696, 'num_resblk': 4, 'num_features': 96, 'weight_decay': 1.8574521409920177e-06}. Best is trial 162 with value: 3.6653419691940834.
Early stopping triggered for trial 166 at epoch 037 | best epoch: 007
[I 2026-05-04 17:04:24,121] Trial 166 finished with value: 4.180813444071803 and parameters: {'batch_size': 256, 'learning_rate': 0.0002608772143696842, 'num_resblk': 4, 'num_features': 96, 'weight_decay': 1.2297723241081185e-06}. Best is trial 162 with value: 3.6653419691940834.
Early stopping triggered for trial 167 at epoch 039 | best epoch: 009
[I 2026-05-04 17:06:12,567] Trial 167 finished with value: 4.563702402443721 and parameters: {'batch_size': 256, 'learning_rate': 0.0002677541018949458, 'num_resblk': 4, 'num_features': 96, 'weight_decay': 1.6903052662452228e-06}. Best is trial 162 with value: 3.6653419691940834.
Early stopping triggered for trial 168 at epoch 036 | best epoch: 006
[I 2026-05-04 17:07:52,693] Trial 168 finished with value: 4.314933152034365 and parameters: {'batch_size': 256, 'learning_rate': 0.000236100888686791, 'num_resblk': 4, 'num_features': 96, 'weight_decay': 2.122413640240289e-06}. Best is trial 162 with value: 3.6653419691940834.
Early stopping triggered for trial 169 at epoch 046 | best epoch: 016
[I 2026-05-04 17:10:00,740] Trial 169 finished with value: 4.240746818739792 and parameters: {'batch_size': 256, 'learning_rate': 0.0002546877806615926, 'num_resblk': 4, 'num_features': 96, 'weight_decay': 1.3512053085646712e-06}. Best is trial 162 with value: 3.6653419691940834.
Early stopping triggered for trial 170 at epoch 038 | best epoch: 008
[I 2026-05-04 17:11:46,632] Trial 170 finished with value: 4.089771492727872 and parameters: {'batch_size': 256, 'learning_rate': 0.0002713731706485222, 'num_resblk': 4, 'num_features': 96, 'weight_decay': 2.532433203759138e-06}. Best is trial 162 with value: 3.6653419691940834.
Early stopping triggered for trial 171 at epoch 040 | best epoch: 010
[I 2026-05-04 17:13:38,085] Trial 171 finished with value: 4.04934051941181 and parameters: {'batch_size': 256, 'learning_rate': 0.00028910403101209707, 'num_resblk': 4, 'num_features': 96, 'weight_decay': 2.943970181406015e-06}. Best is trial 162 with value: 3.6653419691940834.
Early stopping triggered for trial 172 at epoch 042 | best epoch: 012
[I 2026-05-04 17:15:34,069] Trial 172 finished with value: 4.035398450391046 and parameters: {'batch_size': 256, 'learning_rate': 0.0002815344007700741, 'num_resblk': 4, 'num_features': 96, 'weight_decay': 3.3295839444036837e-06}. Best is trial 162 with value: 3.6653419691940834.
Early stopping triggered for trial 173 at epoch 041 | best epoch: 011
[I 2026-05-04 17:17:27,371] Trial 173 finished with value: 4.463610048951773 and parameters: {'batch_size': 256, 'learning_rate': 0.0002775742775025505, 'num_resblk': 4, 'num_features': 96, 'weight_decay': 1.922703536572224e-06}. Best is trial 162 with value: 3.6653419691940834.
Early stopping triggered for trial 174 at epoch 034 | best epoch: 004
[I 2026-05-04 17:19:01,219] Trial 174 finished with value: 4.162375063731752 and parameters: {'batch_size': 256, 'learning_rate': 0.0002935352565757015, 'num_resblk': 4, 'num_features': 96, 'weight_decay': 3.89721409793794e-06}. Best is trial 162 with value: 3.6653419691940834.
Early stopping triggered for trial 175 at epoch 040 | best epoch: 010
[I 2026-05-04 17:20:51,202] Trial 175 finished with value: 4.231760477197581 and parameters: {'batch_size': 256, 'learning_rate': 0.0002649801383413813, 'num_resblk': 4, 'num_features': 96, 'weight_decay': 1.6070928010927773e-06}. Best is trial 162 with value: 3.6653419691940834.
Early stopping triggered for trial 176 at epoch 040 | best epoch: 010
[I 2026-05-04 17:22:40,603] Trial 176 finished with value: 4.288401907887952 and parameters: {'batch_size': 256, 'learning_rate': 0.0002475376156540843, 'num_resblk': 4, 'num_features': 96, 'weight_decay': 5.9885315982366845e-05}. Best is trial 162 with value: 3.6653419691940834.
[I 2026-05-04 17:22:49,495] Trial 177 pruned. 
Early stopping triggered for trial 178 at epoch 038 | best epoch: 008
[I 2026-05-04 17:24:34,678] Trial 178 finished with value: 4.015367697025168 and parameters: {'batch_size': 256, 'learning_rate': 0.000287979394854613, 'num_resblk': 4, 'num_features': 96, 'weight_decay': 2.5997362658924953e-06}. Best is trial 162 with value: 3.6653419691940834.
Early stopping triggered for trial 179 at epoch 034 | best epoch: 004
[I 2026-05-04 17:26:08,622] Trial 179 finished with value: 4.133687068676126 and parameters: {'batch_size': 256, 'learning_rate': 0.00027258814269780316, 'num_resblk': 4, 'num_features': 96, 'weight_decay': 0.0008569330198451704}. Best is trial 162 with value: 3.6653419691940834.
Early stopping triggered for trial 180 at epoch 032 | best epoch: 002
[I 2026-05-04 17:27:37,114] Trial 180 finished with value: 3.882648805092121 and parameters: {'batch_size': 256, 'learning_rate': 0.0002799772030827562, 'num_resblk': 4, 'num_features': 96, 'weight_decay': 3.112179714730479e-06}. Best is trial 162 with value: 3.6653419691940834.
Early stopping triggered for trial 181 at epoch 047 | best epoch: 017
[I 2026-05-04 17:29:45,646] Trial 181 finished with value: 4.603565602466978 and parameters: {'batch_size': 256, 'learning_rate': 0.0002811155136395631, 'num_resblk': 4, 'num_features': 96, 'weight_decay': 2.855683311193623e-06}. Best is trial 162 with value: 3.6653419691940834.
Early stopping triggered for trial 182 at epoch 038 | best epoch: 008
[I 2026-05-04 17:31:30,253] Trial 182 finished with value: 4.587548880741514 and parameters: {'batch_size': 256, 'learning_rate': 0.00029328675773584106, 'num_resblk': 4, 'num_features': 96, 'weight_decay': 3.4290315386568113e-06}. Best is trial 162 with value: 3.6653419691940834.
[I 2026-05-04 17:31:46,633] Trial 183 pruned. 
Early stopping triggered for trial 184 at epoch 034 | best epoch: 004
[I 2026-05-04 17:33:20,488] Trial 184 finished with value: 4.108213695986517 and parameters: {'batch_size': 256, 'learning_rate': 0.00026524589598922503, 'num_resblk': 4, 'num_features': 96, 'weight_decay': 0.0007160411161181255}. Best is trial 162 with value: 3.6653419691940834.
Early stopping triggered for trial 185 at epoch 041 | best epoch: 011
[I 2026-05-04 17:35:13,250] Trial 185 finished with value: 4.097276843827347 and parameters: {'batch_size': 256, 'learning_rate': 0.00019801509446280214, 'num_resblk': 4, 'num_features': 96, 'weight_decay': 1.802625386133059e-06}. Best is trial 162 with value: 3.6653419691940834.
Early stopping triggered for trial 186 at epoch 037 | best epoch: 007
[I 2026-05-04 17:37:20,962] Trial 186 finished with value: 4.10055476221545 and parameters: {'batch_size': 256, 'learning_rate': 0.0002766309211252239, 'num_resblk': 4, 'num_features': 128, 'weight_decay': 4.067890128750999e-06}. Best is trial 162 with value: 3.6653419691940834.
Early stopping triggered for trial 187 at epoch 039 | best epoch: 009
[I 2026-05-04 17:39:10,160] Trial 187 finished with value: 3.937930781265785 and parameters: {'batch_size': 256, 'learning_rate': 0.00028540205715642144, 'num_resblk': 4, 'num_features': 96, 'weight_decay': 0.0001466626959212691}. Best is trial 162 with value: 3.6653419691940834.
Early stopping triggered for trial 188 at epoch 046 | best epoch: 016
[I 2026-05-04 17:41:18,364] Trial 188 finished with value: 4.0146460779782 and parameters: {'batch_size': 256, 'learning_rate': 0.00027157971835784834, 'num_resblk': 4, 'num_features': 96, 'weight_decay': 3.1039783953903246e-06}. Best is trial 162 with value: 3.6653419691940834.
[I 2026-05-04 17:41:34,896] Trial 189 pruned. 
Early stopping triggered for trial 190 at epoch 037 | best epoch: 007
[I 2026-05-04 17:43:18,432] Trial 190 finished with value: 3.9377161469952813 and parameters: {'batch_size': 256, 'learning_rate': 0.00026174473707129046, 'num_resblk': 4, 'num_features': 96, 'weight_decay': 2.4183141330676086e-06}. Best is trial 162 with value: 3.6653419691940834.
Early stopping triggered for trial 191 at epoch 036 | best epoch: 006
[I 2026-05-04 17:44:59,319] Trial 191 finished with value: 4.085552264904154 and parameters: {'batch_size': 256, 'learning_rate': 0.00026221074949172885, 'num_resblk': 4, 'num_features': 96, 'weight_decay': 2.37182998363475e-06}. Best is trial 162 with value: 3.6653419691940834.
Early stopping triggered for trial 192 at epoch 038 | best epoch: 008
[I 2026-05-04 17:46:45,623] Trial 192 finished with value: 3.6489980878501105 and parameters: {'batch_size': 256, 'learning_rate': 0.0002563368640372436, 'num_resblk': 4, 'num_features': 96, 'weight_decay': 2.6105313269860617e-06}. Best is trial 192 with value: 3.6489980878501105.
Early stopping triggered for trial 193 at epoch 046 | best epoch: 016
[I 2026-05-04 17:48:54,022] Trial 193 finished with value: 4.301883639960454 and parameters: {'batch_size': 256, 'learning_rate': 0.00025309107158354697, 'num_resblk': 4, 'num_features': 96, 'weight_decay': 3.1020213894948228e-06}. Best is trial 192 with value: 3.6489980878501105.
Early stopping triggered for trial 194 at epoch 039 | best epoch: 009
[I 2026-05-04 17:50:43,361] Trial 194 finished with value: 4.2883995154808305 and parameters: {'batch_size': 256, 'learning_rate': 0.0002690998692852912, 'num_resblk': 4, 'num_features': 96, 'weight_decay': 4.474692003138899e-05}. Best is trial 192 with value: 3.6489980878501105.
Early stopping triggered for trial 195 at epoch 040 | best epoch: 010
[I 2026-05-04 17:52:35,418] Trial 195 finished with value: 3.735982196084384 and parameters: {'batch_size': 256, 'learning_rate': 0.0002797079077916926, 'num_resblk': 4, 'num_features': 96, 'weight_decay': 1.974189585294907e-06}. Best is trial 192 with value: 3.6489980878501105.
Early stopping triggered for trial 196 at epoch 040 | best epoch: 010
[I 2026-05-04 17:54:27,470] Trial 196 finished with value: 4.1837261627460345 and parameters: {'batch_size': 256, 'learning_rate': 0.00027663755058340915, 'num_resblk': 4, 'num_features': 96, 'weight_decay': 1.8714730259168597e-06}. Best is trial 192 with value: 3.6489980878501105.
[I 2026-05-04 17:54:44,023] Trial 197 pruned. 
Early stopping triggered for trial 198 at epoch 045 | best epoch: 015
[I 2026-05-04 17:56:49,897] Trial 198 finished with value: 3.8653155935221704 and parameters: {'batch_size': 256, 'learning_rate': 0.0002678775236565699, 'num_resblk': 4, 'num_features': 96, 'weight_decay': 1.185773954138844e-06}. Best is trial 192 with value: 3.6489980878501105.
Early stopping triggered for trial 199 at epoch 038 | best epoch: 008
[I 2026-05-04 17:58:36,088] Trial 199 finished with value: 4.243364334106445 and parameters: {'batch_size': 256, 'learning_rate': 0.000266995485147252, 'num_resblk': 4, 'num_features': 96, 'weight_decay': 1.1561077583022902e-06}. Best is trial 192 with value: 3.6489980878501105.
[I 2026-05-04 17:58:52,705] Trial 200 pruned. 
Early stopping triggered for trial 201 at epoch 036 | best epoch: 006
[I 2026-05-04 18:00:33,233] Trial 201 finished with value: 4.022639208826526 and parameters: {'batch_size': 256, 'learning_rate': 0.00027282624227406446, 'num_resblk': 4, 'num_features': 96, 'weight_decay': 1.0584791806780429e-06}. Best is trial 192 with value: 3.6489980878501105.
Early stopping triggered for trial 202 at epoch 036 | best epoch: 006
[I 2026-05-04 18:02:14,005] Trial 202 finished with value: 4.110217291733314 and parameters: {'batch_size': 256, 'learning_rate': 0.00022129190800423778, 'num_resblk': 4, 'num_features': 96, 'weight_decay': 1.5849518320307747e-06}. Best is trial 192 with value: 3.6489980878501105.
Early stopping triggered for trial 203 at epoch 038 | best epoch: 008
[I 2026-05-04 18:04:00,460] Trial 203 finished with value: 4.328489320031528 and parameters: {'batch_size': 256, 'learning_rate': 0.0002823451223124198, 'num_resblk': 4, 'num_features': 96, 'weight_decay': 1.4252277674628997e-06}. Best is trial 192 with value: 3.6489980878501105.
Early stopping triggered for trial 204 at epoch 043 | best epoch: 013
[I 2026-05-04 18:06:00,529] Trial 204 finished with value: 3.859935456308825 and parameters: {'batch_size': 256, 'learning_rate': 0.00026135130251155454, 'num_resblk': 4, 'num_features': 96, 'weight_decay': 2.0547653196570387e-06}. Best is trial 192 with value: 3.6489980878501105.
Early stopping triggered for trial 205 at epoch 043 | best epoch: 013
[I 2026-05-04 18:08:00,752] Trial 205 finished with value: 4.558881874742179 and parameters: {'batch_size': 256, 'learning_rate': 0.00025884526394391605, 'num_resblk': 4, 'num_features': 96, 'weight_decay': 1.9170137446100542e-06}. Best is trial 192 with value: 3.6489980878501105.
Early stopping triggered for trial 206 at epoch 040 | best epoch: 010
[I 2026-05-04 18:09:53,012] Trial 206 finished with value: 4.455745253069647 and parameters: {'batch_size': 256, 'learning_rate': 0.00026495438897122277, 'num_resblk': 4, 'num_features': 96, 'weight_decay': 2.1358143326812646e-06}. Best is trial 192 with value: 3.6489980878501105.
[I 2026-05-04 18:10:09,473] Trial 207 pruned. 
Early stopping triggered for trial 208 at epoch 040 | best epoch: 010
[I 2026-05-04 18:12:01,500] Trial 208 finished with value: 3.760203476609855 and parameters: {'batch_size': 256, 'learning_rate': 0.0002695358422795586, 'num_resblk': 4, 'num_features': 96, 'weight_decay': 1.7125361707938762e-06}. Best is trial 192 with value: 3.6489980878501105.
Early stopping triggered for trial 209 at epoch 045 | best epoch: 015
[I 2026-05-04 18:14:34,174] Trial 209 finished with value: 4.309909121743564 and parameters: {'batch_size': 256, 'learning_rate': 0.0001035793065783306, 'num_resblk': 8, 'num_features': 96, 'weight_decay': 1.606684890853762e-06}. Best is trial 192 with value: 3.6489980878501105.
[I 2026-05-04 18:14:43,294] Trial 210 pruned. 
Early stopping triggered for trial 211 at epoch 036 | best epoch: 006
[I 2026-05-04 18:16:24,242] Trial 211 finished with value: 4.045764734005106 and parameters: {'batch_size': 256, 'learning_rate': 0.00026987554430096144, 'num_resblk': 4, 'num_features': 96, 'weight_decay': 1.8384692544935071e-06}. Best is trial 192 with value: 3.6489980878501105.
Early stopping triggered for trial 212 at epoch 036 | best epoch: 006
[I 2026-05-04 18:18:05,374] Trial 212 finished with value: 3.5876179152521592 and parameters: {'batch_size': 256, 'learning_rate': 0.0002765218438038687, 'num_resblk': 4, 'num_features': 96, 'weight_decay': 2.1189699477698287e-06}. Best is trial 212 with value: 3.5876179152521592.
Early stopping triggered for trial 213 at epoch 046 | best epoch: 016
[I 2026-05-04 18:20:13,811] Trial 213 finished with value: 4.290268264967819 and parameters: {'batch_size': 256, 'learning_rate': 0.0002651013014184246, 'num_resblk': 4, 'num_features': 96, 'weight_decay': 2.049497039573832e-06}. Best is trial 212 with value: 3.5876179152521592.
Early stopping triggered for trial 214 at epoch 038 | best epoch: 008
[I 2026-05-04 18:22:00,210] Trial 214 finished with value: 4.4958326734345535 and parameters: {'batch_size': 256, 'learning_rate': 0.000274208592131505, 'num_resblk': 4, 'num_features': 96, 'weight_decay': 1.4988957873899806e-06}. Best is trial 212 with value: 3.5876179152521592.
Early stopping triggered for trial 215 at epoch 041 | best epoch: 011
[I 2026-05-04 18:23:54,822] Trial 215 finished with value: 4.0579959524088896 and parameters: {'batch_size': 256, 'learning_rate': 0.00025373710054552424, 'num_resblk': 4, 'num_features': 96, 'weight_decay': 0.0009976834745723132}. Best is trial 212 with value: 3.5876179152521592.
Early stopping triggered for trial 216 at epoch 037 | best epoch: 007
[I 2026-05-04 18:25:38,667] Trial 216 finished with value: 4.250114950640448 and parameters: {'batch_size': 256, 'learning_rate': 0.0002612104588757559, 'num_resblk': 4, 'num_features': 96, 'weight_decay': 2.1512239616516447e-06}. Best is trial 212 with value: 3.5876179152521592.
Early stopping triggered for trial 217 at epoch 045 | best epoch: 015
[I 2026-05-04 18:27:44,455] Trial 217 finished with value: 3.9841973206092574 and parameters: {'batch_size': 256, 'learning_rate': 0.0002694441461813276, 'num_resblk': 4, 'num_features': 96, 'weight_decay': 2.560523797963599e-06}. Best is trial 212 with value: 3.5876179152521592.
Early stopping triggered for trial 218 at epoch 037 | best epoch: 007
[I 2026-05-04 18:29:28,296] Trial 218 finished with value: 4.054910256944853 and parameters: {'batch_size': 256, 'learning_rate': 0.0001835272672311301, 'num_resblk': 4, 'num_features': 96, 'weight_decay': 1.761100164064328e-05}. Best is trial 212 with value: 3.5876179152521592.
Early stopping triggered for trial 219 at epoch 041 | best epoch: 011
[I 2026-05-04 18:31:22,995] Trial 219 finished with value: 4.166899245360802 and parameters: {'batch_size': 256, 'learning_rate': 0.00027786312702834037, 'num_resblk': 4, 'num_features': 96, 'weight_decay': 1.769134050076338e-06}. Best is trial 212 with value: 3.5876179152521592.
Early stopping triggered for trial 220 at epoch 051 | best epoch: 021
[I 2026-05-04 18:34:20,393] Trial 220 finished with value: 4.063803047969423 and parameters: {'batch_size': 256, 'learning_rate': 0.00024645067427876065, 'num_resblk': 4, 'num_features': 128, 'weight_decay': 1.0421245812505816e-06}. Best is trial 212 with value: 3.5876179152521592.
[I 2026-05-04 18:34:37,044] Trial 221 pruned. 
Early stopping triggered for trial 222 at epoch 038 | best epoch: 008
[I 2026-05-04 18:36:23,574] Trial 222 finished with value: 4.417829973944302 and parameters: {'batch_size': 256, 'learning_rate': 0.0002700368547293035, 'num_resblk': 4, 'num_features': 96, 'weight_decay': 2.1737209350571983e-06}. Best is trial 212 with value: 3.5876179152521592.
Early stopping triggered for trial 223 at epoch 037 | best epoch: 007
[I 2026-05-04 18:38:07,462] Trial 223 finished with value: 4.317475302466031 and parameters: {'batch_size': 256, 'learning_rate': 0.0002296785761452071, 'num_resblk': 4, 'num_features': 96, 'weight_decay': 1.8110039124073406e-06}. Best is trial 212 with value: 3.5876179152521592.
Early stopping triggered for trial 224 at epoch 037 | best epoch: 007
[I 2026-05-04 18:39:51,533] Trial 224 finished with value: 3.870243631560227 and parameters: {'batch_size': 256, 'learning_rate': 0.000265876343814597, 'num_resblk': 4, 'num_features': 96, 'weight_decay': 1.2895258947512515e-06}. Best is trial 212 with value: 3.5876179152521592.
Early stopping triggered for trial 225 at epoch 040 | best epoch: 010
[I 2026-05-04 18:41:43,790] Trial 225 finished with value: 4.151931178980861 and parameters: {'batch_size': 256, 'learning_rate': 0.000263268620816327, 'num_resblk': 4, 'num_features': 96, 'weight_decay': 1.2631567714097755e-06}. Best is trial 212 with value: 3.5876179152521592.
Early stopping triggered for trial 226 at epoch 041 | best epoch: 011
[I 2026-05-04 18:43:38,651] Trial 226 finished with value: 4.345666318104185 and parameters: {'batch_size': 256, 'learning_rate': 0.00020574589362750716, 'num_resblk': 4, 'num_features': 96, 'weight_decay': 1.5058080306741783e-06}. Best is trial 212 with value: 3.5876179152521592.
Early stopping triggered for trial 227 at epoch 041 | best epoch: 011
[I 2026-05-04 18:45:33,614] Trial 227 finished with value: 4.2880535783438845 and parameters: {'batch_size': 256, 'learning_rate': 0.00025842233927037163, 'num_resblk': 4, 'num_features': 96, 'weight_decay': 1.0092488789387387e-06}. Best is trial 212 with value: 3.5876179152521592.
Early stopping triggered for trial 228 at epoch 053 | best epoch: 023
[I 2026-05-04 18:48:01,302] Trial 228 finished with value: 4.28709969027289 and parameters: {'batch_size': 256, 'learning_rate': 0.00026697076389661735, 'num_resblk': 4, 'num_features': 96, 'weight_decay': 1.6290214918955153e-06}. Best is trial 212 with value: 3.5876179152521592.
Early stopping triggered for trial 229 at epoch 033 | best epoch: 003
[I 2026-05-04 18:49:34,352] Trial 229 finished with value: 4.210379107245084 and parameters: {'batch_size': 256, 'learning_rate': 0.0002745660250672259, 'num_resblk': 4, 'num_features': 96, 'weight_decay': 8.77802947490314e-06}. Best is trial 212 with value: 3.5876179152521592.
[I 2026-05-04 18:49:50,909] Trial 230 pruned. 
Early stopping triggered for trial 231 at epoch 034 | best epoch: 004
[I 2026-05-04 18:51:26,506] Trial 231 finished with value: 3.931424091602194 and parameters: {'batch_size': 256, 'learning_rate': 0.00028423996464590676, 'num_resblk': 4, 'num_features': 96, 'weight_decay': 2.7194797749601932e-06}. Best is trial 212 with value: 3.5876179152521592.
Early stopping triggered for trial 232 at epoch 035 | best epoch: 005
[I 2026-05-04 18:53:04,996] Trial 232 finished with value: 4.086500414486589 and parameters: {'batch_size': 256, 'learning_rate': 0.0002714163811559528, 'num_resblk': 4, 'num_features': 96, 'weight_decay': 1.9312606381110454e-06}. Best is trial 212 with value: 3.5876179152521592.
Early stopping triggered for trial 233 at epoch 036 | best epoch: 006
[I 2026-05-04 18:54:46,289] Trial 233 finished with value: 3.8852863805047395 and parameters: {'batch_size': 256, 'learning_rate': 0.0002645027202813381, 'num_resblk': 4, 'num_features': 96, 'weight_decay': 1.192884092549137e-06}. Best is trial 212 with value: 3.5876179152521592.
Early stopping triggered for trial 234 at epoch 038 | best epoch: 008
[I 2026-05-04 18:56:32,935] Trial 234 finished with value: 3.8579913418868492 and parameters: {'batch_size': 256, 'learning_rate': 0.0002790356041502372, 'num_resblk': 4, 'num_features': 96, 'weight_decay': 2.225768705437452e-06}. Best is trial 212 with value: 3.5876179152521592.
Early stopping triggered for trial 235 at epoch 036 | best epoch: 006
[I 2026-05-04 18:58:14,117] Trial 235 finished with value: 4.5335044038706815 and parameters: {'batch_size': 256, 'learning_rate': 0.00028916733635234843, 'num_resblk': 4, 'num_features': 96, 'weight_decay': 2.273819258107731e-06}. Best is trial 212 with value: 3.5876179152521592.
Early stopping triggered for trial 236 at epoch 035 | best epoch: 005
[I 2026-05-04 18:59:52,623] Trial 236 finished with value: 3.476552987920827 and parameters: {'batch_size': 256, 'learning_rate': 0.00017583931283592498, 'num_resblk': 4, 'num_features': 96, 'weight_decay': 1.642136313419971e-06}. Best is trial 236 with value: 3.476552987920827.
Early stopping triggered for trial 237 at epoch 034 | best epoch: 004
[I 2026-05-04 19:01:28,370] Trial 237 finished with value: 4.260788432483015 and parameters: {'batch_size': 256, 'learning_rate': 0.0001778167622688922, 'num_resblk': 4, 'num_features': 96, 'weight_decay': 1.670992796085858e-06}. Best is trial 236 with value: 3.476552987920827.
Early stopping triggered for trial 238 at epoch 039 | best epoch: 009
[I 2026-05-04 19:03:17,114] Trial 238 finished with value: 4.519219932885005 and parameters: {'batch_size': 256, 'learning_rate': 0.0001758712743420796, 'num_resblk': 4, 'num_features': 96, 'weight_decay': 1.4320637633935103e-06}. Best is trial 236 with value: 3.476552987920827.
Early stopping triggered for trial 239 at epoch 033 | best epoch: 003
[I 2026-05-04 19:04:25,594] Trial 239 finished with value: 4.029059237447278 and parameters: {'batch_size': 256, 'learning_rate': 0.00025810329943681137, 'num_resblk': 4, 'num_features': 64, 'weight_decay': 2.551488411512082e-05}. Best is trial 236 with value: 3.476552987920827.
Early stopping triggered for trial 240 at epoch 035 | best epoch: 005
[I 2026-05-04 19:06:03,485] Trial 240 finished with value: 4.269648551940918 and parameters: {'batch_size': 256, 'learning_rate': 0.0001687488855952282, 'num_resblk': 4, 'num_features': 96, 'weight_decay': 2.003386386083948e-06}. Best is trial 236 with value: 3.476552987920827.
Early stopping triggered for trial 241 at epoch 043 | best epoch: 013
[I 2026-05-04 19:08:03,280] Trial 241 finished with value: 4.055624748098439 and parameters: {'batch_size': 256, 'learning_rate': 0.00017228325506243996, 'num_resblk': 4, 'num_features': 96, 'weight_decay': 1.7378598066376917e-06}. Best is trial 236 with value: 3.476552987920827.
Early stopping triggered for trial 242 at epoch 035 | best epoch: 005
[I 2026-05-04 19:09:41,177] Trial 242 finished with value: 4.388854848927465 and parameters: {'batch_size': 256, 'learning_rate': 0.000273243904754356, 'num_resblk': 4, 'num_features': 96, 'weight_decay': 2.06284058200145e-06}. Best is trial 236 with value: 3.476552987920827.
Early stopping triggered for trial 243 at epoch 043 | best epoch: 013
[I 2026-05-04 19:11:40,551] Trial 243 finished with value: 4.010216630738357 and parameters: {'batch_size': 256, 'learning_rate': 0.0002666885138588881, 'num_resblk': 4, 'num_features': 96, 'weight_decay': 1.4952146878697336e-06}. Best is trial 236 with value: 3.476552987920827.
Early stopping triggered for trial 244 at epoch 033 | best epoch: 003
[I 2026-05-04 19:13:12,578] Trial 244 finished with value: 3.8233397582481645 and parameters: {'batch_size': 256, 'learning_rate': 0.0002772417018271506, 'num_resblk': 4, 'num_features': 96, 'weight_decay': 0.000835677217572665}. Best is trial 236 with value: 3.476552987920827.
Early stopping triggered for trial 245 at epoch 043 | best epoch: 013
[I 2026-05-04 19:15:11,561] Trial 245 finished with value: 4.052438275567416 and parameters: {'batch_size': 256, 'learning_rate': 0.00017974942831534642, 'num_resblk': 4, 'num_features': 96, 'weight_decay': 0.0008343036912783441}. Best is trial 236 with value: 3.476552987920827.
Early stopping triggered for trial 246 at epoch 034 | best epoch: 004
[I 2026-05-04 19:16:46,279] Trial 246 finished with value: 3.7276057539315057 and parameters: {'batch_size': 256, 'learning_rate': 0.00027680422637067173, 'num_resblk': 4, 'num_features': 96, 'weight_decay': 0.0006121612423524519}. Best is trial 236 with value: 3.476552987920827.
Early stopping triggered for trial 247 at epoch 032 | best epoch: 002
[I 2026-05-04 19:18:15,385] Trial 247 finished with value: 4.416055597107986 and parameters: {'batch_size': 256, 'learning_rate': 0.0002776066483942306, 'num_resblk': 4, 'num_features': 96, 'weight_decay': 0.00061895624396539}. Best is trial 236 with value: 3.476552987920827.
Early stopping triggered for trial 248 at epoch 035 | best epoch: 005
[I 2026-05-04 19:19:52,480] Trial 248 finished with value: 4.617482555323634 and parameters: {'batch_size': 256, 'learning_rate': 0.00018837103176665956, 'num_resblk': 4, 'num_features': 96, 'weight_decay': 0.0007846324038692285}. Best is trial 236 with value: 3.476552987920827.
Early stopping triggered for trial 249 at epoch 040 | best epoch: 010
[I 2026-05-04 19:21:43,044] Trial 249 finished with value: 4.026197819874205 and parameters: {'batch_size': 256, 'learning_rate': 0.00028212927334040255, 'num_resblk': 4, 'num_features': 96, 'weight_decay': 0.0005891103299506076}. Best is trial 236 with value: 3.476552987920827.
Early stopping triggered for trial 250 at epoch 051 | best epoch: 021
[I 2026-05-04 19:24:03,499] Trial 250 finished with value: 4.340597695317761 and parameters: {'batch_size': 256, 'learning_rate': 0.0002744458473874331, 'num_resblk': 4, 'num_features': 96, 'weight_decay': 0.0004917858139165122}. Best is trial 236 with value: 3.476552987920827.
Early stopping triggered for trial 251 at epoch 035 | best epoch: 005
[I 2026-05-04 19:25:40,674] Trial 251 finished with value: 4.278637557194151 and parameters: {'batch_size': 256, 'learning_rate': 0.00026982867900966843, 'num_resblk': 4, 'num_features': 96, 'weight_decay': 0.0006978678478685828}. Best is trial 236 with value: 3.476552987920827.
Early stopping triggered for trial 252 at epoch 031 | best epoch: 001
[I 2026-05-04 19:27:07,066] Trial 252 finished with value: 4.139801296694525 and parameters: {'batch_size': 256, 'learning_rate': 0.00027926498656231664, 'num_resblk': 4, 'num_features': 96, 'weight_decay': 0.0009937338377361486}. Best is trial 236 with value: 3.476552987920827.
Early stopping triggered for trial 253 at epoch 043 | best epoch: 013
[I 2026-05-04 19:28:11,609] Trial 253 finished with value: 4.471011638641357 and parameters: {'batch_size': 256, 'learning_rate': 0.00025961138078781424, 'num_resblk': 4, 'num_features': 32, 'weight_decay': 0.0008593280512418604}. Best is trial 236 with value: 3.476552987920827.
Early stopping triggered for trial 254 at epoch 038 | best epoch: 008
[I 2026-05-04 19:29:57,083] Trial 254 finished with value: 4.1318451947179335 and parameters: {'batch_size': 256, 'learning_rate': 0.0002861992112659078, 'num_resblk': 4, 'num_features': 96, 'weight_decay': 0.0006743189615604646}. Best is trial 236 with value: 3.476552987920827.
Early stopping triggered for trial 255 at epoch 039 | best epoch: 009
[I 2026-05-04 19:31:45,241] Trial 255 finished with value: 4.0160704481190646 and parameters: {'batch_size': 256, 'learning_rate': 0.00027428611053014894, 'num_resblk': 4, 'num_features': 96, 'weight_decay': 0.0007845417922211016}. Best is trial 236 with value: 3.476552987920827.
Early stopping triggered for trial 256 at epoch 039 | best epoch: 009
[I 2026-05-04 19:33:33,265] Trial 256 finished with value: 4.483396456159395 and parameters: {'batch_size': 256, 'learning_rate': 0.00026407287846110644, 'num_resblk': 4, 'num_features': 96, 'weight_decay': 1.8664243660891607e-06}. Best is trial 236 with value: 3.476552987920827.
[I 2026-05-04 19:33:49,734] Trial 257 pruned. 
Early stopping triggered for trial 258 at epoch 039 | best epoch: 009
[I 2026-05-04 19:35:37,947] Trial 258 finished with value: 3.889589383684356 and parameters: {'batch_size': 256, 'learning_rate': 0.00027704787943301707, 'num_resblk': 4, 'num_features': 96, 'weight_decay': 2.5720788240399903e-06}. Best is trial 236 with value: 3.476552987920827.
Early stopping triggered for trial 259 at epoch 038 | best epoch: 008
[I 2026-05-04 19:38:29,399] Trial 259 finished with value: 4.329730050317172 and parameters: {'batch_size': 256, 'learning_rate': 0.00028251360654563866, 'num_resblk': 10, 'num_features': 128, 'weight_decay': 1.688088617634393e-06}. Best is trial 236 with value: 3.476552987920827.
[I 2026-05-04 19:38:56,415] Trial 260 pruned. 
Early stopping triggered for trial 261 at epoch 037 | best epoch: 007
[I 2026-05-04 19:40:39,442] Trial 261 finished with value: 4.417917679096091 and parameters: {'batch_size': 256, 'learning_rate': 0.00025534517357535144, 'num_resblk': 4, 'num_features': 96, 'weight_decay': 2.4696970125293892e-06}. Best is trial 236 with value: 3.476552987920827.
Early stopping triggered for trial 262 at epoch 038 | best epoch: 008
[I 2026-05-04 19:42:24,979] Trial 262 finished with value: 4.005704254939638 and parameters: {'batch_size': 256, 'learning_rate': 0.00016385726583644913, 'num_resblk': 4, 'num_features': 96, 'weight_decay': 0.000901357311406048}. Best is trial 236 with value: 3.476552987920827.
Early stopping triggered for trial 263 at epoch 048 | best epoch: 018
[I 2026-05-04 19:44:37,845] Trial 263 finished with value: 4.061509428353145 and parameters: {'batch_size': 256, 'learning_rate': 0.000268800251986415, 'num_resblk': 4, 'num_features': 96, 'weight_decay': 1.682684486128732e-06}. Best is trial 236 with value: 3.476552987920827.
Early stopping triggered for trial 264 at epoch 032 | best epoch: 002
[I 2026-05-04 19:46:07,136] Trial 264 finished with value: 3.9110184866806557 and parameters: {'batch_size': 256, 'learning_rate': 0.0002724689760017332, 'num_resblk': 4, 'num_features': 96, 'weight_decay': 2.1088791930697287e-06}. Best is trial 236 with value: 3.476552987920827.
Early stopping triggered for trial 265 at epoch 042 | best epoch: 012
[I 2026-05-04 19:48:54,082] Trial 265 finished with value: 4.355182606598427 and parameters: {'batch_size': 256, 'learning_rate': 0.0002902484779283746, 'num_resblk': 12, 'num_features': 96, 'weight_decay': 1.4955632216087721e-06}. Best is trial 236 with value: 3.476552987920827.
Early stopping triggered for trial 266 at epoch 039 | best epoch: 009
[I 2026-05-04 19:50:42,635] Trial 266 finished with value: 4.386649715489354 and parameters: {'batch_size': 256, 'learning_rate': 0.00014911831906875208, 'num_resblk': 4, 'num_features': 96, 'weight_decay': 0.0005277649503871444}. Best is trial 236 with value: 3.476552987920827.
Early stopping triggered for trial 267 at epoch 042 | best epoch: 012
[I 2026-05-04 19:52:39,492] Trial 267 finished with value: 4.018589134874015 and parameters: {'batch_size': 256, 'learning_rate': 0.0001813482952712662, 'num_resblk': 4, 'num_features': 96, 'weight_decay': 1.8694781296082597e-06}. Best is trial 236 with value: 3.476552987920827.
Early stopping triggered for trial 268 at epoch 036 | best epoch: 006
[I 2026-05-04 19:54:19,725] Trial 268 finished with value: 3.7044009833500304 and parameters: {'batch_size': 256, 'learning_rate': 0.0002809021983409921, 'num_resblk': 4, 'num_features': 96, 'weight_decay': 1.1244567567418692e-06}. Best is trial 236 with value: 3.476552987920827.
Early stopping triggered for trial 269 at epoch 043 | best epoch: 013
[I 2026-05-04 19:55:47,995] Trial 269 finished with value: 4.334697912479269 and parameters: {'batch_size': 256, 'learning_rate': 0.00013365185563027376, 'num_resblk': 4, 'num_features': 64, 'weight_decay': 2.456870939092831e-06}. Best is trial 236 with value: 3.476552987920827.
Early stopping triggered for trial 270 at epoch 034 | best epoch: 004
[I 2026-05-04 19:57:23,044] Trial 270 finished with value: 3.6607060761287293 and parameters: {'batch_size': 256, 'learning_rate': 0.0002840315658961577, 'num_resblk': 4, 'num_features': 96, 'weight_decay': 0.0007798804528888237}. Best is trial 236 with value: 3.476552987920827.
Early stopping triggered for trial 271 at epoch 046 | best epoch: 016
[I 2026-05-04 19:59:30,536] Trial 271 finished with value: 4.602929501697935 and parameters: {'batch_size': 256, 'learning_rate': 0.0002829497920277366, 'num_resblk': 4, 'num_features': 96, 'weight_decay': 0.0008064508199440994}. Best is trial 236 with value: 3.476552987920827.
Early stopping triggered for trial 272 at epoch 042 | best epoch: 012
[I 2026-05-04 20:01:27,323] Trial 272 finished with value: 4.315672627810774 and parameters: {'batch_size': 256, 'learning_rate': 0.00028491382316709186, 'num_resblk': 4, 'num_features': 96, 'weight_decay': 0.0007618680818392114}. Best is trial 236 with value: 3.476552987920827.
[I 2026-05-04 20:01:43,820] Trial 273 pruned. 
Early stopping triggered for trial 274 at epoch 035 | best epoch: 005
[I 2026-05-04 20:03:21,641] Trial 274 finished with value: 4.310102380555252 and parameters: {'batch_size': 256, 'learning_rate': 0.00027942024945888996, 'num_resblk': 4, 'num_features': 96, 'weight_decay': 0.00041445445529023024}. Best is trial 236 with value: 3.476552987920827.
[I 2026-05-04 20:03:38,048] Trial 275 pruned. 
Early stopping triggered for trial 276 at epoch 037 | best epoch: 007
[I 2026-05-04 20:05:21,065] Trial 276 finished with value: 4.267269866219882 and parameters: {'batch_size': 256, 'learning_rate': 0.0002866270703268028, 'num_resblk': 4, 'num_features': 96, 'weight_decay': 0.0009405230109535826}. Best is trial 236 with value: 3.476552987920827.
[I 2026-05-04 20:05:29,969] Trial 277 pruned. 
Early stopping triggered for trial 278 at epoch 033 | best epoch: 003
[I 2026-05-04 20:07:02,106] Trial 278 finished with value: 4.2562237690235 and parameters: {'batch_size': 256, 'learning_rate': 0.0002788485944465486, 'num_resblk': 4, 'num_features': 96, 'weight_decay': 1.3882402045127682e-06}. Best is trial 236 with value: 3.476552987920827.
Early stopping triggered for trial 279 at epoch 044 | best epoch: 014
[I 2026-05-04 20:09:04,058] Trial 279 finished with value: 4.3196398060897305 and parameters: {'batch_size': 256, 'learning_rate': 0.0002930565728326355, 'num_resblk': 4, 'num_features': 96, 'weight_decay': 0.0006470601434396625}. Best is trial 236 with value: 3.476552987920827.
Early stopping triggered for trial 280 at epoch 037 | best epoch: 007
[I 2026-05-04 20:10:46,893] Trial 280 finished with value: 4.127042104457987 and parameters: {'batch_size': 256, 'learning_rate': 0.0002719282737443679, 'num_resblk': 4, 'num_features': 96, 'weight_decay': 1.3856996607966116e-05}. Best is trial 236 with value: 3.476552987920827.
Early stopping triggered for trial 281 at epoch 048 | best epoch: 018
[I 2026-05-04 20:12:59,208] Trial 281 finished with value: 4.250413450701483 and parameters: {'batch_size': 256, 'learning_rate': 0.00017300665743648526, 'num_resblk': 4, 'num_features': 96, 'weight_decay': 0.0008569728937192507}. Best is trial 236 with value: 3.476552987920827.
Early stopping triggered for trial 282 at epoch 035 | best epoch: 005
[I 2026-05-04 20:14:36,441] Trial 282 finished with value: 4.0116729736328125 and parameters: {'batch_size': 256, 'learning_rate': 0.000212029557787683, 'num_resblk': 4, 'num_features': 96, 'weight_decay': 1.6608099157076782e-06}. Best is trial 236 with value: 3.476552987920827.
Early stopping triggered for trial 283 at epoch 037 | best epoch: 007
[I 2026-05-04 20:16:44,940] Trial 283 finished with value: 3.7609982901606065 and parameters: {'batch_size': 256, 'learning_rate': 0.00028384969434898936, 'num_resblk': 4, 'num_features': 128, 'weight_decay': 1.1720356321827972e-06}. Best is trial 236 with value: 3.476552987920827.
Early stopping triggered for trial 284 at epoch 037 | best epoch: 007
[I 2026-05-04 20:18:53,413] Trial 284 finished with value: 4.262688480574509 and parameters: {'batch_size': 256, 'learning_rate': 0.0002950150917025266, 'num_resblk': 4, 'num_features': 128, 'weight_decay': 1.1228606299258482e-06}. Best is trial 236 with value: 3.476552987920827.
Early stopping triggered for trial 285 at epoch 036 | best epoch: 006
[I 2026-05-04 20:20:58,533] Trial 285 finished with value: 4.181029517075111 and parameters: {'batch_size': 256, 'learning_rate': 0.00028605953765366835, 'num_resblk': 4, 'num_features': 128, 'weight_decay': 1.0023739810948754e-06}. Best is trial 236 with value: 3.476552987920827.
Early stopping triggered for trial 286 at epoch 037 | best epoch: 007
[I 2026-05-04 20:23:07,171] Trial 286 finished with value: 3.908511729075991 and parameters: {'batch_size': 256, 'learning_rate': 0.0002820501032801916, 'num_resblk': 4, 'num_features': 128, 'weight_decay': 1.2889700800284958e-06}. Best is trial 236 with value: 3.476552987920827.
Early stopping triggered for trial 287 at epoch 036 | best epoch: 006
[I 2026-05-04 20:25:12,325] Trial 287 finished with value: 4.262350444135995 and parameters: {'batch_size': 256, 'learning_rate': 0.00027731467266903725, 'num_resblk': 4, 'num_features': 128, 'weight_decay': 1.1823827057823566e-06}. Best is trial 236 with value: 3.476552987920827.
[I 2026-05-04 20:25:34,887] Trial 288 pruned. 
Early stopping triggered for trial 289 at epoch 038 | best epoch: 008
[I 2026-05-04 20:27:46,968] Trial 289 finished with value: 4.44898352951839 and parameters: {'batch_size': 256, 'learning_rate': 0.00027330980407557767, 'num_resblk': 4, 'num_features': 128, 'weight_decay': 1.5869695676421707e-06}. Best is trial 236 with value: 3.476552987920827.
Early stopping triggered for trial 290 at epoch 032 | best epoch: 002
[I 2026-05-04 20:29:16,040] Trial 290 finished with value: 4.171235709354796 and parameters: {'batch_size': 256, 'learning_rate': 0.00029944622647252756, 'num_resblk': 4, 'num_features': 96, 'weight_decay': 0.0007119285718927502}. Best is trial 236 with value: 3.476552987920827.
[I 2026-05-04 20:29:32,392] Trial 291 pruned. 
slurmstepd: error: *** JOB 6534774 ON d4052 CANCELLED AT 2026-05-04T20:29:54 DUE TO TIME LIMIT ***
