Using device: cuda
Experiment folder: /projects/sds-lab/Shuochen/downscaling/preprocessed/tas.CanESM2.RCA4.day.NAM-44i.raw.GCM_RCM
Loaded shapes:
LR GCM X : torch.Size([54750, 1, 13, 29])
HR RCM y : torch.Size([54750, 1, 52, 116])
HR mask  : torch.Size([54750, 1, 52, 116])
HR elev  : torch.Size([54750, 1, 52, 116])
HR aux   : torch.Size([54750, 2, 52, 116])
Domain split:
Source train years: 1951-2005
Target domain years: 2041-2070
Target validation uses the same years with labels for evaluation.
train_start_idx: 0
train_end_idx  : 20075
val_start_idx  : 32850
val_end_idx    : 43800
Split shapes:
X_source  : torch.Size([20075, 1, 13, 29])
y_source  : torch.Size([20075, 1, 52, 116])
aux_source: torch.Size([20075, 2, 52, 116])
X_target  : torch.Size([10950, 1, 13, 29])
y_target  : torch.Size([10950, 1, 52, 116])
aux_target: torch.Size([10950, 2, 52, 116])
mask_target: torch.Size([10950, 1, 52, 116])
Normalization:
X_mean: 7.1071882247924805
X_std : 11.00319766998291
y_mean: 5.909543037414551
y_std : 10.123307228088379
All trial outputs will be saved to: /projects/sds-lab/Shuochen/downscaling/preprocessed/tas.CanESM2.RCA4.day.NAM-44i.raw.GCM_RCM/trained_models/RCAN_HR_Aux_ShallowFusion_DANN/dann_2041_2070_2
[I 2026-05-25 14:38:14,501] A new study created in RDB with name: dann_2041_2070_2
Optuna study: dann_2041_2070_2
Optuna storage: sqlite:////projects/sds-lab/Shuochen/downscaling/preprocessed/tas.CanESM2.RCA4.day.NAM-44i.raw.GCM_RCM/trained_models/RCAN_HR_Aux_ShallowFusion_DANN/dann_2041_2070_2/optuna_study.db
DANN source domain: 1951-2005
DANN target domain: 2041-2070
/home/wang.shuoc/downscaling/train_dann_2.py:664: FutureWarning: `torch.cuda.amp.GradScaler(args...)` is deprecated. Please use `torch.amp.GradScaler('cuda', args...)` instead.
  scaler = torch.cuda.amp.GradScaler(enabled=use_amp)
/home/wang.shuoc/downscaling/train_dann_2.py:720: FutureWarning: `torch.cuda.amp.autocast(args...)` is deprecated. Please use `torch.amp.autocast('cuda', args...)` instead.
  with torch.cuda.amp.autocast(enabled=use_amp):
/home/wang.shuoc/downscaling/train_dann_2.py:585: FutureWarning: `torch.cuda.amp.autocast(args...)` is deprecated. Please use `torch.amp.autocast('cuda', args...)` instead.
  with torch.cuda.amp.autocast(enabled=use_amp):
