Using device: cuda
Experiment folder: /projects/sds-lab/Shuochen/downscaling/preprocessed/tas.CanESM2.RCA4.day.NAM-44i.raw.GCM_RCM
Loaded shapes:
LR GCM X : torch.Size([54750, 1, 13, 29])
HR RCM y : torch.Size([54750, 1, 52, 116])
HR mask  : torch.Size([54750, 1, 52, 116])
HR elev  : torch.Size([54750, 1, 52, 116])
HR aux   : torch.Size([54750, 2, 52, 116])
Domain split:
Source train years: 1951-2005
Target domain years: 2006-2040
Target validation uses the same years with labels for evaluation.
train_start_idx: 0
train_end_idx  : 20075
val_start_idx  : 20075
val_end_idx    : 32850
Split shapes:
X_source  : torch.Size([20075, 1, 13, 29])
y_source  : torch.Size([20075, 1, 52, 116])
aux_source: torch.Size([20075, 2, 52, 116])
X_target  : torch.Size([12775, 1, 13, 29])
y_target  : torch.Size([12775, 1, 52, 116])
aux_target: torch.Size([12775, 2, 52, 116])
mask_target: torch.Size([12775, 1, 52, 116])
Normalization:
X_mean: 7.1071882247924805
X_std : 11.00319766998291
y_mean: 5.909543037414551
y_std : 10.123307228088379
All trial outputs will be saved to: /projects/sds-lab/Shuochen/downscaling/preprocessed/tas.CanESM2.RCA4.day.NAM-44i.raw.GCM_RCM/trained_models/RCAN_HR_Aux_ShallowFusion_DANN/dann_2006_2040_2
[I 2026-05-25 14:32:17,710] A new study created in RDB with name: dann_2006_2040_2
Optuna study: dann_2006_2040_2
Optuna storage: sqlite:////projects/sds-lab/Shuochen/downscaling/preprocessed/tas.CanESM2.RCA4.day.NAM-44i.raw.GCM_RCM/trained_models/RCAN_HR_Aux_ShallowFusion_DANN/dann_2006_2040_2/optuna_study.db
DANN source domain: 1951-2005
DANN target domain: 2006-2040
/home/wang.shuoc/downscaling/train_dann_2.py:664: FutureWarning: `torch.cuda.amp.GradScaler(args...)` is deprecated. Please use `torch.amp.GradScaler('cuda', args...)` instead.
  scaler = torch.cuda.amp.GradScaler(enabled=use_amp)
/home/wang.shuoc/downscaling/train_dann_2.py:720: FutureWarning: `torch.cuda.amp.autocast(args...)` is deprecated. Please use `torch.amp.autocast('cuda', args...)` instead.
  with torch.cuda.amp.autocast(enabled=use_amp):
/home/wang.shuoc/downscaling/train_dann_2.py:585: FutureWarning: `torch.cuda.amp.autocast(args...)` is deprecated. Please use `torch.amp.autocast('cuda', args...)` instead.
  with torch.cuda.amp.autocast(enabled=use_amp):
Early stopping trial 0000 at epoch 023; best epoch 013.
[I 2026-05-25 14:38:24,997] Trial 0 finished with value: 0.041163664228645556 and parameters: {'num_resblk': 24, 'batch_size': 256, 'learning_rate': 0.0004466851780994397, 'weight_decay': 0.00011693010617114126, 'num_features': 192, 'num_groups': 8, 'reduction': 16, 'res_scale': 0.3, 'alpha_domain': 2.5470215641514267e-05, 'domain_hidden_dim': 64}. Best is trial 0 with value: 0.041163664228645556.
