Running with:
rcm_var = tmean
gcm_name = CanESM2
rcm_name = CanRCM4
grid = NAM-44i
factor = 4
input_source = gcm
input_channels = 1
hr_aux_channels = 2
hr_elevation_file = high_res_elevation.pth
n_trials = 3000
epochs = 300
early_stopping_patience = 30
batch_size = 256
model_name = SRResNet_HR_Aux
Using device: cuda
Input source: gcm
Input file: low_res.pth
Input mask file: low_res_mask.pth
Input elevation file: low_res_elevation.pth
HR elevation file: high_res_elevation.pth
Input channels: 1
All trial checkpoints will be saved to: /projects/sds-lab/Shuochen/downscaling/CORDEX/tmean.CanESM2.CanRCM4.day.NAM-44i.GCM_to_HR_RCM/trained_models/SRResNet_HR_Aux/GCM_low_res_with_HR_mask_elevation_aux
Loaded shapes:
X       : torch.Size([55115, 1, 13, 29])
X_mask  : torch.Size([55115, 1, 13, 29])
X_hr_elev: torch.Size([55115, 1, 52, 116])
y       : torch.Size([55115, 1, 52, 116])
mask_hr : torch.Size([55115, 1, 52, 116])
X_coarse_reference: torch.Size([55115, 1, 13, 29])
X_coarse_mask_reference: torch.Size([55115, 1, 13, 29])
After checks:
X       : torch.Size([55115, 1, 13, 29])
X_mask  : torch.Size([55115, 1, 13, 29])
X_hr_elev: torch.Size([55115, 1, 52, 116])
y       : torch.Size([55115, 1, 52, 116])
mask_hr : torch.Size([55115, 1, 52, 116])
train_end_idx = 20440
val_start_idx = 47815
Total samples  = 55115
Train/Val shapes before model input construction:
X_train      : torch.Size([20440, 1, 13, 29])
X_mask_train : torch.Size([20440, 1, 13, 29])
X_hr_elev_train: torch.Size([20440, 1, 52, 116])
y_train      : torch.Size([20440, 1, 52, 116])
mask_train   : torch.Size([20440, 1, 52, 116])
X_val        : torch.Size([7300, 1, 13, 29])
X_mask_val   : torch.Size([7300, 1, 13, 29])
X_hr_elev_val: torch.Size([7300, 1, 52, 116])
y_val        : torch.Size([7300, 1, 52, 116])
mask_val     : torch.Size([7300, 1, 52, 116])
Normalization stats:
X_mean: 15.384552955627441
X_std : 11.16005802154541
X_max : 42.550724029541016
y_mean: 10.907337188720703
y_std : 10.831708908081055
y_max : 40.61493682861328
Train/Val shapes after model input construction:
X_train_in: torch.Size([20440, 1, 13, 29])
X_val_in  : torch.Size([7300, 1, 13, 29])
X_train_hr_aux: torch.Size([20440, 2, 52, 116])
X_val_hr_aux  : torch.Size([7300, 2, 52, 116])
[I 2026-05-01 15:11:31,057] A new study created in memory with name: no-name-8f1c684d-7798-42bc-8a6f-39a3d9890a42
Early stopping triggered for trial 000 at epoch 035 | best epoch: 005
[I 2026-05-01 15:15:22,137] Trial 0 finished with value: 5.055734486415468 and parameters: {'batch_size': 256, 'learning_rate': 0.00016331774066505333, 'num_resblk': 16, 'num_features': 96, 'weight_decay': 2.9746588164235085e-05}. Best is trial 0 with value: 5.055734486415468.
Early stopping triggered for trial 001 at epoch 036 | best epoch: 006
[I 2026-05-01 15:19:56,344] Trial 1 finished with value: 4.3420392644816435 and parameters: {'batch_size': 256, 'learning_rate': 0.00024783998581173934, 'num_resblk': 14, 'num_features': 128, 'weight_decay': 0.0002413822715502978}. Best is trial 1 with value: 4.3420392644816435.
