Using device: cuda
Experiment folder: /projects/sds-lab/Shuochen/downscaling/preprocessed/tas.CanESM2.CanRCM4.day.NAM-44i.raw.GCM_RCM
Loaded shapes:
LR GCM X : torch.Size([55115, 1, 13, 29])
HR RCM y : torch.Size([55115, 1, 52, 116])
HR mask  : torch.Size([55115, 1, 52, 116])
HR elev  : torch.Size([55115, 1, 52, 116])
HR aux   : torch.Size([55115, 2, 52, 116])
Domain split:
Source train years: 1951-2005
Target domain years: 2071-2099
Target validation uses the same years with labels for evaluation.
train_start_idx: 0
train_end_idx  : 20075
val_start_idx  : 43800
val_end_idx    : 54385
Split shapes:
X_source  : torch.Size([20075, 1, 13, 29])
y_source  : torch.Size([20075, 1, 52, 116])
aux_source: torch.Size([20075, 2, 52, 116])
X_target  : torch.Size([10585, 1, 13, 29])
y_target  : torch.Size([10585, 1, 52, 116])
aux_target: torch.Size([10585, 2, 52, 116])
mask_target: torch.Size([10585, 1, 52, 116])
Normalization:
X_mean: 7.09968900680542
X_std : 10.994036674499512
y_mean: 6.325695037841797
y_std : 10.159255027770996
All trial outputs will be saved to: /projects/sds-lab/Shuochen/downscaling/preprocessed/tas.CanESM2.CanRCM4.day.NAM-44i.raw.GCM_RCM/trained_models/RCAN_HR_Aux_ShallowFusion_DANN/dann_2071_2099_bs512
[I 2026-05-27 16:21:19,028] A new study created in RDB with name: dann_2071_2099_bs512
Optuna study: dann_2071_2099_bs512
Optuna storage: sqlite:////projects/sds-lab/Shuochen/downscaling/preprocessed/tas.CanESM2.CanRCM4.day.NAM-44i.raw.GCM_RCM/trained_models/RCAN_HR_Aux_ShallowFusion_DANN/dann_2071_2099_bs512/optuna_study.db
DANN source domain: 1951-2005
DANN target domain: 2071-2099
/home/wang.shuoc/downscaling/train_dann.py:671: FutureWarning: `torch.cuda.amp.GradScaler(args...)` is deprecated. Please use `torch.amp.GradScaler('cuda', args...)` instead.
  scaler = torch.cuda.amp.GradScaler(enabled=use_amp)
/home/wang.shuoc/downscaling/train_dann.py:727: FutureWarning: `torch.cuda.amp.autocast(args...)` is deprecated. Please use `torch.amp.autocast('cuda', args...)` instead.
  with torch.cuda.amp.autocast(enabled=use_amp):
/home/wang.shuoc/downscaling/train_dann.py:592: FutureWarning: `torch.cuda.amp.autocast(args...)` is deprecated. Please use `torch.amp.autocast('cuda', args...)` instead.
  with torch.cuda.amp.autocast(enabled=use_amp):
Early stopping trial 0000 at epoch 049; best epoch 039.
[I 2026-05-27 16:29:58,453] Trial 0 finished with value: 0.01827134339716928 and parameters: {'num_resblk': 12, 'batch_size': 512, 'learning_rate': 0.00014892350638753054, 'weight_decay': 4.34198399737121e-06, 'num_features': 192, 'num_groups': 4, 'reduction': 16, 'res_scale': 0.3, 'alpha_domain': 0.0005881750266283244, 'domain_hidden_dim': 32}. Best is trial 0 with value: 0.01827134339716928.
Early stopping trial 0001 at epoch 056; best epoch 046.
[I 2026-05-27 16:37:59,998] Trial 1 finished with value: 0.01809397784884831 and parameters: {'num_resblk': 16, 'batch_size': 512, 'learning_rate': 0.0001537265001105155, 'weight_decay': 3.462631102431281e-05, 'num_features': 128, 'num_groups': 8, 'reduction': 16, 'res_scale': 0.4, 'alpha_domain': 6.611128362973236e-05, 'domain_hidden_dim': 64}. Best is trial 1 with value: 0.01809397784884831.
Early stopping trial 0002 at epoch 040; best epoch 030.
[I 2026-05-27 16:43:16,106] Trial 2 finished with value: 0.019512951415582937 and parameters: {'num_resblk': 16, 'batch_size': 512, 'learning_rate': 0.0001231160247461762, 'weight_decay': 1.2744938249455998e-05, 'num_features': 128, 'num_groups': 4, 'reduction': 16, 'res_scale': 0.3, 'alpha_domain': 5.355965299298797e-05, 'domain_hidden_dim': 64}. Best is trial 1 with value: 0.01809397784884831.
Early stopping trial 0003 at epoch 052; best epoch 042.
[I 2026-05-27 16:53:50,221] Trial 3 finished with value: 0.018563351800940653 and parameters: {'num_resblk': 20, 'batch_size': 512, 'learning_rate': 0.0001394224065788381, 'weight_decay': 2.4538997408142868e-05, 'num_features': 160, 'num_groups': 4, 'reduction': 16, 'res_scale': 0.2, 'alpha_domain': 5.694122067675025e-05, 'domain_hidden_dim': 32}. Best is trial 1 with value: 0.01809397784884831.
Early stopping trial 0004 at epoch 042; best epoch 032.
[I 2026-05-27 16:58:32,549] Trial 4 finished with value: 0.020257751202148313 and parameters: {'num_resblk': 14, 'batch_size': 512, 'learning_rate': 0.00015952793237855332, 'weight_decay': 1.8249051829430417e-05, 'num_features': 128, 'num_groups': 1, 'reduction': 32, 'res_scale': 0.3, 'alpha_domain': 0.0045495043026851315, 'domain_hidden_dim': 32}. Best is trial 1 with value: 0.01809397784884831.
[I 2026-05-27 17:00:48,421] Trial 5 pruned. 
[I 2026-05-27 17:02:14,741] Trial 6 pruned. 
[I 2026-05-27 17:03:06,163] Trial 7 pruned. 
Early stopping trial 0008 at epoch 043; best epoch 033.
[I 2026-05-27 17:11:40,427] Trial 8 finished with value: 0.018089546087423643 and parameters: {'num_resblk': 18, 'batch_size': 512, 'learning_rate': 0.0002850003561642323, 'weight_decay': 3.614439970890464e-05, 'num_features': 192, 'num_groups': 2, 'reduction': 32, 'res_scale': 0.3, 'alpha_domain': 0.000467214806783127, 'domain_hidden_dim': 32}. Best is trial 8 with value: 0.018089546087423643.
[I 2026-05-27 17:12:40,368] Trial 9 pruned. 
Early stopping trial 0010 at epoch 046; best epoch 036.
[I 2026-05-27 17:21:29,267] Trial 10 finished with value: 0.017823787320565377 and parameters: {'num_resblk': 18, 'batch_size': 512, 'learning_rate': 0.00029129543705083385, 'weight_decay': 0.0005018090573535826, 'num_features': 192, 'num_groups': 2, 'reduction': 32, 'res_scale': 0.3, 'alpha_domain': 1.143142097896924e-05, 'domain_hidden_dim': 64}. Best is trial 10 with value: 0.017823787320565377.
Early stopping trial 0011 at epoch 050; best epoch 040.
[I 2026-05-27 17:31:06,021] Trial 11 finished with value: 0.018178469125299336 and parameters: {'num_resblk': 18, 'batch_size': 512, 'learning_rate': 0.0002939626462505726, 'weight_decay': 0.0007617449883802639, 'num_features': 192, 'num_groups': 2, 'reduction': 32, 'res_scale': 0.3, 'alpha_domain': 1.124379158557922e-05, 'domain_hidden_dim': 64}. Best is trial 10 with value: 0.017823787320565377.
[I 2026-05-27 17:32:14,246] Trial 12 pruned. 
[I 2026-05-27 17:34:59,263] Trial 13 pruned. 
[I 2026-05-27 17:37:54,719] Trial 14 pruned. 
[I 2026-05-27 17:39:49,233] Trial 15 pruned. 
[I 2026-05-27 17:40:56,286] Trial 16 pruned. 
[I 2026-05-27 17:42:24,894] Trial 17 pruned. 
Early stopping trial 0018 at epoch 047; best epoch 037.
[I 2026-05-27 17:51:50,559] Trial 18 finished with value: 0.01756398731356079 and parameters: {'num_resblk': 14, 'batch_size': 512, 'learning_rate': 0.0002560293389409394, 'weight_decay': 6.110209415297867e-05, 'num_features': 192, 'num_groups': 8, 'reduction': 32, 'res_scale': 0.3, 'alpha_domain': 0.001931080341813853, 'domain_hidden_dim': 32}. Best is trial 18 with value: 0.01756398731356079.
Early stopping trial 0019 at epoch 037; best epoch 027.
[I 2026-05-27 17:58:53,061] Trial 19 finished with value: 0.01820793599171857 and parameters: {'num_resblk': 14, 'batch_size': 512, 'learning_rate': 0.000246324504918076, 'weight_decay': 0.00020521076770179986, 'num_features': 192, 'num_groups': 8, 'reduction': 32, 'res_scale': 0.4, 'alpha_domain': 0.0024645550927712466, 'domain_hidden_dim': 64}. Best is trial 18 with value: 0.01756398731356079.
Early stopping trial 0020 at epoch 049; best epoch 039.
[I 2026-05-27 18:09:25,445] Trial 20 finished with value: 0.017852341846497373 and parameters: {'num_resblk': 16, 'batch_size': 512, 'learning_rate': 0.00021980780059544202, 'weight_decay': 7.571391295079051e-05, 'num_features': 192, 'num_groups': 8, 'reduction': 32, 'res_scale': 0.3, 'alpha_domain': 0.004040798710208551, 'domain_hidden_dim': 64}. Best is trial 18 with value: 0.01756398731356079.
[I 2026-05-27 18:10:44,513] Trial 21 pruned. 
[I 2026-05-27 18:11:59,558] Trial 22 pruned. 
[I 2026-05-27 18:13:29,184] Trial 23 pruned. 
Early stopping trial 0024 at epoch 038; best epoch 028.
[I 2026-05-27 18:22:09,819] Trial 24 finished with value: 0.017794088393196385 and parameters: {'num_resblk': 14, 'batch_size': 512, 'learning_rate': 0.0002690220694400972, 'weight_decay': 0.0004398185530452985, 'num_features': 192, 'num_groups': 8, 'reduction': 32, 'res_scale': 0.3, 'alpha_domain': 0.004532296970695951, 'domain_hidden_dim': 64}. Best is trial 18 with value: 0.01756398731356079.
[I 2026-05-27 18:23:30,587] Trial 25 pruned. 
[I 2026-05-27 18:29:36,999] Trial 26 pruned. 
Early stopping trial 0027 at epoch 050; best epoch 040.
[I 2026-05-27 18:38:16,611] Trial 27 finished with value: 0.017815369674315643 and parameters: {'num_resblk': 12, 'batch_size': 512, 'learning_rate': 0.0002705194952579315, 'weight_decay': 0.0004120319073456891, 'num_features': 192, 'num_groups': 8, 'reduction': 32, 'res_scale': 0.3, 'alpha_domain': 2.8452298291455292e-05, 'domain_hidden_dim': 64}. Best is trial 18 with value: 0.01756398731356079.
Early stopping trial 0028 at epoch 041; best epoch 031.
[I 2026-05-27 18:45:25,855] Trial 28 finished with value: 0.017785075701417706 and parameters: {'num_resblk': 12, 'batch_size': 512, 'learning_rate': 0.00026725963593430207, 'weight_decay': 0.000993359324866313, 'num_features': 192, 'num_groups': 8, 'reduction': 32, 'res_scale': 0.4, 'alpha_domain': 3.305781225324631e-05, 'domain_hidden_dim': 32}. Best is trial 18 with value: 0.01756398731356079.
[I 2026-05-27 18:50:08,828] Trial 29 pruned. 
[I 2026-05-27 18:51:12,971] Trial 30 pruned. 
Early stopping trial 0031 at epoch 033; best epoch 023.
[I 2026-05-27 18:57:05,203] Trial 31 finished with value: 0.018031848025634484 and parameters: {'num_resblk': 12, 'batch_size': 512, 'learning_rate': 0.0002677785903188011, 'weight_decay': 0.00029768477735019023, 'num_features': 192, 'num_groups': 8, 'reduction': 32, 'res_scale': 0.4, 'alpha_domain': 2.9010037082501524e-05, 'domain_hidden_dim': 32}. Best is trial 18 with value: 0.01756398731356079.
Early stopping trial 0032 at epoch 045; best epoch 035.
[I 2026-05-27 19:05:01,702] Trial 32 finished with value: 0.018060253990966304 and parameters: {'num_resblk': 12, 'batch_size': 512, 'learning_rate': 0.000264166498234638, 'weight_decay': 0.00014577927278631745, 'num_features': 192, 'num_groups': 8, 'reduction': 32, 'res_scale': 0.4, 'alpha_domain': 2.739672360478429e-05, 'domain_hidden_dim': 32}. Best is trial 18 with value: 0.01756398731356079.
Early stopping trial 0033 at epoch 046; best epoch 036.
[I 2026-05-27 19:13:11,879] Trial 33 finished with value: 0.017879622579535955 and parameters: {'num_resblk': 12, 'batch_size': 512, 'learning_rate': 0.0002997595426542798, 'weight_decay': 0.0004271487377644992, 'num_features': 192, 'num_groups': 8, 'reduction': 32, 'res_scale': 0.4, 'alpha_domain': 0.00011313228772438105, 'domain_hidden_dim': 32}. Best is trial 18 with value: 0.01756398731356079.
[I 2026-05-27 19:14:23,233] Trial 34 pruned. 
[I 2026-05-27 19:16:10,865] Trial 35 pruned. 
[I 2026-05-27 19:17:18,180] Trial 36 pruned. 
[I 2026-05-27 19:18:02,593] Trial 37 pruned. 
[I 2026-05-27 19:19:09,984] Trial 38 pruned. 
[I 2026-05-27 19:19:50,486] Trial 39 pruned. 
[I 2026-05-27 19:21:06,444] Trial 40 pruned. 
Early stopping trial 0041 at epoch 033; best epoch 023.
[I 2026-05-27 19:27:21,411] Trial 41 finished with value: 0.018103971377711955 and parameters: {'num_resblk': 16, 'batch_size': 512, 'learning_rate': 0.000298206860166914, 'weight_decay': 0.0005956275199012456, 'num_features': 192, 'num_groups': 1, 'reduction': 32, 'res_scale': 0.3, 'alpha_domain': 1.9392736016439707e-05, 'domain_hidden_dim': 64}. Best is trial 18 with value: 0.01756398731356079.
Early stopping trial 0042 at epoch 045; best epoch 035.
[I 2026-05-27 19:35:33,337] Trial 42 finished with value: 0.017948902814165568 and parameters: {'num_resblk': 12, 'batch_size': 512, 'learning_rate': 0.00028291395694052013, 'weight_decay': 0.0004187427963796764, 'num_features': 192, 'num_groups': 8, 'reduction': 32, 'res_scale': 0.3, 'alpha_domain': 1.0704146475003053e-05, 'domain_hidden_dim': 64}. Best is trial 18 with value: 0.01756398731356079.
[I 2026-05-27 19:36:48,241] Trial 43 pruned. 
[I 2026-05-27 19:38:21,274] Trial 44 pruned. 
[I 2026-05-27 19:39:52,171] Trial 45 pruned. 
[I 2026-05-27 19:40:54,440] Trial 46 pruned. 
[I 2026-05-27 19:42:23,181] Trial 47 pruned. 
[I 2026-05-27 19:43:55,475] Trial 48 pruned. 
[I 2026-05-27 19:45:47,446] Trial 49 pruned. 
[I 2026-05-27 19:51:42,058] Trial 50 pruned. 
[I 2026-05-27 19:55:46,334] Trial 51 pruned. 
[I 2026-05-27 19:57:41,625] Trial 52 pruned. 
Early stopping trial 0053 at epoch 028; best epoch 018.
[I 2026-05-27 20:05:33,070] Trial 53 finished with value: 0.01852151504966325 and parameters: {'num_resblk': 16, 'batch_size': 512, 'learning_rate': 0.0002528043004308316, 'weight_decay': 0.00039598098619268707, 'num_features': 192, 'num_groups': 8, 'reduction': 32, 'res_scale': 0.3, 'alpha_domain': 0.00729008185892415, 'domain_hidden_dim': 64}. Best is trial 18 with value: 0.01756398731356079.
[I 2026-05-27 20:08:41,338] Trial 54 pruned. 
Early stopping trial 0055 at epoch 045; best epoch 035.
[I 2026-05-27 20:18:33,808] Trial 55 finished with value: 0.01785245764389965 and parameters: {'num_resblk': 14, 'batch_size': 512, 'learning_rate': 0.00027259623869880774, 'weight_decay': 3.010031751124573e-05, 'num_features': 192, 'num_groups': 8, 'reduction': 32, 'res_scale': 0.3, 'alpha_domain': 0.001515440831488683, 'domain_hidden_dim': 64}. Best is trial 18 with value: 0.01756398731356079.
[I 2026-05-27 20:20:01,821] Trial 56 pruned. 
[I 2026-05-27 20:21:01,304] Trial 57 pruned. 
[I 2026-05-27 20:22:18,283] Trial 58 pruned. 
[I 2026-05-27 20:23:37,685] Trial 59 pruned. 
[I 2026-05-27 20:25:04,125] Trial 60 pruned. 
[I 2026-05-27 20:26:28,362] Trial 61 pruned. 
Early stopping trial 0062 at epoch 042; best epoch 032.
[I 2026-05-27 20:35:09,100] Trial 62 finished with value: 0.018168767126181186 and parameters: {'num_resblk': 14, 'batch_size': 512, 'learning_rate': 0.0002742112220164802, 'weight_decay': 4.452129255191301e-05, 'num_features': 192, 'num_groups': 8, 'reduction': 32, 'res_scale': 0.3, 'alpha_domain': 0.00233319578849426, 'domain_hidden_dim': 64}. Best is trial 18 with value: 0.01756398731356079.
[I 2026-05-27 20:37:52,637] Trial 63 pruned. 
Early stopping trial 0064 at epoch 035; best epoch 025.
[I 2026-05-27 20:44:39,195] Trial 64 finished with value: 0.017827165181703256 and parameters: {'num_resblk': 14, 'batch_size': 512, 'learning_rate': 0.00025942173856605285, 'weight_decay': 0.00011406365784886172, 'num_features': 192, 'num_groups': 8, 'reduction': 32, 'res_scale': 0.3, 'alpha_domain': 0.0011180776642596615, 'domain_hidden_dim': 64}. Best is trial 18 with value: 0.01756398731356079.
Early stopping trial 0065 at epoch 051; best epoch 041.
[I 2026-05-27 20:55:15,804] Trial 65 finished with value: 0.01747692063676055 and parameters: {'num_resblk': 16, 'batch_size': 512, 'learning_rate': 0.00022565482927130063, 'weight_decay': 0.00011693572276896541, 'num_features': 192, 'num_groups': 8, 'reduction': 32, 'res_scale': 0.4, 'alpha_domain': 0.003261371455209344, 'domain_hidden_dim': 64}. Best is trial 65 with value: 0.01747692063676055.
Early stopping trial 0066 at epoch 032; best epoch 022.
[I 2026-05-27 21:00:50,704] Trial 66 finished with value: 0.01813898966539903 and parameters: {'num_resblk': 12, 'batch_size': 512, 'learning_rate': 0.0002583386722469778, 'weight_decay': 0.00012282679915850077, 'num_features': 192, 'num_groups': 8, 'reduction': 32, 'res_scale': 0.4, 'alpha_domain': 0.00013933218892322658, 'domain_hidden_dim': 32}. Best is trial 65 with value: 0.01747692063676055.
[I 2026-05-27 21:01:55,552] Trial 67 pruned. 
[I 2026-05-27 21:04:25,918] Trial 68 pruned. 
[I 2026-05-27 21:05:29,210] Trial 69 pruned. 
Early stopping trial 0070 at epoch 039; best epoch 029.
[I 2026-05-27 21:12:31,238] Trial 70 finished with value: 0.01751907400181539 and parameters: {'num_resblk': 16, 'batch_size': 512, 'learning_rate': 0.000282485305869303, 'weight_decay': 6.84394653180294e-05, 'num_features': 192, 'num_groups': 2, 'reduction': 32, 'res_scale': 0.4, 'alpha_domain': 0.0006211768452931383, 'domain_hidden_dim': 64}. Best is trial 65 with value: 0.01747692063676055.
[I 2026-05-27 21:13:35,372] Trial 71 pruned. 
[I 2026-05-27 21:14:39,432] Trial 72 pruned. 
Early stopping trial 0073 at epoch 030; best epoch 020.
[I 2026-05-27 21:20:04,558] Trial 73 finished with value: 0.01810280129763953 and parameters: {'num_resblk': 16, 'batch_size': 512, 'learning_rate': 0.00026245428539163146, 'weight_decay': 0.00015214823718256046, 'num_features': 192, 'num_groups': 2, 'reduction': 32, 'res_scale': 0.4, 'alpha_domain': 0.0008901679130767362, 'domain_hidden_dim': 64}. Best is trial 65 with value: 0.01747692063676055.
[I 2026-05-27 21:21:13,832] Trial 74 pruned. 
[I 2026-05-27 21:21:56,756] Trial 75 pruned. 
[I 2026-05-27 21:22:58,759] Trial 76 pruned. 
[I 2026-05-27 21:23:59,526] Trial 77 pruned. 
Early stopping trial 0078 at epoch 034; best epoch 024.
[I 2026-05-27 21:30:49,746] Trial 78 finished with value: 0.018038719584553886 and parameters: {'num_resblk': 20, 'batch_size': 512, 'learning_rate': 0.0002895456094683916, 'weight_decay': 0.0009432498459619466, 'num_features': 192, 'num_groups': 1, 'reduction': 32, 'res_scale': 0.4, 'alpha_domain': 7.26432879465977e-05, 'domain_hidden_dim': 32}. Best is trial 65 with value: 0.01747692063676055.
[I 2026-05-27 21:31:59,041] Trial 79 pruned. 
[I 2026-05-27 21:32:56,611] Trial 80 pruned. 
[I 2026-05-27 21:34:07,534] Trial 81 pruned. 
[I 2026-05-27 21:35:16,817] Trial 82 pruned. 
[I 2026-05-27 21:36:28,472] Trial 83 pruned. 
[I 2026-05-27 21:37:40,234] Trial 84 pruned. 
[I 2026-05-27 21:40:08,324] Trial 85 pruned. 
[I 2026-05-27 21:41:18,194] Trial 86 pruned. 
[I 2026-05-27 21:42:33,949] Trial 87 pruned. 
[I 2026-05-27 21:43:15,633] Trial 88 pruned. 
[I 2026-05-27 21:44:17,933] Trial 89 pruned. 
[I 2026-05-27 21:45:21,501] Trial 90 pruned. 
[I 2026-05-27 21:48:50,057] Trial 91 pruned. 
Early stopping trial 0092 at epoch 032; best epoch 022.
[I 2026-05-27 21:54:46,575] Trial 92 finished with value: 0.018091177051014984 and parameters: {'num_resblk': 14, 'batch_size': 512, 'learning_rate': 0.0002728027060552381, 'weight_decay': 5.325958718957935e-05, 'num_features': 192, 'num_groups': 8, 'reduction': 32, 'res_scale': 0.3, 'alpha_domain': 0.00207224921269543, 'domain_hidden_dim': 64}. Best is trial 65 with value: 0.01747692063676055.
[I 2026-05-27 21:55:53,935] Trial 93 pruned. 
[I 2026-05-27 21:57:01,399] Trial 94 pruned. 
[I 2026-05-27 21:58:03,754] Trial 95 pruned. 
[I 2026-05-27 21:59:18,139] Trial 96 pruned. 
[I 2026-05-27 22:00:36,418] Trial 97 pruned. 
[I 2026-05-27 22:01:41,997] Trial 98 pruned. 
[I 2026-05-27 22:03:51,503] Trial 99 pruned. 
[I 2026-05-27 22:05:05,998] Trial 100 pruned. 
[I 2026-05-27 22:06:55,613] Trial 101 pruned. 
Early stopping trial 0102 at epoch 054; best epoch 044.
[I 2026-05-27 22:17:17,426] Trial 102 finished with value: 0.017854129598354133 and parameters: {'num_resblk': 12, 'batch_size': 512, 'learning_rate': 0.0002928308293372263, 'weight_decay': 0.0004407605937270682, 'num_features': 192, 'num_groups': 8, 'reduction': 32, 'res_scale': 0.4, 'alpha_domain': 4.181941648300103e-05, 'domain_hidden_dim': 32}. Best is trial 65 with value: 0.01747692063676055.
[I 2026-05-27 22:18:25,708] Trial 103 pruned. 
[I 2026-05-27 22:19:40,711] Trial 104 pruned. 
[I 2026-05-27 22:20:43,202] Trial 105 pruned. 
[I 2026-05-27 22:22:03,735] Trial 106 pruned. 
[I 2026-05-27 22:22:42,339] Trial 107 pruned. 
[I 2026-05-27 22:23:42,539] Trial 108 pruned. 
[I 2026-05-27 22:24:47,108] Trial 109 pruned. 
[I 2026-05-27 22:25:55,996] Trial 110 pruned. 
[I 2026-05-27 22:26:58,582] Trial 111 pruned. 
Early stopping trial 0112 at epoch 042; best epoch 032.
[I 2026-05-27 22:34:29,782] Trial 112 finished with value: 0.017768072784580483 and parameters: {'num_resblk': 12, 'batch_size': 512, 'learning_rate': 0.0002928428828577822, 'weight_decay': 0.0005129397979069232, 'num_features': 192, 'num_groups': 8, 'reduction': 32, 'res_scale': 0.4, 'alpha_domain': 0.00010241557077995737, 'domain_hidden_dim': 32}. Best is trial 65 with value: 0.01747692063676055.
[I 2026-05-27 22:35:42,342] Trial 113 pruned. 
[I 2026-05-27 22:36:50,859] Trial 114 pruned. 
Early stopping trial 0115 at epoch 047; best epoch 037.
[I 2026-05-27 22:45:13,806] Trial 115 finished with value: 0.017901372418236947 and parameters: {'num_resblk': 12, 'batch_size': 512, 'learning_rate': 0.00027397798157690646, 'weight_decay': 0.0005137672719123322, 'num_features': 192, 'num_groups': 8, 'reduction': 32, 'res_scale': 0.4, 'alpha_domain': 4.965162498756146e-05, 'domain_hidden_dim': 32}. Best is trial 65 with value: 0.01747692063676055.
[I 2026-05-27 22:47:43,201] Trial 116 pruned. 
[I 2026-05-27 22:48:41,080] Trial 117 pruned. 
Early stopping trial 0118 at epoch 043; best epoch 033.
[I 2026-05-27 22:56:22,367] Trial 118 finished with value: 0.017859237786447546 and parameters: {'num_resblk': 16, 'batch_size': 512, 'learning_rate': 0.00025821112497854026, 'weight_decay': 8.253802914415828e-07, 'num_features': 192, 'num_groups': 2, 'reduction': 32, 'res_scale': 0.4, 'alpha_domain': 9.108290890405542e-05, 'domain_hidden_dim': 64}. Best is trial 65 with value: 0.01747692063676055.
[I 2026-05-27 22:58:57,381] Trial 119 pruned. 
[I 2026-05-27 23:04:43,865] Trial 120 pruned. 
[I 2026-05-27 23:05:48,410] Trial 121 pruned. 
[I 2026-05-27 23:06:54,810] Trial 122 pruned. 
[I 2026-05-27 23:08:00,685] Trial 123 pruned. 
[I 2026-05-27 23:09:04,353] Trial 124 pruned. 
[I 2026-05-27 23:10:07,834] Trial 125 pruned. 
[I 2026-05-27 23:11:09,365] Trial 126 pruned. 
[I 2026-05-27 23:12:16,599] Trial 127 pruned. 
[I 2026-05-27 23:12:55,310] Trial 128 pruned. 
Early stopping trial 0129 at epoch 039; best epoch 029.
[I 2026-05-27 23:20:54,985] Trial 129 finished with value: 0.017932718285008822 and parameters: {'num_resblk': 18, 'batch_size': 512, 'learning_rate': 0.0002796004709183855, 'weight_decay': 8.242725005923798e-05, 'num_features': 192, 'num_groups': 8, 'reduction': 32, 'res_scale': 0.4, 'alpha_domain': 0.00034428047144384103, 'domain_hidden_dim': 64}. Best is trial 65 with value: 0.01747692063676055.
[I 2026-05-27 23:21:56,269] Trial 130 pruned. 
Early stopping trial 0131 at epoch 040; best epoch 030.
[I 2026-05-27 23:28:52,686] Trial 131 finished with value: 0.0178994443308057 and parameters: {'num_resblk': 12, 'batch_size': 512, 'learning_rate': 0.0002887103085098708, 'weight_decay': 0.0006143690522843721, 'num_features': 192, 'num_groups': 8, 'reduction': 32, 'res_scale': 0.4, 'alpha_domain': 9.288149649481445e-05, 'domain_hidden_dim': 32}. Best is trial 65 with value: 0.01747692063676055.
[I 2026-05-27 23:32:54,614] Trial 132 pruned. 
[I 2026-05-27 23:34:05,163] Trial 133 pruned. 
[I 2026-05-27 23:35:13,452] Trial 134 pruned. 
[I 2026-05-27 23:36:24,152] Trial 135 pruned. 
[I 2026-05-27 23:37:22,505] Trial 136 pruned. 
[I 2026-05-27 23:38:37,073] Trial 137 pruned. 
[I 2026-05-27 23:40:37,283] Trial 138 pruned. 
[I 2026-05-27 23:41:42,968] Trial 139 pruned. 
[I 2026-05-27 23:42:48,997] Trial 140 pruned. 
[I 2026-05-27 23:43:52,520] Trial 141 pruned. 
[I 2026-05-27 23:44:54,353] Trial 142 pruned. 
Early stopping trial 0143 at epoch 034; best epoch 024.
[I 2026-05-27 23:50:55,979] Trial 143 finished with value: 0.018137128280900704 and parameters: {'num_resblk': 12, 'batch_size': 512, 'learning_rate': 0.0002865516243507018, 'weight_decay': 0.000610599613682213, 'num_features': 192, 'num_groups': 8, 'reduction': 32, 'res_scale': 0.4, 'alpha_domain': 0.00015063015315154184, 'domain_hidden_dim': 32}. Best is trial 65 with value: 0.01747692063676055.
[I 2026-05-27 23:52:09,736] Trial 144 pruned. 
[I 2026-05-27 23:53:22,782] Trial 145 pruned. 
[I 2026-05-27 23:54:48,483] Trial 146 pruned. 
[I 2026-05-27 23:55:57,949] Trial 147 pruned. 
[I 2026-05-27 23:57:26,097] Trial 148 pruned. 
[I 2026-05-27 23:59:58,418] Trial 149 pruned. 
[I 2026-05-28 00:01:18,866] Trial 150 pruned. 
[I 2026-05-28 00:03:29,675] Trial 151 pruned. 
[I 2026-05-28 00:04:52,651] Trial 152 pruned. 
[I 2026-05-28 00:06:27,379] Trial 153 pruned. 
Early stopping trial 0154 at epoch 038; best epoch 028.
[I 2026-05-28 00:14:26,785] Trial 154 finished with value: 0.017829045077392556 and parameters: {'num_resblk': 12, 'batch_size': 512, 'learning_rate': 0.00026615284929639793, 'weight_decay': 0.00098142395650521, 'num_features': 192, 'num_groups': 8, 'reduction': 32, 'res_scale': 0.4, 'alpha_domain': 5.158712501209408e-05, 'domain_hidden_dim': 32}. Best is trial 65 with value: 0.01747692063676055.
[I 2026-05-28 00:15:54,514] Trial 155 pruned. 
[I 2026-05-28 00:16:56,126] Trial 156 pruned. 
[I 2026-05-28 00:19:28,214] Trial 157 pruned. 
[I 2026-05-28 00:20:45,058] Trial 158 pruned. 
slurmstepd: error: *** JOB 7085269 ON d4055 CANCELLED AT 2026-05-28T00:21:00 DUE TO TIME LIMIT ***
