Using device: cuda
All trial checkpoints will be saved to: /projects/sds-lab/Shuochen/downscaling/cordex_canesm2/tmean.CanESM2.CanRCM4.day.NAM-44i.mbcn-gridMET/trained_models/SRResNet_DANN
Loaded shapes:
X       : torch.Size([55115, 1, 13, 29])
y       : torch.Size([55115, 1, 52, 116])
mask_hr : torch.Size([55115, 1, 52, 116])

Year-based split:
Source train : 1950-01-01 to 2005-12-31
Skipped years: 2006-01-01 to 2080-12-31
Target val   : 2081-01-01 to 2100-12-31

Source train shapes:
X_source_train    : torch.Size([20440, 1, 13, 29])
y_source_train    : torch.Size([20440, 1, 52, 116])
mask_source_train : torch.Size([20440, 1, 52, 116])

Target val shapes:
X_target_val      : torch.Size([7300, 1, 13, 29])
y_target_val      : torch.Size([7300, 1, 52, 116])
mask_target_val   : torch.Size([7300, 1, 52, 116])
[I 2026-04-24 11:31:16,489] A new study created in memory with name: no-name-ae8b42e4-0d58-478b-8914-272ae72d038f
[I 2026-04-24 11:32:34,317] Trial 0 finished with value: 1.2903749213136475 and parameters: {'batch_size': 128, 'learning_rate': 0.0001383344470608585, 'num_resblk': 4, 'num_features': 128, 'weight_decay': 8.97059451643904e-06, 'domain_hidden_dim': 128, 'alpha_domain': 0.3067215650344371}. Best is trial 0 with value: 1.2903749213136475.
[I 2026-04-24 11:33:09,912] Trial 1 finished with value: 2.3732438621849847 and parameters: {'batch_size': 128, 'learning_rate': 0.00021543240753275447, 'num_resblk': 6, 'num_features': 32, 'weight_decay': 9.133466823568421e-05, 'domain_hidden_dim': 256, 'alpha_domain': 0.624417512970568}. Best is trial 0 with value: 1.2903749213136475.
[I 2026-04-24 11:33:40,708] Trial 2 finished with value: 2.1376474109189263 and parameters: {'batch_size': 128, 'learning_rate': 0.00011342906049655114, 'num_resblk': 4, 'num_features': 32, 'weight_decay': 0.00014711758284967553, 'domain_hidden_dim': 256, 'alpha_domain': 0.4575301720197381}. Best is trial 0 with value: 1.2903749213136475.
[I 2026-04-24 11:35:24,049] Trial 3 finished with value: 1.2131791166190444 and parameters: {'batch_size': 128, 'learning_rate': 0.0001619092966334106, 'num_resblk': 14, 'num_features': 96, 'weight_decay': 4.088510879686729e-06, 'domain_hidden_dim': 64, 'alpha_domain': 0.6433394821107192}. Best is trial 3 with value: 1.2131791166190444.
[I 2026-04-24 11:36:48,345] Trial 4 finished with value: 2.802266303835244 and parameters: {'batch_size': 128, 'learning_rate': 0.0002486027054929855, 'num_resblk': 10, 'num_features': 96, 'weight_decay': 0.0001956132699498589, 'domain_hidden_dim': 128, 'alpha_domain': 0.6497489218258036}. Best is trial 3 with value: 1.2131791166190444.
[I 2026-04-24 11:38:21,391] Trial 5 finished with value: 1.8223543362370853 and parameters: {'batch_size': 128, 'learning_rate': 0.0001820198042774077, 'num_resblk': 8, 'num_features': 128, 'weight_decay': 7.76385443794432e-06, 'domain_hidden_dim': 64, 'alpha_domain': 0.39708978714098675}. Best is trial 3 with value: 1.2131791166190444.
[I 2026-04-24 11:40:15,767] Trial 6 finished with value: 1.6531127958462155 and parameters: {'batch_size': 128, 'learning_rate': 0.00014219350384756676, 'num_resblk': 12, 'num_features': 128, 'weight_decay': 3.3945616219134785e-06, 'domain_hidden_dim': 128, 'alpha_domain': 0.8332336231558899}. Best is trial 3 with value: 1.2131791166190444.
[I 2026-04-24 11:40:47,350] Trial 7 pruned. 
[I 2026-04-24 11:41:36,348] Trial 8 finished with value: 1.0182214255990654 and parameters: {'batch_size': 128, 'learning_rate': 0.00019636364326111252, 'num_resblk': 6, 'num_features': 64, 'weight_decay': 2.5408802883248144e-06, 'domain_hidden_dim': 128, 'alpha_domain': 0.030402142241974513}. Best is trial 8 with value: 1.0182214255990654.
[I 2026-04-24 11:42:46,972] Trial 9 finished with value: 1.5223951791894847 and parameters: {'batch_size': 256, 'learning_rate': 0.00015231138091193616, 'num_resblk': 8, 'num_features': 96, 'weight_decay': 1.2320139645910779e-06, 'domain_hidden_dim': 64, 'alpha_domain': 0.08742734059358087}. Best is trial 8 with value: 1.0182214255990654.
[I 2026-04-24 11:44:05,327] Trial 10 finished with value: 1.0019905834362424 and parameters: {'batch_size': 256, 'learning_rate': 0.00027763923331586797, 'num_resblk': 16, 'num_features': 64, 'weight_decay': 2.5565259943315997e-05, 'domain_hidden_dim': 128, 'alpha_domain': 0.015590968120205509}. Best is trial 10 with value: 1.0019905834362424.
[I 2026-04-24 11:45:23,610] Trial 11 finished with value: 0.9066821275086239 and parameters: {'batch_size': 256, 'learning_rate': 0.00027999953834113964, 'num_resblk': 16, 'num_features': 64, 'weight_decay': 2.7553477083857858e-05, 'domain_hidden_dim': 128, 'alpha_domain': 0.015702751547484153}. Best is trial 11 with value: 0.9066821275086239.
[I 2026-04-24 11:46:41,882] Trial 12 finished with value: 1.0914255133990585 and parameters: {'batch_size': 256, 'learning_rate': 0.000285206433525122, 'num_resblk': 16, 'num_features': 64, 'weight_decay': 1.9024278215124105e-05, 'domain_hidden_dim': 128, 'alpha_domain': 0.010163275339668711}. Best is trial 11 with value: 0.9066821275086239.
[I 2026-04-24 11:48:00,018] Trial 13 finished with value: 0.9092328055151577 and parameters: {'batch_size': 256, 'learning_rate': 0.0002968397342609723, 'num_resblk': 16, 'num_features': 64, 'weight_decay': 3.5860261684836464e-05, 'domain_hidden_dim': 128, 'alpha_domain': 0.010172732963844746}. Best is trial 11 with value: 0.9066821275086239.
[I 2026-04-24 11:49:11,931] Trial 14 finished with value: 1.1376511516242191 and parameters: {'batch_size': 256, 'learning_rate': 0.00023575538529622546, 'num_resblk': 14, 'num_features': 64, 'weight_decay': 6.255316371288344e-05, 'domain_hidden_dim': 128, 'alpha_domain': 0.03196180527002576}. Best is trial 11 with value: 0.9066821275086239.
[I 2026-04-24 11:49:40,604] Trial 15 pruned. 
