Using device: cuda
Experiment folder: /projects/sds-lab/Shuochen/downscaling/preprocessed/tas.CanESM2.RCA4.day.NAM-44i.raw.GCM_RCM
Loaded shapes:
LR GCM X : torch.Size([54750, 1, 13, 29])
HR RCM y : torch.Size([54750, 1, 52, 116])
HR mask  : torch.Size([54750, 1, 52, 116])
HR elev  : torch.Size([54750, 1, 52, 116])
HR aux   : torch.Size([54750, 2, 52, 116])
Domain split:
Source train years: 1951-2005
Target domain years: 2006-2099
Target validation uses the same years with labels for evaluation.
train_start_idx: 0
train_end_idx  : 20075
val_start_idx  : 20075
val_end_idx    : 54385
Split shapes:
X_source  : torch.Size([20075, 1, 13, 29])
y_source  : torch.Size([20075, 1, 52, 116])
aux_source: torch.Size([20075, 2, 52, 116])
X_target  : torch.Size([34310, 1, 13, 29])
y_target  : torch.Size([34310, 1, 52, 116])
aux_target: torch.Size([34310, 2, 52, 116])
mask_target: torch.Size([34310, 1, 52, 116])
Normalization:
X_mean: 7.1071882247924805
X_std : 11.00319766998291
y_mean: 5.909543037414551
y_std : 10.123307228088379
All trial outputs will be saved to: /projects/sds-lab/Shuochen/downscaling/preprocessed/tas.CanESM2.RCA4.day.NAM-44i.raw.GCM_RCM/trained_models/RCAN_HR_Aux_ShallowFusion_DANN/optuna_lr_gcm_with_hr_mask_elevation_to_hr_rcm_dann
[I 2026-05-18 16:10:06,905] A new study created in RDB with name: rcan_hr_aux_shallowfusion_dann_tas_CanESM2_RCA4_NAM44i_raw
Optuna study: rcan_hr_aux_shallowfusion_dann_tas_CanESM2_RCA4_NAM44i_raw
Optuna storage: sqlite:////projects/sds-lab/Shuochen/downscaling/preprocessed/tas.CanESM2.RCA4.day.NAM-44i.raw.GCM_RCM/trained_models/RCAN_HR_Aux_ShallowFusion_DANN/optuna_lr_gcm_with_hr_mask_elevation_to_hr_rcm_dann/optuna_study.db
DANN source domain: 1951-2005
DANN target domain: 2006-2099
/home/wang.shuoc/downscaling/train_dann.py:631: FutureWarning: `torch.cuda.amp.GradScaler(args...)` is deprecated. Please use `torch.amp.GradScaler('cuda', args...)` instead.
  scaler = torch.cuda.amp.GradScaler(enabled=use_amp)
/home/wang.shuoc/downscaling/train_dann.py:684: FutureWarning: `torch.cuda.amp.autocast(args...)` is deprecated. Please use `torch.amp.autocast('cuda', args...)` instead.
  with torch.cuda.amp.autocast(enabled=use_amp):
/home/wang.shuoc/downscaling/train_dann.py:570: FutureWarning: `torch.cuda.amp.autocast(args...)` is deprecated. Please use `torch.amp.autocast('cuda', args...)` instead.
  with torch.cuda.amp.autocast(enabled=use_amp):
Early stopping trial 0000 at epoch 017; best epoch 002.
[I 2026-05-18 16:15:36,225] Trial 0 finished with value: 0.05075320388260752 and parameters: {'num_resblk': 8, 'batch_size': 32, 'learning_rate': 0.00010451716085256873, 'weight_decay': 1.4020291273425784e-06, 'num_features': 128, 'num_groups': 2, 'reduction': 8, 'res_scale': 0.05, 'alpha_domain': 0.17484638059167382, 'domain_hidden_dim': 128}. Best is trial 0 with value: 0.05075320388260752.
Early stopping trial 0001 at epoch 020; best epoch 005.
[I 2026-05-18 16:23:25,783] Trial 1 finished with value: 0.045362691050957256 and parameters: {'num_resblk': 12, 'batch_size': 32, 'learning_rate': 0.00018455184434305657, 'weight_decay': 1.2217224673998793e-06, 'num_features': 64, 'num_groups': 8, 'reduction': 8, 'res_scale': 0.1, 'alpha_domain': 0.09000226109085377, 'domain_hidden_dim': 128}. Best is trial 1 with value: 0.045362691050957256.
