Running with:
rcm_var = tmean
gcm_name = CanESM2
rcm_name = CanRCM4
grid = NAM-44i
factor = 4
input_source = gcm
input_channels = 1
hr_aux_channels = 2
hr_elevation_file = high_res_elevation.pth
n_trials = 3000
epochs = 300
early_stopping_patience = 30
batch_size = 256
model_name = SRResNet_HR_Aux
Using device: cuda
Input source: gcm
Input file: low_res.pth
Input mask file: low_res_mask.pth
Input elevation file: low_res_elevation.pth
HR elevation file: high_res_elevation.pth
Input channels: 1
All trial checkpoints will be saved to: /projects/sds-lab/Shuochen/downscaling/CORDEX/tmean.CanESM2.CanRCM4.day.NAM-44i.GCM_to_HR_RCM/trained_models/SRResNet_HR_Aux/GCM_low_res_with_HR_mask_elevation_aux
Loaded shapes:
X       : torch.Size([55115, 1, 13, 29])
X_mask  : torch.Size([55115, 1, 13, 29])
X_hr_elev: torch.Size([55115, 1, 52, 116])
y       : torch.Size([55115, 1, 52, 116])
mask_hr : torch.Size([55115, 1, 52, 116])
X_coarse_reference: torch.Size([55115, 1, 13, 29])
X_coarse_mask_reference: torch.Size([55115, 1, 13, 29])
After checks:
X       : torch.Size([55115, 1, 13, 29])
X_mask  : torch.Size([55115, 1, 13, 29])
X_hr_elev: torch.Size([55115, 1, 52, 116])
y       : torch.Size([55115, 1, 52, 116])
mask_hr : torch.Size([55115, 1, 52, 116])
train_end_idx = 20440
val_start_idx = 47815
Total samples  = 55115
Train/Val shapes before model input construction:
X_train      : torch.Size([20440, 1, 13, 29])
X_mask_train : torch.Size([20440, 1, 13, 29])
X_hr_elev_train: torch.Size([20440, 1, 52, 116])
y_train      : torch.Size([20440, 1, 52, 116])
mask_train   : torch.Size([20440, 1, 52, 116])
X_val        : torch.Size([7300, 1, 13, 29])
X_mask_val   : torch.Size([7300, 1, 13, 29])
X_hr_elev_val: torch.Size([7300, 1, 52, 116])
y_val        : torch.Size([7300, 1, 52, 116])
mask_val     : torch.Size([7300, 1, 52, 116])
Normalization stats:
X_mean: 15.384552955627441
X_std : 11.16005802154541
X_max : 42.550724029541016
y_mean: 10.907337188720703
y_std : 10.831708908081055
y_max : 40.61493682861328
Train/Val shapes after model input construction:
X_train_in: torch.Size([20440, 1, 13, 29])
X_val_in  : torch.Size([7300, 1, 13, 29])
X_train_hr_aux: torch.Size([20440, 2, 52, 116])
X_val_hr_aux  : torch.Size([7300, 2, 52, 116])
[I 2026-05-01 15:11:31,057] A new study created in memory with name: no-name-8f1c684d-7798-42bc-8a6f-39a3d9890a42
Early stopping triggered for trial 000 at epoch 035 | best epoch: 005
[I 2026-05-01 15:15:22,137] Trial 0 finished with value: 5.055734486415468 and parameters: {'batch_size': 256, 'learning_rate': 0.00016331774066505333, 'num_resblk': 16, 'num_features': 96, 'weight_decay': 2.9746588164235085e-05}. Best is trial 0 with value: 5.055734486415468.
Early stopping triggered for trial 001 at epoch 036 | best epoch: 006
[I 2026-05-01 15:19:56,344] Trial 1 finished with value: 4.3420392644816435 and parameters: {'batch_size': 256, 'learning_rate': 0.00024783998581173934, 'num_resblk': 14, 'num_features': 128, 'weight_decay': 0.0002413822715502978}. Best is trial 1 with value: 4.3420392644816435.
Early stopping triggered for trial 002 at epoch 033 | best epoch: 003
[I 2026-05-01 15:23:23,063] Trial 2 finished with value: 4.314329517298732 and parameters: {'batch_size': 256, 'learning_rate': 0.00013343270741776765, 'num_resblk': 6, 'num_features': 128, 'weight_decay': 5.375118807373546e-06}. Best is trial 2 with value: 4.314329517298732.
Early stopping triggered for trial 003 at epoch 034 | best epoch: 004
[I 2026-05-01 15:25:57,202] Trial 3 finished with value: 4.423540929268146 and parameters: {'batch_size': 256, 'learning_rate': 0.00014366046604029315, 'num_resblk': 14, 'num_features': 64, 'weight_decay': 8.567021208044823e-06}. Best is trial 2 with value: 4.314329517298732.
Early stopping triggered for trial 004 at epoch 039 | best epoch: 009
[I 2026-05-01 15:30:55,987] Trial 4 finished with value: 4.649793254918065 and parameters: {'batch_size': 256, 'learning_rate': 0.00010730905831016168, 'num_resblk': 14, 'num_features': 128, 'weight_decay': 2.705813683801382e-06}. Best is trial 2 with value: 4.314329517298732.
Early stopping triggered for trial 005 at epoch 031 | best epoch: 001
[I 2026-05-01 15:34:04,790] Trial 5 finished with value: 4.805182736495445 and parameters: {'batch_size': 256, 'learning_rate': 0.00016199896840643775, 'num_resblk': 14, 'num_features': 96, 'weight_decay': 0.00016151997547508173}. Best is trial 2 with value: 4.314329517298732.
Early stopping triggered for trial 006 at epoch 038 | best epoch: 008
[I 2026-05-01 15:37:08,976] Trial 6 finished with value: 4.543834094343515 and parameters: {'batch_size': 256, 'learning_rate': 0.00011631025975824386, 'num_resblk': 6, 'num_features': 96, 'weight_decay': 0.0001382358078368406}. Best is trial 2 with value: 4.314329517298732.
Early stopping triggered for trial 007 at epoch 038 | best epoch: 008
[I 2026-05-01 15:41:00,863] Trial 7 finished with value: 4.666242032215513 and parameters: {'batch_size': 256, 'learning_rate': 0.0002669727510260858, 'num_resblk': 14, 'num_features': 96, 'weight_decay': 8.435765053747602e-06}. Best is trial 2 with value: 4.314329517298732.
Early stopping triggered for trial 008 at epoch 040 | best epoch: 010
[I 2026-05-01 15:44:37,628] Trial 8 finished with value: 4.823941551405808 and parameters: {'batch_size': 256, 'learning_rate': 0.00027745440368697215, 'num_resblk': 10, 'num_features': 96, 'weight_decay': 0.00011348975974202864}. Best is trial 2 with value: 4.314329517298732.
[I 2026-05-01 15:44:57,381] Trial 9 pruned. 
Early stopping triggered for trial 010 at epoch 038 | best epoch: 008
[I 2026-05-01 15:46:41,048] Trial 10 finished with value: 4.2919185408230485 and parameters: {'batch_size': 256, 'learning_rate': 0.00021331345742167643, 'num_resblk': 8, 'num_features': 32, 'weight_decay': 0.0008655664891493789}. Best is trial 10 with value: 4.2919185408230485.
[I 2026-05-01 15:46:56,935] Trial 11 pruned. 
Early stopping triggered for trial 012 at epoch 056 | best epoch: 026
[I 2026-05-01 15:49:26,642] Trial 12 finished with value: 4.6005354503105425 and parameters: {'batch_size': 256, 'learning_rate': 0.00020635906670483304, 'num_resblk': 8, 'num_features': 32, 'weight_decay': 1.6794911596839754e-05}. Best is trial 10 with value: 4.2919185408230485.
Early stopping triggered for trial 013 at epoch 035 | best epoch: 005
[I 2026-05-01 15:50:50,973] Trial 13 finished with value: 4.439757125131015 and parameters: {'batch_size': 256, 'learning_rate': 0.00019927918732658733, 'num_resblk': 4, 'num_features': 32, 'weight_decay': 1.2283016990956907e-06}. Best is trial 10 with value: 4.2919185408230485.
[I 2026-05-01 15:51:30,057] Trial 14 pruned. 
[I 2026-05-01 15:51:46,675] Trial 15 pruned. 
Early stopping triggered for trial 016 at epoch 037 | best epoch: 007
[I 2026-05-01 15:55:37,728] Trial 16 finished with value: 4.696068911716856 and parameters: {'batch_size': 256, 'learning_rate': 0.00023334493060687858, 'num_resblk': 6, 'num_features': 128, 'weight_decay': 5.357287684712989e-05}. Best is trial 10 with value: 4.2919185408230485.
Early stopping triggered for trial 017 at epoch 051 | best epoch: 021
[I 2026-05-01 15:57:48,526] Trial 17 finished with value: 4.310939344866522 and parameters: {'batch_size': 256, 'learning_rate': 0.0001398740533029022, 'num_resblk': 6, 'num_features': 32, 'weight_decay': 0.00034826252311266306}. Best is trial 10 with value: 4.2919185408230485.
Early stopping triggered for trial 018 at epoch 035 | best epoch: 005
[I 2026-05-01 15:59:29,765] Trial 18 finished with value: 4.874824244400551 and parameters: {'batch_size': 256, 'learning_rate': 0.00017773819035236607, 'num_resblk': 10, 'num_features': 32, 'weight_decay': 0.0004626473824799255}. Best is trial 10 with value: 4.2919185408230485.
Early stopping triggered for trial 019 at epoch 039 | best epoch: 009
[I 2026-05-01 16:01:04,434] Trial 19 finished with value: 4.37692666053772 and parameters: {'batch_size': 256, 'learning_rate': 0.0001648216640094907, 'num_resblk': 4, 'num_features': 32, 'weight_decay': 0.00040955115883976206}. Best is trial 10 with value: 4.2919185408230485.
[I 2026-05-01 16:01:20,764] Trial 20 pruned. 
Early stopping triggered for trial 021 at epoch 038 | best epoch: 008
[I 2026-05-01 16:05:18,562] Trial 21 finished with value: 4.406004469970177 and parameters: {'batch_size': 256, 'learning_rate': 0.0001304292748946228, 'num_resblk': 6, 'num_features': 128, 'weight_decay': 0.0005044519663713821}. Best is trial 10 with value: 4.2919185408230485.
[I 2026-05-01 16:05:33,775] Trial 22 pruned. 
[I 2026-05-01 16:05:54,944] Trial 23 pruned. 
Early stopping triggered for trial 024 at epoch 036 | best epoch: 006
[I 2026-05-01 16:10:05,678] Trial 24 finished with value: 4.3001827453744825 and parameters: {'batch_size': 256, 'learning_rate': 0.00018921773706562093, 'num_resblk': 10, 'num_features': 128, 'weight_decay': 7.43639691419841e-05}. Best is trial 10 with value: 4.2919185408230485.
[I 2026-05-01 16:10:23,584] Trial 25 pruned. 
[I 2026-05-01 16:10:41,349] Trial 26 pruned. 
Early stopping triggered for trial 027 at epoch 032 | best epoch: 002
[I 2026-05-01 16:14:36,449] Trial 27 finished with value: 5.066155696737355 and parameters: {'batch_size': 256, 'learning_rate': 0.0001515188161182893, 'num_resblk': 12, 'num_features': 128, 'weight_decay': 0.0006006593964349148}. Best is trial 10 with value: 4.2919185408230485.
[I 2026-05-01 16:14:58,991] Trial 28 pruned. 
[I 2026-05-01 16:15:16,191] Trial 29 pruned. 
Early stopping triggered for trial 030 at epoch 037 | best epoch: 007
[I 2026-05-01 16:20:15,265] Trial 30 finished with value: 4.388776031033746 and parameters: {'batch_size': 256, 'learning_rate': 0.00024849672726779553, 'num_resblk': 16, 'num_features': 128, 'weight_decay': 4.6604485010695956e-05}. Best is trial 10 with value: 4.2919185408230485.
Early stopping triggered for trial 031 at epoch 033 | best epoch: 003
[I 2026-05-01 16:23:55,987] Trial 31 finished with value: 4.20341078988437 and parameters: {'batch_size': 256, 'learning_rate': 0.00013139327997530528, 'num_resblk': 8, 'num_features': 128, 'weight_decay': 2.2663636586331598e-05}. Best is trial 31 with value: 4.20341078988437.
Early stopping triggered for trial 032 at epoch 034 | best epoch: 004
[I 2026-05-01 16:27:41,942] Trial 32 finished with value: 4.503883419365718 and parameters: {'batch_size': 256, 'learning_rate': 0.00011438945639759087, 'num_resblk': 8, 'num_features': 128, 'weight_decay': 1.9910451586389347e-05}. Best is trial 31 with value: 4.20341078988437.
Early stopping triggered for trial 033 at epoch 032 | best epoch: 002
[I 2026-05-01 16:31:29,045] Trial 33 finished with value: 4.5337827945577684 and parameters: {'batch_size': 256, 'learning_rate': 0.00021594993998804322, 'num_resblk': 10, 'num_features': 128, 'weight_decay': 0.00010422350718144388}. Best is trial 31 with value: 4.20341078988437.
Early stopping triggered for trial 034 at epoch 032 | best epoch: 002
[I 2026-05-01 16:35:07,249] Trial 34 finished with value: 4.66889397029219 and parameters: {'batch_size': 256, 'learning_rate': 0.00015873309897547673, 'num_resblk': 8, 'num_features': 128, 'weight_decay': 0.00017930451453769492}. Best is trial 31 with value: 4.20341078988437.
Early stopping triggered for trial 035 at epoch 037 | best epoch: 007
[I 2026-05-01 16:39:25,517] Trial 35 finished with value: 4.652169367362713 and parameters: {'batch_size': 256, 'learning_rate': 0.00029972571586973803, 'num_resblk': 10, 'num_features': 128, 'weight_decay': 4.131530719556925e-05}. Best is trial 31 with value: 4.20341078988437.
Early stopping triggered for trial 036 at epoch 035 | best epoch: 005
[I 2026-05-01 16:43:43,043] Trial 36 finished with value: 4.982204963420999 and parameters: {'batch_size': 256, 'learning_rate': 0.0001392275193369393, 'num_resblk': 12, 'num_features': 128, 'weight_decay': 0.0006909537772651543}. Best is trial 31 with value: 4.20341078988437.
[I 2026-05-01 16:44:04,368] Trial 37 pruned. 
Early stopping triggered for trial 038 at epoch 036 | best epoch: 006
[I 2026-05-01 16:47:10,939] Trial 38 finished with value: 4.008424462943242 and parameters: {'batch_size': 256, 'learning_rate': 0.00015382817497383854, 'num_resblk': 8, 'num_features': 96, 'weight_decay': 0.0003637684891365329}. Best is trial 38 with value: 4.008424462943242.
Early stopping triggered for trial 039 at epoch 034 | best epoch: 004
[I 2026-05-01 16:50:07,032] Trial 39 finished with value: 4.256988459619983 and parameters: {'batch_size': 256, 'learning_rate': 0.00018806630112861821, 'num_resblk': 8, 'num_features': 96, 'weight_decay': 7.995067800755972e-06}. Best is trial 38 with value: 4.008424462943242.
Early stopping triggered for trial 040 at epoch 045 | best epoch: 015
[I 2026-05-01 16:53:59,030] Trial 40 finished with value: 4.573621100392835 and parameters: {'batch_size': 256, 'learning_rate': 0.0001731039957713041, 'num_resblk': 8, 'num_features': 96, 'weight_decay': 9.74315779920946e-06}. Best is trial 38 with value: 4.008424462943242.
Early stopping triggered for trial 041 at epoch 053 | best epoch: 023
[I 2026-05-01 16:58:46,321] Trial 41 finished with value: 4.8797217319751605 and parameters: {'batch_size': 256, 'learning_rate': 0.0001951234482881637, 'num_resblk': 10, 'num_features': 96, 'weight_decay': 1.0254866400448623e-05}. Best is trial 38 with value: 4.008424462943242.
[I 2026-05-01 16:59:16,738] Trial 42 pruned. 
Early stopping triggered for trial 043 at epoch 049 | best epoch: 019
[I 2026-05-01 17:03:28,201] Trial 43 finished with value: 4.4301744740584805 and parameters: {'batch_size': 256, 'learning_rate': 0.00018448851529456192, 'num_resblk': 8, 'num_features': 96, 'weight_decay': 7.0260657842864605e-06}. Best is trial 38 with value: 4.008424462943242.
Early stopping triggered for trial 044 at epoch 043 | best epoch: 013
[I 2026-05-01 17:07:22,322] Trial 44 finished with value: 4.247745341268079 and parameters: {'batch_size': 256, 'learning_rate': 0.00020951017267509256, 'num_resblk': 10, 'num_features': 96, 'weight_decay': 1.436705352747852e-05}. Best is trial 38 with value: 4.008424462943242.
Early stopping triggered for trial 045 at epoch 037 | best epoch: 007
[I 2026-05-01 17:10:34,190] Trial 45 finished with value: 4.269093085979593 and parameters: {'batch_size': 256, 'learning_rate': 0.00021292254718637574, 'num_resblk': 8, 'num_features': 96, 'weight_decay': 1.4338978753504817e-05}. Best is trial 38 with value: 4.008424462943242.
Early stopping triggered for trial 046 at epoch 034 | best epoch: 004
[I 2026-05-01 17:13:30,601] Trial 46 finished with value: 4.206288781659357 and parameters: {'batch_size': 256, 'learning_rate': 0.0002447361967050462, 'num_resblk': 8, 'num_features': 96, 'weight_decay': 1.2780592814637136e-05}. Best is trial 38 with value: 4.008424462943242.
Early stopping triggered for trial 047 at epoch 031 | best epoch: 001
[I 2026-05-01 17:16:21,359] Trial 47 finished with value: 4.593976366108861 and parameters: {'batch_size': 256, 'learning_rate': 0.00026427802466366093, 'num_resblk': 10, 'num_features': 96, 'weight_decay': 3.1767384148422733e-06}. Best is trial 38 with value: 4.008424462943242.
[I 2026-05-01 17:16:51,645] Trial 48 pruned. 
[I 2026-05-01 17:17:23,847] Trial 49 pruned. 
Early stopping triggered for trial 050 at epoch 043 | best epoch: 013
[I 2026-05-01 17:20:53,253] Trial 50 finished with value: 4.732870315683299 and parameters: {'batch_size': 256, 'learning_rate': 0.0002263024027019876, 'num_resblk': 6, 'num_features': 96, 'weight_decay': 6.797403076451917e-06}. Best is trial 38 with value: 4.008424462943242.
Early stopping triggered for trial 051 at epoch 041 | best epoch: 011
[I 2026-05-01 17:24:30,196] Trial 51 finished with value: 4.590044638206219 and parameters: {'batch_size': 256, 'learning_rate': 0.00020641757235250315, 'num_resblk': 8, 'num_features': 96, 'weight_decay': 1.4206659663426015e-05}. Best is trial 38 with value: 4.008424462943242.
Early stopping triggered for trial 052 at epoch 032 | best epoch: 002
[I 2026-05-01 17:27:19,242] Trial 52 finished with value: 4.7642397469487685 and parameters: {'batch_size': 256, 'learning_rate': 0.00024739253424239753, 'num_resblk': 8, 'num_features': 96, 'weight_decay': 3.1944622279163126e-05}. Best is trial 38 with value: 4.008424462943242.
Early stopping triggered for trial 053 at epoch 042 | best epoch: 012
[I 2026-05-01 17:30:58,044] Trial 53 finished with value: 4.678556253170145 and parameters: {'batch_size': 256, 'learning_rate': 0.00020570386032854517, 'num_resblk': 8, 'num_features': 96, 'weight_decay': 1.2276254059214509e-05}. Best is trial 38 with value: 4.008424462943242.
Early stopping triggered for trial 054 at epoch 033 | best epoch: 003
[I 2026-05-01 17:33:39,622] Trial 54 finished with value: 4.558712013836565 and parameters: {'batch_size': 256, 'learning_rate': 0.00021951031974951616, 'num_resblk': 6, 'num_features': 96, 'weight_decay': 7.2850417076944445e-06}. Best is trial 38 with value: 4.008424462943242.
Early stopping triggered for trial 055 at epoch 034 | best epoch: 004
[I 2026-05-01 17:36:46,531] Trial 55 finished with value: 4.461182734061932 and parameters: {'batch_size': 256, 'learning_rate': 0.00017879378783766943, 'num_resblk': 10, 'num_features': 96, 'weight_decay': 3.318976139832552e-06}. Best is trial 38 with value: 4.008424462943242.
[I 2026-05-01 17:37:17,040] Trial 56 pruned. 
Early stopping triggered for trial 057 at epoch 036 | best epoch: 006
[I 2026-05-01 17:40:02,592] Trial 57 finished with value: 4.18757962358409 and parameters: {'batch_size': 256, 'learning_rate': 0.0002781800936813149, 'num_resblk': 4, 'num_features': 96, 'weight_decay': 1.5976504541209762e-06}. Best is trial 38 with value: 4.008424462943242.
Early stopping triggered for trial 058 at epoch 035 | best epoch: 005
[I 2026-05-01 17:42:45,199] Trial 58 finished with value: 4.474672268176901 and parameters: {'batch_size': 256, 'learning_rate': 0.0002868976616634454, 'num_resblk': 4, 'num_features': 96, 'weight_decay': 1.2965276135421846e-06}. Best is trial 38 with value: 4.008424462943242.
Early stopping triggered for trial 059 at epoch 039 | best epoch: 009
[I 2026-05-01 17:45:43,216] Trial 59 finished with value: 4.084508567020811 and parameters: {'batch_size': 256, 'learning_rate': 0.0002716497135217639, 'num_resblk': 4, 'num_features': 96, 'weight_decay': 1.8075250691389556e-06}. Best is trial 38 with value: 4.008424462943242.
Early stopping triggered for trial 060 at epoch 046 | best epoch: 016
[I 2026-05-01 17:49:12,355] Trial 60 finished with value: 4.109495738456989 and parameters: {'batch_size': 256, 'learning_rate': 0.0002789770338176422, 'num_resblk': 4, 'num_features': 96, 'weight_decay': 1.8629971921364485e-06}. Best is trial 38 with value: 4.008424462943242.
[I 2026-05-01 17:49:39,245] Trial 61 pruned. 
Early stopping triggered for trial 062 at epoch 046 | best epoch: 016
[I 2026-05-01 17:53:09,325] Trial 62 finished with value: 4.196181667262111 and parameters: {'batch_size': 256, 'learning_rate': 0.00029847697247563663, 'num_resblk': 4, 'num_features': 96, 'weight_decay': 2.2012689632577968e-06}. Best is trial 38 with value: 4.008424462943242.
[I 2026-05-01 17:53:36,350] Trial 63 pruned. 
Early stopping triggered for trial 064 at epoch 037 | best epoch: 007
[I 2026-05-01 17:56:26,357] Trial 64 finished with value: 4.665665741624503 and parameters: {'batch_size': 256, 'learning_rate': 0.000278908728133285, 'num_resblk': 4, 'num_features': 96, 'weight_decay': 1.0361635340624613e-06}. Best is trial 38 with value: 4.008424462943242.
Early stopping triggered for trial 065 at epoch 033 | best epoch: 003
[I 2026-05-01 17:58:58,601] Trial 65 finished with value: 4.557399083828104 and parameters: {'batch_size': 256, 'learning_rate': 0.0002560907444332726, 'num_resblk': 4, 'num_features': 96, 'weight_decay': 2.1804606962864084e-06}. Best is trial 38 with value: 4.008424462943242.
Early stopping triggered for trial 066 at epoch 032 | best epoch: 002
[I 2026-05-01 18:00:49,040] Trial 66 finished with value: 4.361757097573116 and parameters: {'batch_size': 256, 'learning_rate': 0.0002898995001348482, 'num_resblk': 4, 'num_features': 64, 'weight_decay': 4.064007932021133e-06}. Best is trial 38 with value: 4.008424462943242.
Early stopping triggered for trial 067 at epoch 044 | best epoch: 014
[I 2026-05-01 18:04:10,380] Trial 67 finished with value: 4.313909366213042 and parameters: {'batch_size': 256, 'learning_rate': 0.000269754072901273, 'num_resblk': 4, 'num_features': 96, 'weight_decay': 1.568478861292981e-06}. Best is trial 38 with value: 4.008424462943242.
Early stopping triggered for trial 068 at epoch 039 | best epoch: 009
[I 2026-05-01 18:07:20,207] Trial 68 finished with value: 4.236082052362376 and parameters: {'batch_size': 256, 'learning_rate': 0.00028419747442308115, 'num_resblk': 6, 'num_features': 96, 'weight_decay': 2.448493883071358e-06}. Best is trial 38 with value: 4.008424462943242.
Early stopping triggered for trial 069 at epoch 042 | best epoch: 012
[I 2026-05-01 18:10:31,767] Trial 69 finished with value: 4.137454517956438 and parameters: {'batch_size': 256, 'learning_rate': 0.000252567338939391, 'num_resblk': 4, 'num_features': 96, 'weight_decay': 1.7293333686771173e-06}. Best is trial 38 with value: 4.008424462943242.
Early stopping triggered for trial 070 at epoch 034 | best epoch: 004
[I 2026-05-01 18:13:07,373] Trial 70 finished with value: 4.4152769220286405 and parameters: {'batch_size': 256, 'learning_rate': 0.00027309721499222344, 'num_resblk': 4, 'num_features': 96, 'weight_decay': 1.5972579360604502e-06}. Best is trial 38 with value: 4.008424462943242.
Early stopping triggered for trial 071 at epoch 035 | best epoch: 005
[I 2026-05-01 18:15:47,637] Trial 71 finished with value: 4.712342952859813 and parameters: {'batch_size': 256, 'learning_rate': 0.00025272591305014876, 'num_resblk': 4, 'num_features': 96, 'weight_decay': 1.0046316747346503e-06}. Best is trial 38 with value: 4.008424462943242.
[I 2026-05-01 18:16:16,377] Trial 72 pruned. 
Early stopping triggered for trial 073 at epoch 041 | best epoch: 011
[I 2026-05-01 18:19:23,445] Trial 73 finished with value: 4.544792364383566 and parameters: {'batch_size': 256, 'learning_rate': 0.00024335844304648047, 'num_resblk': 4, 'num_features': 96, 'weight_decay': 1.8818576481295793e-06}. Best is trial 38 with value: 4.008424462943242.
Early stopping triggered for trial 074 at epoch 035 | best epoch: 005
[I 2026-05-01 18:21:31,249] Trial 74 finished with value: 4.7881338925197205 and parameters: {'batch_size': 256, 'learning_rate': 0.00023505566962072036, 'num_resblk': 6, 'num_features': 64, 'weight_decay': 1.2495950624919194e-06}. Best is trial 38 with value: 4.008424462943242.
Early stopping triggered for trial 075 at epoch 034 | best epoch: 004
[I 2026-05-01 18:24:07,276] Trial 75 finished with value: 4.447845598746991 and parameters: {'batch_size': 256, 'learning_rate': 0.0002604429389555192, 'num_resblk': 4, 'num_features': 96, 'weight_decay': 3.390284445383181e-06}. Best is trial 38 with value: 4.008424462943242.
Early stopping triggered for trial 076 at epoch 048 | best epoch: 018
[I 2026-05-01 18:27:45,874] Trial 76 finished with value: 4.239833026096739 and parameters: {'batch_size': 256, 'learning_rate': 0.00029303254859123476, 'num_resblk': 4, 'num_features': 96, 'weight_decay': 1.4660609841077608e-06}. Best is trial 38 with value: 4.008424462943242.
Early stopping triggered for trial 077 at epoch 036 | best epoch: 006
[I 2026-05-01 18:31:32,242] Trial 77 finished with value: 4.472790964718523 and parameters: {'batch_size': 256, 'learning_rate': 0.0001457611739232325, 'num_resblk': 6, 'num_features': 128, 'weight_decay': 5.199168046894467e-06}. Best is trial 38 with value: 4.008424462943242.
Early stopping triggered for trial 078 at epoch 040 | best epoch: 010
[I 2026-05-01 18:34:34,961] Trial 78 finished with value: 4.191267720584212 and parameters: {'batch_size': 256, 'learning_rate': 0.00012240722214935216, 'num_resblk': 4, 'num_features': 96, 'weight_decay': 2.818724922876604e-06}. Best is trial 38 with value: 4.008424462943242.
Early stopping triggered for trial 079 at epoch 033 | best epoch: 003
[I 2026-05-01 18:37:06,719] Trial 79 finished with value: 4.130703013518761 and parameters: {'batch_size': 256, 'learning_rate': 0.00011991366732379968, 'num_resblk': 4, 'num_features': 96, 'weight_decay': 2.799742934539258e-06}. Best is trial 38 with value: 4.008424462943242.
Early stopping triggered for trial 080 at epoch 033 | best epoch: 003
[I 2026-05-01 18:39:38,522] Trial 80 finished with value: 4.237134555290485 and parameters: {'batch_size': 256, 'learning_rate': 0.00011061477137528714, 'num_resblk': 4, 'num_features': 96, 'weight_decay': 2.8703434133063114e-06}. Best is trial 38 with value: 4.008424462943242.
Early stopping triggered for trial 081 at epoch 043 | best epoch: 013
[I 2026-05-01 18:42:54,940] Trial 81 finished with value: 4.295594092073111 and parameters: {'batch_size': 256, 'learning_rate': 0.00012231365655805224, 'num_resblk': 4, 'num_features': 96, 'weight_decay': 3.738347566742922e-06}. Best is trial 38 with value: 4.008424462943242.
Early stopping triggered for trial 082 at epoch 055 | best epoch: 025
[I 2026-05-01 18:47:05,586] Trial 82 finished with value: 4.685259654604155 and parameters: {'batch_size': 256, 'learning_rate': 0.00012094885103067077, 'num_resblk': 4, 'num_features': 96, 'weight_decay': 1.987490599297308e-06}. Best is trial 38 with value: 4.008424462943242.
[I 2026-05-01 18:47:32,635] Trial 83 pruned. 
Early stopping triggered for trial 084 at epoch 034 | best epoch: 004
[I 2026-05-01 18:50:55,493] Trial 84 finished with value: 4.606724097810942 and parameters: {'batch_size': 256, 'learning_rate': 0.00013530213709819495, 'num_resblk': 4, 'num_features': 128, 'weight_decay': 1.7965524890259107e-06}. Best is trial 38 with value: 4.008424462943242.
Early stopping triggered for trial 085 at epoch 034 | best epoch: 004
[I 2026-05-01 18:53:32,012] Trial 85 finished with value: 4.518410732006204 and parameters: {'batch_size': 256, 'learning_rate': 0.00013546939554392873, 'num_resblk': 4, 'num_features': 96, 'weight_decay': 0.00019332719801028073}. Best is trial 38 with value: 4.008424462943242.
Early stopping triggered for trial 086 at epoch 046 | best epoch: 016
[I 2026-05-01 18:57:02,350] Trial 86 finished with value: 4.811410665512085 and parameters: {'batch_size': 256, 'learning_rate': 0.00012022407353802526, 'num_resblk': 4, 'num_features': 96, 'weight_decay': 1.3456626759797633e-06}. Best is trial 38 with value: 4.008424462943242.
Early stopping triggered for trial 087 at epoch 035 | best epoch: 005
[I 2026-05-01 18:59:53,537] Trial 87 finished with value: 4.350101906677772 and parameters: {'batch_size': 256, 'learning_rate': 0.00010007409142913366, 'num_resblk': 6, 'num_features': 96, 'weight_decay': 2.904381044983457e-06}. Best is trial 38 with value: 4.008424462943242.
Early stopping triggered for trial 088 at epoch 034 | best epoch: 004
[I 2026-05-01 19:02:28,942] Trial 88 finished with value: 4.711498638679242 and parameters: {'batch_size': 256, 'learning_rate': 0.00011067824633640898, 'num_resblk': 14, 'num_features': 64, 'weight_decay': 4.250075955816133e-06}. Best is trial 38 with value: 4.008424462943242.
Early stopping triggered for trial 089 at epoch 034 | best epoch: 004
[I 2026-05-01 19:06:03,439] Trial 89 finished with value: 4.85782031355233 and parameters: {'batch_size': 256, 'learning_rate': 0.00012737549403110275, 'num_resblk': 6, 'num_features': 128, 'weight_decay': 0.00011075989303577375}. Best is trial 38 with value: 4.008424462943242.
Early stopping triggered for trial 090 at epoch 045 | best epoch: 015
[I 2026-05-01 19:09:28,643] Trial 90 finished with value: 4.505986172577431 and parameters: {'batch_size': 256, 'learning_rate': 0.00011903570184494188, 'num_resblk': 4, 'num_features': 96, 'weight_decay': 2.2823645670306857e-06}. Best is trial 38 with value: 4.008424462943242.
[I 2026-05-01 19:09:55,686] Trial 91 pruned. 
Early stopping triggered for trial 092 at epoch 032 | best epoch: 002
[I 2026-05-01 19:12:32,412] Trial 92 finished with value: 4.059089973055083 and parameters: {'batch_size': 256, 'learning_rate': 0.00028205123489698117, 'num_resblk': 6, 'num_features': 96, 'weight_decay': 1.1155901317459538e-06}. Best is trial 38 with value: 4.008424462943242.
Early stopping triggered for trial 093 at epoch 035 | best epoch: 005
[I 2026-05-01 19:15:24,203] Trial 93 finished with value: 4.555281556885818 and parameters: {'batch_size': 256, 'learning_rate': 0.000280550164981513, 'num_resblk': 6, 'num_features': 96, 'weight_decay': 1.0282693376230635e-06}. Best is trial 38 with value: 4.008424462943242.
Early stopping triggered for trial 094 at epoch 044 | best epoch: 014
[I 2026-05-01 19:19:00,012] Trial 94 finished with value: 4.765528654230052 and parameters: {'batch_size': 256, 'learning_rate': 0.0002952116651710526, 'num_resblk': 6, 'num_features': 96, 'weight_decay': 1.1743984141356077e-06}. Best is trial 38 with value: 4.008424462943242.
Early stopping triggered for trial 095 at epoch 037 | best epoch: 007
[I 2026-05-01 19:21:51,125] Trial 95 finished with value: 3.91639022169442 and parameters: {'batch_size': 256, 'learning_rate': 0.00028784958347968716, 'num_resblk': 4, 'num_features': 96, 'weight_decay': 1.7597396598043243e-06}. Best is trial 95 with value: 3.91639022169442.
[I 2026-05-01 19:22:18,258] Trial 96 pruned. 
Early stopping triggered for trial 097 at epoch 040 | best epoch: 010
[I 2026-05-01 19:25:22,278] Trial 97 finished with value: 4.173476367161192 and parameters: {'batch_size': 256, 'learning_rate': 0.0002754640437714519, 'num_resblk': 4, 'num_features': 96, 'weight_decay': 1.4331146842716219e-06}. Best is trial 95 with value: 3.91639022169442.
Early stopping triggered for trial 098 at epoch 042 | best epoch: 012
[I 2026-05-01 19:28:35,326] Trial 98 finished with value: 4.413834999347555 and parameters: {'batch_size': 256, 'learning_rate': 0.0002743670086113911, 'num_resblk': 4, 'num_features': 96, 'weight_decay': 1.1697258204832732e-06}. Best is trial 95 with value: 3.91639022169442.
Early stopping triggered for trial 099 at epoch 042 | best epoch: 012
[I 2026-05-01 19:31:50,073] Trial 99 finished with value: 4.246640739769771 and parameters: {'batch_size': 256, 'learning_rate': 0.00025454222554844745, 'num_resblk': 4, 'num_features': 96, 'weight_decay': 1.4291279688881945e-06}. Best is trial 95 with value: 3.91639022169442.
Early stopping triggered for trial 100 at epoch 036 | best epoch: 006
[I 2026-05-01 19:35:41,999] Trial 100 finished with value: 4.8243363890154605 and parameters: {'batch_size': 256, 'learning_rate': 0.0002666558072434012, 'num_resblk': 16, 'num_features': 96, 'weight_decay': 1.6641583827901262e-06}. Best is trial 95 with value: 3.91639022169442.
Early stopping triggered for trial 101 at epoch 042 | best epoch: 012
[I 2026-05-01 19:38:55,469] Trial 101 finished with value: 4.337486357524477 and parameters: {'batch_size': 256, 'learning_rate': 0.00028291487376818036, 'num_resblk': 4, 'num_features': 96, 'weight_decay': 2.1254050186499023e-06}. Best is trial 95 with value: 3.91639022169442.
Early stopping triggered for trial 102 at epoch 038 | best epoch: 008
[I 2026-05-01 19:41:51,028] Trial 102 finished with value: 4.171281337738037 and parameters: {'batch_size': 256, 'learning_rate': 0.00026160333443077806, 'num_resblk': 4, 'num_features': 96, 'weight_decay': 2.710263830831319e-06}. Best is trial 95 with value: 3.91639022169442.
Early stopping triggered for trial 103 at epoch 040 | best epoch: 010
[I 2026-05-01 19:44:55,017] Trial 103 finished with value: 4.436708836719908 and parameters: {'batch_size': 256, 'learning_rate': 0.00027398008328686227, 'num_resblk': 4, 'num_features': 96, 'weight_decay': 2.8094390717986027e-06}. Best is trial 95 with value: 3.91639022169442.
Early stopping triggered for trial 104 at epoch 035 | best epoch: 005
[I 2026-05-01 19:47:42,194] Trial 104 finished with value: 4.155687291046669 and parameters: {'batch_size': 256, 'learning_rate': 0.00026217875957232817, 'num_resblk': 4, 'num_features': 96, 'weight_decay': 1.415939119083839e-06}. Best is trial 95 with value: 3.91639022169442.
[I 2026-05-01 19:47:56,842] Trial 105 pruned. 
Early stopping triggered for trial 106 at epoch 040 | best epoch: 010
[I 2026-05-01 19:51:00,582] Trial 106 finished with value: 3.7120760144858527 and parameters: {'batch_size': 256, 'learning_rate': 0.00025116365037221344, 'num_resblk': 4, 'num_features': 96, 'weight_decay': 1.7394926320108958e-06}. Best is trial 106 with value: 3.7120760144858527.
Early stopping triggered for trial 107 at epoch 033 | best epoch: 003
[I 2026-05-01 19:53:32,971] Trial 107 finished with value: 4.407355102999457 and parameters: {'batch_size': 256, 'learning_rate': 0.0002573259201767896, 'num_resblk': 4, 'num_features': 96, 'weight_decay': 1.3026470035240658e-06}. Best is trial 106 with value: 3.7120760144858527.
Early stopping triggered for trial 108 at epoch 046 | best epoch: 016
[I 2026-05-01 19:57:03,554] Trial 108 finished with value: 4.165457413114351 and parameters: {'batch_size': 256, 'learning_rate': 0.000252574047918597, 'num_resblk': 4, 'num_features': 96, 'weight_decay': 1.8311405920807375e-06}. Best is trial 106 with value: 3.7120760144858527.
Early stopping triggered for trial 109 at epoch 042 | best epoch: 012
[I 2026-05-01 20:00:28,591] Trial 109 finished with value: 4.4964082980978075 and parameters: {'batch_size': 256, 'learning_rate': 0.00025015405306919497, 'num_resblk': 6, 'num_features': 96, 'weight_decay': 1.1572658846647312e-06}. Best is trial 106 with value: 3.7120760144858527.
Early stopping triggered for trial 110 at epoch 042 | best epoch: 012
[I 2026-05-01 20:03:40,904] Trial 110 finished with value: 4.422370680447282 and parameters: {'batch_size': 256, 'learning_rate': 0.00024037833960173142, 'num_resblk': 4, 'num_features': 96, 'weight_decay': 1.870003566178523e-06}. Best is trial 106 with value: 3.7120760144858527.
[I 2026-05-01 20:04:07,994] Trial 111 pruned. 
Early stopping triggered for trial 112 at epoch 051 | best epoch: 021
[I 2026-05-01 20:08:00,666] Trial 112 finished with value: 4.205929550631293 and parameters: {'batch_size': 256, 'learning_rate': 0.0002651882131711066, 'num_resblk': 4, 'num_features': 96, 'weight_decay': 2.478579597885657e-06}. Best is trial 106 with value: 3.7120760144858527.
Early stopping triggered for trial 113 at epoch 035 | best epoch: 005
[I 2026-05-01 20:10:41,781] Trial 113 finished with value: 4.37351681446207 and parameters: {'batch_size': 256, 'learning_rate': 0.00029053847891270053, 'num_resblk': 4, 'num_features': 96, 'weight_decay': 3.6305334352226753e-06}. Best is trial 106 with value: 3.7120760144858527.
Early stopping triggered for trial 114 at epoch 034 | best epoch: 004
[I 2026-05-01 20:13:18,473] Trial 114 finished with value: 4.543769885753763 and parameters: {'batch_size': 256, 'learning_rate': 0.0002463551605386816, 'num_resblk': 4, 'num_features': 96, 'weight_decay': 2.0940728024305848e-06}. Best is trial 106 with value: 3.7120760144858527.
Early stopping triggered for trial 115 at epoch 046 | best epoch: 016
[I 2026-05-01 20:17:02,345] Trial 115 finished with value: 4.7406304129238785 and parameters: {'batch_size': 256, 'learning_rate': 0.00026943895343921304, 'num_resblk': 6, 'num_features': 96, 'weight_decay': 1.4212524368602747e-06}. Best is trial 106 with value: 3.7120760144858527.
Early stopping triggered for trial 116 at epoch 034 | best epoch: 004
[I 2026-05-01 20:19:39,496] Trial 116 finished with value: 3.882621641816764 and parameters: {'batch_size': 256, 'learning_rate': 0.00026006447717590714, 'num_resblk': 4, 'num_features': 96, 'weight_decay': 0.00013691426629078735}. Best is trial 106 with value: 3.7120760144858527.
Early stopping triggered for trial 117 at epoch 042 | best epoch: 012
[I 2026-05-01 20:22:52,980] Trial 117 finished with value: 3.998373113829514 and parameters: {'batch_size': 256, 'learning_rate': 0.0002349735704594722, 'num_resblk': 4, 'num_features': 96, 'weight_decay': 0.000425519183950388}. Best is trial 106 with value: 3.7120760144858527.
Early stopping triggered for trial 118 at epoch 045 | best epoch: 015
[I 2026-05-01 20:25:28,106] Trial 118 finished with value: 4.461304722161128 and parameters: {'batch_size': 256, 'learning_rate': 0.00023481517338173094, 'num_resblk': 4, 'num_features': 64, 'weight_decay': 0.0004851769102151597}. Best is trial 106 with value: 3.7120760144858527.
Early stopping triggered for trial 119 at epoch 040 | best epoch: 010
[I 2026-05-01 20:28:33,385] Trial 119 finished with value: 4.2263861195794465 and parameters: {'batch_size': 256, 'learning_rate': 0.00016768918194741148, 'num_resblk': 4, 'num_features': 96, 'weight_decay': 0.0003190375346762027}. Best is trial 106 with value: 3.7120760144858527.
[I 2026-05-01 20:28:49,037] Trial 120 pruned. 
Early stopping triggered for trial 121 at epoch 038 | best epoch: 008
[I 2026-05-01 20:31:45,066] Trial 121 finished with value: 4.217701172006541 and parameters: {'batch_size': 256, 'learning_rate': 0.0002583931737955107, 'num_resblk': 4, 'num_features': 96, 'weight_decay': 0.0001443478376873811}. Best is trial 106 with value: 3.7120760144858527.
Early stopping triggered for trial 122 at epoch 052 | best epoch: 022
[I 2026-05-01 20:35:40,905] Trial 122 finished with value: 4.418250823843068 and parameters: {'batch_size': 256, 'learning_rate': 0.00023902770099085976, 'num_resblk': 4, 'num_features': 96, 'weight_decay': 0.00034231190087535157}. Best is trial 106 with value: 3.7120760144858527.
[I 2026-05-01 20:36:07,756] Trial 123 pruned. 
Early stopping triggered for trial 124 at epoch 046 | best epoch: 016
[I 2026-05-01 20:39:38,597] Trial 124 finished with value: 4.4989621228185195 and parameters: {'batch_size': 256, 'learning_rate': 0.00026479872101760365, 'num_resblk': 4, 'num_features': 96, 'weight_decay': 0.0007249170917209283}. Best is trial 106 with value: 3.7120760144858527.
[I 2026-05-01 20:40:05,812] Trial 125 pruned. 
Early stopping triggered for trial 126 at epoch 049 | best epoch: 019
[I 2026-05-01 20:43:51,100] Trial 126 finished with value: 4.314195657598561 and parameters: {'batch_size': 256, 'learning_rate': 0.0002605831175614768, 'num_resblk': 4, 'num_features': 96, 'weight_decay': 0.00026749850995808495}. Best is trial 106 with value: 3.7120760144858527.
Early stopping triggered for trial 127 at epoch 042 | best epoch: 012
[I 2026-05-01 20:47:05,326] Trial 127 finished with value: 4.026558612955028 and parameters: {'batch_size': 256, 'learning_rate': 0.00024236924259650155, 'num_resblk': 4, 'num_features': 96, 'weight_decay': 0.00058913028944559}. Best is trial 106 with value: 3.7120760144858527.
Early stopping triggered for trial 128 at epoch 037 | best epoch: 007
[I 2026-05-01 20:49:55,384] Trial 128 finished with value: 4.105533246336313 and parameters: {'batch_size': 256, 'learning_rate': 0.0002441778914719804, 'num_resblk': 4, 'num_features': 96, 'weight_decay': 0.0007167940179702662}. Best is trial 106 with value: 3.7120760144858527.
Early stopping triggered for trial 129 at epoch 052 | best epoch: 022
[I 2026-05-01 20:53:53,721] Trial 129 finished with value: 4.552450730882842 and parameters: {'batch_size': 256, 'learning_rate': 0.00024119391647741594, 'num_resblk': 4, 'num_features': 96, 'weight_decay': 0.0005541005528734764}. Best is trial 106 with value: 3.7120760144858527.
Early stopping triggered for trial 130 at epoch 054 | best epoch: 024
[I 2026-05-01 20:58:18,333] Trial 130 finished with value: 4.5417782273785825 and parameters: {'batch_size': 256, 'learning_rate': 0.00022961539496852364, 'num_resblk': 6, 'num_features': 96, 'weight_decay': 0.000987281140517159}. Best is trial 106 with value: 3.7120760144858527.
[I 2026-05-01 20:58:45,496] Trial 131 pruned. 
Early stopping triggered for trial 132 at epoch 037 | best epoch: 007
[I 2026-05-01 21:01:37,649] Trial 132 finished with value: 4.102504680896628 and parameters: {'batch_size': 256, 'learning_rate': 0.0002447160931909981, 'num_resblk': 4, 'num_features': 96, 'weight_decay': 0.00040126965954176967}. Best is trial 106 with value: 3.7120760144858527.
Early stopping triggered for trial 133 at epoch 046 | best epoch: 016
[I 2026-05-01 21:05:10,826] Trial 133 finished with value: 4.041525569455377 and parameters: {'batch_size': 256, 'learning_rate': 0.0002427124191383816, 'num_resblk': 4, 'num_features': 96, 'weight_decay': 0.00044082061756661896}. Best is trial 106 with value: 3.7120760144858527.
Early stopping triggered for trial 134 at epoch 041 | best epoch: 011
[I 2026-05-01 21:08:21,392] Trial 134 finished with value: 4.323001935564238 and parameters: {'batch_size': 256, 'learning_rate': 0.0002359057670212847, 'num_resblk': 4, 'num_features': 96, 'weight_decay': 0.0006372592513469405}. Best is trial 106 with value: 3.7120760144858527.
Early stopping triggered for trial 135 at epoch 031 | best epoch: 001
[I 2026-05-01 21:10:46,323] Trial 135 finished with value: 4.120650028360301 and parameters: {'batch_size': 256, 'learning_rate': 0.00023080026138261743, 'num_resblk': 4, 'num_features': 96, 'weight_decay': 0.0004673886695482203}. Best is trial 106 with value: 3.7120760144858527.
Early stopping triggered for trial 136 at epoch 036 | best epoch: 006
[I 2026-05-01 21:13:34,181] Trial 136 finished with value: 4.144398072670246 and parameters: {'batch_size': 256, 'learning_rate': 0.0002258543269347779, 'num_resblk': 4, 'num_features': 96, 'weight_decay': 0.0005909833741890049}. Best is trial 106 with value: 3.7120760144858527.
Early stopping triggered for trial 137 at epoch 044 | best epoch: 014
[I 2026-05-01 21:16:58,214] Trial 137 finished with value: 4.1574708675516066 and parameters: {'batch_size': 256, 'learning_rate': 0.0002447157610838352, 'num_resblk': 4, 'num_features': 96, 'weight_decay': 0.0004244317169319773}. Best is trial 106 with value: 3.7120760144858527.
Early stopping triggered for trial 138 at epoch 040 | best epoch: 010
[I 2026-05-01 21:20:03,994] Trial 138 finished with value: 4.378348399852884 and parameters: {'batch_size': 256, 'learning_rate': 0.0002002930886456972, 'num_resblk': 4, 'num_features': 96, 'weight_decay': 0.0004223259185862222}. Best is trial 106 with value: 3.7120760144858527.
Early stopping triggered for trial 139 at epoch 039 | best epoch: 009
[I 2026-05-01 21:23:04,981] Trial 139 finished with value: 4.149320733958278 and parameters: {'batch_size': 256, 'learning_rate': 0.00022325479606293835, 'num_resblk': 4, 'num_features': 96, 'weight_decay': 0.0004907222582487629}. Best is trial 106 with value: 3.7120760144858527.
[I 2026-05-01 21:23:27,019] Trial 140 pruned. 
Early stopping triggered for trial 141 at epoch 044 | best epoch: 014
[I 2026-05-01 21:26:50,536] Trial 141 finished with value: 4.521604159782672 and parameters: {'batch_size': 256, 'learning_rate': 0.00021588177248303749, 'num_resblk': 4, 'num_features': 96, 'weight_decay': 0.0005535735864470348}. Best is trial 106 with value: 3.7120760144858527.
Early stopping triggered for trial 142 at epoch 039 | best epoch: 009
[I 2026-05-01 21:29:51,817] Trial 142 finished with value: 4.397827756815944 and parameters: {'batch_size': 256, 'learning_rate': 0.0002360914165297846, 'num_resblk': 4, 'num_features': 96, 'weight_decay': 0.0003929190907473789}. Best is trial 106 with value: 3.7120760144858527.
[I 2026-05-01 21:30:18,987] Trial 143 pruned. 
Early stopping triggered for trial 144 at epoch 044 | best epoch: 014
[I 2026-05-01 21:33:42,689] Trial 144 finished with value: 4.587946456054161 and parameters: {'batch_size': 256, 'learning_rate': 0.00024511568899047585, 'num_resblk': 4, 'num_features': 96, 'weight_decay': 0.00027761828264937064}. Best is trial 106 with value: 3.7120760144858527.
Early stopping triggered for trial 145 at epoch 046 | best epoch: 016
[I 2026-05-01 21:37:15,830] Trial 145 finished with value: 4.303525045000273 and parameters: {'batch_size': 256, 'learning_rate': 0.00028648801235549185, 'num_resblk': 4, 'num_features': 96, 'weight_decay': 0.0004624206454497818}. Best is trial 106 with value: 3.7120760144858527.
[I 2026-05-01 21:37:47,752] Trial 146 pruned. 
Early stopping triggered for trial 147 at epoch 047 | best epoch: 017
[I 2026-05-01 21:41:24,592] Trial 147 finished with value: 4.531650617204863 and parameters: {'batch_size': 256, 'learning_rate': 0.00024071158243082607, 'num_resblk': 4, 'num_features': 96, 'weight_decay': 0.0003205201535062953}. Best is trial 106 with value: 3.7120760144858527.
Early stopping triggered for trial 148 at epoch 042 | best epoch: 012
[I 2026-05-01 21:44:39,117] Trial 148 finished with value: 4.659856656502033 and parameters: {'batch_size': 256, 'learning_rate': 0.000270427389823495, 'num_resblk': 4, 'num_features': 96, 'weight_decay': 0.0005369830777358437}. Best is trial 106 with value: 3.7120760144858527.
Early stopping triggered for trial 149 at epoch 034 | best epoch: 004
[I 2026-05-01 21:47:17,178] Trial 149 finished with value: 3.669237284824766 and parameters: {'batch_size': 256, 'learning_rate': 0.0002774405537382785, 'num_resblk': 4, 'num_features': 96, 'weight_decay': 0.00023536443057980123}. Best is trial 149 with value: 3.669237284824766.
Early stopping triggered for trial 150 at epoch 049 | best epoch: 019
[I 2026-05-01 21:51:03,479] Trial 150 finished with value: 4.529428087431809 and parameters: {'batch_size': 256, 'learning_rate': 0.0002802577120719487, 'num_resblk': 4, 'num_features': 96, 'weight_decay': 0.00016946843745913354}. Best is trial 149 with value: 3.669237284824766.
Early stopping triggered for trial 151 at epoch 038 | best epoch: 008
[I 2026-05-01 21:53:59,768] Trial 151 finished with value: 4.432189892078268 and parameters: {'batch_size': 256, 'learning_rate': 0.0002917362380415568, 'num_resblk': 4, 'num_features': 96, 'weight_decay': 0.00023772883444470936}. Best is trial 149 with value: 3.669237284824766.
Early stopping triggered for trial 152 at epoch 033 | best epoch: 003
[I 2026-05-01 21:56:33,493] Trial 152 finished with value: 4.359926264861534 and parameters: {'batch_size': 256, 'learning_rate': 0.0002564607070211187, 'num_resblk': 4, 'num_features': 96, 'weight_decay': 0.0004634997442122479}. Best is trial 149 with value: 3.669237284824766.
Early stopping triggered for trial 153 at epoch 035 | best epoch: 005
[I 2026-05-01 21:59:16,271] Trial 153 finished with value: 4.361077234662813 and parameters: {'batch_size': 256, 'learning_rate': 0.0002737054966160668, 'num_resblk': 4, 'num_features': 96, 'weight_decay': 0.0003774778001749664}. Best is trial 149 with value: 3.669237284824766.
Early stopping triggered for trial 154 at epoch 041 | best epoch: 011
[I 2026-05-01 22:02:26,197] Trial 154 finished with value: 4.059797887144418 and parameters: {'batch_size': 256, 'learning_rate': 0.00024849339570498394, 'num_resblk': 4, 'num_features': 96, 'weight_decay': 0.00030320162381526747}. Best is trial 149 with value: 3.669237284824766.
Early stopping triggered for trial 155 at epoch 033 | best epoch: 003
[I 2026-05-01 22:03:49,948] Trial 155 finished with value: 4.531010709959885 and parameters: {'batch_size': 256, 'learning_rate': 0.0002330189486376024, 'num_resblk': 4, 'num_features': 32, 'weight_decay': 0.0003034680457704338}. Best is trial 149 with value: 3.669237284824766.
Early stopping triggered for trial 156 at epoch 041 | best epoch: 011
[I 2026-05-01 22:07:00,337] Trial 156 finished with value: 4.738976906085837 and parameters: {'batch_size': 256, 'learning_rate': 0.00028151403759214366, 'num_resblk': 4, 'num_features': 96, 'weight_decay': 0.00023615448981032048}. Best is trial 149 with value: 3.669237284824766.
Early stopping triggered for trial 157 at epoch 039 | best epoch: 009
[I 2026-05-01 22:10:01,376] Trial 157 finished with value: 4.444660441628818 and parameters: {'batch_size': 256, 'learning_rate': 0.00024497930503358264, 'num_resblk': 4, 'num_features': 96, 'weight_decay': 0.0003335368294432232}. Best is trial 149 with value: 3.669237284824766.
Early stopping triggered for trial 158 at epoch 036 | best epoch: 006
[I 2026-05-01 22:12:48,840] Trial 158 finished with value: 4.475021189656751 and parameters: {'batch_size': 256, 'learning_rate': 0.0002474902490236093, 'num_resblk': 4, 'num_features': 96, 'weight_decay': 0.00040199149096313547}. Best is trial 149 with value: 3.669237284824766.
Early stopping triggered for trial 159 at epoch 034 | best epoch: 004
[I 2026-05-01 22:15:37,576] Trial 159 finished with value: 4.050941352186532 and parameters: {'batch_size': 256, 'learning_rate': 0.00018037100994508482, 'num_resblk': 6, 'num_features': 96, 'weight_decay': 0.00045224547070431}. Best is trial 149 with value: 3.669237284824766.
Early stopping triggered for trial 160 at epoch 036 | best epoch: 006
[I 2026-05-01 22:18:35,768] Trial 160 finished with value: 4.651230244800963 and parameters: {'batch_size': 256, 'learning_rate': 0.0001560580969609063, 'num_resblk': 6, 'num_features': 96, 'weight_decay': 0.0006489687921679251}. Best is trial 149 with value: 3.669237284824766.
Early stopping triggered for trial 161 at epoch 035 | best epoch: 005
[I 2026-05-01 22:21:18,837] Trial 161 finished with value: 4.489636774720816 and parameters: {'batch_size': 256, 'learning_rate': 0.0001795710632637104, 'num_resblk': 4, 'num_features': 96, 'weight_decay': 0.00046202580498997634}. Best is trial 149 with value: 3.669237284824766.
Early stopping triggered for trial 162 at epoch 034 | best epoch: 004
[I 2026-05-01 22:24:07,369] Trial 162 finished with value: 4.358152011345172 and parameters: {'batch_size': 256, 'learning_rate': 0.00023903493651884284, 'num_resblk': 6, 'num_features': 96, 'weight_decay': 0.00036268506466967783}. Best is trial 149 with value: 3.669237284824766.
Early stopping triggered for trial 163 at epoch 048 | best epoch: 018
[I 2026-05-01 22:27:49,238] Trial 163 finished with value: 4.241064548492432 and parameters: {'batch_size': 256, 'learning_rate': 0.0002664250064058687, 'num_resblk': 4, 'num_features': 96, 'weight_decay': 0.0005700815055474229}. Best is trial 149 with value: 3.669237284824766.
Early stopping triggered for trial 164 at epoch 039 | best epoch: 009
[I 2026-05-01 22:30:50,581] Trial 164 finished with value: 4.29758776467422 and parameters: {'batch_size': 256, 'learning_rate': 0.0002545521496907111, 'num_resblk': 4, 'num_features': 96, 'weight_decay': 0.00020937017538033762}. Best is trial 149 with value: 3.669237284824766.
Early stopping triggered for trial 165 at epoch 032 | best epoch: 002
[I 2026-05-01 22:33:58,376] Trial 165 finished with value: 4.851915852776889 and parameters: {'batch_size': 256, 'learning_rate': 0.0002863206814629892, 'num_resblk': 12, 'num_features': 96, 'weight_decay': 4.1365247067229246e-05}. Best is trial 149 with value: 3.669237284824766.
Early stopping triggered for trial 166 at epoch 043 | best epoch: 013
[I 2026-05-01 22:37:17,778] Trial 166 finished with value: 4.001533672727388 and parameters: {'batch_size': 256, 'learning_rate': 0.0002757515331370853, 'num_resblk': 4, 'num_features': 96, 'weight_decay': 5.9671630237632154e-05}. Best is trial 149 with value: 3.669237284824766.
Early stopping triggered for trial 167 at epoch 035 | best epoch: 005
[I 2026-05-01 22:39:59,489] Trial 167 finished with value: 4.612629964433867 and parameters: {'batch_size': 256, 'learning_rate': 0.0002769582230064505, 'num_resblk': 4, 'num_features': 96, 'weight_decay': 8.509046079534792e-05}. Best is trial 149 with value: 3.669237284824766.
Early stopping triggered for trial 168 at epoch 034 | best epoch: 004
[I 2026-05-01 22:42:36,734] Trial 168 finished with value: 4.668647305718784 and parameters: {'batch_size': 256, 'learning_rate': 0.00019315987819032462, 'num_resblk': 4, 'num_features': 96, 'weight_decay': 0.00015092709579008563}. Best is trial 149 with value: 3.669237284824766.
Early stopping triggered for trial 169 at epoch 047 | best epoch: 017
[I 2026-05-01 22:46:12,083] Trial 169 finished with value: 4.189070011007375 and parameters: {'batch_size': 256, 'learning_rate': 0.0002699035829734467, 'num_resblk': 4, 'num_features': 96, 'weight_decay': 0.00028755647475678186}. Best is trial 149 with value: 3.669237284824766.
Early stopping triggered for trial 170 at epoch 041 | best epoch: 011
[I 2026-05-01 22:49:32,667] Trial 170 finished with value: 4.554143256154553 and parameters: {'batch_size': 256, 'learning_rate': 0.00029280027094469866, 'num_resblk': 6, 'num_features': 96, 'weight_decay': 0.00012031686774596828}. Best is trial 149 with value: 3.669237284824766.
Early stopping triggered for trial 171 at epoch 040 | best epoch: 010
[I 2026-05-01 22:52:36,967] Trial 171 finished with value: 4.587875136013689 and parameters: {'batch_size': 256, 'learning_rate': 0.00014741348572607272, 'num_resblk': 4, 'num_features': 96, 'weight_decay': 5.029330877183552e-05}. Best is trial 149 with value: 3.669237284824766.
Early stopping triggered for trial 172 at epoch 048 | best epoch: 018
[I 2026-05-01 22:56:17,346] Trial 172 finished with value: 4.36823951786962 and parameters: {'batch_size': 256, 'learning_rate': 0.00029971162738798497, 'num_resblk': 4, 'num_features': 96, 'weight_decay': 0.00042756749603156257}. Best is trial 149 with value: 3.669237284824766.
Early stopping triggered for trial 173 at epoch 036 | best epoch: 006
[I 2026-05-01 22:59:03,516] Trial 173 finished with value: 4.0741463118586045 and parameters: {'batch_size': 256, 'learning_rate': 0.0002574842367496348, 'num_resblk': 4, 'num_features': 96, 'weight_decay': 0.00036555135147963596}. Best is trial 149 with value: 3.669237284824766.
Early stopping triggered for trial 174 at epoch 040 | best epoch: 010
[I 2026-05-01 23:02:07,427] Trial 174 finished with value: 4.775643102053938 and parameters: {'batch_size': 256, 'learning_rate': 0.00016425487114387773, 'num_resblk': 4, 'num_features': 96, 'weight_decay': 0.0005074170325996483}. Best is trial 149 with value: 3.669237284824766.
Early stopping triggered for trial 175 at epoch 037 | best epoch: 007
[I 2026-05-01 23:04:14,749] Trial 175 finished with value: 4.345534489072603 and parameters: {'batch_size': 256, 'learning_rate': 0.0002587714591640032, 'num_resblk': 4, 'num_features': 64, 'weight_decay': 0.0003547143414697694}. Best is trial 149 with value: 3.669237284824766.
Early stopping triggered for trial 176 at epoch 037 | best epoch: 007
[I 2026-05-01 23:07:05,253] Trial 176 finished with value: 4.340547643858811 and parameters: {'batch_size': 256, 'learning_rate': 0.0002648382951641947, 'num_resblk': 4, 'num_features': 96, 'weight_decay': 7.057410980634352e-05}. Best is trial 149 with value: 3.669237284824766.
Early stopping triggered for trial 177 at epoch 034 | best epoch: 004
[I 2026-05-01 23:09:42,409] Trial 177 finished with value: 4.539586560479526 and parameters: {'batch_size': 256, 'learning_rate': 0.0002494800877109279, 'num_resblk': 4, 'num_features': 96, 'weight_decay': 0.00025796819608767525}. Best is trial 149 with value: 3.669237284824766.
slurmstepd: error: *** JOB 6479849 ON d4054 CANCELLED AT 2026-05-01T23:11:31 DUE TO TIME LIMIT ***
