Running with:
rcm_var = tmean
gcm_name = CanESM2
rcm_name = CanRCM4
grid = NAM-44i
factor = 4
input_source = gcm
input_channels = 3
hr_aux_channels = 2
hr_elevation_file = high_res_elevation.pth
alpha_coarse = 0.5
n_trials = 3000
epochs = 300
early_stopping_patience = 30
batch_size = 256
model_name = SRResNet
Using device: cuda
Input source: gcm
Input file: low_res.pth
Input mask file: low_res_mask.pth
Input elevation file: low_res_elevation.pth
HR elevation file: high_res_elevation.pth
Coarse consistency target file: coarse_4x.pth
Coarse consistency mask file: coarse_4x_mask.pth
Input channels: 3
Loss setup: full_image_loss_no_ocean_constraint
All trial checkpoints will be saved to: /projects/sds-lab/Shuochen/downscaling/CORDEX/tmean.CanESM2.CanRCM4.day.NAM-44i.GCM_to_HR_RCM/trained_models/SRResNet/GCM_low_res_with_mask_elevation/full_image_loss_no_ocean_constraint
Loaded shapes:
X          : torch.Size([55115, 1, 13, 29])
X_mask     : torch.Size([55115, 1, 13, 29])
X_elev     : torch.Size([55115, 1, 13, 29])
y          : torch.Size([55115, 1, 52, 116])
mask_hr    : torch.Size([55115, 1, 52, 116])
y_coarse   : torch.Size([55115, 1, 13, 29])
mask_coarse: torch.Size([55115, 1, 13, 29])
After checks:
X          : torch.Size([55115, 1, 13, 29])
X_mask     : torch.Size([55115, 1, 13, 29])
X_elev     : torch.Size([55115, 1, 13, 29])
y          : torch.Size([55115, 1, 52, 116])
mask_hr    : torch.Size([55115, 1, 52, 116])
y_coarse   : torch.Size([55115, 1, 13, 29])
mask_coarse: torch.Size([55115, 1, 13, 29])
train_end_idx = 20440
val_start_idx = 47815
Total samples  = 55115
Train/Val shapes before model input construction:
X_train          : torch.Size([20440, 1, 13, 29])
X_mask_train     : torch.Size([20440, 1, 13, 29])
X_elev_train     : torch.Size([20440, 1, 13, 29])
y_train          : torch.Size([20440, 1, 52, 116])
mask_train       : torch.Size([20440, 1, 52, 116])
y_coarse_train   : torch.Size([20440, 1, 13, 29])
mask_coarse_train: torch.Size([20440, 1, 13, 29])
X_val            : torch.Size([7300, 1, 13, 29])
X_mask_val       : torch.Size([7300, 1, 13, 29])
X_elev_val       : torch.Size([7300, 1, 13, 29])
y_val            : torch.Size([7300, 1, 52, 116])
mask_val         : torch.Size([7300, 1, 52, 116])
y_coarse_val     : torch.Size([7300, 1, 13, 29])
mask_coarse_val  : torch.Size([7300, 1, 13, 29])
Full-image normalization stats:
X_mean: 15.384552955627441
X_std : 11.16005802154541
X_max : 42.550724029541016
y_mean: 6.068472385406494
y_std : 9.728343963623047
y_max : 40.61493682861328
Train/Val shapes after model input construction:
X_train_in: torch.Size([20440, 3, 13, 29])
X_val_in  : torch.Size([7300, 3, 13, 29])
[I 2026-05-05 16:44:38,905] A new study created in memory with name: no-name-69360471-4edb-47cb-9d2e-64ffb150fc67
Early stopping triggered for trial 000 at epoch 067 | best epoch: 037
[I 2026-05-05 16:46:01,328] Trial 0 finished with value: 4.512594478988772 and parameters: {'batch_size': 256, 'learning_rate': 0.00010683766415754635, 'num_resblk': 4, 'num_features': 32, 'weight_decay': 0.00011376671648994884}. Best is trial 0 with value: 4.512594478988772.
Early stopping triggered for trial 001 at epoch 043 | best epoch: 013
[I 2026-05-05 16:47:10,872] Trial 1 finished with value: 4.401436346335526 and parameters: {'batch_size': 256, 'learning_rate': 0.00026173682910318134, 'num_resblk': 4, 'num_features': 64, 'weight_decay': 4.340874126848471e-05}. Best is trial 1 with value: 4.401436346335526.
Early stopping triggered for trial 002 at epoch 035 | best epoch: 005
[I 2026-05-05 16:49:04,032] Trial 2 finished with value: 4.682395505931834 and parameters: {'batch_size': 256, 'learning_rate': 0.00019576957857286116, 'num_resblk': 10, 'num_features': 96, 'weight_decay': 0.0001211985983911924}. Best is trial 1 with value: 4.401436346335526.
Early stopping triggered for trial 003 at epoch 038 | best epoch: 008
[I 2026-05-05 16:50:44,566] Trial 3 finished with value: 4.108437681679445 and parameters: {'batch_size': 256, 'learning_rate': 0.00017086246357306064, 'num_resblk': 6, 'num_features': 96, 'weight_decay': 4.984817356934538e-06}. Best is trial 3 with value: 4.108437681679445.
Early stopping triggered for trial 004 at epoch 052 | best epoch: 022
[I 2026-05-05 16:52:19,376] Trial 4 finished with value: 4.779268490425493 and parameters: {'batch_size': 256, 'learning_rate': 0.00011307886904076453, 'num_resblk': 14, 'num_features': 32, 'weight_decay': 1.307191499555252e-06}. Best is trial 3 with value: 4.108437681679445.
Early stopping triggered for trial 005 at epoch 034 | best epoch: 004
[I 2026-05-05 16:54:26,514] Trial 5 finished with value: 4.557245637422332 and parameters: {'batch_size': 256, 'learning_rate': 0.00016827819886955687, 'num_resblk': 8, 'num_features': 128, 'weight_decay': 5.8609775705185595e-06}. Best is trial 3 with value: 4.108437681679445.
Early stopping triggered for trial 006 at epoch 033 | best epoch: 003
[I 2026-05-05 16:56:53,388] Trial 6 finished with value: 4.64379422758984 and parameters: {'batch_size': 256, 'learning_rate': 0.00023356422319382702, 'num_resblk': 12, 'num_features': 128, 'weight_decay': 0.0008756369317966532}. Best is trial 3 with value: 4.108437681679445.
[I 2026-05-05 16:57:03,450] Trial 7 pruned. 
Early stopping triggered for trial 008 at epoch 034 | best epoch: 004
[I 2026-05-05 16:58:53,474] Trial 8 finished with value: 4.759802400893863 and parameters: {'batch_size': 256, 'learning_rate': 0.0001263003263221059, 'num_resblk': 10, 'num_features': 96, 'weight_decay': 1.4520888277255382e-06}. Best is trial 3 with value: 4.108437681679445.
[I 2026-05-05 16:59:11,461] Trial 9 pruned. 
Early stopping triggered for trial 010 at epoch 035 | best epoch: 005
[I 2026-05-05 17:00:44,156] Trial 10 finished with value: 4.462733565958723 and parameters: {'batch_size': 256, 'learning_rate': 0.00014331461744541228, 'num_resblk': 6, 'num_features': 96, 'weight_decay': 5.449676638462671e-06}. Best is trial 3 with value: 4.108437681679445.
Early stopping triggered for trial 011 at epoch 035 | best epoch: 005
[I 2026-05-05 17:01:41,016] Trial 11 finished with value: 4.770273177755168 and parameters: {'batch_size': 256, 'learning_rate': 0.0002761945147507561, 'num_resblk': 4, 'num_features': 64, 'weight_decay': 5.8573979089796146e-05}. Best is trial 3 with value: 4.108437681679445.
Early stopping triggered for trial 012 at epoch 038 | best epoch: 008
[I 2026-05-05 17:02:51,599] Trial 12 finished with value: 4.436756936748301 and parameters: {'batch_size': 256, 'learning_rate': 0.0002875431436810136, 'num_resblk': 6, 'num_features': 64, 'weight_decay': 1.821032925708357e-05}. Best is trial 3 with value: 4.108437681679445.
[I 2026-05-05 17:03:02,739] Trial 13 pruned. 
Early stopping triggered for trial 014 at epoch 036 | best epoch: 006
[I 2026-05-05 17:04:27,206] Trial 14 finished with value: 4.392206417372188 and parameters: {'batch_size': 256, 'learning_rate': 0.00015155527294866424, 'num_resblk': 4, 'num_features': 96, 'weight_decay': 4.106753066017692e-05}. Best is trial 3 with value: 4.108437681679445.
Early stopping triggered for trial 015 at epoch 041 | best epoch: 011
[I 2026-05-05 17:06:27,641] Trial 15 finished with value: 4.869649602803314 and parameters: {'batch_size': 256, 'learning_rate': 0.00015022008319024542, 'num_resblk': 8, 'num_features': 96, 'weight_decay': 0.00020690697761259328}. Best is trial 3 with value: 4.108437681679445.
Early stopping triggered for trial 016 at epoch 039 | best epoch: 009
[I 2026-05-05 17:08:22,007] Trial 16 finished with value: 4.439920793439555 and parameters: {'batch_size': 256, 'learning_rate': 0.00013840595057003805, 'num_resblk': 8, 'num_features': 96, 'weight_decay': 3.3357162145285827e-06}. Best is trial 3 with value: 4.108437681679445.
Early stopping triggered for trial 017 at epoch 052 | best epoch: 022
[I 2026-05-05 17:10:38,684] Trial 17 finished with value: 4.3170887969641365 and parameters: {'batch_size': 256, 'learning_rate': 0.00017996692797651306, 'num_resblk': 6, 'num_features': 96, 'weight_decay': 1.9590953269875577e-05}. Best is trial 3 with value: 4.108437681679445.
Early stopping triggered for trial 018 at epoch 035 | best epoch: 005
[I 2026-05-05 17:12:11,271] Trial 18 finished with value: 4.12697251644199 and parameters: {'batch_size': 256, 'learning_rate': 0.00019355271370193324, 'num_resblk': 6, 'num_features': 96, 'weight_decay': 1.4394551567474333e-05}. Best is trial 3 with value: 4.108437681679445.
Early stopping triggered for trial 019 at epoch 033 | best epoch: 003
[I 2026-05-05 17:13:58,169] Trial 19 finished with value: 4.801153051306275 and parameters: {'batch_size': 256, 'learning_rate': 0.00021350220543688093, 'num_resblk': 10, 'num_features': 96, 'weight_decay': 1.0376945583389223e-05}. Best is trial 3 with value: 4.108437681679445.
Early stopping triggered for trial 020 at epoch 046 | best epoch: 016
[I 2026-05-05 17:16:48,889] Trial 20 finished with value: 4.5136109357399805 and parameters: {'batch_size': 256, 'learning_rate': 0.000189445811557122, 'num_resblk': 8, 'num_features': 128, 'weight_decay': 2.5564081067040917e-06}. Best is trial 3 with value: 4.108437681679445.
[I 2026-05-05 17:17:04,697] Trial 21 pruned. 
Early stopping triggered for trial 022 at epoch 037 | best epoch: 007
[I 2026-05-05 17:18:42,507] Trial 22 finished with value: 4.285715885142255 and parameters: {'batch_size': 256, 'learning_rate': 0.0001880396976981896, 'num_resblk': 6, 'num_features': 96, 'weight_decay': 1.138712685522515e-05}. Best is trial 3 with value: 4.108437681679445.
[I 2026-05-05 17:19:00,160] Trial 23 pruned. 
Early stopping triggered for trial 024 at epoch 049 | best epoch: 019
[I 2026-05-05 17:21:08,801] Trial 24 finished with value: 4.464772639529814 and parameters: {'batch_size': 256, 'learning_rate': 0.0002383977278111363, 'num_resblk': 6, 'num_features': 96, 'weight_decay': 9.47493715231736e-06}. Best is trial 3 with value: 4.108437681679445.
Early stopping triggered for trial 025 at epoch 046 | best epoch: 016
[I 2026-05-05 17:22:55,635] Trial 25 finished with value: 4.211617849778351 and parameters: {'batch_size': 256, 'learning_rate': 0.00016109385334958586, 'num_resblk': 4, 'num_features': 96, 'weight_decay': 1.1383403958204834e-05}. Best is trial 3 with value: 4.108437681679445.
Early stopping triggered for trial 026 at epoch 040 | best epoch: 010
[I 2026-05-05 17:24:28,944] Trial 26 finished with value: 4.3636649683423565 and parameters: {'batch_size': 256, 'learning_rate': 0.00015971805889125807, 'num_resblk': 4, 'num_features': 96, 'weight_decay': 2.699085312045661e-05}. Best is trial 3 with value: 4.108437681679445.
Early stopping triggered for trial 027 at epoch 038 | best epoch: 008
[I 2026-05-05 17:25:57,574] Trial 27 finished with value: 4.456875431488681 and parameters: {'batch_size': 256, 'learning_rate': 0.00012763553094809362, 'num_resblk': 4, 'num_features': 96, 'weight_decay': 2.214902706219979e-06}. Best is trial 3 with value: 4.108437681679445.
Early stopping triggered for trial 028 at epoch 037 | best epoch: 007
[I 2026-05-05 17:27:49,280] Trial 28 finished with value: 4.293660409323789 and parameters: {'batch_size': 256, 'learning_rate': 0.0001632742411266894, 'num_resblk': 4, 'num_features': 128, 'weight_decay': 4.405422256458192e-06}. Best is trial 3 with value: 4.108437681679445.
Early stopping triggered for trial 029 at epoch 040 | best epoch: 010
[I 2026-05-05 17:29:22,632] Trial 29 finished with value: 4.281085301905818 and parameters: {'batch_size': 256, 'learning_rate': 0.00012261669187693411, 'num_resblk': 4, 'num_features': 96, 'weight_decay': 6.282080339646365e-05}. Best is trial 3 with value: 4.108437681679445.
[I 2026-05-05 17:29:30,889] Trial 30 pruned. 
[I 2026-05-05 17:29:44,901] Trial 31 pruned. 
[I 2026-05-05 17:29:58,952] Trial 32 pruned. 
Early stopping triggered for trial 033 at epoch 035 | best epoch: 005
[I 2026-05-05 17:31:31,723] Trial 33 finished with value: 4.536129398913557 and parameters: {'batch_size': 256, 'learning_rate': 0.00015229083580308724, 'num_resblk': 6, 'num_features': 96, 'weight_decay': 7.064565194578787e-05}. Best is trial 3 with value: 4.108437681679445.
[I 2026-05-05 17:31:38,347] Trial 34 pruned. 
[I 2026-05-05 17:31:52,255] Trial 35 pruned. 
[I 2026-05-05 17:32:13,340] Trial 36 pruned. 
Early stopping triggered for trial 037 at epoch 034 | best epoch: 004
[I 2026-05-05 17:34:08,770] Trial 37 finished with value: 4.244901507030995 and parameters: {'batch_size': 256, 'learning_rate': 0.00022491661192537317, 'num_resblk': 6, 'num_features': 128, 'weight_decay': 0.00018514109866351033}. Best is trial 3 with value: 4.108437681679445.
[I 2026-05-05 17:34:32,934] Trial 38 pruned. 
[I 2026-05-05 17:34:53,154] Trial 39 pruned. 
[I 2026-05-05 17:35:15,592] Trial 40 pruned. 
Early stopping triggered for trial 041 at epoch 034 | best epoch: 004
[I 2026-05-05 17:37:11,015] Trial 41 finished with value: 4.652764616111333 and parameters: {'batch_size': 256, 'learning_rate': 0.00018702697371319194, 'num_resblk': 6, 'num_features': 128, 'weight_decay': 0.00015963590145107648}. Best is trial 3 with value: 4.108437681679445.
[I 2026-05-05 17:37:17,498] Trial 42 pruned. 
Early stopping triggered for trial 043 at epoch 033 | best epoch: 003
[I 2026-05-05 17:39:08,999] Trial 43 finished with value: 4.257702589613386 and parameters: {'batch_size': 256, 'learning_rate': 0.0002305135266865988, 'num_resblk': 6, 'num_features': 128, 'weight_decay': 0.000371843590694062}. Best is trial 3 with value: 4.108437681679445.
[I 2026-05-05 17:39:40,233] Trial 44 pruned. 
Early stopping triggered for trial 045 at epoch 037 | best epoch: 007
[I 2026-05-05 17:41:44,972] Trial 45 finished with value: 4.340239124214237 and parameters: {'batch_size': 256, 'learning_rate': 0.0002236761562095786, 'num_resblk': 6, 'num_features': 128, 'weight_decay': 0.000239977592772025}. Best is trial 3 with value: 4.108437681679445.
[I 2026-05-05 17:42:13,318] Trial 46 pruned. 
Early stopping triggered for trial 047 at epoch 038 | best epoch: 008
[I 2026-05-05 17:43:32,873] Trial 47 finished with value: 4.516115205206933 and parameters: {'batch_size': 256, 'learning_rate': 0.0001981467348847028, 'num_resblk': 8, 'num_features': 64, 'weight_decay': 6.356639074047828e-06}. Best is trial 3 with value: 4.108437681679445.
Early stopping triggered for trial 048 at epoch 035 | best epoch: 005
[I 2026-05-05 17:45:31,160] Trial 48 finished with value: 4.542364830493078 and parameters: {'batch_size': 256, 'learning_rate': 0.00023463376987813142, 'num_resblk': 6, 'num_features': 128, 'weight_decay': 4.601774927772668e-06}. Best is trial 3 with value: 4.108437681679445.
[I 2026-05-05 17:45:43,584] Trial 49 pruned. 
[I 2026-05-05 17:46:03,738] Trial 50 pruned. 
[I 2026-05-05 17:46:17,555] Trial 51 pruned. 
[I 2026-05-05 17:46:31,701] Trial 52 pruned. 
Early stopping triggered for trial 053 at epoch 035 | best epoch: 005
[I 2026-05-05 17:48:04,607] Trial 53 finished with value: 4.441909859743468 and parameters: {'batch_size': 256, 'learning_rate': 0.000227033013061189, 'num_resblk': 6, 'num_features': 96, 'weight_decay': 8.368132524007032e-05}. Best is trial 3 with value: 4.108437681679445.
[I 2026-05-05 17:48:11,221] Trial 54 pruned. 
Early stopping triggered for trial 055 at epoch 037 | best epoch: 007
[I 2026-05-05 17:49:48,967] Trial 55 finished with value: 4.410502831928346 and parameters: {'batch_size': 256, 'learning_rate': 0.0002477926789341151, 'num_resblk': 6, 'num_features': 96, 'weight_decay': 7.896662376208158e-06}. Best is trial 3 with value: 4.108437681679445.
[I 2026-05-05 17:50:06,496] Trial 56 pruned. 
Early stopping triggered for trial 057 at epoch 043 | best epoch: 013
[I 2026-05-05 17:52:16,021] Trial 57 finished with value: 4.217016091121326 and parameters: {'batch_size': 256, 'learning_rate': 0.00020822295573859627, 'num_resblk': 4, 'num_features': 128, 'weight_decay': 2.2841542803179937e-05}. Best is trial 3 with value: 4.108437681679445.
Early stopping triggered for trial 058 at epoch 041 | best epoch: 011
[I 2026-05-05 17:54:34,061] Trial 58 finished with value: 4.521214958577087 and parameters: {'batch_size': 256, 'learning_rate': 0.00020448622272182718, 'num_resblk': 6, 'num_features': 128, 'weight_decay': 2.3930947993483606e-05}. Best is trial 3 with value: 4.108437681679445.
Early stopping triggered for trial 059 at epoch 034 | best epoch: 004
[I 2026-05-05 17:56:52,587] Trial 59 finished with value: 4.648382360288507 and parameters: {'batch_size': 256, 'learning_rate': 0.00019276062916820066, 'num_resblk': 10, 'num_features': 128, 'weight_decay': 3.563951504731159e-05}. Best is trial 3 with value: 4.108437681679445.
Early stopping triggered for trial 060 at epoch 038 | best epoch: 008
[I 2026-05-05 17:59:00,377] Trial 60 finished with value: 4.516933057937575 and parameters: {'batch_size': 256, 'learning_rate': 0.00021219600919301668, 'num_resblk': 6, 'num_features': 128, 'weight_decay': 2.173884908886301e-05}. Best is trial 3 with value: 4.108437681679445.
Early stopping triggered for trial 061 at epoch 039 | best epoch: 009
[I 2026-05-05 18:00:58,105] Trial 61 finished with value: 4.345343408215545 and parameters: {'batch_size': 256, 'learning_rate': 0.000145894517980279, 'num_resblk': 4, 'num_features': 128, 'weight_decay': 1.5088786977423682e-05}. Best is trial 3 with value: 4.108437681679445.
Early stopping triggered for trial 062 at epoch 038 | best epoch: 008
[I 2026-05-05 18:02:26,965] Trial 62 finished with value: 4.053634906071727 and parameters: {'batch_size': 256, 'learning_rate': 0.00018406776683563655, 'num_resblk': 4, 'num_features': 96, 'weight_decay': 5.574477092855363e-05}. Best is trial 62 with value: 4.053634906071727.
[I 2026-05-05 18:02:36,850] Trial 63 pruned. 
[I 2026-05-05 18:02:50,746] Trial 64 pruned. 
[I 2026-05-05 18:03:10,872] Trial 65 pruned. 
[I 2026-05-05 18:03:24,889] Trial 66 pruned. 
Early stopping triggered for trial 067 at epoch 034 | best epoch: 004
[I 2026-05-05 18:04:54,963] Trial 67 finished with value: 4.467377213082737 and parameters: {'batch_size': 256, 'learning_rate': 0.00015390506088091844, 'num_resblk': 6, 'num_features': 96, 'weight_decay': 1.6239422043720865e-05}. Best is trial 62 with value: 4.053634906071727.
Early stopping triggered for trial 068 at epoch 036 | best epoch: 006
[I 2026-05-05 18:06:44,707] Trial 68 finished with value: 4.280958711075179 and parameters: {'batch_size': 256, 'learning_rate': 0.00017707840611218606, 'num_resblk': 4, 'num_features': 128, 'weight_decay': 0.00047034168929625326}. Best is trial 62 with value: 4.053634906071727.
Early stopping triggered for trial 069 at epoch 036 | best epoch: 006
[I 2026-05-05 18:08:20,375] Trial 69 finished with value: 4.526003540478181 and parameters: {'batch_size': 256, 'learning_rate': 0.00020691263302464303, 'num_resblk': 6, 'num_features': 96, 'weight_decay': 8.231812514449891e-06}. Best is trial 62 with value: 4.053634906071727.
[I 2026-05-05 18:08:27,053] Trial 70 pruned. 
Early stopping triggered for trial 071 at epoch 043 | best epoch: 013
[I 2026-05-05 18:10:38,050] Trial 71 finished with value: 4.277514000672214 and parameters: {'batch_size': 256, 'learning_rate': 0.00019845371636434146, 'num_resblk': 4, 'num_features': 128, 'weight_decay': 0.0003642659873905928}. Best is trial 62 with value: 4.053634906071727.
Early stopping triggered for trial 072 at epoch 033 | best epoch: 003
[I 2026-05-05 18:12:19,046] Trial 72 finished with value: 4.2918370289960395 and parameters: {'batch_size': 256, 'learning_rate': 0.00019920495287029729, 'num_resblk': 4, 'num_features': 128, 'weight_decay': 0.0003241289681064048}. Best is trial 62 with value: 4.053634906071727.
Early stopping triggered for trial 073 at epoch 038 | best epoch: 008
[I 2026-05-05 18:14:15,573] Trial 73 finished with value: 4.559474821499945 and parameters: {'batch_size': 256, 'learning_rate': 0.00018922710445039927, 'num_resblk': 4, 'num_features': 128, 'weight_decay': 0.00024560666325268963}. Best is trial 62 with value: 4.053634906071727.
Early stopping triggered for trial 074 at epoch 040 | best epoch: 010
[I 2026-05-05 18:16:19,133] Trial 74 finished with value: 4.538314860697286 and parameters: {'batch_size': 256, 'learning_rate': 0.0002300542108424138, 'num_resblk': 4, 'num_features': 128, 'weight_decay': 0.00037865308371123234}. Best is trial 62 with value: 4.053634906071727.
Early stopping triggered for trial 075 at epoch 042 | best epoch: 012
[I 2026-05-05 18:18:43,155] Trial 75 finished with value: 4.508374514007485 and parameters: {'batch_size': 256, 'learning_rate': 0.0001731997157128451, 'num_resblk': 6, 'num_features': 128, 'weight_decay': 0.0002086605062677369}. Best is trial 62 with value: 4.053634906071727.
Early stopping triggered for trial 076 at epoch 045 | best epoch: 015
[I 2026-05-05 18:20:56,525] Trial 76 finished with value: 4.567175952000291 and parameters: {'batch_size': 256, 'learning_rate': 0.0002386231770234249, 'num_resblk': 8, 'num_features': 96, 'weight_decay': 0.000696603886419822}. Best is trial 62 with value: 4.053634906071727.
Early stopping triggered for trial 077 at epoch 040 | best epoch: 010
[I 2026-05-05 18:23:14,123] Trial 77 finished with value: 4.642690331928345 and parameters: {'batch_size': 256, 'learning_rate': 0.0002083075555333488, 'num_resblk': 6, 'num_features': 128, 'weight_decay': 2.922524292400634e-05}. Best is trial 62 with value: 4.053634906071727.
[I 2026-05-05 18:23:28,345] Trial 78 pruned. 
[I 2026-05-05 18:23:38,340] Trial 79 pruned. 
[I 2026-05-05 18:24:07,252] Trial 80 pruned. 
Early stopping triggered for trial 081 at epoch 040 | best epoch: 010
[I 2026-05-05 18:26:11,155] Trial 81 finished with value: 4.540839194387922 and parameters: {'batch_size': 256, 'learning_rate': 0.00017462208955453152, 'num_resblk': 4, 'num_features': 128, 'weight_decay': 0.0005141573222158624}. Best is trial 62 with value: 4.053634906071727.
Early stopping triggered for trial 082 at epoch 038 | best epoch: 008
[I 2026-05-05 18:28:08,554] Trial 82 finished with value: 4.164283036136042 and parameters: {'batch_size': 256, 'learning_rate': 0.00017779153272288266, 'num_resblk': 4, 'num_features': 128, 'weight_decay': 0.00040567270220426234}. Best is trial 62 with value: 4.053634906071727.
Early stopping triggered for trial 083 at epoch 039 | best epoch: 009
[I 2026-05-05 18:30:09,018] Trial 83 finished with value: 3.902641198993496 and parameters: {'batch_size': 256, 'learning_rate': 0.00020011299006958842, 'num_resblk': 4, 'num_features': 128, 'weight_decay': 2.0427989455063885e-05}. Best is trial 83 with value: 3.902641198993496.
Early stopping triggered for trial 084 at epoch 040 | best epoch: 010
[I 2026-05-05 18:32:25,695] Trial 84 finished with value: 4.366812014007485 and parameters: {'batch_size': 256, 'learning_rate': 0.0001571924149022928, 'num_resblk': 6, 'num_features': 128, 'weight_decay': 1.9775870214599967e-05}. Best is trial 83 with value: 3.902641198993496.
Early stopping triggered for trial 085 at epoch 039 | best epoch: 009
[I 2026-05-05 18:33:58,758] Trial 85 finished with value: 4.756304594673159 and parameters: {'batch_size': 256, 'learning_rate': 0.0001948293838228061, 'num_resblk': 4, 'num_features': 96, 'weight_decay': 3.7701449108690653e-06}. Best is trial 83 with value: 3.902641198993496.
Early stopping triggered for trial 086 at epoch 039 | best epoch: 009
[I 2026-05-05 18:36:12,906] Trial 86 finished with value: 4.573704580138803 and parameters: {'batch_size': 256, 'learning_rate': 0.00019042187903102174, 'num_resblk': 6, 'num_features': 128, 'weight_decay': 2.4165869988034928e-05}. Best is trial 83 with value: 3.902641198993496.
Early stopping triggered for trial 087 at epoch 048 | best epoch: 018
[I 2026-05-05 18:38:06,166] Trial 87 finished with value: 4.477717572490098 and parameters: {'batch_size': 256, 'learning_rate': 0.00018414935522413747, 'num_resblk': 4, 'num_features': 96, 'weight_decay': 7.171146592570119e-06}. Best is trial 83 with value: 3.902641198993496.
[I 2026-05-05 18:38:12,941] Trial 88 pruned. 
Early stopping triggered for trial 089 at epoch 037 | best epoch: 007
[I 2026-05-05 18:40:20,066] Trial 89 finished with value: 4.155147705388612 and parameters: {'batch_size': 256, 'learning_rate': 0.00016872509615027475, 'num_resblk': 6, 'num_features': 128, 'weight_decay': 5.81336803736077e-06}. Best is trial 83 with value: 3.902641198993496.
Early stopping triggered for trial 090 at epoch 034 | best epoch: 004
[I 2026-05-05 18:41:51,405] Trial 90 finished with value: 4.4508182217670145 and parameters: {'batch_size': 256, 'learning_rate': 0.0001801051968167465, 'num_resblk': 6, 'num_features': 96, 'weight_decay': 9.994678670312124e-06}. Best is trial 83 with value: 3.902641198993496.
Early stopping triggered for trial 091 at epoch 037 | best epoch: 007
[I 2026-05-05 18:43:58,615] Trial 91 finished with value: 4.506169635233094 and parameters: {'batch_size': 256, 'learning_rate': 0.00016938564663235774, 'num_resblk': 6, 'num_features': 128, 'weight_decay': 2.4680447755124323e-06}. Best is trial 83 with value: 3.902641198993496.
Early stopping triggered for trial 092 at epoch 037 | best epoch: 007
[I 2026-05-05 18:46:18,590] Trial 92 finished with value: 4.367730715862432 and parameters: {'batch_size': 256, 'learning_rate': 0.00016649553827027905, 'num_resblk': 8, 'num_features': 128, 'weight_decay': 5.9359966496654964e-06}. Best is trial 83 with value: 3.902641198993496.
Early stopping triggered for trial 093 at epoch 041 | best epoch: 011
[I 2026-05-05 18:48:38,368] Trial 93 finished with value: 4.914857813124523 and parameters: {'batch_size': 256, 'learning_rate': 0.00014538207122633676, 'num_resblk': 6, 'num_features': 128, 'weight_decay': 1.2962524489903983e-05}. Best is trial 83 with value: 3.902641198993496.
Early stopping triggered for trial 094 at epoch 038 | best epoch: 008
[I 2026-05-05 18:50:34,777] Trial 94 finished with value: 4.343754996184732 and parameters: {'batch_size': 256, 'learning_rate': 0.00015826863509646054, 'num_resblk': 4, 'num_features': 128, 'weight_decay': 9.200345921788625e-06}. Best is trial 83 with value: 3.902641198993496.
Early stopping triggered for trial 095 at epoch 034 | best epoch: 004
[I 2026-05-05 18:52:31,987] Trial 95 finished with value: 4.397214206878384 and parameters: {'batch_size': 256, 'learning_rate': 0.00020140336879655336, 'num_resblk': 6, 'num_features': 128, 'weight_decay': 1.7281767983983183e-05}. Best is trial 83 with value: 3.902641198993496.
Early stopping triggered for trial 096 at epoch 040 | best epoch: 010
[I 2026-05-05 18:55:32,296] Trial 96 finished with value: 4.327445416681806 and parameters: {'batch_size': 256, 'learning_rate': 0.00017622372187991837, 'num_resblk': 12, 'num_features': 128, 'weight_decay': 5.35004079718125e-06}. Best is trial 83 with value: 3.902641198993496.
[I 2026-05-05 18:55:46,781] Trial 97 pruned. 
[I 2026-05-05 18:55:58,325] Trial 98 pruned. 
Early stopping triggered for trial 099 at epoch 033 | best epoch: 003
[I 2026-05-05 18:57:52,473] Trial 99 finished with value: 4.314242862268813 and parameters: {'batch_size': 256, 'learning_rate': 0.00022758923736442826, 'num_resblk': 6, 'num_features': 128, 'weight_decay': 0.00012917936518029444}. Best is trial 83 with value: 3.902641198993496.
Early stopping triggered for trial 100 at epoch 035 | best epoch: 005
[I 2026-05-05 18:59:47,654] Trial 100 finished with value: 4.602771712964645 and parameters: {'batch_size': 256, 'learning_rate': 0.00018612274344306594, 'num_resblk': 10, 'num_features': 96, 'weight_decay': 9.163976100094074e-05}. Best is trial 83 with value: 3.902641198993496.
Early stopping triggered for trial 101 at epoch 035 | best epoch: 005
[I 2026-05-05 19:01:34,791] Trial 101 finished with value: 4.403796044384288 and parameters: {'batch_size': 256, 'learning_rate': 0.0002104137278894806, 'num_resblk': 4, 'num_features': 128, 'weight_decay': 0.00041142127749220004}. Best is trial 83 with value: 3.902641198993496.
Early stopping triggered for trial 102 at epoch 043 | best epoch: 013
[I 2026-05-05 19:03:46,223] Trial 102 finished with value: 4.4580318892845465 and parameters: {'batch_size': 256, 'learning_rate': 0.00019356453230658734, 'num_resblk': 4, 'num_features': 128, 'weight_decay': 0.0006049505976381727}. Best is trial 83 with value: 3.902641198993496.
Early stopping triggered for trial 103 at epoch 038 | best epoch: 008
[I 2026-05-05 19:05:42,545] Trial 103 finished with value: 4.424749872824389 and parameters: {'batch_size': 256, 'learning_rate': 0.0002031512341988746, 'num_resblk': 4, 'num_features': 128, 'weight_decay': 0.00027270816380277904}. Best is trial 83 with value: 3.902641198993496.
Early stopping triggered for trial 104 at epoch 042 | best epoch: 012
[I 2026-05-05 19:07:51,027] Trial 104 finished with value: 4.368171163611424 and parameters: {'batch_size': 256, 'learning_rate': 0.0001794108867816913, 'num_resblk': 4, 'num_features': 128, 'weight_decay': 0.0003068257619879288}. Best is trial 83 with value: 3.902641198993496.
[I 2026-05-05 19:08:09,539] Trial 105 pruned. 
Early stopping triggered for trial 106 at epoch 037 | best epoch: 007
[I 2026-05-05 19:10:28,576] Trial 106 finished with value: 4.602423115529959 and parameters: {'batch_size': 256, 'learning_rate': 0.00019854521101317666, 'num_resblk': 8, 'num_features': 128, 'weight_decay': 2.181270642500874e-05}. Best is trial 83 with value: 3.902641198993496.
Early stopping triggered for trial 107 at epoch 043 | best epoch: 013
[I 2026-05-05 19:12:10,023] Trial 107 finished with value: 4.2683418003524585 and parameters: {'batch_size': 256, 'learning_rate': 0.0001713405513496415, 'num_resblk': 4, 'num_features': 96, 'weight_decay': 0.0008014575321759999}. Best is trial 83 with value: 3.902641198993496.
Early stopping triggered for trial 108 at epoch 043 | best epoch: 013
[I 2026-05-05 19:14:03,600] Trial 108 finished with value: 4.541847748083282 and parameters: {'batch_size': 256, 'learning_rate': 0.00015439687131548065, 'num_resblk': 6, 'num_features': 96, 'weight_decay': 1.4317993873026867e-05}. Best is trial 83 with value: 3.902641198993496.
Early stopping triggered for trial 109 at epoch 047 | best epoch: 017
[I 2026-05-05 19:15:53,236] Trial 109 finished with value: 4.636584937411431 and parameters: {'batch_size': 256, 'learning_rate': 0.00023820879038945257, 'num_resblk': 4, 'num_features': 96, 'weight_decay': 0.0008519754486850853}. Best is trial 83 with value: 3.902641198993496.
Early stopping triggered for trial 110 at epoch 042 | best epoch: 012
[I 2026-05-05 19:17:44,059] Trial 110 finished with value: 4.3907685494713125 and parameters: {'batch_size': 256, 'learning_rate': 0.00017058640733010692, 'num_resblk': 6, 'num_features': 96, 'weight_decay': 3.1886580917906504e-05}. Best is trial 83 with value: 3.902641198993496.
Early stopping triggered for trial 111 at epoch 042 | best epoch: 012
[I 2026-05-05 19:19:22,097] Trial 111 finished with value: 4.283477736319538 and parameters: {'batch_size': 256, 'learning_rate': 0.0001899278128237063, 'num_resblk': 4, 'num_features': 96, 'weight_decay': 0.00022519270920114273}. Best is trial 83 with value: 3.902641198993496.
[I 2026-05-05 19:19:35,991] Trial 112 pruned. 
[I 2026-05-05 19:19:42,536] Trial 113 pruned. 
Early stopping triggered for trial 114 at epoch 042 | best epoch: 012
[I 2026-05-05 19:21:49,627] Trial 114 finished with value: 4.399057339168271 and parameters: {'batch_size': 256, 'learning_rate': 0.00018205769970625895, 'num_resblk': 4, 'num_features': 128, 'weight_decay': 0.00018119206268379782}. Best is trial 83 with value: 3.902641198993496.
[I 2026-05-05 19:22:03,717] Trial 115 pruned. 
Early stopping triggered for trial 116 at epoch 033 | best epoch: 003
[I 2026-05-05 19:23:55,403] Trial 116 finished with value: 4.5498881649467675 and parameters: {'batch_size': 256, 'learning_rate': 0.0001753391425986427, 'num_resblk': 6, 'num_features': 128, 'weight_decay': 1.934411035158239e-05}. Best is trial 83 with value: 3.902641198993496.
Early stopping triggered for trial 117 at epoch 041 | best epoch: 011
[I 2026-05-05 19:25:31,060] Trial 117 finished with value: 4.350865452745176 and parameters: {'batch_size': 256, 'learning_rate': 0.0002062001517058625, 'num_resblk': 4, 'num_features': 96, 'weight_decay': 0.000723965360780465}. Best is trial 83 with value: 3.902641198993496.
Early stopping triggered for trial 118 at epoch 036 | best epoch: 006
[I 2026-05-05 19:27:20,166] Trial 118 finished with value: 4.444369362259729 and parameters: {'batch_size': 256, 'learning_rate': 0.00021643583482050774, 'num_resblk': 4, 'num_features': 128, 'weight_decay': 0.0005852182722592831}. Best is trial 83 with value: 3.902641198993496.
[I 2026-05-05 19:27:31,353] Trial 119 pruned. 
Early stopping triggered for trial 120 at epoch 042 | best epoch: 012
[I 2026-05-05 19:29:09,353] Trial 120 finished with value: 4.39379808260056 and parameters: {'batch_size': 256, 'learning_rate': 0.0001961163418626346, 'num_resblk': 4, 'num_features': 96, 'weight_decay': 2.75303477599617e-05}. Best is trial 83 with value: 3.902641198993496.
Early stopping triggered for trial 121 at epoch 040 | best epoch: 010
[I 2026-05-05 19:31:10,393] Trial 121 finished with value: 4.312631240688929 and parameters: {'batch_size': 256, 'learning_rate': 0.00017640153918459757, 'num_resblk': 4, 'num_features': 128, 'weight_decay': 0.0004289893934003307}. Best is trial 83 with value: 3.902641198993496.
Early stopping triggered for trial 122 at epoch 038 | best epoch: 008
[I 2026-05-05 19:33:05,807] Trial 122 finished with value: 4.280487230206025 and parameters: {'batch_size': 256, 'learning_rate': 0.00017240145357809525, 'num_resblk': 4, 'num_features': 128, 'weight_decay': 0.00048251343260880366}. Best is trial 83 with value: 3.902641198993496.
Early stopping triggered for trial 123 at epoch 035 | best epoch: 005
[I 2026-05-05 19:34:52,247] Trial 123 finished with value: 4.44333884806148 and parameters: {'batch_size': 256, 'learning_rate': 0.00017035392369721113, 'num_resblk': 4, 'num_features': 128, 'weight_decay': 0.0002895338007522262}. Best is trial 83 with value: 3.902641198993496.
Early stopping triggered for trial 124 at epoch 039 | best epoch: 009
[I 2026-05-05 19:36:50,103] Trial 124 finished with value: 4.211031774599397 and parameters: {'batch_size': 256, 'learning_rate': 0.00017978100790359475, 'num_resblk': 4, 'num_features': 128, 'weight_decay': 0.0003432715422967127}. Best is trial 83 with value: 3.902641198993496.
Early stopping triggered for trial 125 at epoch 034 | best epoch: 004
[I 2026-05-05 19:38:44,920] Trial 125 finished with value: 4.729632326223611 and parameters: {'batch_size': 256, 'learning_rate': 0.00018093641384204733, 'num_resblk': 6, 'num_features': 128, 'weight_decay': 0.0003568078615689914}. Best is trial 83 with value: 3.902641198993496.
Early stopping triggered for trial 126 at epoch 038 | best epoch: 008
[I 2026-05-05 19:40:39,974] Trial 126 finished with value: 4.663734988735874 and parameters: {'batch_size': 256, 'learning_rate': 0.0001920683028426252, 'num_resblk': 4, 'num_features': 128, 'weight_decay': 0.00018575200948731715}. Best is trial 83 with value: 3.902641198993496.
Early stopping triggered for trial 127 at epoch 045 | best epoch: 015
[I 2026-05-05 19:42:55,930] Trial 127 finished with value: 4.609650272746267 and parameters: {'batch_size': 256, 'learning_rate': 0.00020003998847456565, 'num_resblk': 4, 'num_features': 128, 'weight_decay': 1.1580926956545477e-05}. Best is trial 83 with value: 3.902641198993496.
[I 2026-05-05 19:43:09,989] Trial 128 pruned. 
Early stopping triggered for trial 129 at epoch 049 | best epoch: 019
[I 2026-05-05 19:45:55,478] Trial 129 finished with value: 4.578484685558301 and parameters: {'batch_size': 256, 'learning_rate': 0.00023118767897356449, 'num_resblk': 6, 'num_features': 128, 'weight_decay': 0.0002477764522077647}. Best is trial 83 with value: 3.902641198993496.
Early stopping triggered for trial 130 at epoch 035 | best epoch: 005
[I 2026-05-05 19:47:17,771] Trial 130 finished with value: 4.382612028087642 and parameters: {'batch_size': 256, 'learning_rate': 0.00024960485467285625, 'num_resblk': 4, 'num_features': 96, 'weight_decay': 0.0005499730825889117}. Best is trial 83 with value: 3.902641198993496.
Early stopping triggered for trial 131 at epoch 034 | best epoch: 004
[I 2026-05-05 19:49:01,014] Trial 131 finished with value: 4.451872922041351 and parameters: {'batch_size': 256, 'learning_rate': 0.00017298757789312226, 'num_resblk': 4, 'num_features': 128, 'weight_decay': 0.000488706345989574}. Best is trial 83 with value: 3.902641198993496.
Early stopping triggered for trial 132 at epoch 035 | best epoch: 005
[I 2026-05-05 19:50:47,548] Trial 132 finished with value: 4.1788899726572435 and parameters: {'batch_size': 256, 'learning_rate': 0.00017809917809119623, 'num_resblk': 4, 'num_features': 128, 'weight_decay': 0.0001355730625861328}. Best is trial 83 with value: 3.902641198993496.
Early stopping triggered for trial 133 at epoch 040 | best epoch: 010
[I 2026-05-05 19:52:48,971] Trial 133 finished with value: 4.532898837478653 and parameters: {'batch_size': 256, 'learning_rate': 0.00018896239629228733, 'num_resblk': 4, 'num_features': 128, 'weight_decay': 0.00014527219611806873}. Best is trial 83 with value: 3.902641198993496.
Early stopping triggered for trial 134 at epoch 033 | best epoch: 003
[I 2026-05-05 19:54:29,719] Trial 134 finished with value: 4.2784600793484975 and parameters: {'batch_size': 256, 'learning_rate': 0.00018497802812255523, 'num_resblk': 4, 'num_features': 128, 'weight_decay': 1.6090597336495937e-05}. Best is trial 83 with value: 3.902641198993496.
Early stopping triggered for trial 135 at epoch 034 | best epoch: 004
[I 2026-05-05 19:56:13,158] Trial 135 finished with value: 4.646391289833218 and parameters: {'batch_size': 256, 'learning_rate': 0.0001786883535642918, 'num_resblk': 4, 'num_features': 128, 'weight_decay': 0.00018727691532552664}. Best is trial 83 with value: 3.902641198993496.
[I 2026-05-05 19:56:20,611] Trial 136 pruned. 
Early stopping triggered for trial 137 at epoch 038 | best epoch: 008
[I 2026-05-05 19:58:16,021] Trial 137 finished with value: 4.188837098261327 and parameters: {'batch_size': 256, 'learning_rate': 0.00016042002562265088, 'num_resblk': 4, 'num_features': 128, 'weight_decay': 0.00010622238603108627}. Best is trial 83 with value: 3.902641198993496.
Early stopping triggered for trial 138 at epoch 033 | best epoch: 003
[I 2026-05-05 20:00:19,555] Trial 138 finished with value: 4.224119814187348 and parameters: {'batch_size': 256, 'learning_rate': 0.00015642587186897341, 'num_resblk': 8, 'num_features': 128, 'weight_decay': 0.00010183264592818313}. Best is trial 83 with value: 3.902641198993496.
Early stopping triggered for trial 139 at epoch 042 | best epoch: 012
[I 2026-05-05 20:02:55,726] Trial 139 finished with value: 4.718824443152502 and parameters: {'batch_size': 256, 'learning_rate': 0.00015735193859784524, 'num_resblk': 8, 'num_features': 128, 'weight_decay': 8.920598299895761e-05}. Best is trial 83 with value: 3.902641198993496.
Early stopping triggered for trial 140 at epoch 034 | best epoch: 004
[I 2026-05-05 20:05:14,661] Trial 140 finished with value: 4.3164797563678645 and parameters: {'batch_size': 256, 'learning_rate': 0.00014903508415373763, 'num_resblk': 10, 'num_features': 128, 'weight_decay': 0.00010812175153062373}. Best is trial 83 with value: 3.902641198993496.
Early stopping triggered for trial 141 at epoch 039 | best epoch: 009
[I 2026-05-05 20:07:40,417] Trial 141 finished with value: 4.773095136441263 and parameters: {'batch_size': 256, 'learning_rate': 0.00016150167997876032, 'num_resblk': 8, 'num_features': 128, 'weight_decay': 0.00011762299391807513}. Best is trial 83 with value: 3.902641198993496.
Early stopping triggered for trial 142 at epoch 037 | best epoch: 007
[I 2026-05-05 20:09:45,724] Trial 142 finished with value: 4.283714822317503 and parameters: {'batch_size': 256, 'learning_rate': 0.0001538685692873007, 'num_resblk': 6, 'num_features': 128, 'weight_decay': 6.235465103063052e-05}. Best is trial 83 with value: 3.902641198993496.
Early stopping triggered for trial 143 at epoch 034 | best epoch: 004
[I 2026-05-05 20:11:40,870] Trial 143 finished with value: 4.547188090458196 and parameters: {'batch_size': 256, 'learning_rate': 0.00016536554014872796, 'num_resblk': 6, 'num_features': 128, 'weight_decay': 7.178825717139492e-05}. Best is trial 83 with value: 3.902641198993496.
[I 2026-05-05 20:12:00,057] Trial 144 pruned. 
Early stopping triggered for trial 145 at epoch 044 | best epoch: 014
[I 2026-05-05 20:14:44,602] Trial 145 finished with value: 4.118686690390974 and parameters: {'batch_size': 256, 'learning_rate': 0.00016971155556292538, 'num_resblk': 8, 'num_features': 128, 'weight_decay': 2.3602851020468538e-05}. Best is trial 83 with value: 3.902641198993496.
Early stopping triggered for trial 146 at epoch 038 | best epoch: 008
[I 2026-05-05 20:17:06,735] Trial 146 finished with value: 4.55628454180444 and parameters: {'batch_size': 256, 'learning_rate': 0.00016817291606564626, 'num_resblk': 8, 'num_features': 128, 'weight_decay': 2.4549757970656687e-05}. Best is trial 83 with value: 3.902641198993496.
Early stopping triggered for trial 147 at epoch 038 | best epoch: 008
[I 2026-05-05 20:19:15,499] Trial 147 finished with value: 4.544437406889284 and parameters: {'batch_size': 256, 'learning_rate': 0.00017656378910868166, 'num_resblk': 6, 'num_features': 128, 'weight_decay': 3.891501511751636e-05}. Best is trial 83 with value: 3.902641198993496.
Early stopping triggered for trial 148 at epoch 037 | best epoch: 007
[I 2026-05-05 20:21:33,792] Trial 148 finished with value: 4.743057755895498 and parameters: {'batch_size': 256, 'learning_rate': 0.00014082786267990876, 'num_resblk': 8, 'num_features': 128, 'weight_decay': 0.00010549193970524895}. Best is trial 83 with value: 3.902641198993496.
[I 2026-05-05 20:21:53,952] Trial 149 pruned. 
Early stopping triggered for trial 150 at epoch 047 | best epoch: 017
[I 2026-05-05 20:24:48,134] Trial 150 finished with value: 4.7841204784528175 and parameters: {'batch_size': 256, 'learning_rate': 0.00015509479928305577, 'num_resblk': 8, 'num_features': 128, 'weight_decay': 4.405352099911621e-05}. Best is trial 83 with value: 3.902641198993496.
Early stopping triggered for trial 151 at epoch 037 | best epoch: 007
[I 2026-05-05 20:26:15,151] Trial 151 finished with value: 4.431288249200611 and parameters: {'batch_size': 256, 'learning_rate': 0.000169375615233041, 'num_resblk': 4, 'num_features': 96, 'weight_decay': 1.8877978393568547e-05}. Best is trial 83 with value: 3.902641198993496.
Early stopping triggered for trial 152 at epoch 046 | best epoch: 016
[I 2026-05-05 20:28:33,622] Trial 152 finished with value: 4.602049855110643 and parameters: {'batch_size': 256, 'learning_rate': 0.00017403486007961657, 'num_resblk': 4, 'num_features': 128, 'weight_decay': 3.279584378879908e-05}. Best is trial 83 with value: 3.902641198993496.
[I 2026-05-05 20:28:49,126] Trial 153 pruned. 
Early stopping triggered for trial 154 at epoch 041 | best epoch: 011
[I 2026-05-05 20:30:53,747] Trial 154 finished with value: 4.275282239017478 and parameters: {'batch_size': 256, 'learning_rate': 0.00016189458292622616, 'num_resblk': 4, 'num_features': 128, 'weight_decay': 5.298580930948609e-05}. Best is trial 83 with value: 3.902641198993496.
Early stopping triggered for trial 155 at epoch 040 | best epoch: 010
[I 2026-05-05 20:33:03,459] Trial 155 finished with value: 4.515805294139021 and parameters: {'batch_size': 256, 'learning_rate': 0.00016827895349468341, 'num_resblk': 10, 'num_features': 96, 'weight_decay': 7.888858074462622e-05}. Best is trial 83 with value: 3.902641198993496.
Early stopping triggered for trial 156 at epoch 038 | best epoch: 008
[I 2026-05-05 20:35:12,026] Trial 156 finished with value: 4.450855312761164 and parameters: {'batch_size': 256, 'learning_rate': 0.00017976848197347262, 'num_resblk': 6, 'num_features': 128, 'weight_decay': 9.919942084100261e-05}. Best is trial 83 with value: 3.902641198993496.
[I 2026-05-05 20:35:26,175] Trial 157 pruned. 
Early stopping triggered for trial 158 at epoch 040 | best epoch: 010
[I 2026-05-05 20:37:27,474] Trial 158 finished with value: 4.631595338559645 and parameters: {'batch_size': 256, 'learning_rate': 0.0001727080213303033, 'num_resblk': 4, 'num_features': 128, 'weight_decay': 9.228407561734982e-06}. Best is trial 83 with value: 3.902641198993496.
Early stopping triggered for trial 159 at epoch 039 | best epoch: 009
[I 2026-05-05 20:39:25,782] Trial 159 finished with value: 4.266436073816358 and parameters: {'batch_size': 256, 'learning_rate': 0.0002423445573372793, 'num_resblk': 4, 'num_features': 128, 'weight_decay': 0.00016395380581062634}. Best is trial 83 with value: 3.902641198993496.
Early stopping triggered for trial 160 at epoch 035 | best epoch: 005
[I 2026-05-05 20:41:25,168] Trial 160 finished with value: 4.393099996366411 and parameters: {'batch_size': 256, 'learning_rate': 0.00024259229550818492, 'num_resblk': 6, 'num_features': 128, 'weight_decay': 0.00026479936270509493}. Best is trial 83 with value: 3.902641198993496.
[I 2026-05-05 20:41:43,477] Trial 161 pruned. 
Early stopping triggered for trial 162 at epoch 050 | best epoch: 020
[I 2026-05-05 20:44:14,747] Trial 162 finished with value: 4.382242571581701 and parameters: {'batch_size': 256, 'learning_rate': 0.00025812810594644345, 'num_resblk': 4, 'num_features': 128, 'weight_decay': 0.00016026655173113485}. Best is trial 83 with value: 3.902641198993496.
Early stopping triggered for trial 163 at epoch 039 | best epoch: 009
[I 2026-05-05 20:46:13,745] Trial 163 finished with value: 4.211162527024817 and parameters: {'batch_size': 256, 'learning_rate': 0.00026995720371319966, 'num_resblk': 4, 'num_features': 128, 'weight_decay': 0.00020130073148842621}. Best is trial 83 with value: 3.902641198993496.
Early stopping triggered for trial 164 at epoch 033 | best epoch: 003
[I 2026-05-05 20:47:54,791] Trial 164 finished with value: 4.220268056665819 and parameters: {'batch_size': 256, 'learning_rate': 0.0002697632410282818, 'num_resblk': 4, 'num_features': 128, 'weight_decay': 0.00012315826968063663}. Best is trial 83 with value: 3.902641198993496.
Early stopping triggered for trial 165 at epoch 050 | best epoch: 020
[I 2026-05-05 20:50:26,289] Trial 165 finished with value: 4.684137931034483 and parameters: {'batch_size': 256, 'learning_rate': 0.0002694515408175458, 'num_resblk': 4, 'num_features': 128, 'weight_decay': 0.00020676892171928908}. Best is trial 83 with value: 3.902641198993496.
[I 2026-05-05 20:50:44,446] Trial 166 pruned. 
Early stopping triggered for trial 167 at epoch 036 | best epoch: 006
[I 2026-05-05 20:52:47,174] Trial 167 finished with value: 4.305240935331201 and parameters: {'batch_size': 256, 'learning_rate': 0.00026179960792712244, 'num_resblk': 6, 'num_features': 128, 'weight_decay': 0.00032553594292648055}. Best is trial 83 with value: 3.902641198993496.
Early stopping triggered for trial 168 at epoch 040 | best epoch: 010
[I 2026-05-05 20:54:49,671] Trial 168 finished with value: 4.312327290977799 and parameters: {'batch_size': 256, 'learning_rate': 0.000283391921829196, 'num_resblk': 4, 'num_features': 128, 'weight_decay': 0.00012473808883340835}. Best is trial 83 with value: 3.902641198993496.
Early stopping triggered for trial 169 at epoch 036 | best epoch: 006
[I 2026-05-05 20:56:39,730] Trial 169 finished with value: 3.6230897996075724 and parameters: {'batch_size': 256, 'learning_rate': 0.000275206046665459, 'num_resblk': 4, 'num_features': 128, 'weight_decay': 2.8412013766082124e-05}. Best is trial 169 with value: 3.6230897996075724.
Early stopping triggered for trial 170 at epoch 037 | best epoch: 007
[I 2026-05-05 20:58:32,816] Trial 170 finished with value: 4.481201724365031 and parameters: {'batch_size': 256, 'learning_rate': 0.0002705763255445623, 'num_resblk': 4, 'num_features': 128, 'weight_decay': 2.7255126518741893e-05}. Best is trial 169 with value: 3.6230897996075724.
Early stopping triggered for trial 171 at epoch 037 | best epoch: 007
[I 2026-05-05 21:00:26,016] Trial 171 finished with value: 4.36913175393336 and parameters: {'batch_size': 256, 'learning_rate': 0.0002785379067611168, 'num_resblk': 4, 'num_features': 128, 'weight_decay': 1.7214245183641735e-05}. Best is trial 169 with value: 3.6230897996075724.
Early stopping triggered for trial 172 at epoch 032 | best epoch: 002
[I 2026-05-05 21:02:04,640] Trial 172 finished with value: 4.461912085316667 and parameters: {'batch_size': 256, 'learning_rate': 0.0002624148756962273, 'num_resblk': 4, 'num_features': 128, 'weight_decay': 3.1380096650175365e-05}. Best is trial 169 with value: 3.6230897996075724.
Early stopping triggered for trial 173 at epoch 043 | best epoch: 013
[I 2026-05-05 21:04:17,971] Trial 173 finished with value: 4.564863888030958 and parameters: {'batch_size': 256, 'learning_rate': 0.00029299373017351347, 'num_resblk': 4, 'num_features': 128, 'weight_decay': 2.0765382720867905e-05}. Best is trial 169 with value: 3.6230897996075724.
Early stopping triggered for trial 174 at epoch 038 | best epoch: 008
[I 2026-05-05 21:06:13,518] Trial 174 finished with value: 4.522061607499728 and parameters: {'batch_size': 256, 'learning_rate': 0.00027192460424541645, 'num_resblk': 4, 'num_features': 128, 'weight_decay': 2.3891514004279896e-05}. Best is trial 169 with value: 3.6230897996075724.
[I 2026-05-05 21:06:25,398] Trial 175 pruned. 
Early stopping triggered for trial 176 at epoch 034 | best epoch: 004
[I 2026-05-05 21:08:10,197] Trial 176 finished with value: 4.102421559899713 and parameters: {'batch_size': 256, 'learning_rate': 0.00018568888743003445, 'num_resblk': 4, 'num_features': 128, 'weight_decay': 9.848943721458384e-05}. Best is trial 169 with value: 3.6230897996075724.
Early stopping triggered for trial 177 at epoch 041 | best epoch: 011
[I 2026-05-05 21:10:15,964] Trial 177 finished with value: 4.511398977144726 and parameters: {'batch_size': 256, 'learning_rate': 0.00018806722659356622, 'num_resblk': 4, 'num_features': 128, 'weight_decay': 0.00010760111456365952}. Best is trial 169 with value: 3.6230897996075724.
Early stopping triggered for trial 178 at epoch 040 | best epoch: 010
[I 2026-05-05 21:12:18,174] Trial 178 finished with value: 4.423376137767523 and parameters: {'batch_size': 256, 'learning_rate': 0.000184485534571138, 'num_resblk': 4, 'num_features': 128, 'weight_decay': 0.00013238210835459714}. Best is trial 169 with value: 3.6230897996075724.
Early stopping triggered for trial 179 at epoch 041 | best epoch: 011
[I 2026-05-05 21:14:23,595] Trial 179 finished with value: 4.273869999273282 and parameters: {'batch_size': 256, 'learning_rate': 0.0002776252665764358, 'num_resblk': 4, 'num_features': 128, 'weight_decay': 8.638526029508934e-05}. Best is trial 169 with value: 3.6230897996075724.
Early stopping triggered for trial 180 at epoch 037 | best epoch: 007
[I 2026-05-05 21:16:16,930] Trial 180 finished with value: 4.083100007721376 and parameters: {'batch_size': 256, 'learning_rate': 0.00019194654675134756, 'num_resblk': 4, 'num_features': 128, 'weight_decay': 9.51782055303277e-05}. Best is trial 169 with value: 3.6230897996075724.
Early stopping triggered for trial 181 at epoch 032 | best epoch: 002
[I 2026-05-05 21:17:55,204] Trial 181 finished with value: 4.480061214617928 and parameters: {'batch_size': 256, 'learning_rate': 0.00019212969609949283, 'num_resblk': 4, 'num_features': 128, 'weight_decay': 9.436399697054497e-05}. Best is trial 169 with value: 3.6230897996075724.
[I 2026-05-05 21:18:13,681] Trial 182 pruned. 
Early stopping triggered for trial 183 at epoch 035 | best epoch: 005
[I 2026-05-05 21:20:01,061] Trial 183 finished with value: 4.38724858971331 and parameters: {'batch_size': 256, 'learning_rate': 0.00020426093077636974, 'num_resblk': 4, 'num_features': 128, 'weight_decay': 8.19341308465423e-05}. Best is trial 169 with value: 3.6230897996075724.
[I 2026-05-05 21:20:19,366] Trial 184 pruned. 
Early stopping triggered for trial 185 at epoch 033 | best epoch: 003
[I 2026-05-05 21:22:00,635] Trial 185 finished with value: 4.639025533910468 and parameters: {'batch_size': 256, 'learning_rate': 0.00018334069334410174, 'num_resblk': 4, 'num_features': 128, 'weight_decay': 3.8116629944696214e-06}. Best is trial 169 with value: 3.6230897996075724.
Early stopping triggered for trial 186 at epoch 045 | best epoch: 015
[I 2026-05-05 21:24:17,947] Trial 186 finished with value: 4.164070425765779 and parameters: {'batch_size': 256, 'learning_rate': 0.00017742654385690851, 'num_resblk': 4, 'num_features': 128, 'weight_decay': 0.00018248838466739683}. Best is trial 169 with value: 3.6230897996075724.
Early stopping triggered for trial 187 at epoch 046 | best epoch: 016
[I 2026-05-05 21:26:38,385] Trial 187 finished with value: 4.648143519948403 and parameters: {'batch_size': 256, 'learning_rate': 0.00017698847970761065, 'num_resblk': 4, 'num_features': 128, 'weight_decay': 4.73544480351099e-06}. Best is trial 169 with value: 3.6230897996075724.
Early stopping triggered for trial 188 at epoch 038 | best epoch: 008
[I 2026-05-05 21:27:40,683] Trial 188 finished with value: 4.399174374795611 and parameters: {'batch_size': 256, 'learning_rate': 0.00017869831387967507, 'num_resblk': 4, 'num_features': 64, 'weight_decay': 0.00013789267766943175}. Best is trial 169 with value: 3.6230897996075724.
Early stopping triggered for trial 189 at epoch 037 | best epoch: 007
[I 2026-05-05 21:29:34,807] Trial 189 finished with value: 3.8280171391846225 and parameters: {'batch_size': 256, 'learning_rate': 0.0001884667025505117, 'num_resblk': 4, 'num_features': 128, 'weight_decay': 7.926719336069472e-06}. Best is trial 169 with value: 3.6230897996075724.
Early stopping triggered for trial 190 at epoch 038 | best epoch: 008
[I 2026-05-05 21:31:31,127] Trial 190 finished with value: 4.386381252043893 and parameters: {'batch_size': 256, 'learning_rate': 0.0001886360500114538, 'num_resblk': 4, 'num_features': 128, 'weight_decay': 1.1131954451715754e-05}. Best is trial 169 with value: 3.6230897996075724.
Early stopping triggered for trial 191 at epoch 043 | best epoch: 013
[I 2026-05-05 21:33:41,252] Trial 191 finished with value: 4.102583084281094 and parameters: {'batch_size': 256, 'learning_rate': 0.0001861021454577883, 'num_resblk': 4, 'num_features': 128, 'weight_decay': 7.3619779453122705e-06}. Best is trial 169 with value: 3.6230897996075724.
Early stopping triggered for trial 192 at epoch 034 | best epoch: 004
[I 2026-05-05 21:35:25,282] Trial 192 finished with value: 4.59494983944079 and parameters: {'batch_size': 256, 'learning_rate': 0.0001852137015238105, 'num_resblk': 4, 'num_features': 128, 'weight_decay': 5.326325297183885e-06}. Best is trial 169 with value: 3.6230897996075724.
Early stopping triggered for trial 193 at epoch 044 | best epoch: 014
[I 2026-05-05 21:37:39,043] Trial 193 finished with value: 4.282349285545584 and parameters: {'batch_size': 256, 'learning_rate': 0.00018112512320079594, 'num_resblk': 4, 'num_features': 128, 'weight_decay': 7.6062178850016175e-06}. Best is trial 169 with value: 3.6230897996075724.
Early stopping triggered for trial 194 at epoch 036 | best epoch: 006
[I 2026-05-05 21:39:28,546] Trial 194 finished with value: 4.392453847743541 and parameters: {'batch_size': 256, 'learning_rate': 0.00019057049842996585, 'num_resblk': 4, 'num_features': 128, 'weight_decay': 8.32263044726943e-06}. Best is trial 169 with value: 3.6230897996075724.
[I 2026-05-05 21:39:46,796] Trial 195 pruned. 
Early stopping triggered for trial 196 at epoch 044 | best epoch: 014
[I 2026-05-05 21:41:59,993] Trial 196 finished with value: 4.531733227580757 and parameters: {'batch_size': 256, 'learning_rate': 0.0001871271453598809, 'num_resblk': 4, 'num_features': 128, 'weight_decay': 9.984210266488197e-06}. Best is trial 169 with value: 3.6230897996075724.
[I 2026-05-05 21:42:18,193] Trial 197 pruned. 
Early stopping triggered for trial 198 at epoch 037 | best epoch: 007
[I 2026-05-05 21:44:11,138] Trial 198 finished with value: 4.053966147441954 and parameters: {'batch_size': 256, 'learning_rate': 0.00018004751118606558, 'num_resblk': 4, 'num_features': 128, 'weight_decay': 2.6069678315253285e-05}. Best is trial 169 with value: 3.6230897996075724.
Early stopping triggered for trial 199 at epoch 040 | best epoch: 010
[I 2026-05-05 21:45:47,235] Trial 199 finished with value: 4.033663986137858 and parameters: {'batch_size': 256, 'learning_rate': 0.0001788279426210948, 'num_resblk': 4, 'num_features': 96, 'weight_decay': 2.7398729573826595e-05}. Best is trial 169 with value: 3.6230897996075724.
[I 2026-05-05 21:46:01,984] Trial 200 pruned. 
Early stopping triggered for trial 201 at epoch 034 | best epoch: 004
[I 2026-05-05 21:47:24,008] Trial 201 finished with value: 4.512898366247593 and parameters: {'batch_size': 256, 'learning_rate': 0.00018244593043175412, 'num_resblk': 4, 'num_features': 96, 'weight_decay': 2.4596563771868995e-05}. Best is trial 169 with value: 3.6230897996075724.
Early stopping triggered for trial 202 at epoch 041 | best epoch: 011
[I 2026-05-05 21:49:00,960] Trial 202 finished with value: 4.724998257012826 and parameters: {'batch_size': 256, 'learning_rate': 0.00017486808717234997, 'num_resblk': 4, 'num_features': 96, 'weight_decay': 7.411767515612565e-06}. Best is trial 169 with value: 3.6230897996075724.
[I 2026-05-05 21:49:15,126] Trial 203 pruned. 
[I 2026-05-05 21:49:29,406] Trial 204 pruned. 
[I 2026-05-05 21:49:47,639] Trial 205 pruned. 
Early stopping triggered for trial 206 at epoch 038 | best epoch: 008
[I 2026-05-05 21:51:43,532] Trial 206 finished with value: 4.5116317879982555 and parameters: {'batch_size': 256, 'learning_rate': 0.00017914592981894522, 'num_resblk': 4, 'num_features': 128, 'weight_decay': 1.7345299027263485e-05}. Best is trial 169 with value: 3.6230897996075724.
[I 2026-05-05 21:51:57,469] Trial 207 pruned. 
[I 2026-05-05 21:52:04,005] Trial 208 pruned. 
Early stopping triggered for trial 209 at epoch 037 | best epoch: 007
[I 2026-05-05 21:53:56,925] Trial 209 finished with value: 4.19729013753134 and parameters: {'batch_size': 256, 'learning_rate': 0.00016879178795731027, 'num_resblk': 4, 'num_features': 128, 'weight_decay': 1.4942239907284792e-05}. Best is trial 169 with value: 3.6230897996075724.
Early stopping triggered for trial 210 at epoch 040 | best epoch: 010
[I 2026-05-05 21:55:58,827] Trial 210 finished with value: 4.06708807592384 and parameters: {'batch_size': 256, 'learning_rate': 0.00017075986817490706, 'num_resblk': 4, 'num_features': 128, 'weight_decay': 1.5071021584603888e-05}. Best is trial 169 with value: 3.6230897996075724.
Early stopping triggered for trial 211 at epoch 046 | best epoch: 016
[I 2026-05-05 21:58:19,695] Trial 211 finished with value: 4.4587387415519055 and parameters: {'batch_size': 256, 'learning_rate': 0.00013356342458736148, 'num_resblk': 4, 'num_features': 128, 'weight_decay': 1.446395173731354e-05}. Best is trial 169 with value: 3.6230897996075724.
Early stopping triggered for trial 212 at epoch 036 | best epoch: 006
[I 2026-05-05 22:00:10,426] Trial 212 finished with value: 4.446688551469787 and parameters: {'batch_size': 256, 'learning_rate': 0.00016812261911299426, 'num_resblk': 4, 'num_features': 128, 'weight_decay': 1.3008656713787215e-05}. Best is trial 169 with value: 3.6230897996075724.
Early stopping triggered for trial 213 at epoch 035 | best epoch: 005
[I 2026-05-05 22:01:57,865] Trial 213 finished with value: 4.322227106118964 and parameters: {'batch_size': 256, 'learning_rate': 0.00017238834002244338, 'num_resblk': 4, 'num_features': 128, 'weight_decay': 1.630501358505018e-05}. Best is trial 169 with value: 3.6230897996075724.
Early stopping triggered for trial 214 at epoch 035 | best epoch: 005
[I 2026-05-05 22:03:45,491] Trial 214 finished with value: 4.295292537971004 and parameters: {'batch_size': 256, 'learning_rate': 0.00017604773461164317, 'num_resblk': 4, 'num_features': 128, 'weight_decay': 1.2387531324595605e-05}. Best is trial 169 with value: 3.6230897996075724.
Early stopping triggered for trial 215 at epoch 040 | best epoch: 010
[I 2026-05-05 22:05:47,127] Trial 215 finished with value: 4.413757289887722 and parameters: {'batch_size': 256, 'learning_rate': 0.00016585602898836377, 'num_resblk': 4, 'num_features': 128, 'weight_decay': 8.857823385410086e-06}. Best is trial 169 with value: 3.6230897996075724.
Early stopping triggered for trial 216 at epoch 035 | best epoch: 005
[I 2026-05-05 22:07:34,983] Trial 216 finished with value: 4.270883836433996 and parameters: {'batch_size': 256, 'learning_rate': 0.00016069376986409538, 'num_resblk': 4, 'num_features': 128, 'weight_decay': 1.549079554765553e-05}. Best is trial 169 with value: 3.6230897996075724.
[I 2026-05-05 22:07:49,165] Trial 217 pruned. 
Early stopping triggered for trial 218 at epoch 036 | best epoch: 006
[I 2026-05-05 22:09:38,412] Trial 218 finished with value: 4.333659977835108 and parameters: {'batch_size': 256, 'learning_rate': 0.0001818947120072828, 'num_resblk': 4, 'num_features': 128, 'weight_decay': 1.8401259820617934e-05}. Best is trial 169 with value: 3.6230897996075724.
Early stopping triggered for trial 219 at epoch 039 | best epoch: 009
[I 2026-05-05 22:11:36,744] Trial 219 finished with value: 4.203055865293775 and parameters: {'batch_size': 256, 'learning_rate': 0.00017792463845131115, 'num_resblk': 4, 'num_features': 128, 'weight_decay': 2.9080796929160825e-05}. Best is trial 169 with value: 3.6230897996075724.
[I 2026-05-05 22:11:54,952] Trial 220 pruned. 
Early stopping triggered for trial 221 at epoch 038 | best epoch: 008
[I 2026-05-05 22:13:50,040] Trial 221 finished with value: 4.607496389121035 and parameters: {'batch_size': 256, 'learning_rate': 0.00017390808326318364, 'num_resblk': 4, 'num_features': 128, 'weight_decay': 2.0499752191267455e-05}. Best is trial 169 with value: 3.6230897996075724.
Early stopping triggered for trial 222 at epoch 056 | best epoch: 026
[I 2026-05-05 22:16:38,396] Trial 222 finished with value: 4.739448829984376 and parameters: {'batch_size': 256, 'learning_rate': 0.00018584119451671213, 'num_resblk': 4, 'num_features': 128, 'weight_decay': 3.968394474592409e-05}. Best is trial 169 with value: 3.6230897996075724.
Early stopping triggered for trial 223 at epoch 042 | best epoch: 012
[I 2026-05-05 22:18:46,007] Trial 223 finished with value: 4.718880553713528 and parameters: {'batch_size': 256, 'learning_rate': 0.00018045256337634734, 'num_resblk': 4, 'num_features': 128, 'weight_decay': 4.9705054698042414e-05}. Best is trial 169 with value: 3.6230897996075724.
Early stopping triggered for trial 224 at epoch 035 | best epoch: 005
[I 2026-05-05 22:20:32,567] Trial 224 finished with value: 4.315289267740998 and parameters: {'batch_size': 256, 'learning_rate': 0.00016831634133495095, 'num_resblk': 4, 'num_features': 128, 'weight_decay': 4.411931357535646e-06}. Best is trial 169 with value: 3.6230897996075724.
Early stopping triggered for trial 225 at epoch 033 | best epoch: 003
[I 2026-05-05 22:22:14,102] Trial 225 finished with value: 4.163763887122561 and parameters: {'batch_size': 256, 'learning_rate': 0.00017674791224827458, 'num_resblk': 4, 'num_features': 128, 'weight_decay': 5.878946770310012e-06}. Best is trial 169 with value: 3.6230897996075724.
Early stopping triggered for trial 226 at epoch 037 | best epoch: 007
[I 2026-05-05 22:24:06,282] Trial 226 finished with value: 4.3990816671814255 and parameters: {'batch_size': 256, 'learning_rate': 0.0001771849363031906, 'num_resblk': 4, 'num_features': 128, 'weight_decay': 5.316464009883655e-06}. Best is trial 169 with value: 3.6230897996075724.
Early stopping triggered for trial 227 at epoch 042 | best epoch: 012
[I 2026-05-05 22:26:14,290] Trial 227 finished with value: 4.178704074842847 and parameters: {'batch_size': 256, 'learning_rate': 0.00018272992591696852, 'num_resblk': 4, 'num_features': 128, 'weight_decay': 6.334137593731539e-06}. Best is trial 169 with value: 3.6230897996075724.
Early stopping triggered for trial 228 at epoch 044 | best epoch: 014
[I 2026-05-05 22:28:28,135] Trial 228 finished with value: 4.176642643345082 and parameters: {'batch_size': 256, 'learning_rate': 0.0001831134781866468, 'num_resblk': 4, 'num_features': 128, 'weight_decay': 7.623771446542685e-06}. Best is trial 169 with value: 3.6230897996075724.
Early stopping triggered for trial 229 at epoch 038 | best epoch: 008
[I 2026-05-05 22:30:26,309] Trial 229 finished with value: 4.547937506812979 and parameters: {'batch_size': 256, 'learning_rate': 0.0001835546438453662, 'num_resblk': 4, 'num_features': 128, 'weight_decay': 6.272426224094953e-06}. Best is trial 169 with value: 3.6230897996075724.
Early stopping triggered for trial 230 at epoch 045 | best epoch: 015
[I 2026-05-05 22:32:43,538] Trial 230 finished with value: 4.414431859988736 and parameters: {'batch_size': 256, 'learning_rate': 0.0001875391045926129, 'num_resblk': 4, 'num_features': 128, 'weight_decay': 6.947182787540199e-06}. Best is trial 169 with value: 3.6230897996075724.
Early stopping triggered for trial 231 at epoch 034 | best epoch: 004
[I 2026-05-05 22:34:26,950] Trial 231 finished with value: 4.425612214309073 and parameters: {'batch_size': 256, 'learning_rate': 0.00018002079964357605, 'num_resblk': 4, 'num_features': 128, 'weight_decay': 5.4593957810079795e-06}. Best is trial 169 with value: 3.6230897996075724.
Early stopping triggered for trial 232 at epoch 051 | best epoch: 021
[I 2026-05-05 22:37:00,304] Trial 232 finished with value: 4.4115326364412635 and parameters: {'batch_size': 256, 'learning_rate': 0.00017402269125333462, 'num_resblk': 4, 'num_features': 128, 'weight_decay': 3.071064838070426e-05}. Best is trial 169 with value: 3.6230897996075724.
Early stopping triggered for trial 233 at epoch 041 | best epoch: 011
[I 2026-05-05 22:39:04,529] Trial 233 finished with value: 4.377599140202028 and parameters: {'batch_size': 256, 'learning_rate': 0.000182514752223226, 'num_resblk': 4, 'num_features': 128, 'weight_decay': 5.954574395722201e-06}. Best is trial 169 with value: 3.6230897996075724.
Early stopping triggered for trial 234 at epoch 040 | best epoch: 010
[I 2026-05-05 22:41:06,414] Trial 234 finished with value: 4.582453785291232 and parameters: {'batch_size': 256, 'learning_rate': 0.00018799680092078716, 'num_resblk': 4, 'num_features': 128, 'weight_decay': 8.148644463402514e-06}. Best is trial 169 with value: 3.6230897996075724.
[I 2026-05-05 22:41:35,257] Trial 235 pruned. 
Early stopping triggered for trial 236 at epoch 040 | best epoch: 010
[I 2026-05-05 22:43:37,348] Trial 236 finished with value: 4.167706228879765 and parameters: {'batch_size': 256, 'learning_rate': 0.00017198254883445224, 'num_resblk': 4, 'num_features': 128, 'weight_decay': 7.485368952510016e-06}. Best is trial 169 with value: 3.6230897996075724.
Early stopping triggered for trial 237 at epoch 036 | best epoch: 006
[I 2026-05-05 22:45:26,499] Trial 237 finished with value: 4.102663250336107 and parameters: {'batch_size': 256, 'learning_rate': 0.00017169556372043757, 'num_resblk': 4, 'num_features': 128, 'weight_decay': 6.599161419239225e-06}. Best is trial 169 with value: 3.6230897996075724.
[I 2026-05-05 22:45:36,334] Trial 238 pruned. 
Early stopping triggered for trial 239 at epoch 033 | best epoch: 003
[I 2026-05-05 22:47:16,844] Trial 239 finished with value: 4.40192696032121 and parameters: {'batch_size': 256, 'learning_rate': 0.0001698991553430138, 'num_resblk': 4, 'num_features': 128, 'weight_decay': 6.169049323511973e-06}. Best is trial 169 with value: 3.6230897996075724.
Early stopping triggered for trial 240 at epoch 045 | best epoch: 015
[I 2026-05-05 22:49:33,083] Trial 240 finished with value: 4.78029597852549 and parameters: {'batch_size': 256, 'learning_rate': 0.00017228374134554904, 'num_resblk': 4, 'num_features': 128, 'weight_decay': 7.652666992208236e-06}. Best is trial 169 with value: 3.6230897996075724.
Early stopping triggered for trial 241 at epoch 035 | best epoch: 005
[I 2026-05-05 22:51:20,822] Trial 241 finished with value: 4.405783782157262 and parameters: {'batch_size': 256, 'learning_rate': 0.0001747689090341005, 'num_resblk': 4, 'num_features': 128, 'weight_decay': 9.008605616153334e-06}. Best is trial 169 with value: 3.6230897996075724.
Early stopping triggered for trial 242 at epoch 043 | best epoch: 013
[I 2026-05-05 22:53:31,288] Trial 242 finished with value: 4.888907022137641 and parameters: {'batch_size': 256, 'learning_rate': 0.00016741909929078084, 'num_resblk': 4, 'num_features': 128, 'weight_decay': 6.535000273851944e-06}. Best is trial 169 with value: 3.6230897996075724.
Early stopping triggered for trial 243 at epoch 044 | best epoch: 014
[I 2026-05-05 22:55:44,859] Trial 243 finished with value: 4.134535684113949 and parameters: {'batch_size': 256, 'learning_rate': 0.0001840605895522965, 'num_resblk': 4, 'num_features': 128, 'weight_decay': 4.141825447214195e-06}. Best is trial 169 with value: 3.6230897996075724.
Early stopping triggered for trial 244 at epoch 039 | best epoch: 009
[I 2026-05-05 22:57:42,784] Trial 244 finished with value: 4.401132981405109 and parameters: {'batch_size': 256, 'learning_rate': 0.0001839167651950801, 'num_resblk': 4, 'num_features': 128, 'weight_decay': 4.394013874607571e-06}. Best is trial 169 with value: 3.6230897996075724.
[I 2026-05-05 22:58:00,737] Trial 245 pruned. 
Early stopping triggered for trial 246 at epoch 038 | best epoch: 008
[I 2026-05-05 22:59:55,763] Trial 246 finished with value: 4.57992136118782 and parameters: {'batch_size': 256, 'learning_rate': 0.0001637521753815769, 'num_resblk': 4, 'num_features': 128, 'weight_decay': 4.020739395715397e-06}. Best is trial 169 with value: 3.6230897996075724.
Early stopping triggered for trial 247 at epoch 036 | best epoch: 006
[I 2026-05-05 23:01:45,265] Trial 247 finished with value: 4.421647236428545 and parameters: {'batch_size': 256, 'learning_rate': 0.00018551536435475907, 'num_resblk': 4, 'num_features': 128, 'weight_decay': 5.008906135433917e-06}. Best is trial 169 with value: 3.6230897996075724.
Early stopping triggered for trial 248 at epoch 038 | best epoch: 008
[I 2026-05-05 23:03:40,781] Trial 248 finished with value: 4.480915868791105 and parameters: {'batch_size': 256, 'learning_rate': 0.00018072827769223518, 'num_resblk': 4, 'num_features': 128, 'weight_decay': 5.596533410128955e-06}. Best is trial 169 with value: 3.6230897996075724.
Early stopping triggered for trial 249 at epoch 034 | best epoch: 004
[I 2026-05-05 23:05:24,596] Trial 249 finished with value: 4.679566410650049 and parameters: {'batch_size': 256, 'learning_rate': 0.00019299809095173627, 'num_resblk': 4, 'num_features': 128, 'weight_decay': 3.067311940186215e-06}. Best is trial 169 with value: 3.6230897996075724.
Early stopping triggered for trial 250 at epoch 033 | best epoch: 003
[I 2026-05-05 23:07:05,444] Trial 250 finished with value: 4.6049658726517935 and parameters: {'batch_size': 256, 'learning_rate': 0.00017593516737623971, 'num_resblk': 4, 'num_features': 128, 'weight_decay': 7.567754550628426e-06}. Best is trial 169 with value: 3.6230897996075724.
Early stopping triggered for trial 251 at epoch 036 | best epoch: 006
[I 2026-05-05 23:08:55,134] Trial 251 finished with value: 4.198572039306348 and parameters: {'batch_size': 256, 'learning_rate': 0.00016963686995693226, 'num_resblk': 4, 'num_features': 128, 'weight_decay': 6.519515720934634e-06}. Best is trial 169 with value: 3.6230897996075724.
[I 2026-05-05 23:09:13,302] Trial 252 pruned. 
Early stopping triggered for trial 253 at epoch 033 | best epoch: 003
[I 2026-05-05 23:10:54,324] Trial 253 finished with value: 4.506529485438392 and parameters: {'batch_size': 256, 'learning_rate': 0.00018188695446227416, 'num_resblk': 4, 'num_features': 128, 'weight_decay': 5.192127204657227e-06}. Best is trial 169 with value: 3.6230897996075724.
[I 2026-05-05 23:11:01,043] Trial 254 pruned. 
[I 2026-05-05 23:11:19,307] Trial 255 pruned. 
Early stopping triggered for trial 256 at epoch 045 | best epoch: 015
[I 2026-05-05 23:13:37,852] Trial 256 finished with value: 4.348847374504923 and parameters: {'batch_size': 256, 'learning_rate': 0.0001793421862879128, 'num_resblk': 4, 'num_features': 128, 'weight_decay': 7.121550101449867e-06}. Best is trial 169 with value: 3.6230897996075724.
Early stopping triggered for trial 257 at epoch 043 | best epoch: 013
[I 2026-05-05 23:15:50,011] Trial 257 finished with value: 4.542456033574362 and parameters: {'batch_size': 256, 'learning_rate': 0.00018451463309065807, 'num_resblk': 4, 'num_features': 128, 'weight_decay': 1.0354607167681398e-05}. Best is trial 169 with value: 3.6230897996075724.
Early stopping triggered for trial 258 at epoch 032 | best epoch: 002
[I 2026-05-05 23:17:27,111] Trial 258 finished with value: 4.304621141582792 and parameters: {'batch_size': 256, 'learning_rate': 0.000196348501374028, 'num_resblk': 4, 'num_features': 128, 'weight_decay': 2.53404397289987e-05}. Best is trial 169 with value: 3.6230897996075724.
Early stopping triggered for trial 259 at epoch 038 | best epoch: 008
[I 2026-05-05 23:18:56,496] Trial 259 finished with value: 4.255368309654446 and parameters: {'batch_size': 256, 'learning_rate': 0.00017203137881486108, 'num_resblk': 4, 'num_features': 96, 'weight_decay': 4.609100889595825e-06}. Best is trial 169 with value: 3.6230897996075724.
Early stopping triggered for trial 260 at epoch 039 | best epoch: 009
[I 2026-05-05 23:20:54,637] Trial 260 finished with value: 4.323916537598561 and parameters: {'batch_size': 256, 'learning_rate': 0.00018961463941004225, 'num_resblk': 4, 'num_features': 128, 'weight_decay': 8.429178907421769e-06}. Best is trial 169 with value: 3.6230897996075724.
[I 2026-05-05 23:21:12,923] Trial 261 pruned. 
Early stopping triggered for trial 262 at epoch 035 | best epoch: 005
[I 2026-05-05 23:22:59,866] Trial 262 finished with value: 4.142775573652847 and parameters: {'batch_size': 256, 'learning_rate': 0.00017743796403125726, 'num_resblk': 4, 'num_features': 128, 'weight_decay': 6.010723032721684e-06}. Best is trial 169 with value: 3.6230897996075724.
[I 2026-05-05 23:23:09,772] Trial 263 pruned. 
Early stopping triggered for trial 264 at epoch 040 | best epoch: 010
[I 2026-05-05 23:25:11,008] Trial 264 finished with value: 3.865593819265288 and parameters: {'batch_size': 256, 'learning_rate': 0.00017690501375449162, 'num_resblk': 4, 'num_features': 128, 'weight_decay': 5.053139472913895e-06}. Best is trial 169 with value: 3.6230897996075724.
Early stopping triggered for trial 265 at epoch 034 | best epoch: 004
[I 2026-05-05 23:26:30,857] Trial 265 finished with value: 4.470092304512917 and parameters: {'batch_size': 256, 'learning_rate': 0.00017734745403611728, 'num_resblk': 4, 'num_features': 96, 'weight_decay': 4.115611299810581e-06}. Best is trial 169 with value: 3.6230897996075724.
Early stopping triggered for trial 266 at epoch 039 | best epoch: 009
[I 2026-05-05 23:28:29,421] Trial 266 finished with value: 4.251172224165183 and parameters: {'batch_size': 256, 'learning_rate': 0.0001748515786110055, 'num_resblk': 4, 'num_features': 128, 'weight_decay': 4.849797038092275e-06}. Best is trial 169 with value: 3.6230897996075724.
[I 2026-05-05 23:28:47,904] Trial 267 pruned. 
Early stopping triggered for trial 268 at epoch 036 | best epoch: 006
[I 2026-05-05 23:30:37,687] Trial 268 finished with value: 4.7496827593019875 and parameters: {'batch_size': 256, 'learning_rate': 0.00018305673333464658, 'num_resblk': 4, 'num_features': 128, 'weight_decay': 6.176422494985e-06}. Best is trial 169 with value: 3.6230897996075724.
Early stopping triggered for trial 269 at epoch 044 | best epoch: 014
[I 2026-05-05 23:32:50,986] Trial 269 finished with value: 4.246284587224301 and parameters: {'batch_size': 256, 'learning_rate': 0.00018688715933652396, 'num_resblk': 4, 'num_features': 128, 'weight_decay': 3.4992816072826964e-06}. Best is trial 169 with value: 3.6230897996075724.
[I 2026-05-05 23:33:05,144] Trial 270 pruned. 
Early stopping triggered for trial 271 at epoch 047 | best epoch: 017
[I 2026-05-05 23:35:28,141] Trial 271 finished with value: 4.24992789597035 and parameters: {'batch_size': 256, 'learning_rate': 0.00019320527333640793, 'num_resblk': 4, 'num_features': 128, 'weight_decay': 7.73847041638935e-06}. Best is trial 169 with value: 3.6230897996075724.
Early stopping triggered for trial 272 at epoch 035 | best epoch: 005
[I 2026-05-05 23:37:15,001] Trial 272 finished with value: 4.372631411013408 and parameters: {'batch_size': 256, 'learning_rate': 0.00017346328051385005, 'num_resblk': 4, 'num_features': 128, 'weight_decay': 5.648356581236005e-06}. Best is trial 169 with value: 3.6230897996075724.
[I 2026-05-05 23:37:33,160] Trial 273 pruned. 
Early stopping triggered for trial 274 at epoch 044 | best epoch: 014
[I 2026-05-05 23:40:02,025] Trial 274 finished with value: 4.418936403110352 and parameters: {'batch_size': 256, 'learning_rate': 0.00018760985379264903, 'num_resblk': 6, 'num_features': 128, 'weight_decay': 4.187250702117868e-06}. Best is trial 169 with value: 3.6230897996075724.
Early stopping triggered for trial 275 at epoch 040 | best epoch: 010
[I 2026-05-05 23:41:35,411] Trial 275 finished with value: 4.23901782388903 and parameters: {'batch_size': 256, 'learning_rate': 0.0001842722051645106, 'num_resblk': 4, 'num_features': 96, 'weight_decay': 6.968826046141732e-06}. Best is trial 169 with value: 3.6230897996075724.
Early stopping triggered for trial 276 at epoch 042 | best epoch: 012
[I 2026-05-05 23:43:42,281] Trial 276 finished with value: 4.76851624668435 and parameters: {'batch_size': 256, 'learning_rate': 0.00018067060088574976, 'num_resblk': 4, 'num_features': 128, 'weight_decay': 3.043194393312377e-06}. Best is trial 169 with value: 3.6230897996075724.
Early stopping triggered for trial 277 at epoch 035 | best epoch: 005
[I 2026-05-05 23:45:28,880] Trial 277 finished with value: 4.283331160749973 and parameters: {'batch_size': 256, 'learning_rate': 0.00017199042881828005, 'num_resblk': 4, 'num_features': 128, 'weight_decay': 0.0009999208457824387}. Best is trial 169 with value: 3.6230897996075724.
Early stopping triggered for trial 278 at epoch 043 | best epoch: 013
[I 2026-05-05 23:47:39,154] Trial 278 finished with value: 4.266233944079067 and parameters: {'batch_size': 256, 'learning_rate': 0.0001764894695347156, 'num_resblk': 4, 'num_features': 128, 'weight_decay': 5.213649829468085e-06}. Best is trial 169 with value: 3.6230897996075724.
[I 2026-05-05 23:47:46,161] Trial 279 pruned. 
Early stopping triggered for trial 280 at epoch 039 | best epoch: 009
[I 2026-05-05 23:49:57,803] Trial 280 finished with value: 4.673687888339813 and parameters: {'batch_size': 256, 'learning_rate': 0.00018031803251508435, 'num_resblk': 6, 'num_features': 128, 'weight_decay': 6.0089910989573455e-06}. Best is trial 169 with value: 3.6230897996075724.
Early stopping triggered for trial 281 at epoch 043 | best epoch: 013
[I 2026-05-05 23:52:16,726] Trial 281 finished with value: 4.434655762871989 and parameters: {'batch_size': 256, 'learning_rate': 0.00017153764369076075, 'num_resblk': 10, 'num_features': 96, 'weight_decay': 9.526522944994333e-06}. Best is trial 169 with value: 3.6230897996075724.
Early stopping triggered for trial 282 at epoch 039 | best epoch: 009
[I 2026-05-05 23:54:41,753] Trial 282 finished with value: 4.334978175756695 and parameters: {'batch_size': 256, 'learning_rate': 0.0001962387568211507, 'num_resblk': 8, 'num_features': 128, 'weight_decay': 2.0418006512299116e-05}. Best is trial 169 with value: 3.6230897996075724.
Early stopping triggered for trial 283 at epoch 040 | best epoch: 010
[I 2026-05-05 23:56:43,281] Trial 283 finished with value: 4.624223479343047 and parameters: {'batch_size': 256, 'learning_rate': 0.00018500817128750118, 'num_resblk': 4, 'num_features': 128, 'weight_decay': 2.5855322000191304e-05}. Best is trial 169 with value: 3.6230897996075724.
Early stopping triggered for trial 284 at epoch 041 | best epoch: 011
[I 2026-05-05 23:58:47,593] Trial 284 finished with value: 4.075560253987864 and parameters: {'batch_size': 256, 'learning_rate': 0.00010981877471023329, 'num_resblk': 4, 'num_features': 128, 'weight_decay': 4.85203131294376e-06}. Best is trial 169 with value: 3.6230897996075724.
Early stopping triggered for trial 285 at epoch 049 | best epoch: 019
[I 2026-05-06 00:01:15,060] Trial 285 finished with value: 4.361801896733404 and parameters: {'batch_size': 256, 'learning_rate': 0.0001906267980919766, 'num_resblk': 4, 'num_features': 128, 'weight_decay': 4.596093746930932e-06}. Best is trial 169 with value: 3.6230897996075724.
Early stopping triggered for trial 286 at epoch 036 | best epoch: 006
[I 2026-05-06 00:03:04,930] Trial 286 finished with value: 4.4082985719995635 and parameters: {'batch_size': 256, 'learning_rate': 0.00012798325183056397, 'num_resblk': 4, 'num_features': 128, 'weight_decay': 3.7847939333646008e-06}. Best is trial 169 with value: 3.6230897996075724.
Early stopping triggered for trial 287 at epoch 033 | best epoch: 003
[I 2026-05-06 00:04:32,489] Trial 287 finished with value: 4.186816964772356 and parameters: {'batch_size': 256, 'learning_rate': 0.0001856438388081051, 'num_resblk': 6, 'num_features': 96, 'weight_decay': 6.579876274379534e-06}. Best is trial 169 with value: 3.6230897996075724.
Early stopping triggered for trial 288 at epoch 045 | best epoch: 015
[I 2026-05-06 00:06:48,774] Trial 288 finished with value: 4.367261136949965 and parameters: {'batch_size': 256, 'learning_rate': 0.00020136995962120952, 'num_resblk': 4, 'num_features': 128, 'weight_decay': 5.080074349971359e-06}. Best is trial 169 with value: 3.6230897996075724.
Early stopping triggered for trial 289 at epoch 039 | best epoch: 009
[I 2026-05-06 00:08:47,115] Trial 289 finished with value: 4.3589379019657715 and parameters: {'batch_size': 256, 'learning_rate': 0.0001751729187182812, 'num_resblk': 4, 'num_features': 128, 'weight_decay': 8.247288126461802e-06}. Best is trial 169 with value: 3.6230897996075724.
[I 2026-05-06 00:08:56,914] Trial 290 pruned. 
Early stopping triggered for trial 291 at epoch 037 | best epoch: 007
[I 2026-05-06 00:10:48,951] Trial 291 finished with value: 4.3553221971403655 and parameters: {'batch_size': 256, 'learning_rate': 0.00018148480784859999, 'num_resblk': 4, 'num_features': 128, 'weight_decay': 5.819220013806626e-06}. Best is trial 169 with value: 3.6230897996075724.
Early stopping triggered for trial 292 at epoch 044 | best epoch: 014
[I 2026-05-06 00:13:02,335] Trial 292 finished with value: 4.079863439509829 and parameters: {'batch_size': 256, 'learning_rate': 0.00018962465122914957, 'num_resblk': 4, 'num_features': 128, 'weight_decay': 4.263301733783621e-05}. Best is trial 169 with value: 3.6230897996075724.
[I 2026-05-06 00:13:16,389] Trial 293 pruned. 
Early stopping triggered for trial 294 at epoch 039 | best epoch: 009
[I 2026-05-06 00:15:14,474] Trial 294 finished with value: 4.4294724710221285 and parameters: {'batch_size': 256, 'learning_rate': 0.00019732395525560504, 'num_resblk': 4, 'num_features': 128, 'weight_decay': 4.4890165001770296e-05}. Best is trial 169 with value: 3.6230897996075724.
Early stopping triggered for trial 295 at epoch 035 | best epoch: 005
[I 2026-05-06 00:17:01,015] Trial 295 finished with value: 4.60154542213219 and parameters: {'batch_size': 256, 'learning_rate': 0.00012498375942185925, 'num_resblk': 4, 'num_features': 128, 'weight_decay': 4.313169490275229e-05}. Best is trial 169 with value: 3.6230897996075724.
Early stopping triggered for trial 296 at epoch 041 | best epoch: 011
[I 2026-05-06 00:19:19,632] Trial 296 finished with value: 4.563436012499546 and parameters: {'batch_size': 256, 'learning_rate': 0.00010883925446222652, 'num_resblk': 6, 'num_features': 128, 'weight_decay': 3.695242356301869e-05}. Best is trial 169 with value: 3.6230897996075724.
Early stopping triggered for trial 297 at epoch 033 | best epoch: 003
[I 2026-05-06 00:21:00,077] Trial 297 finished with value: 4.483855606854766 and parameters: {'batch_size': 256, 'learning_rate': 0.00018832205127848487, 'num_resblk': 4, 'num_features': 128, 'weight_decay': 3.070158495952325e-05}. Best is trial 169 with value: 3.6230897996075724.
Early stopping triggered for trial 298 at epoch 033 | best epoch: 003
[I 2026-05-06 00:22:40,757] Trial 298 finished with value: 4.298503460993423 and parameters: {'batch_size': 256, 'learning_rate': 0.00019402972717244048, 'num_resblk': 4, 'num_features': 128, 'weight_decay': 2.611349569913254e-05}. Best is trial 169 with value: 3.6230897996075724.
[I 2026-05-06 00:22:58,263] Trial 299 pruned. 
[I 2026-05-06 00:23:24,862] Trial 300 pruned. 
[I 2026-05-06 00:23:42,931] Trial 301 pruned. 
[I 2026-05-06 00:23:49,420] Trial 302 pruned. 
Early stopping triggered for trial 303 at epoch 039 | best epoch: 009
[I 2026-05-06 00:25:47,987] Trial 303 finished with value: 4.509256630164238 and parameters: {'batch_size': 256, 'learning_rate': 0.00017417570184145582, 'num_resblk': 4, 'num_features': 128, 'weight_decay': 2.5523344547339315e-06}. Best is trial 169 with value: 3.6230897996075724.
Early stopping triggered for trial 304 at epoch 045 | best epoch: 015
[I 2026-05-06 00:28:04,192] Trial 304 finished with value: 4.524616009138476 and parameters: {'batch_size': 256, 'learning_rate': 0.00010095935995230285, 'num_resblk': 4, 'num_features': 128, 'weight_decay': 7.765709137306816e-06}. Best is trial 169 with value: 3.6230897996075724.
[I 2026-05-06 00:28:18,181] Trial 305 pruned. 
[I 2026-05-06 00:28:36,591] Trial 306 pruned. 
Early stopping triggered for trial 307 at epoch 037 | best epoch: 007
[I 2026-05-06 00:30:29,121] Trial 307 finished with value: 4.286525085389339 and parameters: {'batch_size': 256, 'learning_rate': 0.0002511927265981784, 'num_resblk': 4, 'num_features': 128, 'weight_decay': 1.112567089523266e-05}. Best is trial 169 with value: 3.6230897996075724.
Early stopping triggered for trial 308 at epoch 044 | best epoch: 014
[I 2026-05-06 00:32:57,993] Trial 308 finished with value: 4.449681464835943 and parameters: {'batch_size': 256, 'learning_rate': 0.00019761678547968017, 'num_resblk': 6, 'num_features': 128, 'weight_decay': 2.8234134847288295e-05}. Best is trial 169 with value: 3.6230897996075724.
[I 2026-05-06 00:33:16,242] Trial 309 pruned. 
Early stopping triggered for trial 310 at epoch 044 | best epoch: 014
[I 2026-05-06 00:34:59,241] Trial 310 finished with value: 4.344423304022383 and parameters: {'batch_size': 256, 'learning_rate': 0.0001197149460072496, 'num_resblk': 4, 'num_features': 96, 'weight_decay': 5.564534644090016e-06}. Best is trial 169 with value: 3.6230897996075724.
Early stopping triggered for trial 311 at epoch 046 | best epoch: 016
[I 2026-05-06 00:37:18,234] Trial 311 finished with value: 3.9446204262199775 and parameters: {'batch_size': 256, 'learning_rate': 0.0001348291236690724, 'num_resblk': 4, 'num_features': 128, 'weight_decay': 7.325816834502125e-06}. Best is trial 169 with value: 3.6230897996075724.
[I 2026-05-06 00:37:36,510] Trial 312 pruned. 
Early stopping triggered for trial 313 at epoch 036 | best epoch: 006
[I 2026-05-06 00:40:03,661] Trial 313 finished with value: 4.789386150575924 and parameters: {'batch_size': 256, 'learning_rate': 0.00013357151806532566, 'num_resblk': 10, 'num_features': 128, 'weight_decay': 6.493282189247518e-06}. Best is trial 169 with value: 3.6230897996075724.
Early stopping triggered for trial 314 at epoch 039 | best epoch: 009
[I 2026-05-06 00:42:02,607] Trial 314 finished with value: 4.601228232531521 and parameters: {'batch_size': 256, 'learning_rate': 0.00014625785989622164, 'num_resblk': 4, 'num_features': 128, 'weight_decay': 4.606556205839556e-06}. Best is trial 169 with value: 3.6230897996075724.
[I 2026-05-06 00:42:12,356] Trial 315 pruned. 
slurmstepd: error: *** JOB 6569436 ON d4053 CANCELLED AT 2026-05-06T00:44:26 DUE TO TIME LIMIT ***
