Running with:
rcm_var = tmean
gcm_name = CanESM2
rcm_name = CanRCM4
grid = NAM-44i
factor = 4
input_source = gcm
n_trials = 3000
epochs = 300
early_stopping_patience = 30
batch_size = 1024
model_name = SRResNet
Using device: cuda
Input file: low_res.pth
Input mask file: low_res_mask.pth
All trial checkpoints will be saved to: /projects/sds-lab/Shuochen/downscaling/CORDEX/tmean.CanESM2.CanRCM4.day.NAM-44i.GCM_to_HR_RCM/trained_models/SRResNet/GCM_low_res
Loaded shapes:
X       : torch.Size([55115, 1, 13, 29])
X_mask  : torch.Size([55115, 1, 13, 29])
y       : torch.Size([55115, 1, 52, 116])
mask_hr : torch.Size([55115, 1, 52, 116])
X_coarse_reference: torch.Size([55115, 1, 13, 29])
X_coarse_mask_reference: torch.Size([55115, 1, 13, 29])
train_end_idx = 20440
val_start_idx = 47815
Total samples  = 55115
Train/Val shapes:
X_train      : torch.Size([20440, 1, 13, 29])
X_mask_train : torch.Size([20440, 1, 13, 29])
y_train      : torch.Size([20440, 1, 52, 116])
mask_train   : torch.Size([20440, 1, 52, 116])
X_val        : torch.Size([7300, 1, 13, 29])
X_mask_val   : torch.Size([7300, 1, 13, 29])
y_val        : torch.Size([7300, 1, 52, 116])
mask_val     : torch.Size([7300, 1, 52, 116])
Normalization stats:
X_mean: 15.384552955627441
X_std : 11.16005802154541
X_max : 42.550724029541016
y_mean: 10.907337188720703
y_std : 10.831708908081055
y_max : 40.61493682861328
[I 2026-04-30 12:43:19,467] A new study created in memory with name: no-name-13979c0a-4bf4-4ef8-a112-6d4905753605
Early stopping triggered for trial 000 at epoch 044 | best epoch: 014
[I 2026-04-30 12:45:08,264] Trial 0 finished with value: 5.561882376670837 and parameters: {'batch_size': 1024, 'learning_rate': 0.00029442011730474474, 'num_resblk': 8, 'num_features': 64, 'weight_decay': 0.00011295229825575995}. Best is trial 0 with value: 5.561882376670837.
Early stopping triggered for trial 001 at epoch 067 | best epoch: 037
[I 2026-04-30 12:47:42,724] Trial 1 finished with value: 5.067667365074158 and parameters: {'batch_size': 1024, 'learning_rate': 0.000200908631334335, 'num_resblk': 16, 'num_features': 32, 'weight_decay': 1.563771062248521e-05}. Best is trial 1 with value: 5.067667365074158.
Early stopping triggered for trial 002 at epoch 056 | best epoch: 026
[I 2026-04-30 12:49:55,849] Trial 2 finished with value: 4.733157277107239 and parameters: {'batch_size': 1024, 'learning_rate': 0.00016955784587638795, 'num_resblk': 8, 'num_features': 64, 'weight_decay': 0.0005713384025438371}. Best is trial 2 with value: 4.733157277107239.
Early stopping triggered for trial 003 at epoch 042 | best epoch: 012
[I 2026-04-30 12:52:10,248] Trial 3 finished with value: 4.651011884212494 and parameters: {'batch_size': 1024, 'learning_rate': 0.0002662743657721526, 'num_resblk': 8, 'num_features': 96, 'weight_decay': 1.3187679978029738e-05}. Best is trial 3 with value: 4.651011884212494.
Early stopping triggered for trial 004 at epoch 038 | best epoch: 008
[I 2026-04-30 12:53:33,825] Trial 4 finished with value: 5.423128545284271 and parameters: {'batch_size': 1024, 'learning_rate': 0.00022453664503729173, 'num_resblk': 14, 'num_features': 32, 'weight_decay': 1.8244214686738507e-06}. Best is trial 3 with value: 4.651011884212494.
[I 2026-04-30 12:53:50,459] Trial 5 pruned. 
[I 2026-04-30 12:54:25,679] Trial 6 pruned. 
[I 2026-04-30 12:54:36,242] Trial 7 pruned. 
Early stopping triggered for trial 008 at epoch 057 | best epoch: 027
[I 2026-04-30 12:59:29,137] Trial 8 finished with value: 5.12198543548584 and parameters: {'batch_size': 1024, 'learning_rate': 0.00021765945480115823, 'num_resblk': 16, 'num_features': 128, 'weight_decay': 0.0006588642352911669}. Best is trial 3 with value: 4.651011884212494.
[I 2026-04-30 12:59:42,151] Trial 9 pruned. 
Early stopping triggered for trial 010 at epoch 065 | best epoch: 035
[I 2026-04-30 13:02:36,100] Trial 10 finished with value: 4.524531841278076 and parameters: {'batch_size': 1024, 'learning_rate': 0.00013973208894722952, 'num_resblk': 4, 'num_features': 96, 'weight_decay': 8.389842577744131e-06}. Best is trial 10 with value: 4.524531841278076.
[I 2026-04-30 13:02:52,033] Trial 11 pruned. 
[I 2026-04-30 13:03:08,154] Trial 12 pruned. 
Early stopping triggered for trial 013 at epoch 052 | best epoch: 022
[I 2026-04-30 13:05:39,687] Trial 13 finished with value: 4.521816968917847 and parameters: {'batch_size': 1024, 'learning_rate': 0.00015381896276786016, 'num_resblk': 6, 'num_features': 96, 'weight_decay': 1.2671353333863654e-05}. Best is trial 13 with value: 4.521816968917847.
[I 2026-04-30 13:05:57,223] Trial 14 pruned. 
[I 2026-04-30 13:06:19,059] Trial 15 pruned. 
Early stopping triggered for trial 016 at epoch 065 | best epoch: 035
[I 2026-04-30 13:09:13,080] Trial 16 finished with value: 4.539808750152588 and parameters: {'batch_size': 1024, 'learning_rate': 0.00015285355468607693, 'num_resblk': 4, 'num_features': 96, 'weight_decay': 1.1749791948107406e-06}. Best is trial 13 with value: 4.521816968917847.
[I 2026-04-30 13:09:30,557] Trial 17 pruned. 
[I 2026-04-30 13:09:51,099] Trial 18 pruned. 
Early stopping triggered for trial 019 at epoch 046 | best epoch: 016
[I 2026-04-30 13:12:39,465] Trial 19 finished with value: 4.507273375988007 and parameters: {'batch_size': 1024, 'learning_rate': 0.00010434647118876973, 'num_resblk': 6, 'num_features': 128, 'weight_decay': 2.6170548304412014e-05}. Best is trial 19 with value: 4.507273375988007.
[I 2026-04-30 13:13:04,996] Trial 20 pruned. 
[I 2026-04-30 13:13:26,827] Trial 21 pruned. 
Early stopping triggered for trial 022 at epoch 052 | best epoch: 022
[I 2026-04-30 13:16:21,340] Trial 22 finished with value: 4.43424117565155 and parameters: {'batch_size': 1024, 'learning_rate': 0.00011754404661388537, 'num_resblk': 4, 'num_features': 128, 'weight_decay': 1.058755094429986e-05}. Best is trial 22 with value: 4.43424117565155.
Early stopping triggered for trial 023 at epoch 046 | best epoch: 016
[I 2026-04-30 13:19:08,870] Trial 23 finished with value: 4.968918681144714 and parameters: {'batch_size': 1024, 'learning_rate': 0.00011313838071287428, 'num_resblk': 6, 'num_features': 128, 'weight_decay': 3.900722734276142e-05}. Best is trial 22 with value: 4.43424117565155.
Early stopping triggered for trial 024 at epoch 054 | best epoch: 024
[I 2026-04-30 13:22:08,773] Trial 24 finished with value: 4.353920757770538 and parameters: {'batch_size': 1024, 'learning_rate': 0.00011047636168319279, 'num_resblk': 4, 'num_features': 128, 'weight_decay': 9.248363340198549e-05}. Best is trial 24 with value: 4.353920757770538.
Early stopping triggered for trial 025 at epoch 051 | best epoch: 021
[I 2026-04-30 13:24:58,844] Trial 25 finished with value: 4.4904574155807495 and parameters: {'batch_size': 1024, 'learning_rate': 0.00011107306422300647, 'num_resblk': 4, 'num_features': 128, 'weight_decay': 0.00010644204592344286}. Best is trial 24 with value: 4.353920757770538.
Early stopping triggered for trial 026 at epoch 044 | best epoch: 014
[I 2026-04-30 13:27:26,244] Trial 26 finished with value: 4.748230814933777 and parameters: {'batch_size': 1024, 'learning_rate': 0.00011336111673523449, 'num_resblk': 4, 'num_features': 128, 'weight_decay': 0.00015421161267680276}. Best is trial 24 with value: 4.353920757770538.
[I 2026-04-30 13:27:46,117] Trial 27 pruned. 
Early stopping triggered for trial 028 at epoch 061 | best epoch: 031
[I 2026-04-30 13:31:08,857] Trial 28 finished with value: 4.668337643146515 and parameters: {'batch_size': 1024, 'learning_rate': 0.00010954765936871569, 'num_resblk': 4, 'num_features': 128, 'weight_decay': 6.590770026672533e-05}. Best is trial 24 with value: 4.353920757770538.
Early stopping triggered for trial 029 at epoch 039 | best epoch: 009
[I 2026-04-30 13:33:42,918] Trial 29 finished with value: 4.906669974327087 and parameters: {'batch_size': 1024, 'learning_rate': 0.0002981629109312506, 'num_resblk': 8, 'num_features': 128, 'weight_decay': 0.0001205205039403263}. Best is trial 24 with value: 4.353920757770538.
[I 2026-04-30 13:33:59,519] Trial 30 pruned. 
Early stopping triggered for trial 031 at epoch 047 | best epoch: 017
[I 2026-04-30 13:36:37,113] Trial 31 finished with value: 4.563733220100403 and parameters: {'batch_size': 1024, 'learning_rate': 0.0001056685385231701, 'num_resblk': 4, 'num_features': 128, 'weight_decay': 8.872809632773594e-05}. Best is trial 24 with value: 4.353920757770538.
[I 2026-04-30 13:36:59,083] Trial 32 pruned. 
Early stopping triggered for trial 033 at epoch 053 | best epoch: 023
[I 2026-04-30 13:39:55,520] Trial 33 finished with value: 4.356384634971619 and parameters: {'batch_size': 1024, 'learning_rate': 0.00010678315417535714, 'num_resblk': 4, 'num_features': 128, 'weight_decay': 2.6763044272929745e-05}. Best is trial 24 with value: 4.353920757770538.
Early stopping triggered for trial 034 at epoch 069 | best epoch: 039
[I 2026-04-30 13:43:45,647] Trial 34 finished with value: 4.572036385536194 and parameters: {'batch_size': 1024, 'learning_rate': 0.00012050294428574295, 'num_resblk': 4, 'num_features': 128, 'weight_decay': 1.458082982425279e-05}. Best is trial 24 with value: 4.353920757770538.
[I 2026-04-30 13:44:05,695] Trial 35 pruned. 
Early stopping triggered for trial 036 at epoch 044 | best epoch: 014
[I 2026-04-30 13:46:59,532] Trial 36 finished with value: 5.098661959171295 and parameters: {'batch_size': 1024, 'learning_rate': 0.00013595730644165393, 'num_resblk': 8, 'num_features': 128, 'weight_decay': 0.0004453642241159568}. Best is trial 24 with value: 4.353920757770538.
[I 2026-04-30 13:47:12,758] Trial 37 pruned. 
Early stopping triggered for trial 038 at epoch 044 | best epoch: 014
[I 2026-04-30 13:50:06,865] Trial 38 finished with value: 4.673848807811737 and parameters: {'batch_size': 1024, 'learning_rate': 0.00011091068742767938, 'num_resblk': 8, 'num_features': 128, 'weight_decay': 0.0009474293007402324}. Best is trial 24 with value: 4.353920757770538.
[I 2026-04-30 13:50:15,896] Trial 39 pruned. 
[I 2026-04-30 13:50:32,567] Trial 40 pruned. 
[I 2026-04-30 13:50:54,396] Trial 41 pruned. 
Early stopping triggered for trial 042 at epoch 059 | best epoch: 029
[I 2026-04-30 13:54:11,563] Trial 42 finished with value: 4.66762101650238 and parameters: {'batch_size': 1024, 'learning_rate': 0.00012043579132513065, 'num_resblk': 4, 'num_features': 128, 'weight_decay': 2.7989977971990942e-05}. Best is trial 24 with value: 4.353920757770538.
[I 2026-04-30 13:54:31,707] Trial 43 pruned. 
[I 2026-04-30 13:55:04,214] Trial 44 pruned. 
[I 2026-04-30 13:55:13,158] Trial 45 pruned. 
[I 2026-04-30 13:55:33,240] Trial 46 pruned. 
[I 2026-04-30 13:55:55,081] Trial 47 pruned. 
Early stopping triggered for trial 048 at epoch 047 | best epoch: 017
[I 2026-04-30 13:59:15,072] Trial 48 finished with value: 4.681205570697784 and parameters: {'batch_size': 1024, 'learning_rate': 0.00012528564695532513, 'num_resblk': 10, 'num_features': 128, 'weight_decay': 8.11580441584247e-06}. Best is trial 24 with value: 4.353920757770538.
[I 2026-04-30 13:59:29,076] Trial 49 pruned. 
Early stopping triggered for trial 050 at epoch 052 | best epoch: 022
[I 2026-04-30 14:02:23,056] Trial 50 finished with value: 4.698942542076111 and parameters: {'batch_size': 1024, 'learning_rate': 0.0002709083780683815, 'num_resblk': 4, 'num_features': 128, 'weight_decay': 4.595186184321939e-06}. Best is trial 24 with value: 4.353920757770538.
Early stopping triggered for trial 051 at epoch 035 | best epoch: 005
[I 2026-04-30 14:04:06,351] Trial 51 finished with value: 5.148069441318512 and parameters: {'batch_size': 1024, 'learning_rate': 0.0001570464721697724, 'num_resblk': 6, 'num_features': 96, 'weight_decay': 1.9977141513861927e-05}. Best is trial 24 with value: 4.353920757770538.
[I 2026-04-30 14:04:23,695] Trial 52 pruned. 
[I 2026-04-30 14:04:37,965] Trial 53 pruned. 
[I 2026-04-30 14:04:53,886] Trial 54 pruned. 
[I 2026-04-30 14:05:33,684] Trial 55 pruned. 
Early stopping triggered for trial 056 at epoch 046 | best epoch: 016
[I 2026-04-30 14:08:07,826] Trial 56 finished with value: 4.790907680988312 and parameters: {'batch_size': 1024, 'learning_rate': 0.00011545362552744621, 'num_resblk': 4, 'num_features': 128, 'weight_decay': 1.2310554199486645e-05}. Best is trial 24 with value: 4.353920757770538.
[I 2026-04-30 14:08:25,442] Trial 57 pruned. 
Early stopping triggered for trial 058 at epoch 044 | best epoch: 014
[I 2026-04-30 14:11:19,645] Trial 58 finished with value: 5.152197539806366 and parameters: {'batch_size': 1024, 'learning_rate': 0.00012142764616402557, 'num_resblk': 8, 'num_features': 128, 'weight_decay': 5.261276142986407e-05}. Best is trial 24 with value: 4.353920757770538.
[I 2026-04-30 14:11:28,604] Trial 59 pruned. 
Early stopping triggered for trial 060 at epoch 043 | best epoch: 013
[I 2026-04-30 14:14:05,094] Trial 60 finished with value: 4.450959801673889 and parameters: {'batch_size': 1024, 'learning_rate': 0.000129626845854221, 'num_resblk': 6, 'num_features': 128, 'weight_decay': 7.44468513982027e-05}. Best is trial 24 with value: 4.353920757770538.
Early stopping triggered for trial 061 at epoch 061 | best epoch: 031
[I 2026-04-30 14:17:46,967] Trial 61 finished with value: 4.3058677315711975 and parameters: {'batch_size': 1024, 'learning_rate': 0.00012886406120220058, 'num_resblk': 6, 'num_features': 128, 'weight_decay': 8.35669612773534e-05}. Best is trial 61 with value: 4.3058677315711975.
[I 2026-04-30 14:18:08,733] Trial 62 pruned. 
[I 2026-04-30 14:18:38,707] Trial 63 pruned. 
[I 2026-04-30 14:19:00,557] Trial 64 pruned. 
Early stopping triggered for trial 065 at epoch 051 | best epoch: 021
[I 2026-04-30 14:21:51,562] Trial 65 finished with value: 4.538007020950317 and parameters: {'batch_size': 1024, 'learning_rate': 0.00012730443898010133, 'num_resblk': 4, 'num_features': 128, 'weight_decay': 0.0002001888721307786}. Best is trial 61 with value: 4.3058677315711975.
Early stopping triggered for trial 066 at epoch 046 | best epoch: 016
[I 2026-04-30 14:24:53,489] Trial 66 finished with value: 4.63658207654953 and parameters: {'batch_size': 1024, 'learning_rate': 0.00011661194920036799, 'num_resblk': 8, 'num_features': 128, 'weight_decay': 0.0001143207915929487}. Best is trial 61 with value: 4.3058677315711975.
[I 2026-04-30 14:25:13,448] Trial 67 pruned. 
[I 2026-04-30 14:26:00,181] Trial 68 pruned. 
Early stopping triggered for trial 069 at epoch 054 | best epoch: 024
[I 2026-04-30 14:29:33,279] Trial 69 finished with value: 4.6454761028289795 and parameters: {'batch_size': 1024, 'learning_rate': 0.00010922046467453372, 'num_resblk': 8, 'num_features': 128, 'weight_decay': 0.0002462409770473503}. Best is trial 61 with value: 4.3058677315711975.
[I 2026-04-30 14:30:40,629] Trial 70 pruned. 
[I 2026-04-30 14:31:12,505] Trial 71 pruned. 
[I 2026-04-30 14:31:34,330] Trial 72 pruned. 
[I 2026-04-30 14:31:46,137] Trial 73 pruned. 
Early stopping triggered for trial 074 at epoch 075 | best epoch: 045
[I 2026-04-30 14:35:55,772] Trial 74 finished with value: 4.875315427780151 and parameters: {'batch_size': 1024, 'learning_rate': 0.0001567773909544509, 'num_resblk': 4, 'num_features': 128, 'weight_decay': 6.649442475141513e-05}. Best is trial 61 with value: 4.3058677315711975.
[I 2026-04-30 14:36:19,278] Trial 75 pruned. 
[I 2026-04-30 14:36:36,594] Trial 76 pruned. 
Early stopping triggered for trial 077 at epoch 063 | best epoch: 033
[I 2026-04-30 14:40:06,485] Trial 77 finished with value: 4.384394556283951 and parameters: {'batch_size': 1024, 'learning_rate': 0.0001787581287688003, 'num_resblk': 4, 'num_features': 128, 'weight_decay': 6.972071784062633e-06}. Best is trial 61 with value: 4.3058677315711975.
Early stopping triggered for trial 078 at epoch 038 | best epoch: 008
[I 2026-04-30 14:42:14,286] Trial 78 finished with value: 4.70766007900238 and parameters: {'batch_size': 1024, 'learning_rate': 0.00018486610014411758, 'num_resblk': 4, 'num_features': 128, 'weight_decay': 4.9186273087991216e-06}. Best is trial 61 with value: 4.3058677315711975.
[I 2026-04-30 14:42:34,249] Trial 79 pruned. 
[I 2026-04-30 14:42:54,134] Trial 80 pruned. 
[I 2026-04-30 14:43:19,362] Trial 81 pruned. 
[I 2026-04-30 14:43:39,207] Trial 82 pruned. 
[I 2026-04-30 14:44:01,012] Trial 83 pruned. 
[I 2026-04-30 14:44:10,703] Trial 84 pruned. 
[I 2026-04-30 14:44:30,623] Trial 85 pruned. 
[I 2026-04-30 14:44:42,437] Trial 86 pruned. 
[I 2026-04-30 14:45:04,191] Trial 87 pruned. 
[I 2026-04-30 14:45:20,084] Trial 88 pruned. 
Early stopping triggered for trial 089 at epoch 056 | best epoch: 026
[I 2026-04-30 14:48:27,373] Trial 89 finished with value: 4.364874601364136 and parameters: {'batch_size': 1024, 'learning_rate': 0.00012037673623449409, 'num_resblk': 4, 'num_features': 128, 'weight_decay': 2.0587520699189957e-05}. Best is trial 61 with value: 4.3058677315711975.
[I 2026-04-30 14:48:47,498] Trial 90 pruned. 
[I 2026-04-30 14:49:07,513] Trial 91 pruned. 
Early stopping triggered for trial 092 at epoch 051 | best epoch: 021
[I 2026-04-30 14:51:57,688] Trial 92 finished with value: 4.583110868930817 and parameters: {'batch_size': 1024, 'learning_rate': 0.00012049419347250232, 'num_resblk': 4, 'num_features': 128, 'weight_decay': 2.8564566575292636e-05}. Best is trial 61 with value: 4.3058677315711975.
[I 2026-04-30 14:52:17,623] Trial 93 pruned. 
Early stopping triggered for trial 094 at epoch 051 | best epoch: 021
[I 2026-04-30 14:55:23,149] Trial 94 finished with value: 4.210934937000275 and parameters: {'batch_size': 1024, 'learning_rate': 0.00019512039017389738, 'num_resblk': 6, 'num_features': 128, 'weight_decay': 1.720908611101091e-05}. Best is trial 94 with value: 4.210934937000275.
[I 2026-04-30 14:55:44,801] Trial 95 pruned. 
[I 2026-04-30 14:56:04,702] Trial 96 pruned. 
[I 2026-04-30 14:56:37,203] Trial 97 pruned. 
Early stopping triggered for trial 098 at epoch 046 | best epoch: 016
[I 2026-04-30 14:59:10,803] Trial 98 finished with value: 4.601027727127075 and parameters: {'batch_size': 1024, 'learning_rate': 0.00011129756780974279, 'num_resblk': 4, 'num_features': 128, 'weight_decay': 1.5463549330475867e-05}. Best is trial 94 with value: 4.210934937000275.
Early stopping triggered for trial 099 at epoch 057 | best epoch: 027
[I 2026-04-30 15:02:20,306] Trial 99 finished with value: 4.229006260633469 and parameters: {'batch_size': 1024, 'learning_rate': 0.0001151589913193452, 'num_resblk': 4, 'num_features': 128, 'weight_decay': 3.291137694602566e-05}. Best is trial 94 with value: 4.210934937000275.
[I 2026-04-30 15:02:40,251] Trial 100 pruned. 
[I 2026-04-30 15:03:00,222] Trial 101 pruned. 
Early stopping triggered for trial 102 at epoch 056 | best epoch: 026
[I 2026-04-30 15:06:06,281] Trial 102 finished with value: 4.602762997150421 and parameters: {'batch_size': 1024, 'learning_rate': 0.00011004655675783276, 'num_resblk': 4, 'num_features': 128, 'weight_decay': 9.551560263307355e-06}. Best is trial 94 with value: 4.210934937000275.
Early stopping triggered for trial 103 at epoch 049 | best epoch: 019
[I 2026-04-30 15:08:49,211] Trial 103 finished with value: 4.2092679142951965 and parameters: {'batch_size': 1024, 'learning_rate': 0.00011502600543322947, 'num_resblk': 4, 'num_features': 128, 'weight_decay': 3.6119035680928804e-05}. Best is trial 103 with value: 4.2092679142951965.
Early stopping triggered for trial 104 at epoch 067 | best epoch: 037
[I 2026-04-30 15:12:30,834] Trial 104 finished with value: 4.593512773513794 and parameters: {'batch_size': 1024, 'learning_rate': 0.00020326751039660663, 'num_resblk': 4, 'num_features': 128, 'weight_decay': 5.192139868055141e-05}. Best is trial 103 with value: 4.2092679142951965.
Early stopping triggered for trial 105 at epoch 049 | best epoch: 019
[I 2026-04-30 15:15:13,778] Trial 105 finished with value: 4.60993880033493 and parameters: {'batch_size': 1024, 'learning_rate': 0.00011545472667300214, 'num_resblk': 4, 'num_features': 128, 'weight_decay': 0.00017245437545019537}. Best is trial 103 with value: 4.2092679142951965.
Early stopping triggered for trial 106 at epoch 058 | best epoch: 028
[I 2026-04-30 15:18:26,247] Trial 106 finished with value: 4.613187670707703 and parameters: {'batch_size': 1024, 'learning_rate': 0.00013275232505779687, 'num_resblk': 4, 'num_features': 128, 'weight_decay': 3.3282462014760316e-05}. Best is trial 103 with value: 4.2092679142951965.
Early stopping triggered for trial 107 at epoch 060 | best epoch: 030
[I 2026-04-30 15:21:45,134] Trial 107 finished with value: 3.884291172027588 and parameters: {'batch_size': 1024, 'learning_rate': 0.00012122556911887273, 'num_resblk': 4, 'num_features': 128, 'weight_decay': 8.031663047980697e-05}. Best is trial 107 with value: 3.884291172027588.
Early stopping triggered for trial 108 at epoch 065 | best epoch: 035
[I 2026-04-30 15:25:20,474] Trial 108 finished with value: 4.428374826908112 and parameters: {'batch_size': 1024, 'learning_rate': 0.00012183394080047418, 'num_resblk': 4, 'num_features': 128, 'weight_decay': 7.8274448101471e-05}. Best is trial 107 with value: 3.884291172027588.
Early stopping triggered for trial 109 at epoch 058 | best epoch: 028
[I 2026-04-30 15:28:32,873] Trial 109 finished with value: 4.566207826137543 and parameters: {'batch_size': 1024, 'learning_rate': 0.00011508652093413963, 'num_resblk': 4, 'num_features': 128, 'weight_decay': 1.255693502621793e-05}. Best is trial 107 with value: 3.884291172027588.
[I 2026-04-30 15:28:41,638] Trial 110 pruned. 
[I 2026-04-30 15:29:01,484] Trial 111 pruned. 
Early stopping triggered for trial 112 at epoch 052 | best epoch: 022
[I 2026-04-30 15:31:54,764] Trial 112 finished with value: 4.391580164432526 and parameters: {'batch_size': 1024, 'learning_rate': 0.00022035078457561586, 'num_resblk': 4, 'num_features': 128, 'weight_decay': 5.908755781607769e-05}. Best is trial 107 with value: 3.884291172027588.
[I 2026-04-30 15:32:14,660] Trial 113 pruned. 
[I 2026-04-30 15:32:41,542] Trial 114 pruned. 
[I 2026-04-30 15:33:01,555] Trial 115 pruned. 
[I 2026-04-30 15:33:21,587] Trial 116 pruned. 
[I 2026-04-30 15:33:33,375] Trial 117 pruned. 
Early stopping triggered for trial 118 at epoch 061 | best epoch: 031
[I 2026-04-30 15:36:56,944] Trial 118 finished with value: 4.66350245475769 and parameters: {'batch_size': 1024, 'learning_rate': 0.00019914445081571283, 'num_resblk': 4, 'num_features': 128, 'weight_decay': 3.9624585205278935e-05}. Best is trial 107 with value: 3.884291172027588.
[I 2026-04-30 15:37:16,790] Trial 119 pruned. 
Early stopping triggered for trial 120 at epoch 043 | best epoch: 013
[I 2026-04-30 15:39:41,255] Trial 120 finished with value: 4.646001756191254 and parameters: {'batch_size': 1024, 'learning_rate': 0.0002813717813814891, 'num_resblk': 4, 'num_features': 128, 'weight_decay': 4.783584569718437e-05}. Best is trial 107 with value: 3.884291172027588.
[I 2026-04-30 15:40:01,291] Trial 121 pruned. 
[I 2026-04-30 15:40:21,227] Trial 122 pruned. 
[I 2026-04-30 15:40:42,991] Trial 123 pruned. 
[I 2026-04-30 15:41:03,000] Trial 124 pruned. 
[I 2026-04-30 15:41:22,790] Trial 125 pruned. 
Early stopping triggered for trial 126 at epoch 042 | best epoch: 012
[I 2026-04-30 15:43:56,679] Trial 126 finished with value: 5.00857812166214 and parameters: {'batch_size': 1024, 'learning_rate': 0.00011903018452997922, 'num_resblk': 6, 'num_features': 128, 'weight_decay': 1.6560938818219532e-05}. Best is trial 107 with value: 3.884291172027588.
[I 2026-04-30 15:44:16,526] Trial 127 pruned. 
Early stopping triggered for trial 128 at epoch 054 | best epoch: 024
[I 2026-04-30 15:47:16,708] Trial 128 finished with value: 4.545731425285339 and parameters: {'batch_size': 1024, 'learning_rate': 0.00012519801284573373, 'num_resblk': 4, 'num_features': 128, 'weight_decay': 9.240892922387676e-05}. Best is trial 107 with value: 3.884291172027588.
[I 2026-04-30 15:47:38,561] Trial 129 pruned. 
[I 2026-04-30 15:47:47,408] Trial 130 pruned. 
[I 2026-04-30 15:48:07,444] Trial 131 pruned. 
[I 2026-04-30 15:48:27,394] Trial 132 pruned. 
[I 2026-04-30 15:48:47,323] Trial 133 pruned. 
Early stopping triggered for trial 134 at epoch 046 | best epoch: 016
[I 2026-04-30 15:51:21,757] Trial 134 finished with value: 4.341564357280731 and parameters: {'batch_size': 1024, 'learning_rate': 0.00011125005779357104, 'num_resblk': 4, 'num_features': 128, 'weight_decay': 8.368831529734981e-05}. Best is trial 107 with value: 3.884291172027588.
Early stopping triggered for trial 135 at epoch 046 | best epoch: 016
[I 2026-04-30 15:53:55,787] Trial 135 finished with value: 4.13918662071228 and parameters: {'batch_size': 1024, 'learning_rate': 0.0001869216414036328, 'num_resblk': 4, 'num_features': 128, 'weight_decay': 7.808542930035497e-05}. Best is trial 107 with value: 3.884291172027588.
Early stopping triggered for trial 136 at epoch 049 | best epoch: 019
[I 2026-04-30 15:56:40,212] Trial 136 finished with value: 4.71672123670578 and parameters: {'batch_size': 1024, 'learning_rate': 0.00018645208108343024, 'num_resblk': 4, 'num_features': 128, 'weight_decay': 1.131108350421346e-06}. Best is trial 107 with value: 3.884291172027588.
Early stopping triggered for trial 137 at epoch 052 | best epoch: 022
[I 2026-04-30 15:59:34,148] Trial 137 finished with value: 4.551834881305695 and parameters: {'batch_size': 1024, 'learning_rate': 0.0001789129669574123, 'num_resblk': 4, 'num_features': 128, 'weight_decay': 8.285902311119568e-05}. Best is trial 107 with value: 3.884291172027588.
[I 2026-04-30 15:59:54,134] Trial 138 pruned. 
[I 2026-04-30 16:00:05,986] Trial 139 pruned. 
[I 2026-04-30 16:00:26,062] Trial 140 pruned. 
[I 2026-04-30 16:00:51,251] Trial 141 pruned. 
[I 2026-04-30 16:01:11,296] Trial 142 pruned. 
[I 2026-04-30 16:01:33,124] Trial 143 pruned. 
Early stopping triggered for trial 144 at epoch 057 | best epoch: 027
[I 2026-04-30 16:04:43,493] Trial 144 finished with value: 4.756036877632141 and parameters: {'batch_size': 1024, 'learning_rate': 0.00011388949899966812, 'num_resblk': 4, 'num_features': 128, 'weight_decay': 5.5043571427131146e-05}. Best is trial 107 with value: 3.884291172027588.
Early stopping triggered for trial 145 at epoch 041 | best epoch: 011
[I 2026-04-30 16:07:01,335] Trial 145 finished with value: 4.598482370376587 and parameters: {'batch_size': 1024, 'learning_rate': 0.00012303528088469294, 'num_resblk': 4, 'num_features': 128, 'weight_decay': 8.456356608359167e-05}. Best is trial 107 with value: 3.884291172027588.
[I 2026-04-30 16:07:21,327] Trial 146 pruned. 
[I 2026-04-30 16:07:43,112] Trial 147 pruned. 
Early stopping triggered for trial 148 at epoch 065 | best epoch: 035
[I 2026-04-30 16:11:19,839] Trial 148 finished with value: 4.979797780513763 and parameters: {'batch_size': 1024, 'learning_rate': 0.00018725048469077883, 'num_resblk': 4, 'num_features': 128, 'weight_decay': 0.00012039606154226994}. Best is trial 107 with value: 3.884291172027588.
Early stopping triggered for trial 149 at epoch 051 | best epoch: 021
[I 2026-04-30 16:14:10,414] Trial 149 finished with value: 4.255352824926376 and parameters: {'batch_size': 1024, 'learning_rate': 0.00011855926563013958, 'num_resblk': 4, 'num_features': 128, 'weight_decay': 6.151570513658234e-05}. Best is trial 107 with value: 3.884291172027588.
[I 2026-04-30 16:14:41,070] Trial 150 pruned. 
[I 2026-04-30 16:15:01,300] Trial 151 pruned. 
Early stopping triggered for trial 152 at epoch 050 | best epoch: 020
[I 2026-04-30 16:17:48,929] Trial 152 finished with value: 4.230940580368042 and parameters: {'batch_size': 1024, 'learning_rate': 0.0001257101291922304, 'num_resblk': 4, 'num_features': 128, 'weight_decay': 7.528132991664309e-05}. Best is trial 107 with value: 3.884291172027588.
Early stopping triggered for trial 153 at epoch 057 | best epoch: 027
[I 2026-04-30 16:20:59,733] Trial 153 finished with value: 4.689607858657837 and parameters: {'batch_size': 1024, 'learning_rate': 0.00011439036599843995, 'num_resblk': 4, 'num_features': 128, 'weight_decay': 8.133821278792056e-05}. Best is trial 107 with value: 3.884291172027588.
Early stopping triggered for trial 154 at epoch 054 | best epoch: 024
[I 2026-04-30 16:24:00,568] Trial 154 finished with value: 4.237451732158661 and parameters: {'batch_size': 1024, 'learning_rate': 0.00010957253595544696, 'num_resblk': 4, 'num_features': 128, 'weight_decay': 7.519021385912991e-06}. Best is trial 107 with value: 3.884291172027588.
Early stopping triggered for trial 155 at epoch 052 | best epoch: 022
[I 2026-04-30 16:26:55,034] Trial 155 finished with value: 4.445745050907135 and parameters: {'batch_size': 1024, 'learning_rate': 0.00010928415662722952, 'num_resblk': 4, 'num_features': 128, 'weight_decay': 5.897492123376161e-05}. Best is trial 107 with value: 3.884291172027588.
Early stopping triggered for trial 156 at epoch 048 | best epoch: 018
[I 2026-04-30 16:29:36,057] Trial 156 finished with value: 4.607551872730255 and parameters: {'batch_size': 1024, 'learning_rate': 0.00010158737728939294, 'num_resblk': 4, 'num_features': 128, 'weight_decay': 1.6955226578572916e-06}. Best is trial 107 with value: 3.884291172027588.
Early stopping triggered for trial 157 at epoch 045 | best epoch: 015
[I 2026-04-30 16:32:07,172] Trial 157 finished with value: 4.6742148995399475 and parameters: {'batch_size': 1024, 'learning_rate': 0.00010763334000661369, 'num_resblk': 4, 'num_features': 128, 'weight_decay': 4.352543511393918e-06}. Best is trial 107 with value: 3.884291172027588.
[I 2026-04-30 16:32:27,183] Trial 158 pruned. 
[I 2026-04-30 16:32:36,169] Trial 159 pruned. 
[I 2026-04-30 16:32:56,113] Trial 160 pruned. 
Early stopping triggered for trial 161 at epoch 061 | best epoch: 031
[I 2026-04-30 16:36:20,068] Trial 161 finished with value: 4.40944629907608 and parameters: {'batch_size': 1024, 'learning_rate': 0.00011764632343023749, 'num_resblk': 4, 'num_features': 128, 'weight_decay': 7.08303817949553e-06}. Best is trial 107 with value: 3.884291172027588.
Early stopping triggered for trial 162 at epoch 051 | best epoch: 021
[I 2026-04-30 16:39:10,088] Trial 162 finished with value: 4.681547045707703 and parameters: {'batch_size': 1024, 'learning_rate': 0.00011651560770610341, 'num_resblk': 4, 'num_features': 128, 'weight_decay': 7.005804107570611e-06}. Best is trial 107 with value: 3.884291172027588.
[I 2026-04-30 16:39:39,280] Trial 163 pruned. 
Early stopping triggered for trial 164 at epoch 051 | best epoch: 021
[I 2026-04-30 16:42:29,677] Trial 164 finished with value: 4.620850563049316 and parameters: {'batch_size': 1024, 'learning_rate': 0.00011072525628664983, 'num_resblk': 4, 'num_features': 128, 'weight_decay': 4.7313608380850495e-06}. Best is trial 107 with value: 3.884291172027588.
[I 2026-04-30 16:42:49,719] Trial 165 pruned. 
[I 2026-04-30 16:43:09,608] Trial 166 pruned. 
[I 2026-04-30 16:43:29,574] Trial 167 pruned. 
Early stopping triggered for trial 168 at epoch 067 | best epoch: 037
[I 2026-04-30 16:47:12,516] Trial 168 finished with value: 4.632324993610382 and parameters: {'batch_size': 1024, 'learning_rate': 0.0001206745595449465, 'num_resblk': 4, 'num_features': 128, 'weight_decay': 6.2613862785717086e-06}. Best is trial 107 with value: 3.884291172027588.
Early stopping triggered for trial 169 at epoch 056 | best epoch: 026
[I 2026-04-30 16:50:19,528] Trial 169 finished with value: 4.195109397172928 and parameters: {'batch_size': 1024, 'learning_rate': 0.00017283839600317727, 'num_resblk': 4, 'num_features': 128, 'weight_decay': 1.9123549640226196e-05}. Best is trial 107 with value: 3.884291172027588.
[I 2026-04-30 16:50:31,380] Trial 170 pruned. 
[I 2026-04-30 16:50:51,313] Trial 171 pruned. 
[I 2026-04-30 16:51:11,224] Trial 172 pruned. 
Early stopping triggered for trial 173 at epoch 046 | best epoch: 016
[I 2026-04-30 16:53:44,502] Trial 173 finished with value: 4.4466782212257385 and parameters: {'batch_size': 1024, 'learning_rate': 0.00022502653779488436, 'num_resblk': 4, 'num_features': 128, 'weight_decay': 0.00010635627630462299}. Best is trial 107 with value: 3.884291172027588.
[I 2026-04-30 16:54:04,430] Trial 174 pruned. 
[I 2026-04-30 16:54:24,392] Trial 175 pruned. 
[I 2026-04-30 16:54:40,256] Trial 176 pruned. 
[I 2026-04-30 16:55:00,295] Trial 177 pruned. 
[I 2026-04-30 16:55:20,299] Trial 178 pruned. 
[I 2026-04-30 16:55:40,297] Trial 179 pruned. 
Early stopping triggered for trial 180 at epoch 062 | best epoch: 032
[I 2026-04-30 16:59:05,649] Trial 180 finished with value: 4.5499759912490845 and parameters: {'batch_size': 1024, 'learning_rate': 0.00011768088027197297, 'num_resblk': 4, 'num_features': 128, 'weight_decay': 0.00012994230566744236}. Best is trial 107 with value: 3.884291172027588.
Early stopping triggered for trial 181 at epoch 057 | best epoch: 027
[I 2026-04-30 17:02:15,301] Trial 181 finished with value: 4.573767304420471 and parameters: {'batch_size': 1024, 'learning_rate': 0.00023260800481621324, 'num_resblk': 4, 'num_features': 128, 'weight_decay': 1.2064634290108386e-05}. Best is trial 107 with value: 3.884291172027588.
[I 2026-04-30 17:02:38,665] Trial 182 pruned. 
[I 2026-04-30 17:02:58,845] Trial 183 pruned. 
[I 2026-04-30 17:03:18,906] Trial 184 pruned. 
[I 2026-04-30 17:03:38,908] Trial 185 pruned. 
[I 2026-04-30 17:03:58,854] Trial 186 pruned. 
[I 2026-04-30 17:04:18,786] Trial 187 pruned. 
Early stopping triggered for trial 188 at epoch 048 | best epoch: 018
[I 2026-04-30 17:06:59,839] Trial 188 finished with value: 4.202467441558838 and parameters: {'batch_size': 1024, 'learning_rate': 0.0001287108404601703, 'num_resblk': 4, 'num_features': 128, 'weight_decay': 1.6165231167589054e-05}. Best is trial 107 with value: 3.884291172027588.
[I 2026-04-30 17:07:19,916] Trial 189 pruned. 
[I 2026-04-30 17:07:47,190] Trial 190 pruned. 
Early stopping triggered for trial 191 at epoch 046 | best epoch: 016
[I 2026-04-30 17:10:20,821] Trial 191 finished with value: 4.355909287929535 and parameters: {'batch_size': 1024, 'learning_rate': 0.0001256457506156054, 'num_resblk': 4, 'num_features': 128, 'weight_decay': 1.635824926296993e-05}. Best is trial 107 with value: 3.884291172027588.
Early stopping triggered for trial 192 at epoch 058 | best epoch: 028
[I 2026-04-30 17:13:34,552] Trial 192 finished with value: 4.351746678352356 and parameters: {'batch_size': 1024, 'learning_rate': 0.00012869713420162338, 'num_resblk': 4, 'num_features': 128, 'weight_decay': 1.4846664362638835e-05}. Best is trial 107 with value: 3.884291172027588.
[I 2026-04-30 17:13:54,673] Trial 193 pruned. 
[I 2026-04-30 17:14:14,639] Trial 194 pruned. 
Early stopping triggered for trial 195 at epoch 047 | best epoch: 017
[I 2026-04-30 17:16:52,389] Trial 195 finished with value: 4.299674332141876 and parameters: {'batch_size': 1024, 'learning_rate': 0.0001351175982462047, 'num_resblk': 4, 'num_features': 128, 'weight_decay': 1.2827553337088981e-05}. Best is trial 107 with value: 3.884291172027588.
[I 2026-04-30 17:17:12,581] Trial 196 pruned. 
[I 2026-04-30 17:17:21,557] Trial 197 pruned. 
Early stopping triggered for trial 198 at epoch 047 | best epoch: 017
[I 2026-04-30 17:19:59,670] Trial 198 finished with value: 4.3306058049201965 and parameters: {'batch_size': 1024, 'learning_rate': 0.0001279011426524668, 'num_resblk': 4, 'num_features': 128, 'weight_decay': 2.112235447296935e-05}. Best is trial 107 with value: 3.884291172027588.
[I 2026-04-30 17:20:19,762] Trial 199 pruned. 
[I 2026-04-30 17:20:39,760] Trial 200 pruned. 
[I 2026-04-30 17:20:59,830] Trial 201 pruned. 
Early stopping triggered for trial 202 at epoch 045 | best epoch: 015
[I 2026-04-30 17:23:30,700] Trial 202 finished with value: 4.409390151500702 and parameters: {'batch_size': 1024, 'learning_rate': 0.00012794462780176284, 'num_resblk': 4, 'num_features': 128, 'weight_decay': 2.35761035204785e-05}. Best is trial 107 with value: 3.884291172027588.
[I 2026-04-30 17:23:50,799] Trial 203 pruned. 
[I 2026-04-30 17:24:10,755] Trial 204 pruned. 
[I 2026-04-30 17:24:30,676] Trial 205 pruned. 
[I 2026-04-30 17:24:50,588] Trial 206 pruned. 
Early stopping triggered for trial 207 at epoch 062 | best epoch: 032
[I 2026-04-30 17:28:17,682] Trial 207 finished with value: 4.696801602840424 and parameters: {'batch_size': 1024, 'learning_rate': 0.000124456636451093, 'num_resblk': 4, 'num_features': 128, 'weight_decay': 1.1306487233676487e-05}. Best is trial 107 with value: 3.884291172027588.
[I 2026-04-30 17:28:29,536] Trial 208 pruned. 
[I 2026-04-30 17:28:49,587] Trial 209 pruned. 
[I 2026-04-30 17:29:09,575] Trial 210 pruned. 
[I 2026-04-30 17:29:29,593] Trial 211 pruned. 
[I 2026-04-30 17:29:49,618] Trial 212 pruned. 
Early stopping triggered for trial 213 at epoch 061 | best epoch: 031
[I 2026-04-30 17:33:13,358] Trial 213 finished with value: 4.448378264904022 and parameters: {'batch_size': 1024, 'learning_rate': 0.00013571185428548494, 'num_resblk': 4, 'num_features': 128, 'weight_decay': 2.261186601316141e-05}. Best is trial 107 with value: 3.884291172027588.
[I 2026-04-30 17:33:33,323] Trial 214 pruned. 
[I 2026-04-30 17:34:05,083] Trial 215 pruned. 
[I 2026-04-30 17:34:25,132] Trial 216 pruned. 
Early stopping triggered for trial 217 at epoch 050 | best epoch: 020
[I 2026-04-30 17:37:12,724] Trial 217 finished with value: 4.251384496688843 and parameters: {'batch_size': 1024, 'learning_rate': 0.00012688745790249682, 'num_resblk': 4, 'num_features': 128, 'weight_decay': 8.24614559911376e-05}. Best is trial 107 with value: 3.884291172027588.
Early stopping triggered for trial 218 at epoch 055 | best epoch: 025
[I 2026-04-30 17:40:16,807] Trial 218 finished with value: 4.472216904163361 and parameters: {'batch_size': 1024, 'learning_rate': 0.0001935681926907185, 'num_resblk': 4, 'num_features': 128, 'weight_decay': 8.605536335971428e-05}. Best is trial 107 with value: 3.884291172027588.
[I 2026-04-30 17:40:36,840] Trial 219 pruned. 
Early stopping triggered for trial 220 at epoch 054 | best epoch: 024
[I 2026-04-30 17:43:37,538] Trial 220 finished with value: 4.285169243812561 and parameters: {'batch_size': 1024, 'learning_rate': 0.000181386328167877, 'num_resblk': 4, 'num_features': 128, 'weight_decay': 9.762454742379293e-05}. Best is trial 107 with value: 3.884291172027588.
[I 2026-04-30 17:43:57,468] Trial 221 pruned. 
[I 2026-04-30 17:44:17,361] Trial 222 pruned. 
[I 2026-04-30 17:44:37,393] Trial 223 pruned. 
Early stopping triggered for trial 224 at epoch 057 | best epoch: 027
[I 2026-04-30 17:47:48,043] Trial 224 finished with value: 4.382054507732391 and parameters: {'batch_size': 1024, 'learning_rate': 0.00018225131525259828, 'num_resblk': 4, 'num_features': 128, 'weight_decay': 7.767765077851835e-05}. Best is trial 107 with value: 3.884291172027588.
[I 2026-04-30 17:48:08,088] Trial 225 pruned. 
[I 2026-04-30 17:48:28,002] Trial 226 pruned. 
[I 2026-04-30 17:48:47,904] Trial 227 pruned. 
Early stopping triggered for trial 228 at epoch 063 | best epoch: 033
[I 2026-04-30 17:52:17,975] Trial 228 finished with value: 4.454400062561035 and parameters: {'batch_size': 1024, 'learning_rate': 0.00017907400058031947, 'num_resblk': 4, 'num_features': 128, 'weight_decay': 6.72153683145232e-05}. Best is trial 107 with value: 3.884291172027588.
[I 2026-04-30 17:52:38,019] Trial 229 pruned. 
[I 2026-04-30 17:52:58,005] Trial 230 pruned. 
Early stopping triggered for trial 231 at epoch 062 | best epoch: 032
[I 2026-04-30 17:56:24,961] Trial 231 finished with value: 4.773486614227295 and parameters: {'batch_size': 1024, 'learning_rate': 0.00012111924420664234, 'num_resblk': 4, 'num_features': 128, 'weight_decay': 6.024696483446059e-05}. Best is trial 107 with value: 3.884291172027588.
[I 2026-04-30 17:56:44,854] Trial 232 pruned. 
Early stopping triggered for trial 233 at epoch 042 | best epoch: 012
[I 2026-04-30 17:59:30,944] Trial 233 finished with value: 4.585954070091248 and parameters: {'batch_size': 1024, 'learning_rate': 0.00017478332592695111, 'num_resblk': 8, 'num_features': 128, 'weight_decay': 8.125472463069351e-05}. Best is trial 107 with value: 3.884291172027588.
[I 2026-04-30 17:59:50,921] Trial 234 pruned. 
Early stopping triggered for trial 235 at epoch 046 | best epoch: 016
[I 2026-04-30 18:02:25,357] Trial 235 finished with value: 4.267497569322586 and parameters: {'batch_size': 1024, 'learning_rate': 0.00012505011500168364, 'num_resblk': 4, 'num_features': 128, 'weight_decay': 1.4750345218566245e-05}. Best is trial 107 with value: 3.884291172027588.
[I 2026-04-30 18:02:45,260] Trial 236 pruned. 
[I 2026-04-30 18:03:05,241] Trial 237 pruned. 
[I 2026-04-30 18:03:14,224] Trial 238 pruned. 
[I 2026-04-30 18:03:34,188] Trial 239 pruned. 
[I 2026-04-30 18:03:54,187] Trial 240 pruned. 
Early stopping triggered for trial 241 at epoch 049 | best epoch: 019
[I 2026-04-30 18:07:22,609] Trial 241 finished with value: 5.160386383533478 and parameters: {'batch_size': 1024, 'learning_rate': 0.0001114871461483764, 'num_resblk': 10, 'num_features': 128, 'weight_decay': 6.689617981834448e-05}. Best is trial 107 with value: 3.884291172027588.
[I 2026-04-30 18:07:42,694] Trial 242 pruned. 
[I 2026-04-30 18:08:02,617] Trial 243 pruned. 
[I 2026-04-30 18:08:22,475] Trial 244 pruned. 
[I 2026-04-30 18:08:42,427] Trial 245 pruned. 
[I 2026-04-30 18:09:02,521] Trial 246 pruned. 
[I 2026-04-30 18:09:22,477] Trial 247 pruned. 
Early stopping triggered for trial 248 at epoch 048 | best epoch: 018
[I 2026-04-30 18:12:03,133] Trial 248 finished with value: 4.343262076377869 and parameters: {'batch_size': 1024, 'learning_rate': 0.0001883901141849596, 'num_resblk': 4, 'num_features': 128, 'weight_decay': 1.1747169562808687e-05}. Best is trial 107 with value: 3.884291172027588.
Early stopping triggered for trial 249 at epoch 058 | best epoch: 028
[I 2026-04-30 18:15:17,077] Trial 249 finished with value: 4.671890139579773 and parameters: {'batch_size': 1024, 'learning_rate': 0.00018549679079403114, 'num_resblk': 4, 'num_features': 128, 'weight_decay': 1.0665208505153268e-05}. Best is trial 107 with value: 3.884291172027588.
[I 2026-04-30 18:15:28,883] Trial 250 pruned. 
Early stopping triggered for trial 251 at epoch 043 | best epoch: 013
[I 2026-04-30 18:17:53,551] Trial 251 finished with value: 4.664608538150787 and parameters: {'batch_size': 1024, 'learning_rate': 0.00018932273238178254, 'num_resblk': 4, 'num_features': 128, 'weight_decay': 1.4889323368416216e-05}. Best is trial 107 with value: 3.884291172027588.
[I 2026-04-30 18:18:13,419] Trial 252 pruned. 
[I 2026-04-30 18:18:33,504] Trial 253 pruned. 
Early stopping triggered for trial 254 at epoch 049 | best epoch: 019
[I 2026-04-30 18:21:17,777] Trial 254 finished with value: 4.406544983386993 and parameters: {'batch_size': 1024, 'learning_rate': 0.00019730414998895532, 'num_resblk': 4, 'num_features': 128, 'weight_decay': 9.559912839254446e-06}. Best is trial 107 with value: 3.884291172027588.
Early stopping triggered for trial 255 at epoch 053 | best epoch: 023
[I 2026-04-30 18:24:15,360] Trial 255 finished with value: 4.680107533931732 and parameters: {'batch_size': 1024, 'learning_rate': 0.00011927514791438492, 'num_resblk': 4, 'num_features': 128, 'weight_decay': 1.683336650286491e-05}. Best is trial 107 with value: 3.884291172027588.
[I 2026-04-30 18:24:31,236] Trial 256 pruned. 
Early stopping triggered for trial 257 at epoch 053 | best epoch: 023
[I 2026-04-30 18:27:28,649] Trial 257 finished with value: 4.584033131599426 and parameters: {'batch_size': 1024, 'learning_rate': 0.0001878827449745886, 'num_resblk': 4, 'num_features': 128, 'weight_decay': 2.1145440216296557e-05}. Best is trial 107 with value: 3.884291172027588.
[I 2026-04-30 18:27:48,627] Trial 258 pruned. 
[I 2026-04-30 18:28:08,657] Trial 259 pruned. 
Early stopping triggered for trial 260 at epoch 058 | best epoch: 028
[I 2026-04-30 18:31:21,826] Trial 260 finished with value: 4.648511648178101 and parameters: {'batch_size': 1024, 'learning_rate': 0.0001328418476885537, 'num_resblk': 4, 'num_features': 128, 'weight_decay': 7.962632473346061e-05}. Best is trial 107 with value: 3.884291172027588.
[I 2026-04-30 18:31:41,701] Trial 261 pruned. 
[I 2026-04-30 18:32:01,669] Trial 262 pruned. 
[I 2026-04-30 18:32:21,742] Trial 263 pruned. 
[I 2026-04-30 18:32:41,675] Trial 264 pruned. 
Early stopping triggered for trial 265 at epoch 043 | best epoch: 013
[I 2026-04-30 18:35:06,263] Trial 265 finished with value: 4.635471761226654 and parameters: {'batch_size': 1024, 'learning_rate': 0.0002014061345398599, 'num_resblk': 4, 'num_features': 128, 'weight_decay': 8.272696211998388e-06}. Best is trial 107 with value: 3.884291172027588.
[I 2026-04-30 18:35:26,174] Trial 266 pruned. 
[I 2026-04-30 18:35:46,005] Trial 267 pruned. 
Early stopping triggered for trial 268 at epoch 055 | best epoch: 025
[I 2026-04-30 18:38:50,114] Trial 268 finished with value: 4.479058027267456 and parameters: {'batch_size': 1024, 'learning_rate': 0.0001369229887495231, 'num_resblk': 4, 'num_features': 128, 'weight_decay': 8.557543181020102e-05}. Best is trial 107 with value: 3.884291172027588.
[I 2026-04-30 18:38:59,102] Trial 269 pruned. 
[I 2026-04-30 18:39:19,034] Trial 270 pruned. 
[I 2026-04-30 18:39:39,105] Trial 271 pruned. 
Early stopping triggered for trial 272 at epoch 055 | best epoch: 025
[I 2026-04-30 18:42:42,757] Trial 272 finished with value: 3.8322119414806366 and parameters: {'batch_size': 1024, 'learning_rate': 0.00019037823309955425, 'num_resblk': 4, 'num_features': 128, 'weight_decay': 7.20082944514834e-05}. Best is trial 272 with value: 3.8322119414806366.
[I 2026-04-30 18:43:08,173] Trial 273 pruned. 
Early stopping triggered for trial 274 at epoch 054 | best epoch: 024
[I 2026-04-30 18:46:08,849] Trial 274 finished with value: 4.270177334547043 and parameters: {'batch_size': 1024, 'learning_rate': 0.00018883096001067777, 'num_resblk': 4, 'num_features': 128, 'weight_decay': 6.979918086074127e-05}. Best is trial 272 with value: 3.8322119414806366.
[I 2026-04-30 18:46:29,118] Trial 275 pruned. 
[I 2026-04-30 18:46:40,944] Trial 276 pruned. 
[I 2026-04-30 18:47:00,915] Trial 277 pruned. 
[I 2026-04-30 18:47:20,035] Trial 278 pruned. 
Early stopping triggered for trial 279 at epoch 045 | best epoch: 015
[I 2026-04-30 18:49:51,502] Trial 279 finished with value: 4.315699577331543 and parameters: {'batch_size': 1024, 'learning_rate': 0.00015239602169842757, 'num_resblk': 4, 'num_features': 128, 'weight_decay': 0.00014428500926287922}. Best is trial 272 with value: 3.8322119414806366.
[I 2026-04-30 18:50:13,170] Trial 280 pruned. 
[I 2026-04-30 18:50:33,100] Trial 281 pruned. 
[I 2026-04-30 18:50:53,097] Trial 282 pruned. 
[I 2026-04-30 18:51:22,117] Trial 283 pruned. 
[I 2026-04-30 18:51:41,947] Trial 284 pruned. 
Early stopping triggered for trial 285 at epoch 061 | best epoch: 031
[I 2026-04-30 18:55:05,368] Trial 285 finished with value: 4.48499995470047 and parameters: {'batch_size': 1024, 'learning_rate': 0.00013590869670390468, 'num_resblk': 4, 'num_features': 128, 'weight_decay': 3.607393884023197e-05}. Best is trial 272 with value: 3.8322119414806366.
[I 2026-04-30 18:55:27,160] Trial 286 pruned. 
Early stopping triggered for trial 287 at epoch 067 | best epoch: 037
[I 2026-04-30 18:59:10,358] Trial 287 finished with value: 4.36223503947258 and parameters: {'batch_size': 1024, 'learning_rate': 0.00011064250978945977, 'num_resblk': 4, 'num_features': 128, 'weight_decay': 0.00017489111781579926}. Best is trial 272 with value: 3.8322119414806366.
Early stopping triggered for trial 288 at epoch 055 | best epoch: 025
[I 2026-04-30 19:02:13,990] Trial 288 finished with value: 4.106834650039673 and parameters: {'batch_size': 1024, 'learning_rate': 0.00014878956044538777, 'num_resblk': 4, 'num_features': 128, 'weight_decay': 9.47756475256028e-05}. Best is trial 272 with value: 3.8322119414806366.
[I 2026-04-30 19:02:33,927] Trial 289 pruned. 
Early stopping triggered for trial 290 at epoch 042 | best epoch: 012
[I 2026-04-30 19:04:55,002] Trial 290 finished with value: 4.826892912387848 and parameters: {'batch_size': 1024, 'learning_rate': 0.0001265804176559135, 'num_resblk': 4, 'num_features': 128, 'weight_decay': 8.980592197486004e-05}. Best is trial 272 with value: 3.8322119414806366.
[I 2026-04-30 19:05:14,985] Trial 291 pruned. 
[I 2026-04-30 19:05:34,945] Trial 292 pruned. 
[I 2026-04-30 19:05:54,905] Trial 293 pruned. 
[I 2026-04-30 19:06:03,906] Trial 294 pruned. 
[I 2026-04-30 19:06:23,857] Trial 295 pruned. 
[I 2026-04-30 19:06:47,406] Trial 296 pruned. 
[I 2026-04-30 19:07:07,387] Trial 297 pruned. 
[I 2026-04-30 19:07:27,394] Trial 298 pruned. 
[I 2026-04-30 19:07:47,259] Trial 299 pruned. 
Early stopping triggered for trial 300 at epoch 046 | best epoch: 016
[I 2026-04-30 19:10:21,529] Trial 300 finished with value: 4.784989356994629 and parameters: {'batch_size': 1024, 'learning_rate': 0.00019995901718255653, 'num_resblk': 4, 'num_features': 128, 'weight_decay': 6.337680837045845e-05}. Best is trial 272 with value: 3.8322119414806366.
[I 2026-04-30 19:10:33,389] Trial 301 pruned. 
[I 2026-04-30 19:10:53,451] Trial 302 pruned. 
[I 2026-04-30 19:11:15,044] Trial 303 pruned. 
[I 2026-04-30 19:11:35,159] Trial 304 pruned. 
Early stopping triggered for trial 305 at epoch 055 | best epoch: 025
[I 2026-04-30 19:14:02,181] Trial 305 finished with value: 4.8051780462265015 and parameters: {'batch_size': 1024, 'learning_rate': 0.00015168361287285192, 'num_resblk': 4, 'num_features': 96, 'weight_decay': 7.265431654170775e-05}. Best is trial 272 with value: 3.8322119414806366.
[I 2026-04-30 19:14:22,164] Trial 306 pruned. 
[I 2026-04-30 19:14:42,218] Trial 307 pruned. 
[I 2026-04-30 19:15:02,364] Trial 308 pruned. 
[I 2026-04-30 19:15:22,326] Trial 309 pruned. 
[I 2026-04-30 19:15:42,186] Trial 310 pruned. 
[I 2026-04-30 19:16:02,041] Trial 311 pruned. 
[I 2026-04-30 19:16:22,112] Trial 312 pruned. 
[I 2026-04-30 19:16:42,107] Trial 313 pruned. 
Early stopping triggered for trial 314 at epoch 054 | best epoch: 024
[I 2026-04-30 19:19:42,704] Trial 314 finished with value: 4.854318678379059 and parameters: {'batch_size': 1024, 'learning_rate': 0.00012686614583408285, 'num_resblk': 4, 'num_features': 128, 'weight_decay': 1.671047563879276e-05}. Best is trial 272 with value: 3.8322119414806366.
[I 2026-04-30 19:20:02,716] Trial 315 pruned. 
Early stopping triggered for trial 316 at epoch 048 | best epoch: 018
[I 2026-04-30 19:22:43,597] Trial 316 finished with value: 4.620176434516907 and parameters: {'batch_size': 1024, 'learning_rate': 0.0001180627117403623, 'num_resblk': 4, 'num_features': 128, 'weight_decay': 5.9001542750686184e-05}. Best is trial 272 with value: 3.8322119414806366.
Early stopping triggered for trial 317 at epoch 048 | best epoch: 018
[I 2026-04-30 19:25:24,705] Trial 317 finished with value: 4.697141230106354 and parameters: {'batch_size': 1024, 'learning_rate': 0.00014593739859089874, 'num_resblk': 4, 'num_features': 128, 'weight_decay': 1.375109427747819e-05}. Best is trial 272 with value: 3.8322119414806366.
[I 2026-04-30 19:25:44,722] Trial 318 pruned. 
Early stopping triggered for trial 319 at epoch 055 | best epoch: 025
[I 2026-04-30 19:28:48,115] Trial 319 finished with value: 4.534581243991852 and parameters: {'batch_size': 1024, 'learning_rate': 0.00011257430726591068, 'num_resblk': 4, 'num_features': 128, 'weight_decay': 0.00012915287957845394}. Best is trial 272 with value: 3.8322119414806366.
[I 2026-04-30 19:28:57,047] Trial 320 pruned. 
[I 2026-04-30 19:29:24,296] Trial 321 pruned. 
[I 2026-04-30 19:29:44,247] Trial 322 pruned. 
[I 2026-04-30 19:30:05,944] Trial 323 pruned. 
Early stopping triggered for trial 324 at epoch 051 | best epoch: 021
[I 2026-04-30 19:32:56,423] Trial 324 finished with value: 4.491965413093567 and parameters: {'batch_size': 1024, 'learning_rate': 0.00018363901353081122, 'num_resblk': 4, 'num_features': 128, 'weight_decay': 1.8914941204218542e-05}. Best is trial 272 with value: 3.8322119414806366.
[I 2026-04-30 19:33:16,340] Trial 325 pruned. 
[I 2026-04-30 19:33:36,283] Trial 326 pruned. 
[I 2026-04-30 19:33:49,413] Trial 327 pruned. 
Early stopping triggered for trial 328 at epoch 045 | best epoch: 015
[I 2026-04-30 19:36:20,550] Trial 328 finished with value: 4.850809276103973 and parameters: {'batch_size': 1024, 'learning_rate': 0.00017221446455924444, 'num_resblk': 4, 'num_features': 128, 'weight_decay': 1.6191846651867936e-05}. Best is trial 272 with value: 3.8322119414806366.
[I 2026-04-30 19:36:36,386] Trial 329 pruned. 
Early stopping triggered for trial 330 at epoch 059 | best epoch: 029
[I 2026-04-30 19:39:53,261] Trial 330 finished with value: 4.516445219516754 and parameters: {'batch_size': 1024, 'learning_rate': 0.00012530646525411388, 'num_resblk': 4, 'num_features': 128, 'weight_decay': 4.3165568502464076e-05}. Best is trial 272 with value: 3.8322119414806366.
[I 2026-04-30 19:40:13,224] Trial 331 pruned. 
[I 2026-04-30 19:40:44,100] Trial 332 pruned. 
[I 2026-04-30 19:41:09,619] Trial 333 pruned. 
[I 2026-04-30 19:41:29,707] Trial 334 pruned. 
[I 2026-04-30 19:41:49,776] Trial 335 pruned. 
[I 2026-04-30 19:42:09,720] Trial 336 pruned. 
Early stopping triggered for trial 337 at epoch 055 | best epoch: 025
[I 2026-04-30 19:45:13,405] Trial 337 finished with value: 4.649586915969849 and parameters: {'batch_size': 1024, 'learning_rate': 0.00013113044314214434, 'num_resblk': 4, 'num_features': 128, 'weight_decay': 7.127093593015833e-05}. Best is trial 272 with value: 3.8322119414806366.
[I 2026-04-30 19:45:33,396] Trial 338 pruned. 
Early stopping triggered for trial 339 at epoch 043 | best epoch: 013
[I 2026-04-30 19:47:57,801] Trial 339 finished with value: 4.678316712379456 and parameters: {'batch_size': 1024, 'learning_rate': 0.00011644024887111766, 'num_resblk': 4, 'num_features': 128, 'weight_decay': 9.46583972887306e-05}. Best is trial 272 with value: 3.8322119414806366.
[I 2026-04-30 19:48:21,519] Trial 340 pruned. 
Early stopping triggered for trial 341 at epoch 042 | best epoch: 012
[I 2026-04-30 19:50:42,607] Trial 341 finished with value: 4.561291456222534 and parameters: {'batch_size': 1024, 'learning_rate': 0.00018127881525743824, 'num_resblk': 4, 'num_features': 128, 'weight_decay': 8.023635815726583e-05}. Best is trial 272 with value: 3.8322119414806366.
[I 2026-04-30 19:51:02,622] Trial 342 pruned. 
[I 2026-04-30 19:51:11,626] Trial 343 pruned. 
[I 2026-04-30 19:51:33,431] Trial 344 pruned. 
[I 2026-04-30 19:51:53,387] Trial 345 pruned. 
Early stopping triggered for trial 346 at epoch 042 | best epoch: 012
[I 2026-04-30 19:54:14,220] Trial 346 finished with value: 4.695863723754883 and parameters: {'batch_size': 1024, 'learning_rate': 0.0001078680723932997, 'num_resblk': 4, 'num_features': 128, 'weight_decay': 0.00010362966129858176}. Best is trial 272 with value: 3.8322119414806366.
Early stopping triggered for trial 347 at epoch 052 | best epoch: 022
[I 2026-04-30 19:57:07,797] Trial 347 finished with value: 4.195930182933807 and parameters: {'batch_size': 1024, 'learning_rate': 0.00019414153571163653, 'num_resblk': 4, 'num_features': 128, 'weight_decay': 7.155592477946228e-05}. Best is trial 272 with value: 3.8322119414806366.
Early stopping triggered for trial 348 at epoch 062 | best epoch: 032
[I 2026-04-30 20:00:34,743] Trial 348 finished with value: 4.23950520157814 and parameters: {'batch_size': 1024, 'learning_rate': 0.00020102477667849417, 'num_resblk': 4, 'num_features': 128, 'weight_decay': 6.147508342532824e-05}. Best is trial 272 with value: 3.8322119414806366.
[I 2026-04-30 20:00:54,653] Trial 349 pruned. 
[I 2026-04-30 20:01:14,565] Trial 350 pruned. 
Early stopping triggered for trial 351 at epoch 053 | best epoch: 023
[I 2026-04-30 20:04:11,537] Trial 351 finished with value: 4.256638705730438 and parameters: {'batch_size': 1024, 'learning_rate': 0.00019020435374392383, 'num_resblk': 4, 'num_features': 128, 'weight_decay': 6.248609047000548e-05}. Best is trial 272 with value: 3.8322119414806366.
[I 2026-04-30 20:04:23,297] Trial 352 pruned. 
[I 2026-04-30 20:04:43,302] Trial 353 pruned. 
[I 2026-04-30 20:05:03,249] Trial 354 pruned. 
Early stopping triggered for trial 355 at epoch 053 | best epoch: 023
[I 2026-04-30 20:07:59,934] Trial 355 finished with value: 4.502924978733063 and parameters: {'batch_size': 1024, 'learning_rate': 0.00020024212968220817, 'num_resblk': 4, 'num_features': 128, 'weight_decay': 7.117810737205359e-05}. Best is trial 272 with value: 3.8322119414806366.
Early stopping triggered for trial 356 at epoch 045 | best epoch: 015
[I 2026-04-30 20:10:01,035] Trial 356 finished with value: 4.940837383270264 and parameters: {'batch_size': 1024, 'learning_rate': 0.00019517247927058664, 'num_resblk': 4, 'num_features': 96, 'weight_decay': 6.620975473998423e-05}. Best is trial 272 with value: 3.8322119414806366.
Early stopping triggered for trial 357 at epoch 043 | best epoch: 013
[I 2026-04-30 20:12:25,260] Trial 357 finished with value: 4.354149699211121 and parameters: {'batch_size': 1024, 'learning_rate': 0.00021179710788291783, 'num_resblk': 4, 'num_features': 128, 'weight_decay': 4.759878668574963e-05}. Best is trial 272 with value: 3.8322119414806366.
[I 2026-04-30 20:12:45,189] Trial 358 pruned. 
Early stopping triggered for trial 359 at epoch 048 | best epoch: 018
[I 2026-04-30 20:15:26,190] Trial 359 finished with value: 4.422507703304291 and parameters: {'batch_size': 1024, 'learning_rate': 0.0001839546236593343, 'num_resblk': 4, 'num_features': 128, 'weight_decay': 7.599376795407787e-05}. Best is trial 272 with value: 3.8322119414806366.
[I 2026-04-30 20:15:46,256] Trial 360 pruned. 
[I 2026-04-30 20:16:06,311] Trial 361 pruned. 
Early stopping triggered for trial 362 at epoch 056 | best epoch: 026
[I 2026-04-30 20:19:13,018] Trial 362 finished with value: 4.829369306564331 and parameters: {'batch_size': 1024, 'learning_rate': 0.0001904082766375077, 'num_resblk': 4, 'num_features': 128, 'weight_decay': 5.432076202963727e-05}. Best is trial 272 with value: 3.8322119414806366.
[I 2026-04-30 20:19:33,023] Trial 363 pruned. 
Early stopping triggered for trial 364 at epoch 036 | best epoch: 006
[I 2026-04-30 20:21:34,153] Trial 364 finished with value: 4.624347567558289 and parameters: {'batch_size': 1024, 'learning_rate': 0.00018603385714208715, 'num_resblk': 4, 'num_features': 128, 'weight_decay': 7.169182368446658e-05}. Best is trial 272 with value: 3.8322119414806366.
[I 2026-04-30 20:21:54,120] Trial 365 pruned. 
Early stopping triggered for trial 366 at epoch 045 | best epoch: 015
[I 2026-04-30 20:24:38,752] Trial 366 finished with value: 4.4938125014305115 and parameters: {'batch_size': 1024, 'learning_rate': 0.00018059214174422766, 'num_resblk': 6, 'num_features': 128, 'weight_decay': 6.644327325397147e-05}. Best is trial 272 with value: 3.8322119414806366.
[I 2026-04-30 20:24:58,715] Trial 367 pruned. 
[I 2026-04-30 20:25:18,681] Trial 368 pruned. 
[I 2026-04-30 20:25:27,545] Trial 369 pruned. 
[I 2026-04-30 20:25:47,433] Trial 370 pruned. 
Early stopping triggered for trial 371 at epoch 045 | best epoch: 015
[I 2026-04-30 20:28:18,057] Trial 371 finished with value: 4.341414153575897 and parameters: {'batch_size': 1024, 'learning_rate': 0.0001833783492349384, 'num_resblk': 4, 'num_features': 128, 'weight_decay': 3.832396648913203e-05}. Best is trial 272 with value: 3.8322119414806366.
[I 2026-04-30 20:28:37,785] Trial 372 pruned. 
[I 2026-04-30 20:28:57,758] Trial 373 pruned. 
[I 2026-04-30 20:29:19,449] Trial 374 pruned. 
[I 2026-04-30 20:29:39,423] Trial 375 pruned. 
[I 2026-04-30 20:29:59,359] Trial 376 pruned. 
[I 2026-04-30 20:30:11,304] Trial 377 pruned. 
Early stopping triggered for trial 378 at epoch 048 | best epoch: 018
[I 2026-04-30 20:32:52,747] Trial 378 finished with value: 4.603524386882782 and parameters: {'batch_size': 1024, 'learning_rate': 0.00015858452992311448, 'num_resblk': 4, 'num_features': 128, 'weight_decay': 6.281792111915948e-05}. Best is trial 272 with value: 3.8322119414806366.
[I 2026-04-30 20:33:12,776] Trial 379 pruned. 
[I 2026-04-30 20:33:36,321] Trial 380 pruned. 
[I 2026-04-30 20:33:52,320] Trial 381 pruned. 
Early stopping triggered for trial 382 at epoch 058 | best epoch: 028
[I 2026-04-30 20:37:05,150] Trial 382 finished with value: 4.47837507724762 and parameters: {'batch_size': 1024, 'learning_rate': 0.00018004711819529222, 'num_resblk': 4, 'num_features': 128, 'weight_decay': 3.732443271239846e-05}. Best is trial 272 with value: 3.8322119414806366.
[I 2026-04-30 20:37:24,944] Trial 383 pruned. 
[I 2026-04-30 20:37:44,840] Trial 384 pruned. 
Early stopping triggered for trial 385 at epoch 053 | best epoch: 023
[I 2026-04-30 20:40:40,776] Trial 385 finished with value: 4.59138548374176 and parameters: {'batch_size': 1024, 'learning_rate': 0.00018556530211726808, 'num_resblk': 4, 'num_features': 128, 'weight_decay': 9.978871624258586e-05}. Best is trial 272 with value: 3.8322119414806366.
[I 2026-04-30 20:41:00,769] Trial 386 pruned. 
[I 2026-04-30 20:41:20,681] Trial 387 pruned. 
slurmstepd: error: *** JOB 6436368 ON d4055 CANCELLED AT 2026-04-30T20:43:06 DUE TO TIME LIMIT ***
