Using device: cuda
All trial checkpoints will be saved to: /projects/sds-lab/Shuochen/downscaling/cordex_canesm2/tmean.CanESM2.CanRCM4.day.NAM-44i.mbcn-gridMET/trained_models/SRResNet
Loaded shapes:
X       : torch.Size([55115, 1, 13, 29])
y       : torch.Size([55115, 1, 52, 116])
mask_hr : torch.Size([55115, 1, 52, 116])
Train/Val shapes:
X_train    : torch.Size([20440, 1, 13, 29])
y_train    : torch.Size([20440, 1, 52, 116])
mask_train : torch.Size([20440, 1, 52, 116])
X_val      : torch.Size([7300, 1, 13, 29])
y_val      : torch.Size([7300, 1, 52, 116])
mask_val   : torch.Size([7300, 1, 52, 116])
[I 2026-04-24 11:06:23,920] A new study created in memory with name: no-name-a94286e9-9260-4a26-88de-5b87b2a0a0fe
[I 2026-04-24 11:06:53,490] Trial 0 finished with value: 1.3050103336572647 and parameters: {'batch_size': 1024, 'learning_rate': 0.00020026708427588525, 'num_resblk': 8, 'num_features': 32, 'weight_decay': 1.1856747184264704e-05}. Best is trial 0 with value: 1.3050103336572647.
[I 2026-04-24 11:07:24,362] Trial 1 finished with value: 1.5624217242002487 and parameters: {'batch_size': 1024, 'learning_rate': 0.00011750412150421949, 'num_resblk': 12, 'num_features': 32, 'weight_decay': 6.984903736695762e-05}. Best is trial 0 with value: 1.3050103336572647.
[I 2026-04-24 11:07:59,376] Trial 2 finished with value: 1.2723940163850784 and parameters: {'batch_size': 1024, 'learning_rate': 0.00014801688689706122, 'num_resblk': 16, 'num_features': 32, 'weight_decay': 1.0271170747748303e-05}. Best is trial 2 with value: 1.2723940163850784.
[I 2026-04-24 11:08:24,275] Trial 3 finished with value: 1.566538691520691 and parameters: {'batch_size': 1024, 'learning_rate': 0.0001394769320135819, 'num_resblk': 6, 'num_features': 32, 'weight_decay': 0.0007988096203604412}. Best is trial 2 with value: 1.2723940163850784.
[I 2026-04-24 11:09:42,369] Trial 4 finished with value: 0.6862817630171776 and parameters: {'batch_size': 1024, 'learning_rate': 0.00029154818455197763, 'num_resblk': 16, 'num_features': 128, 'weight_decay': 7.423266100494833e-06}. Best is trial 4 with value: 0.6862817630171776.
[I 2026-04-24 11:10:09,305] Trial 5 finished with value: 1.2615893483161926 and parameters: {'batch_size': 1024, 'learning_rate': 0.0002633776306152436, 'num_resblk': 8, 'num_features': 32, 'weight_decay': 4.159916397384047e-06}. Best is trial 4 with value: 0.6862817630171776.
[I 2026-04-24 11:10:39,106] Trial 6 finished with value: 0.989492692053318 and parameters: {'batch_size': 1024, 'learning_rate': 0.0001771903655820918, 'num_resblk': 4, 'num_features': 64, 'weight_decay': 8.67298705756166e-05}. Best is trial 4 with value: 0.6862817630171776.
[I 2026-04-24 11:11:23,229] Trial 7 finished with value: 0.8497841879725456 and parameters: {'batch_size': 1024, 'learning_rate': 0.00013971967569359042, 'num_resblk': 6, 'num_features': 96, 'weight_decay': 8.114638247490094e-05}. Best is trial 4 with value: 0.6862817630171776.
[I 2026-04-24 11:12:13,303] Trial 8 finished with value: 0.7386082485318184 and parameters: {'batch_size': 1024, 'learning_rate': 0.0002688541868470735, 'num_resblk': 4, 'num_features': 128, 'weight_decay': 3.458931226112965e-06}. Best is trial 4 with value: 0.6862817630171776.
[I 2026-04-24 11:13:21,674] Trial 9 finished with value: 0.6936684399843216 and parameters: {'batch_size': 1024, 'learning_rate': 0.00013943482469140538, 'num_resblk': 12, 'num_features': 128, 'weight_decay': 1.6518344575723755e-06}. Best is trial 4 with value: 0.6862817630171776.
[I 2026-04-24 11:14:39,051] Trial 10 finished with value: 0.7396536022424698 and parameters: {'batch_size': 1024, 'learning_rate': 0.00029966068349868103, 'num_resblk': 16, 'num_features': 128, 'weight_decay': 0.0004690350353008478}. Best is trial 4 with value: 0.6862817630171776.
[I 2026-04-24 11:15:47,396] Trial 11 finished with value: 0.8139715045690536 and parameters: {'batch_size': 1024, 'learning_rate': 0.00010422585499630944, 'num_resblk': 12, 'num_features': 128, 'weight_decay': 1.04115640247467e-06}. Best is trial 4 with value: 0.6862817630171776.
[I 2026-04-24 11:17:00,259] Trial 12 finished with value: 0.6928752884268761 and parameters: {'batch_size': 1024, 'learning_rate': 0.00021719198722066013, 'num_resblk': 14, 'num_features': 128, 'weight_decay': 1.6706632385769931e-06}. Best is trial 4 with value: 0.6862817630171776.
[I 2026-04-24 11:18:13,102] Trial 13 finished with value: 0.7203369364142418 and parameters: {'batch_size': 1024, 'learning_rate': 0.0002244129999516018, 'num_resblk': 14, 'num_features': 128, 'weight_decay': 1.404249505246839e-05}. Best is trial 4 with value: 0.6862817630171776.
[I 2026-04-24 11:18:30,936] Trial 14 pruned. 
[I 2026-04-24 11:19:04,793] Trial 15 pruned. 
[I 2026-04-24 11:20:17,311] Trial 16 finished with value: 0.6638448536396027 and parameters: {'batch_size': 1024, 'learning_rate': 0.00029895938963292354, 'num_resblk': 14, 'num_features': 128, 'weight_decay': 2.1159554124540734e-06}. Best is trial 16 with value: 0.6638448536396027.
[I 2026-04-24 11:21:21,134] Trial 17 finished with value: 0.654824435710907 and parameters: {'batch_size': 1024, 'learning_rate': 0.0002854518431167853, 'num_resblk': 10, 'num_features': 128, 'weight_decay': 5.416792616679014e-06}. Best is trial 17 with value: 0.654824435710907.
[I 2026-04-24 11:22:24,971] Trial 18 finished with value: 0.6868784427642822 and parameters: {'batch_size': 1024, 'learning_rate': 0.00025688341256748057, 'num_resblk': 10, 'num_features': 128, 'weight_decay': 2.7585986273652793e-05}. Best is trial 17 with value: 0.654824435710907.
[I 2026-04-24 11:22:52,485] Trial 19 pruned. 
[I 2026-04-24 11:23:06,800] Trial 20 pruned. 
[I 2026-04-24 11:23:45,756] Trial 21 pruned. 
[I 2026-04-24 11:24:16,561] Trial 22 pruned. 
[I 2026-04-24 11:24:48,620] Trial 23 pruned. 
[I 2026-04-24 11:26:01,194] Trial 24 finished with value: 0.7327976375818253 and parameters: {'batch_size': 1024, 'learning_rate': 0.0002427669166958489, 'num_resblk': 14, 'num_features': 128, 'weight_decay': 2.002775315072976e-05}. Best is trial 17 with value: 0.654824435710907.
[I 2026-04-24 11:27:05,042] Trial 25 finished with value: 0.710958831012249 and parameters: {'batch_size': 1024, 'learning_rate': 0.00020249681041712087, 'num_resblk': 10, 'num_features': 128, 'weight_decay': 5.777650106210927e-06}. Best is trial 17 with value: 0.654824435710907.
[I 2026-04-24 11:27:46,336] Trial 26 pruned. 
[I 2026-04-24 11:28:16,217] Trial 27 pruned. 
[I 2026-04-24 11:28:32,803] Trial 28 pruned. 
[I 2026-04-24 11:28:56,378] Trial 29 pruned. 
[I 2026-04-24 11:29:30,484] Trial 30 pruned. 
[I 2026-04-24 11:30:04,905] Trial 31 pruned. 
[I 2026-04-24 11:31:04,424] Trial 32 pruned. 
[I 2026-04-24 11:32:03,231] Trial 33 finished with value: 0.7496025860309601 and parameters: {'batch_size': 1024, 'learning_rate': 0.00028081100271947434, 'num_resblk': 8, 'num_features': 128, 'weight_decay': 1.5769991582929486e-05}. Best is trial 17 with value: 0.654824435710907.
[I 2026-04-24 11:32:15,478] Trial 34 pruned. 
[I 2026-04-24 11:32:26,058] Trial 35 pruned. 
[I 2026-04-24 11:33:12,754] Trial 36 pruned. 
[I 2026-04-24 11:34:16,923] Trial 37 finished with value: 0.682392306625843 and parameters: {'batch_size': 1024, 'learning_rate': 0.00028087485169307503, 'num_resblk': 10, 'num_features': 128, 'weight_decay': 2.3632619017111655e-06}. Best is trial 17 with value: 0.654824435710907.
[I 2026-04-24 11:34:29,123] Trial 38 pruned. 
[I 2026-04-24 11:34:45,949] Trial 39 pruned. 
[I 2026-04-24 11:35:37,466] Trial 40 pruned. 
[I 2026-04-24 11:36:24,256] Trial 41 pruned. 
[I 2026-04-24 11:37:28,104] Trial 42 finished with value: 0.7219059094786644 and parameters: {'batch_size': 1024, 'learning_rate': 0.0002696025575417495, 'num_resblk': 10, 'num_features': 128, 'weight_decay': 4.4810204149688715e-06}. Best is trial 17 with value: 0.654824435710907.
[I 2026-04-24 11:37:55,457] Trial 43 pruned. 
[I 2026-04-24 11:38:31,413] Trial 44 pruned. 
[I 2026-04-24 11:39:07,641] Trial 45 pruned. 
[I 2026-04-24 11:39:31,210] Trial 46 pruned. 
[I 2026-04-24 11:40:21,241] Trial 47 finished with value: 0.7060936838388443 and parameters: {'batch_size': 1024, 'learning_rate': 0.00029004652255518035, 'num_resblk': 4, 'num_features': 128, 'weight_decay': 7.43907542737141e-06}. Best is trial 17 with value: 0.654824435710907.
[I 2026-04-24 11:40:46,771] Trial 48 pruned. 
[I 2026-04-24 11:40:59,115] Trial 49 pruned. 
[I 2026-04-24 11:42:12,216] Trial 50 finished with value: 0.6897890344262123 and parameters: {'batch_size': 1024, 'learning_rate': 0.00023009214890496035, 'num_resblk': 14, 'num_features': 128, 'weight_decay': 1.9844284371018474e-06}. Best is trial 17 with value: 0.654824435710907.
[I 2026-04-24 11:43:25,095] Trial 51 finished with value: 0.7530653402209282 and parameters: {'batch_size': 1024, 'learning_rate': 0.00022926734083701864, 'num_resblk': 14, 'num_features': 128, 'weight_decay': 1.4290498610321592e-06}. Best is trial 17 with value: 0.654824435710907.
[I 2026-04-24 11:44:01,243] Trial 52 pruned. 
[I 2026-04-24 11:44:30,448] Trial 53 pruned. 
[I 2026-04-24 11:45:01,556] Trial 54 pruned. 
[I 2026-04-24 11:45:19,716] Trial 55 pruned. 
[I 2026-04-24 11:45:42,056] Trial 56 pruned. 
[I 2026-04-24 11:46:20,777] Trial 57 pruned. 
[I 2026-04-24 11:46:52,717] Trial 58 pruned. 
[I 2026-04-24 11:47:20,584] Trial 59 pruned. 
[I 2026-04-24 11:47:55,054] Trial 60 pruned. 
[I 2026-04-24 11:48:24,375] Trial 61 pruned. 
[I 2026-04-24 11:48:55,215] Trial 62 pruned. 
[I 2026-04-24 11:49:34,244] Trial 63 pruned. 
[I 2026-04-24 11:50:01,725] Trial 64 pruned. 
[I 2026-04-24 11:51:01,544] Trial 65 pruned. 
[I 2026-04-24 11:51:23,865] Trial 66 pruned. 
[I 2026-04-24 11:51:59,828] Trial 67 pruned. 
[I 2026-04-24 11:52:25,458] Trial 68 pruned. 
[I 2026-04-24 11:52:57,561] Trial 69 pruned. 
[I 2026-04-24 11:53:07,462] Trial 70 pruned. 
[I 2026-04-24 11:53:45,774] Trial 71 pruned. 
[I 2026-04-24 11:54:17,730] Trial 72 pruned. 
[I 2026-04-24 11:54:43,373] Trial 73 pruned. 
[I 2026-04-24 11:55:22,664] Trial 74 pruned. 
[I 2026-04-24 11:56:01,060] Trial 75 pruned. 
[I 2026-04-24 11:56:47,955] Trial 76 pruned. 
[I 2026-04-24 11:57:24,684] Trial 77 pruned. 
[I 2026-04-24 11:57:42,623] Trial 78 pruned. 
[I 2026-04-24 11:58:51,150] Trial 79 finished with value: 0.678267240524292 and parameters: {'batch_size': 1024, 'learning_rate': 0.0002527794146023877, 'num_resblk': 12, 'num_features': 128, 'weight_decay': 8.786385408943822e-05}. Best is trial 17 with value: 0.654824435710907.
[I 2026-04-24 11:59:32,156] Trial 80 pruned. 
[I 2026-04-24 12:00:00,081] Trial 81 pruned. 
[I 2026-04-24 12:00:29,873] Trial 82 pruned. 
[I 2026-04-24 12:01:33,614] Trial 83 pruned. 
[I 2026-04-24 12:02:17,729] Trial 84 pruned. 
[I 2026-04-24 12:02:38,501] Trial 85 pruned. 
[I 2026-04-24 12:02:49,079] Trial 86 pruned. 
[I 2026-04-24 12:03:27,307] Trial 87 pruned. 
[I 2026-04-24 12:03:59,570] Trial 88 pruned. 
[I 2026-04-24 12:04:29,013] Trial 89 pruned. 
[I 2026-04-24 12:05:00,126] Trial 90 pruned. 
[I 2026-04-24 12:05:30,471] Trial 91 pruned. 
[I 2026-04-24 12:06:17,783] Trial 92 pruned. 
[I 2026-04-24 12:06:57,093] Trial 93 pruned. 
[I 2026-04-24 12:07:51,210] Trial 94 pruned. 
[I 2026-04-24 12:08:46,259] Trial 95 finished with value: 0.7046565040946007 and parameters: {'batch_size': 1024, 'learning_rate': 0.0002553325022330543, 'num_resblk': 6, 'num_features': 128, 'weight_decay': 1.003713414003621e-05}. Best is trial 17 with value: 0.654824435710907.
[I 2026-04-24 12:09:15,592] Trial 96 pruned. 
[I 2026-04-24 12:09:47,483] Trial 97 pruned. 
[I 2026-04-24 12:10:06,556] Trial 98 pruned. 
[I 2026-04-24 12:10:45,021] Trial 99 pruned. 
[I 2026-04-24 12:11:14,394] Trial 100 pruned. 
[I 2026-04-24 12:11:48,000] Trial 101 pruned. 
[I 2026-04-24 12:12:21,737] Trial 102 pruned. 
[I 2026-04-24 12:13:16,821] Trial 103 finished with value: 0.6861109957098961 and parameters: {'batch_size': 1024, 'learning_rate': 0.00027363433496977726, 'num_resblk': 6, 'num_features': 128, 'weight_decay': 1.3099691351709462e-05}. Best is trial 17 with value: 0.654824435710907.
[I 2026-04-24 12:14:11,913] Trial 104 finished with value: 0.7199230492115021 and parameters: {'batch_size': 1024, 'learning_rate': 0.00019512904279888482, 'num_resblk': 6, 'num_features': 128, 'weight_decay': 1.7926880664874658e-05}. Best is trial 17 with value: 0.654824435710907.
[I 2026-04-24 12:14:32,465] Trial 105 pruned. 
[I 2026-04-24 12:14:54,455] Trial 106 pruned. 
[I 2026-04-24 12:15:04,494] Trial 107 pruned. 
[I 2026-04-24 12:15:38,946] Trial 108 pruned. 
[I 2026-04-24 12:16:25,910] Trial 109 pruned. 
[I 2026-04-24 12:16:57,820] Trial 110 pruned. 
[I 2026-04-24 12:17:28,258] Trial 111 pruned. 
[I 2026-04-24 12:17:52,047] Trial 112 pruned. 
[I 2026-04-24 12:18:19,147] Trial 113 pruned. 
[I 2026-04-24 12:18:44,821] Trial 114 pruned. 
[I 2026-04-24 12:19:49,194] Trial 115 pruned. 
[I 2026-04-24 12:20:48,343] Trial 116 finished with value: 0.7023078501224518 and parameters: {'batch_size': 1024, 'learning_rate': 0.00026052696905333244, 'num_resblk': 8, 'num_features': 128, 'weight_decay': 4.96912691616882e-05}. Best is trial 17 with value: 0.654824435710907.
[I 2026-04-24 12:21:16,260] Trial 117 pruned. 
[I 2026-04-24 12:21:41,913] Trial 118 pruned. 
[I 2026-04-24 12:22:17,785] Trial 119 pruned. 
[I 2026-04-24 12:22:34,587] Trial 120 pruned. 
[I 2026-04-24 12:23:04,524] Trial 121 pruned. 
[I 2026-04-24 12:24:08,612] Trial 122 finished with value: 0.6990076825022697 and parameters: {'batch_size': 1024, 'learning_rate': 0.00026808940961228496, 'num_resblk': 10, 'num_features': 128, 'weight_decay': 6.84650344592974e-05}. Best is trial 17 with value: 0.654824435710907.
[I 2026-04-24 12:24:38,535] Trial 123 pruned. 
[I 2026-04-24 12:25:04,208] Trial 124 pruned. 
[I 2026-04-24 12:25:33,975] Trial 125 pruned. 
[I 2026-04-24 12:25:59,289] Trial 126 pruned. 
[I 2026-04-24 12:26:38,076] Trial 127 pruned. 
[I 2026-04-24 12:27:02,385] Trial 128 pruned. 
[I 2026-04-24 12:27:12,986] Trial 129 pruned. 
[I 2026-04-24 12:28:26,210] Trial 130 finished with value: 0.7163121774792671 and parameters: {'batch_size': 1024, 'learning_rate': 0.0002431638377097186, 'num_resblk': 14, 'num_features': 128, 'weight_decay': 1.9488745879635677e-06}. Best is trial 17 with value: 0.654824435710907.
[I 2026-04-24 12:28:51,915] Trial 131 pruned. 
[I 2026-04-24 12:29:23,697] Trial 132 pruned. 
[I 2026-04-24 12:29:55,701] Trial 133 pruned. 
[I 2026-04-24 12:30:59,891] Trial 134 finished with value: 0.714664101600647 and parameters: {'batch_size': 1024, 'learning_rate': 0.00021865198996363867, 'num_resblk': 10, 'num_features': 128, 'weight_decay': 8.709729927234642e-05}. Best is trial 17 with value: 0.654824435710907.
[I 2026-04-24 12:31:20,145] Trial 135 pruned. 
[I 2026-04-24 12:31:49,595] Trial 136 pruned. 
[I 2026-04-24 12:32:21,615] Trial 137 pruned. 
[I 2026-04-24 12:32:52,611] Trial 138 pruned. 
[I 2026-04-24 12:33:16,556] Trial 139 pruned. 
[I 2026-04-24 12:33:38,534] Trial 140 pruned. 
[I 2026-04-24 12:34:08,601] Trial 141 pruned. 
[I 2026-04-24 12:34:38,454] Trial 142 pruned. 
[I 2026-04-24 12:35:42,614] Trial 143 finished with value: 0.697577953338623 and parameters: {'batch_size': 1024, 'learning_rate': 0.0002719220653478918, 'num_resblk': 10, 'num_features': 128, 'weight_decay': 4.002285252235727e-06}. Best is trial 17 with value: 0.654824435710907.
[I 2026-04-24 12:36:16,621] Trial 144 pruned. 
[I 2026-04-24 12:36:42,305] Trial 145 pruned. 
[I 2026-04-24 12:37:12,119] Trial 146 pruned. 
[I 2026-04-24 12:37:46,630] Trial 147 pruned. 
[I 2026-04-24 12:38:02,237] Trial 148 pruned. 
[I 2026-04-24 12:38:29,806] Trial 149 pruned. 
[I 2026-04-24 12:38:53,616] Trial 150 pruned. 
[I 2026-04-24 12:39:27,730] Trial 151 pruned. 
[I 2026-04-24 12:39:53,235] Trial 152 pruned. 
[I 2026-04-24 12:40:23,106] Trial 153 pruned. 
[I 2026-04-24 12:40:53,114] Trial 154 pruned. 
[I 2026-04-24 12:41:27,432] Trial 155 pruned. 
[I 2026-04-24 12:41:48,106] Trial 156 pruned. 
[I 2026-04-24 12:42:17,377] Trial 157 pruned. 
[I 2026-04-24 12:42:31,464] Trial 158 pruned. 
[I 2026-04-24 12:43:01,517] Trial 159 pruned. 
[I 2026-04-24 12:43:21,728] Trial 160 pruned. 
[I 2026-04-24 12:43:47,253] Trial 161 pruned. 
[I 2026-04-24 12:44:29,822] Trial 162 pruned. 
[I 2026-04-24 12:45:15,653] Trial 163 pruned. 
[I 2026-04-24 12:46:29,014] Trial 164 finished with value: 0.7204257473349571 and parameters: {'batch_size': 1024, 'learning_rate': 0.00022816515355275117, 'num_resblk': 14, 'num_features': 128, 'weight_decay': 5.5282447177537035e-05}. Best is trial 17 with value: 0.654824435710907.
[I 2026-04-24 12:47:32,886] Trial 165 finished with value: 0.715163454413414 and parameters: {'batch_size': 1024, 'learning_rate': 0.0001830018737343546, 'num_resblk': 10, 'num_features': 128, 'weight_decay': 1.464517861481385e-06}. Best is trial 17 with value: 0.654824435710907.
[I 2026-04-24 12:48:00,535] Trial 166 pruned. 
[I 2026-04-24 12:48:34,766] Trial 167 pruned. 
[I 2026-04-24 12:49:15,965] Trial 168 pruned. 
[I 2026-04-24 12:49:51,422] Trial 169 pruned. 
[I 2026-04-24 12:50:16,965] Trial 170 pruned. 
[I 2026-04-24 12:50:46,824] Trial 171 pruned. 
[I 2026-04-24 12:51:25,315] Trial 172 pruned. 
[I 2026-04-24 12:52:03,773] Trial 173 pruned. 
[I 2026-04-24 12:52:29,421] Trial 174 pruned. 
[I 2026-04-24 12:53:07,936] Trial 175 pruned. 
[I 2026-04-24 12:53:33,552] Trial 176 pruned. 
[I 2026-04-24 12:54:24,519] Trial 177 pruned. 
[I 2026-04-24 12:54:40,096] Trial 178 pruned. 
[I 2026-04-24 12:55:14,274] Trial 179 pruned. 
[I 2026-04-24 12:55:52,689] Trial 180 pruned. 
[I 2026-04-24 12:56:31,573] Trial 181 pruned. 
[I 2026-04-24 12:57:05,718] Trial 182 pruned. 
[I 2026-04-24 12:58:18,838] Trial 183 finished with value: 0.6923141106963158 and parameters: {'batch_size': 1024, 'learning_rate': 0.00023922840807771698, 'num_resblk': 14, 'num_features': 128, 'weight_decay': 1.829090228340658e-06}. Best is trial 17 with value: 0.654824435710907.
[I 2026-04-24 12:59:32,225] Trial 184 finished with value: 0.6612808480858803 and parameters: {'batch_size': 1024, 'learning_rate': 0.00024127166912588292, 'num_resblk': 14, 'num_features': 128, 'weight_decay': 1.416075180693862e-05}. Best is trial 17 with value: 0.654824435710907.
[I 2026-04-24 13:00:06,476] Trial 185 pruned. 
[I 2026-04-24 13:00:35,787] Trial 186 pruned. 
[I 2026-04-24 13:00:59,482] Trial 187 pruned. 
[I 2026-04-24 13:01:48,122] Trial 188 pruned. 
[I 2026-04-24 13:02:01,164] Trial 189 pruned. 
[I 2026-04-24 13:02:40,312] Trial 190 pruned. 
[I 2026-04-24 13:03:27,104] Trial 191 pruned. 
[I 2026-04-24 13:04:07,539] Trial 192 pruned. 
[I 2026-04-24 13:04:33,054] Trial 193 pruned. 
[I 2026-04-24 13:04:58,694] Trial 194 pruned. 
[I 2026-04-24 13:05:24,414] Trial 195 pruned. 
[I 2026-04-24 13:05:53,804] Trial 196 pruned. 
[I 2026-04-24 13:06:23,051] Trial 197 pruned. 
[I 2026-04-24 13:07:05,714] Trial 198 pruned. 
[I 2026-04-24 13:07:42,441] Trial 199 pruned. 
[I 2026-04-24 13:08:08,141] Trial 200 pruned. 
[I 2026-04-24 13:09:21,547] Trial 201 finished with value: 0.7221627458930016 and parameters: {'batch_size': 1024, 'learning_rate': 0.0002439417062159824, 'num_resblk': 14, 'num_features': 128, 'weight_decay': 2.1141914198316507e-06}. Best is trial 17 with value: 0.654824435710907.
[I 2026-04-24 13:09:55,662] Trial 202 pruned. 
[I 2026-04-24 13:10:24,707] Trial 203 pruned. 
[I 2026-04-24 13:10:53,898] Trial 204 pruned. 
[I 2026-04-24 13:11:28,168] Trial 205 pruned. 
[I 2026-04-24 13:12:04,853] Trial 206 pruned. 
[I 2026-04-24 13:12:30,410] Trial 207 pruned. 
[I 2026-04-24 13:13:11,803] Trial 208 pruned. 
[I 2026-04-24 13:13:50,864] Trial 209 pruned. 
[I 2026-04-24 13:14:29,127] Trial 210 pruned. 
[I 2026-04-24 13:15:01,998] Trial 211 pruned. 
[I 2026-04-24 13:15:27,626] Trial 212 pruned. 
[I 2026-04-24 13:15:49,476] Trial 213 pruned. 
[I 2026-04-24 13:16:33,428] Trial 214 pruned. 
[I 2026-04-24 13:17:28,146] Trial 215 finished with value: 0.7241708636283875 and parameters: {'batch_size': 1024, 'learning_rate': 0.00019838179567463005, 'num_resblk': 6, 'num_features': 128, 'weight_decay': 1.0033944984812146e-05}. Best is trial 17 with value: 0.654824435710907.
[I 2026-04-24 13:17:42,482] Trial 216 pruned. 
[I 2026-04-24 13:18:09,814] Trial 217 pruned. 
[I 2026-04-24 13:18:48,874] Trial 218 pruned. 
[I 2026-04-24 13:19:10,798] Trial 219 pruned. 
[I 2026-04-24 13:19:42,413] Trial 220 pruned. 
[I 2026-04-24 13:20:11,650] Trial 221 pruned. 
[I 2026-04-24 13:21:24,804] Trial 222 finished with value: 0.685821034014225 and parameters: {'batch_size': 1024, 'learning_rate': 0.0002140182853771134, 'num_resblk': 14, 'num_features': 128, 'weight_decay': 1.6360701360204396e-05}. Best is trial 17 with value: 0.654824435710907.
[I 2026-04-24 13:21:54,050] Trial 223 pruned. 
[I 2026-04-24 13:22:23,115] Trial 224 pruned. 
[I 2026-04-24 13:22:52,231] Trial 225 pruned. 
[I 2026-04-24 13:23:19,443] Trial 226 pruned. 
[I 2026-04-24 13:23:53,490] Trial 227 pruned. 
[I 2026-04-24 13:24:20,148] Trial 228 pruned. 
[I 2026-04-24 13:24:33,950] Trial 229 pruned. 
[I 2026-04-24 13:25:03,765] Trial 230 pruned. 
[I 2026-04-24 13:25:32,999] Trial 231 pruned. 
[I 2026-04-24 13:26:02,166] Trial 232 pruned. 
[I 2026-04-24 13:26:36,354] Trial 233 pruned. 
[I 2026-04-24 13:27:05,600] Trial 234 pruned. 
[I 2026-04-24 13:27:34,895] Trial 235 pruned. 
[I 2026-04-24 13:28:00,398] Trial 236 pruned. 
[I 2026-04-24 13:28:29,402] Trial 237 pruned. 
[I 2026-04-24 13:28:54,869] Trial 238 pruned. 
[I 2026-04-24 13:29:20,313] Trial 239 pruned. 
[I 2026-04-24 13:29:47,700] Trial 240 pruned. 
[I 2026-04-24 13:30:16,929] Trial 241 pruned. 
[I 2026-04-24 13:30:46,112] Trial 242 pruned. 
[I 2026-04-24 13:31:15,303] Trial 243 pruned. 
[I 2026-04-24 13:31:59,214] Trial 244 pruned. 
[I 2026-04-24 13:32:28,379] Trial 245 pruned. 
[I 2026-04-24 13:32:57,467] Trial 246 pruned. 
[I 2026-04-24 13:33:26,501] Trial 247 pruned. 
[I 2026-04-24 13:33:52,163] Trial 248 pruned. 
[I 2026-04-24 13:34:22,122] Trial 249 pruned. 
[I 2026-04-24 13:34:56,286] Trial 250 pruned. 
[I 2026-04-24 13:35:16,448] Trial 251 pruned. 
[I 2026-04-24 13:35:42,051] Trial 252 pruned. 
[I 2026-04-24 13:35:59,840] Trial 253 pruned. 
[I 2026-04-24 13:36:21,721] Trial 254 pruned. 
[I 2026-04-24 13:36:45,598] Trial 255 pruned. 
[I 2026-04-24 13:37:15,260] Trial 256 pruned. 
[I 2026-04-24 13:37:44,434] Trial 257 pruned. 
[I 2026-04-24 13:38:15,274] Trial 258 pruned. 
[I 2026-04-24 13:38:40,934] Trial 259 pruned. 
[I 2026-04-24 13:39:04,489] Trial 260 pruned. 
[I 2026-04-24 13:39:40,857] Trial 261 pruned. 
[I 2026-04-24 13:40:06,357] Trial 262 pruned. 
[I 2026-04-24 13:40:19,512] Trial 263 pruned. 
[I 2026-04-24 13:40:45,156] Trial 264 pruned. 
[I 2026-04-24 13:41:39,829] Trial 265 finished with value: 0.7106739357113838 and parameters: {'batch_size': 1024, 'learning_rate': 0.00026494147026448744, 'num_resblk': 6, 'num_features': 128, 'weight_decay': 2.479054324203818e-06}. Best is trial 17 with value: 0.654824435710907.
[I 2026-04-24 13:42:16,220] Trial 266 pruned. 
[I 2026-04-24 13:42:38,196] Trial 267 pruned. 
[I 2026-04-24 13:43:07,507] Trial 268 pruned. 
[I 2026-04-24 13:43:29,472] Trial 269 pruned. 
[I 2026-04-24 13:43:51,215] Trial 270 pruned. 
[I 2026-04-24 13:44:18,975] Trial 271 pruned. 
[I 2026-04-24 13:44:40,869] Trial 272 pruned. 
[I 2026-04-24 13:45:06,366] Trial 273 pruned. 
[I 2026-04-24 13:45:31,768] Trial 274 pruned. 
[I 2026-04-24 13:46:12,710] Trial 275 pruned. 
[I 2026-04-24 13:46:38,234] Trial 276 pruned. 
[I 2026-04-24 13:46:50,164] Trial 277 pruned. 
[I 2026-04-24 13:47:15,773] Trial 278 pruned. 
[I 2026-04-24 13:47:41,319] Trial 279 pruned. 
[I 2026-04-24 13:48:08,622] Trial 280 pruned. 
[I 2026-04-24 13:49:03,376] Trial 281 finished with value: 0.7118004485964775 and parameters: {'batch_size': 1024, 'learning_rate': 0.00020839969585180842, 'num_resblk': 6, 'num_features': 128, 'weight_decay': 4.877025282997611e-06}. Best is trial 17 with value: 0.654824435710907.
[I 2026-04-24 13:49:25,346] Trial 282 pruned. 
[I 2026-04-24 13:49:54,543] Trial 283 pruned. 
[I 2026-04-24 13:50:12,131] Trial 284 pruned. 
[I 2026-04-24 13:50:37,824] Trial 285 pruned. 
[I 2026-04-24 13:51:09,249] Trial 286 pruned. 
[I 2026-04-24 13:51:38,463] Trial 287 pruned. 
[I 2026-04-24 13:51:47,428] Trial 288 pruned. 
[I 2026-04-24 13:52:20,301] Trial 289 pruned. 
[I 2026-04-24 13:52:45,913] Trial 290 pruned. 
[I 2026-04-24 13:53:11,433] Trial 291 pruned. 
[I 2026-04-24 13:53:38,800] Trial 292 pruned. 
[I 2026-04-24 13:54:04,293] Trial 293 pruned. 
[I 2026-04-24 13:54:26,179] Trial 294 pruned. 
[I 2026-04-24 13:54:51,774] Trial 295 pruned. 
[I 2026-04-24 13:55:23,652] Trial 296 pruned. 
[I 2026-04-24 13:55:49,241] Trial 297 pruned. 
[I 2026-04-24 13:56:16,545] Trial 298 pruned. 
[I 2026-04-24 13:56:47,694] Trial 299 pruned. 
[I 2026-04-24 13:57:26,313] Trial 300 pruned. 
[I 2026-04-24 13:57:48,176] Trial 301 pruned. 
[I 2026-04-24 13:58:13,585] Trial 302 pruned. 
[I 2026-04-24 13:58:48,020] Trial 303 pruned. 
[I 2026-04-24 13:59:11,827] Trial 304 pruned. 
[I 2026-04-24 13:59:27,336] Trial 305 pruned. 
[I 2026-04-24 13:59:50,844] Trial 306 pruned. 
[I 2026-04-24 14:00:16,454] Trial 307 pruned. 
[I 2026-04-24 14:00:45,647] Trial 308 pruned. 
[I 2026-04-24 14:01:07,533] Trial 309 pruned. 
[I 2026-04-24 14:01:19,027] Trial 310 pruned. 
[I 2026-04-24 14:02:17,761] Trial 311 pruned. 
[I 2026-04-24 14:02:41,438] Trial 312 pruned. 
[I 2026-04-24 14:03:07,168] Trial 313 pruned. 
[I 2026-04-24 14:03:38,097] Trial 314 pruned. 
[I 2026-04-24 14:04:07,254] Trial 315 pruned. 
[I 2026-04-24 14:04:27,363] Trial 316 pruned. 
[I 2026-04-24 14:04:49,439] Trial 317 pruned. 
[I 2026-04-24 14:05:16,955] Trial 318 pruned. 
[I 2026-04-24 14:05:40,739] Trial 319 pruned. 
[I 2026-04-24 14:06:10,030] Trial 320 pruned. 
[I 2026-04-24 14:06:35,591] Trial 321 pruned. 
[I 2026-04-24 14:07:01,092] Trial 322 pruned. 
[I 2026-04-24 14:07:22,875] Trial 323 pruned. 
[I 2026-04-24 14:07:48,561] Trial 324 pruned. 
[I 2026-04-24 14:08:18,076] Trial 325 pruned. 
[I 2026-04-24 14:08:43,746] Trial 326 pruned. 
[I 2026-04-24 14:09:01,622] Trial 327 pruned. 
[I 2026-04-24 14:09:35,869] Trial 328 pruned. 
[I 2026-04-24 14:10:08,063] Trial 329 pruned. 
[I 2026-04-24 14:10:49,685] Trial 330 pruned. 
[I 2026-04-24 14:11:15,238] Trial 331 pruned. 
[I 2026-04-24 14:11:44,489] Trial 332 pruned. 
[I 2026-04-24 14:12:02,059] Trial 333 pruned. 
[I 2026-04-24 14:12:31,427] Trial 334 pruned. 
[I 2026-04-24 14:12:55,054] Trial 335 pruned. 
[I 2026-04-24 14:13:08,315] Trial 336 pruned. 
[I 2026-04-24 14:13:33,904] Trial 337 pruned. 
[I 2026-04-24 14:13:57,768] Trial 338 pruned. 
[I 2026-04-24 14:14:19,805] Trial 339 pruned. 
[I 2026-04-24 14:14:54,047] Trial 340 pruned. 
[I 2026-04-24 14:15:16,061] Trial 341 pruned. 
[I 2026-04-24 14:15:43,343] Trial 342 pruned. 
[I 2026-04-24 14:16:17,319] Trial 343 pruned. 
[I 2026-04-24 14:16:44,169] Trial 344 pruned. 
[I 2026-04-24 14:17:14,087] Trial 345 pruned. 
[I 2026-04-24 14:17:43,379] Trial 346 pruned. 
[I 2026-04-24 14:18:08,991] Trial 347 pruned. 
[I 2026-04-24 14:18:50,721] Trial 348 pruned. 
[I 2026-04-24 14:19:19,991] Trial 349 pruned. 
[I 2026-04-24 14:19:45,374] Trial 350 pruned. 
[I 2026-04-24 14:20:14,596] Trial 351 pruned. 
[I 2026-04-24 14:20:30,178] Trial 352 pruned. 
[I 2026-04-24 14:20:57,588] Trial 353 pruned. 
[I 2026-04-24 14:21:36,756] Trial 354 pruned. 
[I 2026-04-24 14:22:06,589] Trial 355 pruned. 
[I 2026-04-24 14:22:39,492] Trial 356 pruned. 
[I 2026-04-24 14:23:01,223] Trial 357 pruned. 
[I 2026-04-24 14:23:25,118] Trial 358 pruned. 
[I 2026-04-24 14:23:56,166] Trial 359 pruned. 
[I 2026-04-24 14:24:05,067] Trial 360 pruned. 
[I 2026-04-24 14:24:30,617] Trial 361 pruned. 
[I 2026-04-24 14:25:02,712] Trial 362 pruned. 
[I 2026-04-24 14:25:46,727] Trial 363 pruned. 
[I 2026-04-24 14:26:12,457] Trial 364 pruned. 
[I 2026-04-24 14:26:39,719] Trial 365 pruned. 
[I 2026-04-24 14:27:09,646] Trial 366 pruned. 
[I 2026-04-24 14:27:39,105] Trial 367 pruned. 
[I 2026-04-24 14:28:15,876] Trial 368 pruned. 
[I 2026-04-24 14:28:41,425] Trial 369 pruned. 
[I 2026-04-24 14:29:09,304] Trial 370 pruned. 
[I 2026-04-24 14:29:31,505] Trial 371 pruned. 
[I 2026-04-24 14:30:00,964] Trial 372 pruned. 
[I 2026-04-24 14:30:26,526] Trial 373 pruned. 
[I 2026-04-24 14:30:55,620] Trial 374 pruned. 
[I 2026-04-24 14:31:22,726] Trial 375 pruned. 
[I 2026-04-24 14:31:48,223] Trial 376 pruned. 
[I 2026-04-24 14:32:05,918] Trial 377 pruned. 
[I 2026-04-24 14:32:27,933] Trial 378 pruned. 
[I 2026-04-24 14:32:47,987] Trial 379 pruned. 
[I 2026-04-24 14:33:17,754] Trial 380 pruned. 
[I 2026-04-24 14:33:48,811] Trial 381 pruned. 
[I 2026-04-24 14:34:12,653] Trial 382 pruned. 
[I 2026-04-24 14:34:52,469] Trial 383 pruned. 
[I 2026-04-24 14:35:18,059] Trial 384 pruned. 
[I 2026-04-24 14:35:30,229] Trial 385 pruned. 
[I 2026-04-24 14:35:51,978] Trial 386 pruned. 
[I 2026-04-24 14:36:21,168] Trial 387 pruned. 
[I 2026-04-24 14:36:46,814] Trial 388 pruned. 
[I 2026-04-24 14:37:12,501] Trial 389 pruned. 
[I 2026-04-24 14:37:41,742] Trial 390 pruned. 
[I 2026-04-24 14:38:07,369] Trial 391 pruned. 
[I 2026-04-24 14:38:36,771] Trial 392 pruned. 
[I 2026-04-24 14:39:02,465] Trial 393 pruned. 
[I 2026-04-24 14:39:24,631] Trial 394 pruned. 
[I 2026-04-24 14:39:53,985] Trial 395 pruned. 
[I 2026-04-24 14:40:25,872] Trial 396 pruned. 
[I 2026-04-24 14:40:51,394] Trial 397 pruned. 
[I 2026-04-24 14:41:22,441] Trial 398 pruned. 
[I 2026-04-24 14:41:48,168] Trial 399 pruned. 
[I 2026-04-24 14:42:05,049] Trial 400 pruned. 
[I 2026-04-24 14:42:25,636] Trial 401 pruned. 
[I 2026-04-24 14:42:47,458] Trial 402 pruned. 
[I 2026-04-24 14:43:16,780] Trial 403 pruned. 
[I 2026-04-24 14:43:42,406] Trial 404 pruned. 
[I 2026-04-24 14:44:16,690] Trial 405 pruned. 
[I 2026-04-24 14:44:42,368] Trial 406 pruned. 
[I 2026-04-24 14:45:05,843] Trial 407 pruned. 
[I 2026-04-24 14:45:37,906] Trial 408 pruned. 
[I 2026-04-24 14:45:47,826] Trial 409 pruned. 
[I 2026-04-24 14:46:13,510] Trial 410 pruned. 
[I 2026-04-24 14:46:49,331] Trial 411 pruned. 
[I 2026-04-24 14:47:09,595] Trial 412 pruned. 
[I 2026-04-24 14:47:46,043] Trial 413 pruned. 
[I 2026-04-24 14:48:15,276] Trial 414 pruned. 
[I 2026-04-24 14:48:37,062] Trial 415 pruned. 
[I 2026-04-24 14:49:02,498] Trial 416 pruned. 
[I 2026-04-24 14:49:29,875] Trial 417 pruned. 
[I 2026-04-24 14:49:59,234] Trial 418 pruned. 
[I 2026-04-24 14:50:41,538] Trial 419 pruned. 
[I 2026-04-24 14:51:10,655] Trial 420 pruned. 
[I 2026-04-24 14:51:36,228] Trial 421 pruned. 
[I 2026-04-24 14:51:57,909] Trial 422 pruned. 
[I 2026-04-24 14:52:27,499] Trial 423 pruned. 
[I 2026-04-24 14:52:56,688] Trial 424 pruned. 
[I 2026-04-24 14:53:14,409] Trial 425 pruned. 
[I 2026-04-24 14:53:43,311] Trial 426 pruned. 
[I 2026-04-24 14:54:47,097] Trial 427 finished with value: 0.6633550003170967 and parameters: {'batch_size': 1024, 'learning_rate': 0.0002862590999336431, 'num_resblk': 10, 'num_features': 128, 'weight_decay': 2.264947894538295e-06}. Best is trial 17 with value: 0.654824435710907.
[I 2026-04-24 14:55:12,465] Trial 428 pruned. 
[I 2026-04-24 14:55:37,910] Trial 429 pruned. 
[I 2026-04-24 14:56:03,262] Trial 430 pruned. 
[I 2026-04-24 14:56:41,262] Trial 431 pruned. 
[I 2026-04-24 14:57:01,867] Trial 432 pruned. 
[I 2026-04-24 14:57:35,775] Trial 433 pruned. 
[I 2026-04-24 14:58:02,960] Trial 434 pruned. 
[I 2026-04-24 14:58:14,272] Trial 435 pruned. 
[I 2026-04-24 14:58:37,922] Trial 436 pruned. 
[I 2026-04-24 14:59:03,408] Trial 437 pruned. 
[I 2026-04-24 14:59:33,011] Trial 438 pruned. 
[I 2026-04-24 15:00:02,875] Trial 439 pruned. 
[I 2026-04-24 15:00:32,489] Trial 440 pruned. 
[I 2026-04-24 15:01:02,221] Trial 441 pruned. 
[I 2026-04-24 15:01:27,896] Trial 442 pruned. 
[I 2026-04-24 15:01:55,082] Trial 443 pruned. 
[I 2026-04-24 15:02:24,178] Trial 444 pruned. 
[I 2026-04-24 15:02:55,304] Trial 445 pruned. 
[I 2026-04-24 15:03:29,912] Trial 446 pruned. 
[I 2026-04-24 15:03:55,780] Trial 447 pruned. 
[I 2026-04-24 15:04:27,947] Trial 448 pruned. 
[I 2026-04-24 15:04:57,247] Trial 449 pruned. 
[I 2026-04-24 15:05:20,616] Trial 450 pruned. 
[I 2026-04-24 15:05:35,987] Trial 451 pruned. 
[I 2026-04-24 15:06:05,550] Trial 452 pruned. 
[I 2026-04-24 15:06:33,148] Trial 453 pruned. 
[I 2026-04-24 15:07:04,041] Trial 454 pruned. 
[I 2026-04-24 15:07:37,945] Trial 455 pruned. 
[I 2026-04-24 15:08:05,585] Trial 456 pruned. 
[I 2026-04-24 15:08:41,765] Trial 457 pruned. 
[I 2026-04-24 15:09:07,288] Trial 458 pruned. 
[I 2026-04-24 15:09:32,620] Trial 459 pruned. 
[I 2026-04-24 15:09:45,766] Trial 460 pruned. 
[I 2026-04-24 15:10:13,251] Trial 461 pruned. 
[I 2026-04-24 15:10:33,170] Trial 462 pruned. 
[I 2026-04-24 15:11:02,441] Trial 463 pruned. 
[I 2026-04-24 15:11:31,923] Trial 464 pruned. 
[I 2026-04-24 15:12:01,650] Trial 465 pruned. 
[I 2026-04-24 15:13:09,580] Trial 466 finished with value: 0.6604371070861816 and parameters: {'batch_size': 1024, 'learning_rate': 0.00027428194462359384, 'num_resblk': 12, 'num_features': 128, 'weight_decay': 1.8478158414794735e-06}. Best is trial 17 with value: 0.654824435710907.
[I 2026-04-24 15:13:41,330] Trial 467 pruned. 
[I 2026-04-24 15:14:08,248] Trial 468 pruned. 
[I 2026-04-24 15:14:35,465] Trial 469 pruned. 
[I 2026-04-24 15:15:02,748] Trial 470 pruned. 
[I 2026-04-24 15:15:39,024] Trial 471 pruned. 
[I 2026-04-24 15:16:06,123] Trial 472 pruned. 
[I 2026-04-24 15:16:37,862] Trial 473 pruned. 
[I 2026-04-24 15:16:54,489] Trial 474 pruned. 
[I 2026-04-24 15:17:21,714] Trial 475 pruned. 
[I 2026-04-24 15:17:49,084] Trial 476 pruned. 
[I 2026-04-24 15:18:14,614] Trial 477 pruned. 
[I 2026-04-24 15:18:44,310] Trial 478 pruned. 
[I 2026-04-24 15:19:09,666] Trial 479 pruned. 
[I 2026-04-24 15:19:35,067] Trial 480 pruned. 
[I 2026-04-24 15:19:50,900] Trial 481 pruned. 
[I 2026-04-24 15:20:16,278] Trial 482 pruned. 
[I 2026-04-24 15:20:30,122] Trial 483 pruned. 
[I 2026-04-24 15:21:02,100] Trial 484 pruned. 
[I 2026-04-24 15:21:27,545] Trial 485 pruned. 
[I 2026-04-24 15:21:51,239] Trial 486 pruned. 
[I 2026-04-24 15:22:14,780] Trial 487 pruned. 
[I 2026-04-24 15:22:43,818] Trial 488 pruned. 
[I 2026-04-24 15:23:11,242] Trial 489 pruned. 
[I 2026-04-24 15:23:36,875] Trial 490 pruned. 
[I 2026-04-24 15:24:02,369] Trial 491 pruned. 
[I 2026-04-24 15:24:27,981] Trial 492 pruned. 
[I 2026-04-24 15:25:18,964] Trial 493 pruned. 
[I 2026-04-24 15:25:53,070] Trial 494 pruned. 
[I 2026-04-24 15:26:20,121] Trial 495 pruned. 
[I 2026-04-24 15:27:15,027] Trial 496 pruned. 
[I 2026-04-24 15:27:40,589] Trial 497 pruned. 
[I 2026-04-24 15:28:11,653] Trial 498 pruned. 
[I 2026-04-24 15:28:45,526] Trial 499 pruned. 
[I 2026-04-24 15:28:58,522] Trial 500 pruned. 
[I 2026-04-24 15:29:27,576] Trial 501 pruned. 
[I 2026-04-24 15:29:57,223] Trial 502 pruned. 
[I 2026-04-24 15:30:30,739] Trial 503 pruned. 
[I 2026-04-24 15:31:07,098] Trial 504 pruned. 
[I 2026-04-24 15:31:31,119] Trial 505 pruned. 
[I 2026-04-24 15:32:26,986] Trial 506 finished with value: 0.7046227157115936 and parameters: {'batch_size': 1024, 'learning_rate': 0.0002997381603831014, 'num_resblk': 6, 'num_features': 128, 'weight_decay': 6.411435459224581e-06}. Best is trial 17 with value: 0.654824435710907.
[I 2026-04-24 15:33:00,274] Trial 507 pruned. 
[I 2026-04-24 15:33:22,642] Trial 508 pruned. 
[I 2026-04-24 15:33:33,047] Trial 509 pruned. 
[I 2026-04-24 15:33:55,487] Trial 510 pruned. 
[I 2026-04-24 15:34:17,866] Trial 511 pruned. 
[I 2026-04-24 15:34:39,903] Trial 512 pruned. 
[I 2026-04-24 15:35:01,877] Trial 513 pruned. 
[I 2026-04-24 15:35:23,966] Trial 514 pruned. 
[I 2026-04-24 15:35:46,337] Trial 515 pruned. 
[I 2026-04-24 15:36:15,913] Trial 516 pruned. 
[I 2026-04-24 15:36:39,754] Trial 517 pruned. 
[I 2026-04-24 15:37:01,976] Trial 518 pruned. 
[I 2026-04-24 15:37:29,618] Trial 519 pruned. 
[I 2026-04-24 15:37:55,317] Trial 520 pruned. 
[I 2026-04-24 15:38:26,853] Trial 521 pruned. 
[I 2026-04-24 15:38:56,202] Trial 522 pruned. 
[I 2026-04-24 15:39:23,220] Trial 523 pruned. 
[I 2026-04-24 15:39:52,585] Trial 524 pruned. 
[I 2026-04-24 15:40:05,666] Trial 525 pruned. 
[I 2026-04-24 15:40:34,915] Trial 526 pruned. 
[I 2026-04-24 15:40:56,953] Trial 527 pruned. 
[I 2026-04-24 15:41:24,419] Trial 528 pruned. 
[I 2026-04-24 15:41:48,391] Trial 529 pruned. 
[I 2026-04-24 15:42:15,721] Trial 530 pruned. 
[I 2026-04-24 15:42:39,468] Trial 531 pruned. 
[I 2026-04-24 15:43:01,445] Trial 532 pruned. 
[I 2026-04-24 15:43:15,285] Trial 533 pruned. 
[I 2026-04-24 15:43:44,558] Trial 534 pruned. 
[I 2026-04-24 15:44:04,532] Trial 535 pruned. 
[I 2026-04-24 15:44:28,461] Trial 536 pruned. 
[I 2026-04-24 15:44:53,963] Trial 537 pruned. 
[I 2026-04-24 15:45:21,433] Trial 538 pruned. 
[I 2026-04-24 15:45:50,750] Trial 539 pruned. 
[I 2026-04-24 15:46:16,271] Trial 540 pruned. 
[I 2026-04-24 15:47:20,092] Trial 541 finished with value: 0.6709815189242363 and parameters: {'batch_size': 1024, 'learning_rate': 0.0002321188805567384, 'num_resblk': 10, 'num_features': 128, 'weight_decay': 5.2293114985228786e-06}. Best is trial 17 with value: 0.654824435710907.
[I 2026-04-24 15:47:47,499] Trial 542 pruned. 
[I 2026-04-24 15:48:16,683] Trial 543 pruned. 
[I 2026-04-24 15:48:42,148] Trial 544 pruned. 
[I 2026-04-24 15:49:07,805] Trial 545 pruned. 
[I 2026-04-24 15:49:46,108] Trial 546 pruned. 
[I 2026-04-24 15:50:07,959] Trial 547 pruned. 
[I 2026-04-24 15:51:21,183] Trial 548 finished with value: 0.7019575089216232 and parameters: {'batch_size': 1024, 'learning_rate': 0.0002942651743059989, 'num_resblk': 14, 'num_features': 128, 'weight_decay': 8.246834657863456e-06}. Best is trial 17 with value: 0.654824435710907.
[I 2026-04-24 15:51:38,891] Trial 549 pruned. 
[I 2026-04-24 15:52:12,836] Trial 550 pruned. 
[I 2026-04-24 15:52:41,899] Trial 551 pruned. 
[I 2026-04-24 15:53:25,644] Trial 552 pruned. 
[I 2026-04-24 15:53:54,903] Trial 553 pruned. 
[I 2026-04-24 15:54:23,922] Trial 554 pruned. 
[I 2026-04-24 15:54:52,966] Trial 555 pruned. 
[I 2026-04-24 15:55:41,791] Trial 556 pruned. 
[I 2026-04-24 15:56:05,358] Trial 557 pruned. 
[I 2026-04-24 15:56:19,213] Trial 558 pruned. 
[I 2026-04-24 15:56:53,334] Trial 559 pruned. 
[I 2026-04-24 15:57:18,830] Trial 560 pruned. 
[I 2026-04-24 15:57:48,097] Trial 561 pruned. 
[I 2026-04-24 15:58:13,641] Trial 562 pruned. 
[I 2026-04-24 15:58:40,929] Trial 563 pruned. 
[I 2026-04-24 15:59:14,753] Trial 564 pruned. 
[I 2026-04-24 15:59:40,302] Trial 565 pruned. 
[I 2026-04-24 16:00:10,110] Trial 566 pruned. 
[I 2026-04-24 16:00:39,388] Trial 567 pruned. 
[I 2026-04-24 16:01:24,935] Trial 568 pruned. 
[I 2026-04-24 16:01:45,040] Trial 569 pruned. 
[I 2026-04-24 16:02:14,054] Trial 570 pruned. 
[I 2026-04-24 16:02:41,786] Trial 571 pruned. 
[I 2026-04-24 16:03:07,292] Trial 572 pruned. 
[I 2026-04-24 16:03:26,221] Trial 573 pruned. 
[I 2026-04-24 16:03:49,981] Trial 574 pruned. 
[I 2026-04-24 16:04:19,152] Trial 575 pruned. 
[I 2026-04-24 16:04:44,661] Trial 576 pruned. 
[I 2026-04-24 16:05:11,973] Trial 577 pruned. 
[I 2026-04-24 16:05:41,250] Trial 578 pruned. 
[I 2026-04-24 16:06:06,785] Trial 579 pruned. 
[I 2026-04-24 16:06:30,234] Trial 580 pruned. 
[I 2026-04-24 16:06:55,671] Trial 581 pruned. 
[I 2026-04-24 16:07:07,039] Trial 582 pruned. 
[I 2026-04-24 16:07:36,355] Trial 583 pruned. 
[I 2026-04-24 16:08:01,742] Trial 584 pruned. 
[I 2026-04-24 16:08:33,907] Trial 585 pruned. 
[I 2026-04-24 16:09:01,060] Trial 586 pruned. 
[I 2026-04-24 16:09:30,536] Trial 587 pruned. 
[I 2026-04-24 16:09:55,775] Trial 588 pruned. 
[I 2026-04-24 16:11:08,429] Trial 589 finished with value: 0.6907856687903404 and parameters: {'batch_size': 1024, 'learning_rate': 0.0002594071397091276, 'num_resblk': 14, 'num_features': 128, 'weight_decay': 9.896511063093681e-06}. Best is trial 17 with value: 0.654824435710907.
[I 2026-04-24 16:11:37,579] Trial 590 pruned. 
[I 2026-04-24 16:12:06,433] Trial 591 pruned. 
[I 2026-04-24 16:12:35,477] Trial 592 pruned. 
[I 2026-04-24 16:13:14,197] Trial 593 pruned. 
[I 2026-04-24 16:13:43,476] Trial 594 pruned. 
[I 2026-04-24 16:14:12,765] Trial 595 pruned. 
[I 2026-04-24 16:14:41,933] Trial 596 pruned. 
[I 2026-04-24 16:15:11,134] Trial 597 pruned. 
[I 2026-04-24 16:15:45,074] Trial 598 pruned. 
[I 2026-04-24 16:16:16,253] Trial 599 pruned. 
[I 2026-04-24 16:16:45,629] Trial 600 pruned. 
[I 2026-04-24 16:16:57,512] Trial 601 pruned. 
[I 2026-04-24 16:17:26,584] Trial 602 pruned. 
[I 2026-04-24 16:17:53,933] Trial 603 pruned. 
[I 2026-04-24 16:18:24,920] Trial 604 pruned. 
[I 2026-04-24 16:19:03,734] Trial 605 pruned. 
[I 2026-04-24 16:19:31,191] Trial 606 pruned. 
[I 2026-04-24 16:19:54,856] Trial 607 pruned. 
[I 2026-04-24 16:20:21,468] Trial 608 pruned. 
[I 2026-04-24 16:20:50,405] Trial 609 pruned. 
[I 2026-04-24 16:21:19,432] Trial 610 pruned. 
[I 2026-04-24 16:21:31,593] Trial 611 pruned. 
[I 2026-04-24 16:22:03,076] Trial 612 pruned. 
[I 2026-04-24 16:22:32,419] Trial 613 pruned. 
[I 2026-04-24 16:23:06,413] Trial 614 pruned. 
[I 2026-04-24 16:23:35,761] Trial 615 pruned. 
[I 2026-04-24 16:24:06,836] Trial 616 pruned. 
[I 2026-04-24 16:24:34,477] Trial 617 pruned. 
[I 2026-04-24 16:25:01,976] Trial 618 pruned. 
[I 2026-04-24 16:25:31,227] Trial 619 pruned. 
[I 2026-04-24 16:26:00,420] Trial 620 pruned. 
[I 2026-04-24 16:26:20,519] Trial 621 pruned. 
[I 2026-04-24 16:26:47,898] Trial 622 pruned. 
[I 2026-04-24 16:27:17,197] Trial 623 pruned. 
[I 2026-04-24 16:27:46,561] Trial 624 pruned. 
[I 2026-04-24 16:28:03,423] Trial 625 pruned. 
[I 2026-04-24 16:28:25,466] Trial 626 pruned. 
[I 2026-04-24 16:29:38,492] Trial 627 finished with value: 0.6384584605693817 and parameters: {'batch_size': 1024, 'learning_rate': 0.0002826579889470534, 'num_resblk': 14, 'num_features': 128, 'weight_decay': 2.8368339719398375e-06}. Best is trial 627 with value: 0.6384584605693817.
[I 2026-04-24 16:30:07,722] Trial 628 pruned. 
[I 2026-04-24 16:30:37,511] Trial 629 pruned. 
[I 2026-04-24 16:31:01,362] Trial 630 pruned. 
[I 2026-04-24 16:31:35,927] Trial 631 pruned. 
[I 2026-04-24 16:32:05,399] Trial 632 pruned. 
[I 2026-04-24 16:32:16,805] Trial 633 pruned. 
[I 2026-04-24 16:32:45,856] Trial 634 pruned. 
[I 2026-04-24 16:33:19,871] Trial 635 pruned. 
[I 2026-04-24 16:33:48,951] Trial 636 pruned. 
[I 2026-04-24 16:34:14,468] Trial 637 pruned. 
[I 2026-04-24 16:34:43,697] Trial 638 pruned. 
[I 2026-04-24 16:35:09,141] Trial 639 pruned. 
[I 2026-04-24 16:35:43,022] Trial 640 pruned. 
[I 2026-04-24 16:36:08,512] Trial 641 pruned. 
[I 2026-04-24 16:36:37,651] Trial 642 pruned. 
[I 2026-04-24 16:37:06,898] Trial 643 pruned. 
[I 2026-04-24 16:37:32,448] Trial 644 pruned. 
[I 2026-04-24 16:38:03,606] Trial 645 pruned. 
[I 2026-04-24 16:38:32,817] Trial 646 pruned. 
[I 2026-04-24 16:38:58,394] Trial 647 pruned. 
[I 2026-04-24 16:39:27,422] Trial 648 pruned. 
[I 2026-04-24 16:39:42,824] Trial 649 pruned. 
[I 2026-04-24 16:40:16,833] Trial 650 pruned. 
[I 2026-04-24 16:40:46,727] Trial 651 pruned. 
[I 2026-04-24 16:41:15,754] Trial 652 pruned. 
[I 2026-04-24 16:41:46,642] Trial 653 pruned. 
[I 2026-04-24 16:42:10,234] Trial 654 pruned. 
[I 2026-04-24 16:42:35,817] Trial 655 pruned. 
[I 2026-04-24 16:43:04,940] Trial 656 pruned. 
[I 2026-04-24 16:43:16,323] Trial 657 pruned. 
[I 2026-04-24 16:43:45,332] Trial 658 pruned. 
[I 2026-04-24 16:44:14,446] Trial 659 pruned. 
[I 2026-04-24 16:45:18,202] Trial 660 finished with value: 0.6973598152399063 and parameters: {'batch_size': 1024, 'learning_rate': 0.00026816311238108466, 'num_resblk': 10, 'num_features': 128, 'weight_decay': 1.969736087542824e-06}. Best is trial 627 with value: 0.6384584605693817.
[I 2026-04-24 16:45:45,718] Trial 661 pruned. 
[I 2026-04-24 16:46:19,620] Trial 662 pruned. 
[I 2026-04-24 16:46:51,480] Trial 663 pruned. 
[I 2026-04-24 16:47:16,901] Trial 664 pruned. 
[I 2026-04-24 16:47:42,512] Trial 665 pruned. 
[I 2026-04-24 16:48:08,072] Trial 666 pruned. 
[I 2026-04-24 16:48:33,598] Trial 667 pruned. 
[I 2026-04-24 16:49:00,941] Trial 668 pruned. 
[I 2026-04-24 16:49:26,322] Trial 669 pruned. 
[I 2026-04-24 16:50:00,485] Trial 670 pruned. 
[I 2026-04-24 16:50:29,836] Trial 671 pruned. 
[I 2026-04-24 16:50:55,589] Trial 672 pruned. 
[I 2026-04-24 16:51:12,196] Trial 673 pruned. 
[I 2026-04-24 16:51:41,337] Trial 674 pruned. 
[I 2026-04-24 16:52:08,930] Trial 675 pruned. 
[I 2026-04-24 16:52:34,360] Trial 676 pruned. 
[I 2026-04-24 16:53:03,522] Trial 677 pruned. 
[I 2026-04-24 16:53:34,757] Trial 678 pruned. 
[I 2026-04-24 16:54:00,406] Trial 679 pruned. 
[I 2026-04-24 16:54:23,874] Trial 680 pruned. 
[I 2026-04-24 16:54:51,344] Trial 681 pruned. 
[I 2026-04-24 16:55:02,832] Trial 682 pruned. 
[I 2026-04-24 16:55:32,065] Trial 683 pruned. 
[I 2026-04-24 16:56:01,205] Trial 684 pruned. 
[I 2026-04-24 16:56:26,889] Trial 685 pruned. 
[I 2026-04-24 16:56:52,440] Trial 686 pruned. 
[I 2026-04-24 16:57:21,992] Trial 687 pruned. 
[I 2026-04-24 16:58:03,408] Trial 688 pruned. 
[I 2026-04-24 16:58:29,099] Trial 689 pruned. 
[I 2026-04-24 16:58:58,300] Trial 690 pruned. 
[I 2026-04-24 16:59:27,549] Trial 691 pruned. 
[I 2026-04-24 16:59:53,047] Trial 692 pruned. 
[I 2026-04-24 17:00:20,404] Trial 693 pruned. 
[I 2026-04-24 17:00:45,895] Trial 694 pruned. 
[I 2026-04-24 17:01:15,211] Trial 695 pruned. 
[I 2026-04-24 17:02:14,722] Trial 696 finished with value: 0.7111793160438538 and parameters: {'batch_size': 1024, 'learning_rate': 0.00024066071952088907, 'num_resblk': 8, 'num_features': 128, 'weight_decay': 0.00012225425562033474}. Best is trial 627 with value: 0.6384584605693817.
[I 2026-04-24 17:02:32,477] Trial 697 pruned. 
[I 2026-04-24 17:02:59,474] Trial 698 pruned. 
[I 2026-04-24 17:03:24,932] Trial 699 pruned. 
[I 2026-04-24 17:04:03,945] Trial 700 pruned. 
[I 2026-04-24 17:05:07,600] Trial 701 finished with value: 0.7300582453608513 and parameters: {'batch_size': 1024, 'learning_rate': 0.0002921678370199333, 'num_resblk': 10, 'num_features': 128, 'weight_decay': 1.6297459681173095e-06}. Best is trial 627 with value: 0.6384584605693817.
[I 2026-04-24 17:05:36,715] Trial 702 pruned. 
[I 2026-04-24 17:05:57,239] Trial 703 pruned. 
[I 2026-04-24 17:06:24,270] Trial 704 pruned. 
[I 2026-04-24 17:06:53,543] Trial 705 pruned. 
[I 2026-04-24 17:07:06,527] Trial 706 pruned. 
[I 2026-04-24 17:07:42,659] Trial 707 pruned. 
[I 2026-04-24 17:08:08,164] Trial 708 pruned. 
[I 2026-04-24 17:08:42,201] Trial 709 pruned. 
[I 2026-04-24 17:09:11,431] Trial 710 pruned. 
[I 2026-04-24 17:09:38,646] Trial 711 pruned. 
[I 2026-04-24 17:10:04,130] Trial 712 pruned. 
[I 2026-04-24 17:10:33,053] Trial 713 pruned. 
[I 2026-04-24 17:10:56,736] Trial 714 pruned. 
[I 2026-04-24 17:11:22,273] Trial 715 pruned. 
[I 2026-04-24 17:11:47,907] Trial 716 pruned. 
[I 2026-04-24 17:12:17,274] Trial 717 pruned. 
[I 2026-04-24 17:12:40,950] Trial 718 pruned. 
[I 2026-04-24 17:13:08,387] Trial 719 pruned. 
[I 2026-04-24 17:13:35,865] Trial 720 pruned. 
[I 2026-04-24 17:13:54,796] Trial 721 pruned. 
[I 2026-04-24 17:14:20,128] Trial 722 pruned. 
[I 2026-04-24 17:14:49,404] Trial 723 pruned. 
[I 2026-04-24 17:15:11,291] Trial 724 pruned. 
[I 2026-04-24 17:15:40,455] Trial 725 pruned. 
[I 2026-04-24 17:16:06,066] Trial 726 pruned. 
[I 2026-04-24 17:16:44,959] Trial 727 pruned. 
[I 2026-04-24 17:17:18,060] Trial 728 pruned. 
[I 2026-04-24 17:17:38,855] Trial 729 pruned. 
[I 2026-04-24 17:17:51,395] Trial 730 pruned. 
[I 2026-04-24 17:18:16,903] Trial 731 pruned. 
[I 2026-04-24 17:18:46,232] Trial 732 pruned. 
[I 2026-04-24 17:19:11,683] Trial 733 pruned. 
[I 2026-04-24 17:19:41,006] Trial 734 pruned. 
[I 2026-04-24 17:20:06,337] Trial 735 pruned. 
[I 2026-04-24 17:20:35,670] Trial 736 pruned. 
[I 2026-04-24 17:20:57,663] Trial 737 pruned. 
[I 2026-04-24 17:21:26,867] Trial 738 pruned. 
[I 2026-04-24 17:21:57,945] Trial 739 pruned. 
[I 2026-04-24 17:22:21,595] Trial 740 pruned. 
[I 2026-04-24 17:22:48,842] Trial 741 pruned. 
[I 2026-04-24 17:23:14,505] Trial 742 pruned. 
[I 2026-04-24 17:23:43,546] Trial 743 pruned. 
[I 2026-04-24 17:24:09,034] Trial 744 pruned. 
[I 2026-04-24 17:24:38,109] Trial 745 pruned. 
[I 2026-04-24 17:24:54,655] Trial 746 pruned. 
[I 2026-04-24 17:25:20,225] Trial 747 pruned. 
[I 2026-04-24 17:25:42,077] Trial 748 pruned. 
[I 2026-04-24 17:26:11,393] Trial 749 pruned. 
[I 2026-04-24 17:27:14,551] Trial 750 pruned. 
[I 2026-04-24 17:27:52,820] Trial 751 pruned. 
[I 2026-04-24 17:28:16,464] Trial 752 pruned. 
[I 2026-04-24 17:28:42,019] Trial 753 pruned. 
[I 2026-04-24 17:29:07,592] Trial 754 pruned. 
[I 2026-04-24 17:29:18,181] Trial 755 pruned. 
[I 2026-04-24 17:29:47,358] Trial 756 pruned. 
[I 2026-04-24 17:30:12,687] Trial 757 pruned. 
[I 2026-04-24 17:30:43,814] Trial 758 pruned. 
[I 2026-04-24 17:31:11,121] Trial 759 pruned. 
[I 2026-04-24 17:31:40,352] Trial 760 pruned. 
[I 2026-04-24 17:32:05,947] Trial 761 pruned. 
[I 2026-04-24 17:32:35,198] Trial 762 pruned. 
[I 2026-04-24 17:33:02,646] Trial 763 pruned. 
[I 2026-04-24 17:33:24,560] Trial 764 pruned. 
[I 2026-04-24 17:33:53,727] Trial 765 pruned. 
[I 2026-04-24 17:34:19,220] Trial 766 pruned. 
[I 2026-04-24 17:34:48,433] Trial 767 pruned. 
[I 2026-04-24 17:35:14,048] Trial 768 pruned. 
[I 2026-04-24 17:35:43,272] Trial 769 pruned. 
[I 2026-04-24 17:35:58,702] Trial 770 pruned. 
[I 2026-04-24 17:36:29,713] Trial 771 pruned. 
[I 2026-04-24 17:37:02,422] Trial 772 pruned. 
[I 2026-04-24 17:37:29,911] Trial 773 pruned. 
[I 2026-04-24 17:37:55,464] Trial 774 pruned. 
[I 2026-04-24 17:38:24,810] Trial 775 pruned. 
[I 2026-04-24 17:38:49,161] Trial 776 pruned. 
[I 2026-04-24 17:39:15,239] Trial 777 pruned. 
[I 2026-04-24 17:39:42,665] Trial 778 pruned. 
[I 2026-04-24 17:40:04,615] Trial 779 pruned. 
[I 2026-04-24 17:40:17,534] Trial 780 pruned. 
[I 2026-04-24 17:40:47,216] Trial 781 pruned. 
[I 2026-04-24 17:41:10,771] Trial 782 pruned. 
[I 2026-04-24 17:41:34,387] Trial 783 pruned. 
[I 2026-04-24 17:41:59,869] Trial 784 pruned. 
[I 2026-04-24 17:42:28,858] Trial 785 pruned. 
[I 2026-04-24 17:42:59,908] Trial 786 pruned. 
[I 2026-04-24 17:43:25,607] Trial 787 pruned. 
[I 2026-04-24 17:43:52,882] Trial 788 pruned. 
[I 2026-04-24 17:44:22,164] Trial 789 pruned. 
[I 2026-04-24 17:44:47,602] Trial 790 pruned. 
[I 2026-04-24 17:45:16,800] Trial 791 pruned. 
[I 2026-04-24 17:45:44,099] Trial 792 pruned. 
[I 2026-04-24 17:46:09,638] Trial 793 pruned. 
[I 2026-04-24 17:46:27,412] Trial 794 pruned. 
[I 2026-04-24 17:46:53,041] Trial 795 pruned. 
[I 2026-04-24 17:47:36,816] Trial 796 pruned. 
[I 2026-04-24 17:48:10,920] Trial 797 pruned. 
[I 2026-04-24 17:48:32,712] Trial 798 pruned. 
[I 2026-04-24 17:49:02,545] Trial 799 pruned. 
[I 2026-04-24 17:49:24,706] Trial 800 pruned. 
[I 2026-04-24 17:49:53,945] Trial 801 pruned. 
[I 2026-04-24 17:50:27,958] Trial 802 pruned. 
[I 2026-04-24 17:50:40,950] Trial 803 pruned. 
[I 2026-04-24 17:51:14,834] Trial 804 pruned. 
[I 2026-04-24 17:51:42,420] Trial 805 pruned. 
[I 2026-04-24 17:52:13,474] Trial 806 pruned. 
[I 2026-04-24 17:52:42,527] Trial 807 pruned. 
[I 2026-04-24 17:53:09,846] Trial 808 pruned. 
[I 2026-04-24 17:53:35,420] Trial 809 pruned. 
[I 2026-04-24 17:54:04,983] Trial 810 pruned. 
[I 2026-04-24 17:54:27,333] Trial 811 pruned. 
[I 2026-04-24 17:55:12,746] Trial 812 pruned. 
[I 2026-04-24 17:55:42,995] Trial 813 pruned. 
[I 2026-04-24 17:56:10,369] Trial 814 pruned. 
[I 2026-04-24 17:56:34,233] Trial 815 pruned. 
[I 2026-04-24 17:57:08,907] Trial 816 pruned. 
[I 2026-04-24 17:57:43,539] Trial 817 pruned. 
[I 2026-04-24 17:57:57,044] Trial 818 pruned. 
[I 2026-04-24 17:58:23,037] Trial 819 pruned. 
[I 2026-04-24 17:58:50,929] Trial 820 pruned. 
[I 2026-04-24 17:59:20,204] Trial 821 pruned. 
[I 2026-04-24 17:59:45,574] Trial 822 pruned. 
[I 2026-04-24 18:00:14,718] Trial 823 pruned. 
[I 2026-04-24 18:00:39,891] Trial 824 pruned. 
[I 2026-04-24 18:01:05,269] Trial 825 pruned. 
[I 2026-04-24 18:01:30,698] Trial 826 pruned. 
[I 2026-04-24 18:01:43,773] Trial 827 pruned. 
[I 2026-04-24 18:02:17,747] Trial 828 pruned. 
[I 2026-04-24 18:02:49,711] Trial 829 pruned. 
[I 2026-04-24 18:03:23,770] Trial 830 pruned. 
[I 2026-04-24 18:03:45,698] Trial 831 pruned. 
[I 2026-04-24 18:04:19,630] Trial 832 pruned. 
[I 2026-04-24 18:04:51,225] Trial 833 pruned. 
[I 2026-04-24 18:05:20,170] Trial 834 pruned. 
[I 2026-04-24 18:05:45,608] Trial 835 pruned. 
[I 2026-04-24 18:06:21,918] Trial 836 pruned. 
[I 2026-04-24 18:06:51,129] Trial 837 pruned. 
[I 2026-04-24 18:07:16,706] Trial 838 pruned. 
[I 2026-04-24 18:08:25,220] Trial 839 finished with value: 0.6506153419613838 and parameters: {'batch_size': 1024, 'learning_rate': 0.0002845599130563895, 'num_resblk': 12, 'num_features': 128, 'weight_decay': 5.357017681545677e-05}. Best is trial 627 with value: 0.6384584605693817.
[I 2026-04-24 18:08:52,616] Trial 840 pruned. 
[I 2026-04-24 18:09:19,832] Trial 841 pruned. 
[I 2026-04-24 18:09:46,972] Trial 842 pruned. 
[I 2026-04-24 18:10:14,488] Trial 843 pruned. 
[I 2026-04-24 18:10:46,501] Trial 844 pruned. 
[I 2026-04-24 18:11:03,107] Trial 845 pruned. 
[I 2026-04-24 18:11:30,393] Trial 846 pruned. 
[I 2026-04-24 18:11:57,795] Trial 847 pruned. 
[I 2026-04-24 18:12:23,346] Trial 848 pruned. 
[I 2026-04-24 18:12:45,574] Trial 849 pruned. 
[I 2026-04-24 18:13:11,010] Trial 850 pruned. 
[I 2026-04-24 18:13:36,463] Trial 851 pruned. 
[I 2026-04-24 18:13:48,622] Trial 852 pruned. 
[I 2026-04-24 18:14:14,055] Trial 853 pruned. 
[I 2026-04-24 18:14:41,487] Trial 854 pruned. 
[I 2026-04-24 18:15:07,051] Trial 855 pruned. 
[I 2026-04-24 18:15:32,575] Trial 856 pruned. 
[I 2026-04-24 18:15:58,168] Trial 857 pruned. 
[I 2026-04-24 18:16:25,601] Trial 858 pruned. 
[I 2026-04-24 18:16:51,041] Trial 859 pruned. 
[I 2026-04-24 18:17:16,657] Trial 860 pruned. 
[I 2026-04-24 18:17:43,797] Trial 861 pruned. 
[I 2026-04-24 18:18:17,918] Trial 862 pruned. 
[I 2026-04-24 18:18:43,209] Trial 863 pruned. 
[I 2026-04-24 18:19:12,877] Trial 864 pruned. 
[I 2026-04-24 18:19:40,013] Trial 865 pruned. 
[I 2026-04-24 18:20:09,120] Trial 866 pruned. 
[I 2026-04-24 18:20:26,819] Trial 867 pruned. 
[I 2026-04-24 18:20:55,974] Trial 868 pruned. 
[I 2026-04-24 18:21:25,746] Trial 869 pruned. 
[I 2026-04-24 18:21:53,145] Trial 870 pruned. 
[I 2026-04-24 18:22:27,366] Trial 871 pruned. 
[I 2026-04-24 18:22:56,243] Trial 872 pruned. 
[I 2026-04-24 18:23:16,813] Trial 873 pruned. 
[I 2026-04-24 18:23:45,846] Trial 874 pruned. 
[I 2026-04-24 18:24:15,580] Trial 875 pruned. 
[I 2026-04-24 18:24:27,647] Trial 876 pruned. 
[I 2026-04-24 18:24:53,055] Trial 877 pruned. 
[I 2026-04-24 18:25:22,229] Trial 878 pruned. 
[I 2026-04-24 18:25:51,253] Trial 879 pruned. 
[I 2026-04-24 18:26:22,152] Trial 880 pruned. 
[I 2026-04-24 18:26:51,346] Trial 881 pruned. 
[I 2026-04-24 18:27:16,857] Trial 882 pruned. 
[I 2026-04-24 18:27:44,290] Trial 883 pruned. 
[I 2026-04-24 18:28:15,477] Trial 884 pruned. 
[I 2026-04-24 18:28:44,467] Trial 885 pruned. 
[I 2026-04-24 18:29:09,778] Trial 886 pruned. 
[I 2026-04-24 18:29:38,839] Trial 887 pruned. 
[I 2026-04-24 18:30:04,159] Trial 888 pruned. 
[I 2026-04-24 18:30:31,427] Trial 889 pruned. 
[I 2026-04-24 18:30:56,706] Trial 890 pruned. 
[I 2026-04-24 18:31:14,415] Trial 891 pruned. 
[I 2026-04-24 18:31:39,714] Trial 892 pruned. 
[I 2026-04-24 18:32:06,981] Trial 893 pruned. 
[I 2026-04-24 18:32:36,209] Trial 894 pruned. 
[I 2026-04-24 18:33:01,692] Trial 895 pruned. 
[I 2026-04-24 18:33:35,742] Trial 896 pruned. 
[I 2026-04-24 18:34:07,350] Trial 897 pruned. 
[I 2026-04-24 18:34:32,632] Trial 898 pruned. 
[I 2026-04-24 18:35:01,910] Trial 899 pruned. 
[I 2026-04-24 18:35:31,687] Trial 900 pruned. 
[I 2026-04-24 18:35:44,974] Trial 901 pruned. 
[I 2026-04-24 18:36:12,420] Trial 902 pruned. 
[I 2026-04-24 18:36:37,896] Trial 903 pruned. 
[I 2026-04-24 18:37:03,285] Trial 904 pruned. 
[I 2026-04-24 18:37:34,204] Trial 905 pruned. 
[I 2026-04-24 18:38:03,319] Trial 906 pruned. 
[I 2026-04-24 18:38:30,661] Trial 907 pruned. 
[I 2026-04-24 18:39:00,109] Trial 908 pruned. 
[I 2026-04-24 18:39:27,483] Trial 909 pruned. 
[I 2026-04-24 18:39:53,033] Trial 910 pruned. 
[I 2026-04-24 18:40:18,382] Trial 911 pruned. 
[I 2026-04-24 18:40:47,601] Trial 912 pruned. 
[I 2026-04-24 18:41:16,796] Trial 913 pruned. 
[I 2026-04-24 18:41:46,529] Trial 914 pruned. 
[I 2026-04-24 18:42:13,655] Trial 915 pruned. 
[I 2026-04-24 18:42:39,056] Trial 916 pruned. 
[I 2026-04-24 18:42:56,895] Trial 917 pruned. 
[I 2026-04-24 18:43:25,764] Trial 918 pruned. 
[I 2026-04-24 18:43:56,837] Trial 919 pruned. 
[I 2026-04-24 18:44:22,388] Trial 920 pruned. 
[I 2026-04-24 18:44:56,387] Trial 921 pruned. 
[I 2026-04-24 18:45:26,272] Trial 922 pruned. 
[I 2026-04-24 18:45:51,872] Trial 923 pruned. 
[I 2026-04-24 18:46:15,542] Trial 924 pruned. 
[I 2026-04-24 18:46:27,662] Trial 925 pruned. 
[I 2026-04-24 18:46:56,797] Trial 926 pruned. 
[I 2026-04-24 18:47:20,405] Trial 927 pruned. 
[I 2026-04-24 18:47:45,916] Trial 928 pruned. 
[I 2026-04-24 18:48:13,043] Trial 929 pruned. 
[I 2026-04-24 18:48:42,030] Trial 930 pruned. 
[I 2026-04-24 18:49:13,055] Trial 931 pruned. 
[I 2026-04-24 18:49:38,590] Trial 932 pruned. 
[I 2026-04-24 18:50:07,389] Trial 933 pruned. 
[I 2026-04-24 18:50:32,815] Trial 934 pruned. 
[I 2026-04-24 18:51:16,527] Trial 935 pruned. 
[I 2026-04-24 18:51:42,002] Trial 936 pruned. 
[I 2026-04-24 18:52:09,326] Trial 937 pruned. 
[I 2026-04-24 18:52:38,628] Trial 938 pruned. 
[I 2026-04-24 18:53:12,853] Trial 939 pruned. 
[I 2026-04-24 18:53:29,602] Trial 940 pruned. 
[I 2026-04-24 18:53:55,084] Trial 941 pruned. 
[I 2026-04-24 18:54:20,556] Trial 942 pruned. 
[I 2026-04-24 18:54:49,807] Trial 943 pruned. 
[I 2026-04-24 18:55:21,658] Trial 944 pruned. 
[I 2026-04-24 18:55:50,857] Trial 945 pruned. 
[I 2026-04-24 18:56:20,700] Trial 946 pruned. 
[I 2026-04-24 18:56:46,150] Trial 947 pruned. 
[I 2026-04-24 18:56:59,112] Trial 948 pruned. 
[I 2026-04-24 18:57:24,330] Trial 949 pruned. 
[I 2026-04-24 18:57:49,937] Trial 950 pruned. 
[I 2026-04-24 18:58:13,579] Trial 951 pruned. 
[I 2026-04-24 18:58:40,995] Trial 952 pruned. 
[I 2026-04-24 18:59:10,273] Trial 953 pruned. 
[I 2026-04-24 18:59:39,370] Trial 954 pruned. 
[I 2026-04-24 19:00:03,149] Trial 955 pruned. 
[I 2026-04-24 19:00:28,532] Trial 956 pruned. 
[I 2026-04-24 19:00:57,605] Trial 957 pruned. 
[I 2026-04-24 19:01:23,131] Trial 958 pruned. 
[I 2026-04-24 19:01:50,249] Trial 959 pruned. 
[I 2026-04-24 19:02:19,495] Trial 960 pruned. 
[I 2026-04-24 19:02:45,050] Trial 961 pruned. 
[I 2026-04-24 19:03:10,388] Trial 962 pruned. 
[I 2026-04-24 19:03:41,524] Trial 963 pruned. 
[I 2026-04-24 19:03:59,371] Trial 964 pruned. 
[I 2026-04-24 19:04:24,946] Trial 965 pruned. 
[I 2026-04-24 19:04:52,297] Trial 966 pruned. 
[I 2026-04-24 19:05:21,635] Trial 967 pruned. 
[I 2026-04-24 19:05:49,014] Trial 968 pruned. 
[I 2026-04-24 19:06:23,143] Trial 969 pruned. 
slurmstepd: error: *** JOB 6325423 ON d4054 CANCELLED AT 2026-04-24T19:06:36 DUE TO TIME LIMIT ***
